INIT,A,3
SINGLE_SEND,1260,1
RECEIVED,B,0,1593,2
RECEIVED,C,0,1927,6
INTERNAL_EVENT,2263,7
RECEIVED,C,0,2602,9
RECEIVED,C,0,2940,11
INTERNAL_EVENT,3278,12
RECEIVED,B,1,3617,16
RECEIVED,B,1,3953,17
RECEIVED,B,1,4288,18
RECEIVED,C,1,4623,21
RECEIVED,B,0,4959,23
INTERNAL_EVENT,5295,24
RECEIVED,B,0,5628,28
RECEIVED,C,0,5964,31
INTERNAL_EVENT,6302,32
RECEIVED,C,0,6639,34
RECEIVED,B,1,6979,37
RECEIVED,C,0,7315,38
SINGLE_SEND,7654,39
RECEIVED,B,0,7988,43
INTERNAL_EVENT,8327,44
RECEIVED,B,1,8666,47
RECEIVED,B,1,9003,48
RECEIVED,B,1,9340,49
RECEIVED,C,0,9679,51
