INIT,A,1
INTERNAL_EVENT,67,1
RECEIVED,B,2,1068,2
RECEIVED,C,1,2071,5
RECEIVED,C,1,3073,7
RECEIVED,C,3,4078,16
RECEIVED,B,3,5078,20
RECEIVED,B,4,6084,23
RECEIVED,B,4,7084,25
RECEIVED,C,7,8085,29
RECEIVED,C,6,9085,34
RECEIVED,B,8,10086,37
RECEIVED,C,8,11091,39
RECEIVED,C,9,12094,44
RECEIVED,B,11,13096,46
RECEIVED,B,11,14097,47
RECEIVED,C,11,15098,48
RECEIVED,B,13,16098,57
RECEIVED,B,13,17098,59
RECEIVED,B,13,18099,60
RECEIVED,C,13,19099,62
RECEIVED,B,15,20100,69
RECEIVED,B,17,21104,70
RECEIVED,B,18,22105,73
RECEIVED,C,19,23106,75
RECEIVED,C,22,24107,76
RECEIVED,C,22,25112,82
RECEIVED,C,24,26116,87
RECEIVED,B,25,27121,91
RECEIVED,C,27,28122,93
RECEIVED,B,28,29123,96
RECEIVED,B,29,30128,98
RECEIVED,B,30,31130,104
RECEIVED,C,30,32130,109
RECEIVED,B,31,33132,115
RECEIVED,B,31,34132,117
RECEIVED,B,33,35133,119
RECEIVED,B,34,36133,121
RECEIVED,B,35,37133,122
RECEIVED,C,37,38133,123
RECEIVED,B,39,39134,128
RECEIVED,C,40,40138,130
RECEIVED,B,42,41142,134
RECEIVED,C,42,42147,139
RECEIVED,C,44,43147,143
RECEIVED,C,46,44148,144
RECEIVED,C,45,45153,145
RECEIVED,C,46,46153,146
RECEIVED,B,47,47154,152
RECEIVED,B,47,48154,155
RECEIVED,B,47,49156,156
RECEIVED,B,49,50161,159
RECEIVED,C,51,51165,162
RECEIVED,B,52,52167,164
RECEIVED,C,55,53170,167
RECEIVED,C,57,54170,168
RECEIVED,C,57,55174,171
RECEIVED,C,58,56179,176
RECEIVED,B,58,57180,178
RECEIVED,B,59,58180,180
RECEIVED,C,59,59181,181
RECEIVED,C,62,60181,187
RECEIVED,C,64,61181,190
RECEIVED,B,66,62182,192
RECEIVED,C,66,63182,200
RECEIVED,C,67,64183,204
RECEIVED,C,66,65186,211
