INIT,A,1
INTERNAL_EVENT,72,1
RECEIVED,B,2,1074,2
RECEIVED,B,1,2075,5
RECEIVED,B,1,3077,6
RECEIVED,B,1,4080,15
RECEIVED,B,1,5082,23
RECEIVED,B,1,6084,29
RECEIVED,B,0,7089,37
RECEIVED,C,0,8092,50
RECEIVED,C,0,9094,55
RECEIVED,C,1,10099,59
RECEIVED,C,1,11103,60
RECEIVED,C,2,12107,68
RECEIVED,B,5,13109,71
RECEIVED,B,7,14113,72
RECEIVED,C,9,15113,75
RECEIVED,C,11,16115,76
RECEIVED,C,14,17118,77
RECEIVED,B,16,18121,78
RECEIVED,C,16,19123,82
RECEIVED,B,18,20128,84
RECEIVED,C,19,21130,86
RECEIVED,C,20,22131,88
RECEIVED,C,20,23136,89
RECEIVED,B,22,24140,92
RECEIVED,B,23,25142,95
RECEIVED,C,25,26142,97
RECEIVED,B,24,27147,99
RECEIVED,C,25,28147,103
RECEIVED,B,25,29150,104
RECEIVED,C,25,30155,105
RECEIVED,B,25,31156,106
RECEIVED,C,25,32156,107
RECEIVED,B,27,33160,109
RECEIVED,C,29,34163,112
RECEIVED,C,29,35165,117
RECEIVED,B,32,36166,120
RECEIVED,B,32,37168,122
RECEIVED,B,34,38172,125
RECEIVED,C,35,39177,127
RECEIVED,B,37,40179,129
RECEIVED,C,38,41181,132
RECEIVED,B,40,42185,136
RECEIVED,C,43,43186,142
RECEIVED,B,42,44190,147
RECEIVED,C,45,45193,148
RECEIVED,C,46,46195,149
RECEIVED,C,47,47200,150
RECEIVED,C,47,48204,153
RECEIVED,C,46,49204,159
RECEIVED,C,48,50207,160
RECEIVED,C,48,51213,161
RECEIVED,B,49,52217,170
RECEIVED,C,50,53220,173
RECEIVED,B,50,54221,179
RECEIVED,C,50,55225,184
RECEIVED,C,51,56229,194
RECEIVED,C,52,57233,202
RECEIVED,B,52,58237,204
RECEIVED,B,51,59238,205
RECEIVED,B,53,60239,208
RECEIVED,C,55,61243,210
RECEIVED,C,56,62243,212
RECEIVED,B,56,63249,214
RECEIVED,C,55,64252,217
RECEIVED,C,56,65257,224
