INIT,A,2
MULTI_SEND,72,1
RECEIVED,B,0,573,4
RECEIVED,B,0,1077,6
RECEIVED,C,1,1582,9
RECEIVED,B,2,2084,11
RECEIVED,B,2,2583,13
RECEIVED,C,2,3087,14
RECEIVED,B,1,3590,17
RECEIVED,B,0,4091,19
SINGLE_SEND,4595,20
INTERNAL_EVENT,5096,21
RECEIVED,C,0,5597,34
RECEIVED,C,1,6099,36
RECEIVED,B,2,6600,38
RECEIVED,C,2,7105,40
RECEIVED,C,1,7606,41
RECEIVED,C,1,8108,44
RECEIVED,C,0,8608,49
RECEIVED,C,0,9110,56
INTERNAL_EVENT,9611,57
RECEIVED,C,1,10113,61
RECEIVED,B,1,10615,62
RECEIVED,C,2,11121,63
RECEIVED,C,3,11624,66
RECEIVED,B,3,12125,67
RECEIVED,C,5,12630,70
RECEIVED,B,4,13133,71
RECEIVED,B,4,13634,72
RECEIVED,B,4,14138,75
RECEIVED,B,3,14641,76
RECEIVED,B,3,15141,77
RECEIVED,B,3,15646,82
RECEIVED,C,3,16151,84
RECEIVED,C,3,16656,91
RECEIVED,C,4,17159,93
RECEIVED,B,4,17664,95
RECEIVED,B,5,18166,98
RECEIVED,C,5,18666,101
RECEIVED,C,4,19167,103
RECEIVED,C,3,19670,105
RECEIVED,B,2,20175,110
RECEIVED,C,2,20676,111
RECEIVED,C,2,21176,112
RECEIVED,B,3,21676,123
RECEIVED,C,4,22177,128
RECEIVED,C,3,22678,129
RECEIVED,C,3,23182,130
RECEIVED,B,3,23683,132
RECEIVED,B,3,24188,133
RECEIVED,B,3,24691,140
RECEIVED,C,2,25194,142
RECEIVED,B,2,25697,143
RECEIVED,C,1,26198,148
RECEIVED,C,2,26703,155
RECEIVED,C,2,27208,160
RECEIVED,C,2,27711,161
RECEIVED,C,3,28215,162
RECEIVED,B,3,28715,167
RECEIVED,C,3,29216,169
RECEIVED,C,2,29721,170
RECEIVED,B,1,30225,173
RECEIVED,B,1,30729,176
RECEIVED,C,0,31234,186
SINGLE_SEND,31735,187
RECEIVED,B,1,32240,195
RECEIVED,B,0,32743,196
RECEIVED,B,0,33246,200
SINGLE_SEND,33747,201
SINGLE_SEND,34252,202
SINGLE_SEND,34753,203
RECEIVED,C,0,35255,214
INTERNAL_EVENT,35756,215
RECEIVED,C,0,36256,220
INTERNAL_EVENT,36758,221
RECEIVED,C,0,37261,227
RECEIVED,B,0,37762,229
INTERNAL_EVENT,38262,230
RECEIVED,B,1,38767,235
RECEIVED,B,1,39270,236
RECEIVED,C,0,39774,240
INTERNAL_EVENT,40277,241
RECEIVED,B,0,40782,247
INTERNAL_EVENT,41283,248
INTERNAL_EVENT,41788,249
RECEIVED,C,2,42291,256
RECEIVED,B,2,42790,257
RECEIVED,C,1,43292,258
RECEIVED,C,1,43795,259
RECEIVED,B,0,44297,265
RECEIVED,C,1,44801,272
RECEIVED,C,1,45303,274
RECEIVED,C,1,45806,275
RECEIVED,C,0,46310,280
INTERNAL_EVENT,46814,281
RECEIVED,B,1,47314,287
RECEIVED,B,2,47817,288
RECEIVED,B,1,48322,290
RECEIVED,B,0,48823,291
INTERNAL_EVENT,49324,292
RECEIVED,B,0,49824,302
MULTI_SEND,50329,303
RECEIVED,C,0,50830,311
RECEIVED,B,0,51330,312
INTERNAL_EVENT,51831,313
RECEIVED,B,0,52335,319
RECEIVED,B,0,52840,323
RECEIVED,B,1,53343,324
RECEIVED,B,0,53845,326
RECEIVED,C,0,54349,332
INTERNAL_EVENT,54851,333
RECEIVED,C,0,55351,337
SINGLE_SEND,55853,338
RECEIVED,C,0,56358,344
RECEIVED,B,0,56862,348
RECEIVED,C,1,57363,351
RECEIVED,B,0,57866,352
RECEIVED,C,0,58367,359
SINGLE_SEND,58867,360
INTERNAL_EVENT,59372,361
INTERNAL_EVENT,59874,362
RECEIVED,B,1,60374,369
RECEIVED,B,2,60879,370
RECEIVED,C,2,61383,373
RECEIVED,B,3,61883,375
RECEIVED,C,3,62387,376
RECEIVED,B,2,62888,379
RECEIVED,B,3,63389,381
RECEIVED,B,3,63889,384
RECEIVED,B,3,64389,388
RECEIVED,C,3,64892,390
RECEIVED,B,2,65393,391
RECEIVED,C,1,65894,395
