INIT,A,3
INTERNAL_EVENT,74,1
INTERNAL_EVENT,410,2
MULTI_SEND,744,3
RECEIVED,C,0,1083,7
RECEIVED,C,0,1422,8
RECEIVED,C,0,1758,11
SINGLE_SEND,2094,12
SINGLE_SEND,2428,13
RECEIVED,C,0,2767,17
RECEIVED,C,0,3102,19
INTERNAL_EVENT,3438,20
RECEIVED,B,0,3776,23
RECEIVED,B,0,4113,24
RECEIVED,B,1,4450,26
RECEIVED,B,0,4785,27
SINGLE_SEND,5121,28
RECEIVED,C,0,5458,32
INTERNAL_EVENT,5797,33
RECEIVED,B,0,6133,38
INTERNAL_EVENT,6470,39
MULTI_SEND,6806,40
SINGLE_SEND,7141,41
RECEIVED,C,0,7479,46
RECEIVED,C,0,7814,48
RECEIVED,C,0,8150,50
INTERNAL_EVENT,8486,51
RECEIVED,B,0,8822,54
RECEIVED,C,0,9158,55
SINGLE_SEND,9494,56
INTERNAL_EVENT,9831,57
INTERNAL_EVENT,10166,58
RECEIVED,C,0,10501,64
INTERNAL_EVENT,10836,65
SINGLE_SEND,11171,66
RECEIVED,C,0,11509,69
RECEIVED,C,0,11847,72
RECEIVED,C,1,12185,73
RECEIVED,B,0,12519,74
INTERNAL_EVENT,12856,75
INTERNAL_EVENT,13193,76
RECEIVED,B,0,13531,82
MULTI_SEND,13869,83
RECEIVED,B,0,14205,87
RECEIVED,B,0,14544,89
RECEIVED,B,0,14881,90
RECEIVED,B,0,15217,92
INTERNAL_EVENT,15551,93
MULTI_SEND,15889,94
RECEIVED,C,0,16227,99
RECEIVED,B,0,16564,100
RECEIVED,B,0,16902,102
RECEIVED,B,0,17238,105
RECEIVED,B,1,17574,106
RECEIVED,B,0,17912,107
INTERNAL_EVENT,18249,108
RECEIVED,C,1,18586,113
RECEIVED,C,0,18921,114
RECEIVED,B,1,19258,118
RECEIVED,C,0,19597,119
RECEIVED,C,0,19934,121
RECEIVED,B,0,20273,124
RECEIVED,B,0,20608,126
INTERNAL_EVENT,20945,127
INTERNAL_EVENT,21283,128
RECEIVED,C,1,21621,133
RECEIVED,B,0,21959,134
RECEIVED,C,0,22298,136
INTERNAL_EVENT,22636,137
INTERNAL_EVENT,22974,138
INTERNAL_EVENT,23309,139
RECEIVED,B,0,23648,144
RECEIVED,B,1,23985,145
RECEIVED,C,1,24320,147
RECEIVED,B,0,24658,148
RECEIVED,B,0,24995,152
RECEIVED,B,1,25331,153
RECEIVED,C,1,25667,154
RECEIVED,B,1,26005,156
RECEIVED,C,1,26342,157
RECEIVED,C,0,26681,159
RECEIVED,B,0,27019,163
RECEIVED,C,0,27358,166
INTERNAL_EVENT,27697,167
INTERNAL_EVENT,28032,168
INTERNAL_EVENT,28367,169
SINGLE_SEND,28705,170
RECEIVED,B,0,29042,176
INTERNAL_EVENT,29378,177
MULTI_SEND,29716,178
INTERNAL_EVENT,30051,179
INTERNAL_EVENT,30389,180
RECEIVED,C,0,30727,187
INTERNAL_EVENT,31062,188
RECEIVED,C,1,31399,191
RECEIVED,B,1,31733,192
RECEIVED,C,1,32072,193
RECEIVED,B,1,32408,195
RECEIVED,C,1,32746,196
RECEIVED,C,0,33081,200
INTERNAL_EVENT,33415,201
RECEIVED,B,0,33749,206
RECEIVED,B,0,34084,209
RECEIVED,C,1,34421,210
RECEIVED,B,0,34757,211
RECEIVED,C,0,35093,214
RECEIVED,B,0,35431,217
SINGLE_SEND,35766,218
SINGLE_SEND,36103,219
INTERNAL_EVENT,36438,220
RECEIVED,C,1,36774,225
RECEIVED,B,0,37113,226
MULTI_SEND,37451,227
RECEIVED,B,0,37786,231
RECEIVED,C,0,38121,232
INTERNAL_EVENT,38459,233
RECEIVED,C,1,38798,236
RECEIVED,C,0,39132,237
INTERNAL_EVENT,39468,238
RECEIVED,B,0,39805,243
INTERNAL_EVENT,40144,244
RECEIVED,C,0,40482,248
INTERNAL_EVENT,40821,249
INTERNAL_EVENT,41158,250
INTERNAL_EVENT,41494,251
RECEIVED,C,1,41831,255
RECEIVED,B,1,42170,257
RECEIVED,B,0,42504,259
SINGLE_SEND,42839,260
SINGLE_SEND,43175,261
RECEIVED,B,0,43512,265
RECEIVED,B,0,43849,267
RECEIVED,B,1,44184,269
RECEIVED,B,0,44519,270
MULTI_SEND,44856,271
MULTI_SEND,45191,272
INTERNAL_EVENT,45526,273
RECEIVED,C,0,45864,279
RECEIVED,B,0,46202,281
INTERNAL_EVENT,46539,282
INTERNAL_EVENT,46874,283
INTERNAL_EVENT,47209,284
SINGLE_SEND,47548,285
RECEIVED,C,0,47882,292
RECEIVED,C,0,48219,294
RECEIVED,C,0,48558,296
INTERNAL_EVENT,48897,297
RECEIVED,B,0,49234,300
INTERNAL_EVENT,49568,301
RECEIVED,C,0,49907,304
RECEIVED,B,1,50245,306
RECEIVED,C,1,50582,307
RECEIVED,B,1,50921,308
RECEIVED,B,0,51259,309
INTERNAL_EVENT,51595,310
SINGLE_SEND,51931,311
INTERNAL_EVENT,52266,312
INTERNAL_EVENT,52604,313
INTERNAL_EVENT,52940,314
INTERNAL_EVENT,53279,315
INTERNAL_EVENT,53615,316
SINGLE_SEND,53952,317
SINGLE_SEND,54289,318
INTERNAL_EVENT,54623,319
INTERNAL_EVENT,54961,320
RECEIVED,B,0,55296,337
RECEIVED,B,0,55632,338
INTERNAL_EVENT,55966,339
RECEIVED,C,1,56303,342
RECEIVED,C,1,56639,343
RECEIVED,C,1,56977,345
RECEIVED,B,0,57314,347
RECEIVED,B,0,57651,350
RECEIVED,C,0,57988,353
RECEIVED,C,0,58324,354
INTERNAL_EVENT,58661,355
RECEIVED,B,0,58997,359
RECEIVED,B,1,59335,360
RECEIVED,B,1,59671,361
RECEIVED,B,2,60006,362
RECEIVED,C,2,60345,364
RECEIVED,C,1,60681,365
RECEIVED,C,1,61015,367
RECEIVED,B,0,61350,370
INTERNAL_EVENT,61685,371
RECEIVED,C,0,62021,376
INTERNAL_EVENT,62359,377
RECEIVED,B,0,62698,379
RECEIVED,B,0,63036,381
RECEIVED,B,1,63372,383
RECEIVED,C,0,63711,384
RECEIVED,C,0,64048,387
INTERNAL_EVENT,64382,388
INTERNAL_EVENT,64717,389
INTERNAL_EVENT,65053,390
RECEIVED,B,0,65390,396
RECEIVED,C,0,65727,398
