INIT,A,4
INTERNAL_EVENT,71,1
RECEIVED,B,0,323,2
RECEIVED,C,0,577,4
INTERNAL_EVENT,830,5
MULTI_SEND,1080,6
RECEIVED,C,0,1334,9
SINGLE_SEND,1588,10
INTERNAL_EVENT,1841,11
INTERNAL_EVENT,2095,12
INTERNAL_EVENT,2346,13
INTERNAL_EVENT,2597,14
INTERNAL_EVENT,2849,15
RECEIVED,B,0,3102,20
INTERNAL_EVENT,3354,21
RECEIVED,C,0,3604,23
INTERNAL_EVENT,3855,24
RECEIVED,C,0,4110,26
MULTI_SEND,4363,27
SINGLE_SEND,4617,28
RECEIVED,C,1,4871,30
RECEIVED,C,0,5121,31
RECEIVED,B,0,5376,35
INTERNAL_EVENT,5629,36
SINGLE_SEND,5880,37
INTERNAL_EVENT,6130,38
INTERNAL_EVENT,6383,39
INTERNAL_EVENT,6636,40
RECEIVED,C,0,6887,44
INTERNAL_EVENT,7139,45
INTERNAL_EVENT,7394,46
INTERNAL_EVENT,7650,47
RECEIVED,B,0,7901,51
INTERNAL_EVENT,8152,52
RECEIVED,C,1,8402,53
RECEIVED,B,0,8654,54
RECEIVED,B,0,8908,57
INTERNAL_EVENT,9161,58
RECEIVED,B,0,9416,61
INTERNAL_EVENT,9670,62
INTERNAL_EVENT,9923,63
RECEIVED,B,0,10173,65
RECEIVED,C,0,10427,67
INTERNAL_EVENT,10681,68
MULTI_SEND,10935,69
INTERNAL_EVENT,11190,70
RECEIVED,C,1,11443,72
RECEIVED,C,0,11695,73
RECEIVED,B,0,11948,76
INTERNAL_EVENT,12198,77
INTERNAL_EVENT,12453,78
MULTI_SEND,12705,79
RECEIVED,C,0,12960,83
RECEIVED,B,0,13213,84
RECEIVED,B,0,13466,85
RECEIVED,B,0,13718,87
INTERNAL_EVENT,13968,88
RECEIVED,B,0,14220,90
RECEIVED,B,0,14470,92
RECEIVED,C,0,14725,94
RECEIVED,B,0,14978,95
INTERNAL_EVENT,15228,96
INTERNAL_EVENT,15479,97
SINGLE_SEND,15729,98
RECEIVED,C,0,15979,101
INTERNAL_EVENT,16231,102
INTERNAL_EVENT,16484,103
RECEIVED,C,0,16734,106
RECEIVED,B,0,16986,108
SINGLE_SEND,17238,109
SINGLE_SEND,17491,110
INTERNAL_EVENT,17742,111
INTERNAL_EVENT,17995,112
INTERNAL_EVENT,18246,113
RECEIVED,B,0,18501,118
INTERNAL_EVENT,18756,119
SINGLE_SEND,19010,120
RECEIVED,C,0,19265,122
RECEIVED,B,0,19520,124
INTERNAL_EVENT,19775,125
SINGLE_SEND,20024,126
INTERNAL_EVENT,20278,127
RECEIVED,C,0,20530,130
RECEIVED,C,0,20785,132
RECEIVED,C,0,21036,133
RECEIVED,C,0,21290,135
RECEIVED,C,0,21543,136
SINGLE_SEND,21796,137
MULTI_SEND,22049,138
INTERNAL_EVENT,22302,139
INTERNAL_EVENT,22552,140
INTERNAL_EVENT,22805,141
INTERNAL_EVENT,23056,142
INTERNAL_EVENT,23307,143
RECEIVED,B,0,23561,148
INTERNAL_EVENT,23812,149
RECEIVED,B,0,24063,152
RECEIVED,C,0,24314,154
RECEIVED,C,0,24568,155
INTERNAL_EVENT,24823,156
INTERNAL_EVENT,25074,157
INTERNAL_EVENT,25328,158
INTERNAL_EVENT,25582,159
INTERNAL_EVENT,25836,160
INTERNAL_EVENT,26090,161
INTERNAL_EVENT,26343,162
INTERNAL_EVENT,26595,163
INTERNAL_EVENT,26846,164
INTERNAL_EVENT,27097,165
INTERNAL_EVENT,27351,166
RECEIVED,B,0,27601,174
INTERNAL_EVENT,27852,175
INTERNAL_EVENT,28106,176
RECEIVED,C,0,28361,178
RECEIVED,B,0,28616,180
RECEIVED,C,0,28868,183
SINGLE_SEND,29123,184
RECEIVED,B,0,29374,186
RECEIVED,B,0,29629,187
INTERNAL_EVENT,29882,188
RECEIVED,C,1,30135,190
RECEIVED,B,0,30390,192
RECEIVED,C,1,30640,194
RECEIVED,B,0,30895,195
RECEIVED,B,0,31146,198
SINGLE_SEND,31398,199
RECEIVED,B,0,31651,202
INTERNAL_EVENT,31906,203
INTERNAL_EVENT,32156,204
RECEIVED,C,0,32408,206
RECEIVED,B,0,32662,208
INTERNAL_EVENT,32912,209
RECEIVED,C,0,33165,212
INTERNAL_EVENT,33417,213
RECEIVED,C,1,33670,215
RECEIVED,B,0,33922,216
RECEIVED,C,0,34177,218
INTERNAL_EVENT,34428,219
RECEIVED,C,1,34679,221
RECEIVED,B,0,34931,222
RECEIVED,B,1,35185,225
RECEIVED,B,0,35438,226
RECEIVED,C,0,35690,228
SINGLE_SEND,35945,229
RECEIVED,B,0,36198,233
SINGLE_SEND,36452,234
MULTI_SEND,36706,235
INTERNAL_EVENT,36959,236
RECEIVED,B,0,37212,239
INTERNAL_EVENT,37463,240
RECEIVED,C,0,37714,242
MULTI_SEND,37968,243
INTERNAL_EVENT,38220,244
INTERNAL_EVENT,38473,245
INTERNAL_EVENT,38728,246
INTERNAL_EVENT,38980,247
RECEIVED,C,0,39231,251
RECEIVED,B,0,39484,254
RECEIVED,C,0,39738,256
INTERNAL_EVENT,39992,257
INTERNAL_EVENT,40245,258
INTERNAL_EVENT,40496,259
INTERNAL_EVENT,40747,260
INTERNAL_EVENT,41000,261
INTERNAL_EVENT,41251,262
INTERNAL_EVENT,41503,263
SINGLE_SEND,41757,264
RECEIVED,C,1,42006,269
RECEIVED,C,1,42257,270
RECEIVED,B,0,42512,272
RECEIVED,B,0,42767,275
RECEIVED,C,0,43020,276
INTERNAL_EVENT,43274,277
RECEIVED,B,0,43525,279
INTERNAL_EVENT,43775,280
RECEIVED,C,1,44026,282
RECEIVED,B,2,44277,284
RECEIVED,C,1,44529,285
RECEIVED,B,0,44783,286
INTERNAL_EVENT,45034,287
INTERNAL_EVENT,45287,288
INTERNAL_EVENT,45540,289
INTERNAL_EVENT,45792,290
RECEIVED,C,1,46047,295
RECEIVED,B,1,46301,297
RECEIVED,B,0,46552,298
SINGLE_SEND,46806,299
INTERNAL_EVENT,47057,300
RECEIVED,B,1,47311,303
RECEIVED,C,0,47565,304
RECEIVED,B,0,47818,308
RECEIVED,B,0,48073,309
RECEIVED,B,0,48326,310
INTERNAL_EVENT,48579,311
INTERNAL_EVENT,48834,312
SINGLE_SEND,49086,313
RECEIVED,B,0,49340,317
INTERNAL_EVENT,49590,318
RECEIVED,B,0,49843,319
INTERNAL_EVENT,50098,320
RECEIVED,B,0,50349,323
RECEIVED,B,0,50602,324
RECEIVED,B,0,50856,326
MULTI_SEND,51110,327
INTERNAL_EVENT,51362,328
RECEIVED,C,0,51615,330
SINGLE_SEND,51867,331
RECEIVED,C,0,52117,335
INTERNAL_EVENT,52368,336
INTERNAL_EVENT,52623,337
RECEIVED,B,0,52878,339
SINGLE_SEND,53132,340
SINGLE_SEND,53385,341
MULTI_SEND,53640,342
SINGLE_SEND,53890,343
RECEIVED,C,0,54142,347
INTERNAL_EVENT,54397,348
INTERNAL_EVENT,54650,349
RECEIVED,B,0,54902,352
RECEIVED,C,0,55156,353
INTERNAL_EVENT,55409,354
RECEIVED,C,0,55662,356
INTERNAL_EVENT,55912,357
SINGLE_SEND,56166,358
INTERNAL_EVENT,56417,359
SINGLE_SEND,56671,360
INTERNAL_EVENT,56921,361
RECEIVED,B,0,57173,365
INTERNAL_EVENT,57427,366
RECEIVED,C,0,57677,368
RECEIVED,C,0,57931,370
INTERNAL_EVENT,58183,371
INTERNAL_EVENT,58437,372
SINGLE_SEND,58687,373
RECEIVED,B,0,58938,377
INTERNAL_EVENT,59191,378
INTERNAL_EVENT,59442,379
RECEIVED,C,0,59695,381
RECEIVED,B,0,59949,382
INTERNAL_EVENT,60200,383
RECEIVED,B,0,60454,385
RECEIVED,C,0,60707,387
RECEIVED,C,1,60960,388
RECEIVED,C,0,61210,389
RECEIVED,C,0,61461,392
INTERNAL_EVENT,61712,393
RECEIVED,B,0,61966,395
RECEIVED,B,0,62216,396
RECEIVED,C,0,62467,398
INTERNAL_EVENT,62718,399
INTERNAL_EVENT,62967,400
RECEIVED,B,0,63217,404
INTERNAL_EVENT,63467,405
RECEIVED,B,1,63719,406
RECEIVED,B,0,63973,407
MULTI_SEND,64223,408
MULTI_SEND,64476,409
SINGLE_SEND,64726,410
INTERNAL_EVENT,64979,411
RECEIVED,C,1,65233,415
RECEIVED,B,1,65488,416
RECEIVED,C,0,65741,417
INTERNAL_EVENT,65991,418
