INIT,A,5
INTERNAL_EVENT,64,1
INTERNAL_EVENT,268,2
SINGLE_SEND,470,3
SINGLE_SEND,672,4
SINGLE_SEND,875,5
MULTI_SEND,1075,6
SINGLE_SEND,1278,7
MULTI_SEND,1479,8
SINGLE_SEND,1680,9
INTERNAL_EVENT,1884,10
INTERNAL_EVENT,2089,11
RECEIVED,C,1,2292,14
RECEIVED,C,1,2496,15
RECEIVED,B,0,2699,16
INTERNAL_EVENT,2900,17
RECEIVED,B,0,3103,19
RECEIVED,C,0,3305,20
RECEIVED,B,0,3508,22
MULTI_SEND,3712,23
SINGLE_SEND,3916,24
MULTI_SEND,4120,25
INTERNAL_EVENT,4324,26
SINGLE_SEND,4527,27
INTERNAL_EVENT,4729,28
SINGLE_SEND,4934,29
RECEIVED,B,0,5137,32
RECEIVED,B,0,5342,34
RECEIVED,B,0,5543,35
INTERNAL_EVENT,5748,36
MULTI_SEND,5951,37
INTERNAL_EVENT,6154,38
RECEIVED,B,0,6358,40
RECEIVED,B,1,6560,41
RECEIVED,C,0,6761,42
RECEIVED,B,0,6963,44
INTERNAL_EVENT,7168,45
INTERNAL_EVENT,7371,46
INTERNAL_EVENT,7573,47
INTERNAL_EVENT,7773,48
INTERNAL_EVENT,7977,49
INTERNAL_EVENT,8179,50
INTERNAL_EVENT,8380,51
INTERNAL_EVENT,8583,52
MULTI_SEND,8788,53
INTERNAL_EVENT,8990,54
INTERNAL_EVENT,9194,55
SINGLE_SEND,9400,56
INTERNAL_EVENT,9604,57
INTERNAL_EVENT,9804,58
INTERNAL_EVENT,10007,59
SINGLE_SEND,10209,60
INTERNAL_EVENT,10410,61
INTERNAL_EVENT,10611,62
INTERNAL_EVENT,10812,63
INTERNAL_EVENT,11017,64
INTERNAL_EVENT,11221,65
RECEIVED,C,0,11422,70
RECEIVED,C,0,11626,72
MULTI_SEND,11827,73
INTERNAL_EVENT,12030,74
INTERNAL_EVENT,12234,75
INTERNAL_EVENT,12438,76
RECEIVED,B,0,12640,77
INTERNAL_EVENT,12842,78
INTERNAL_EVENT,13043,79
INTERNAL_EVENT,13245,80
INTERNAL_EVENT,13448,81
INTERNAL_EVENT,13649,82
INTERNAL_EVENT,13849,83
INTERNAL_EVENT,14054,84
RECEIVED,C,0,14259,88
INTERNAL_EVENT,14463,89
SINGLE_SEND,14666,90
MULTI_SEND,14868,91
INTERNAL_EVENT,15070,92
SINGLE_SEND,15274,93
RECEIVED,B,0,15478,95
RECEIVED,B,0,15679,96
INTERNAL_EVENT,15881,97
RECEIVED,C,0,16086,99
INTERNAL_EVENT,16291,100
RECEIVED,B,0,16494,101
INTERNAL_EVENT,16695,102
RECEIVED,C,1,16895,103
RECEIVED,B,1,17095,104
RECEIVED,B,0,17296,105
INTERNAL_EVENT,17501,106
RECEIVED,C,0,17706,108
INTERNAL_EVENT,17911,109
INTERNAL_EVENT,18113,110
SINGLE_SEND,18315,111
RECEIVED,C,0,18519,113
INTERNAL_EVENT,18721,114
INTERNAL_EVENT,18925,115
INTERNAL_EVENT,19130,116
INTERNAL_EVENT,19335,117
INTERNAL_EVENT,19538,118
INTERNAL_EVENT,19739,119
RECEIVED,B,0,19945,122
RECEIVED,B,0,20149,123
INTERNAL_EVENT,20352,124
INTERNAL_EVENT,20554,125
RECEIVED,C,0,20756,126
MULTI_SEND,20957,127
SINGLE_SEND,21160,128
INTERNAL_EVENT,21362,129
RECEIVED,B,1,21563,131
RECEIVED,C,0,21768,132
INTERNAL_EVENT,21971,133
INTERNAL_EVENT,22173,134
INTERNAL_EVENT,22378,135
INTERNAL_EVENT,22578,136
MULTI_SEND,22779,137
INTERNAL_EVENT,22984,138
RECEIVED,B,0,23185,140
INTERNAL_EVENT,23389,141
RECEIVED,C,0,23594,143
RECEIVED,B,0,23798,144
SINGLE_SEND,24002,145
RECEIVED,B,0,24206,147
RECEIVED,B,0,24408,148
SINGLE_SEND,24613,149
RECEIVED,C,0,24813,151
SINGLE_SEND,25018,152
MULTI_SEND,25224,153
INTERNAL_EVENT,25425,154
RECEIVED,C,0,25630,156
SINGLE_SEND,25833,157
RECEIVED,B,0,26037,159
INTERNAL_EVENT,26241,160
INTERNAL_EVENT,26443,161
RECEIVED,C,0,26646,163
RECEIVED,B,0,26846,164
RECEIVED,C,1,27050,165
RECEIVED,B,0,27253,166
INTERNAL_EVENT,27453,167
INTERNAL_EVENT,27653,168
INTERNAL_EVENT,27854,169
RECEIVED,B,0,28056,171
MULTI_SEND,28256,172
SINGLE_SEND,28456,173
SINGLE_SEND,28661,174
INTERNAL_EVENT,28862,175
INTERNAL_EVENT,29064,176
MULTI_SEND,29264,177
INTERNAL_EVENT,29465,178
INTERNAL_EVENT,29670,179
RECEIVED,C,0,29871,183
SINGLE_SEND,30075,184
INTERNAL_EVENT,30275,185
RECEIVED,C,0,30478,187
RECEIVED,B,0,30681,189
MULTI_SEND,30886,190
INTERNAL_EVENT,31086,191
INTERNAL_EVENT,31286,192
INTERNAL_EVENT,31489,193
RECEIVED,C,1,31690,195
RECEIVED,B,1,31893,197
RECEIVED,B,1,32098,198
RECEIVED,C,1,32298,199
RECEIVED,C,0,32501,200
INTERNAL_EVENT,32702,201
INTERNAL_EVENT,32905,202
MULTI_SEND,33108,203
INTERNAL_EVENT,33310,204
MULTI_SEND,33514,205
SINGLE_SEND,33717,206
SINGLE_SEND,33919,207
MULTI_SEND,34123,208
INTERNAL_EVENT,34323,209
INTERNAL_EVENT,34525,210
RECEIVED,B,1,34728,214
RECEIVED,C,0,34932,215
SINGLE_SEND,35136,216
RECEIVED,B,0,35339,218
RECEIVED,B,0,35543,219
INTERNAL_EVENT,35746,220
SINGLE_SEND,35950,221
SINGLE_SEND,36152,222
SINGLE_SEND,36355,223
MULTI_SEND,36556,224
RECEIVED,C,0,36760,227
INTERNAL_EVENT,36961,228
INTERNAL_EVENT,37165,229
INTERNAL_EVENT,37370,230
INTERNAL_EVENT,37575,231
INTERNAL_EVENT,37777,232
RECEIVED,B,0,37980,233
RECEIVED,B,0,38182,235
RECEIVED,C,0,38383,236
SINGLE_SEND,38585,237
RECEIVED,C,0,38790,240
INTERNAL_EVENT,38993,241
INTERNAL_EVENT,39193,242
RECEIVED,C,0,39396,244
INTERNAL_EVENT,39598,245
RECEIVED,C,0,39801,247
SINGLE_SEND,40005,248
INTERNAL_EVENT,40208,249
INTERNAL_EVENT,40411,250
INTERNAL_EVENT,40612,251
RECEIVED,C,0,40816,254
RECEIVED,B,0,41020,256
RECEIVED,B,0,41222,257
INTERNAL_EVENT,41423,258
INTERNAL_EVENT,41623,259
INTERNAL_EVENT,41828,260
INTERNAL_EVENT,42031,261
RECEIVED,B,0,42232,264
RECEIVED,B,0,42432,265
INTERNAL_EVENT,42635,266
INTERNAL_EVENT,42837,267
INTERNAL_EVENT,43039,268
INTERNAL_EVENT,43243,269
INTERNAL_EVENT,43448,270
RECEIVED,B,0,43651,273
SINGLE_SEND,43854,274
INTERNAL_EVENT,44056,275
INTERNAL_EVENT,44256,276
INTERNAL_EVENT,44456,277
RECEIVED,C,0,44656,279
INTERNAL_EVENT,44858,280
RECEIVED,B,0,45058,282
INTERNAL_EVENT,45260,283
INTERNAL_EVENT,45464,284
RECEIVED,C,1,45668,286
RECEIVED,B,0,45868,287
RECEIVED,B,0,46070,288
SINGLE_SEND,46274,289
INTERNAL_EVENT,46475,290
INTERNAL_EVENT,46679,291
INTERNAL_EVENT,46884,292
MULTI_SEND,47086,293
INTERNAL_EVENT,47287,294
INTERNAL_EVENT,47488,295
INTERNAL_EVENT,47689,296
INTERNAL_EVENT,47893,297
MULTI_SEND,48098,298
INTERNAL_EVENT,48303,299
INTERNAL_EVENT,48503,300
INTERNAL_EVENT,48705,301
INTERNAL_EVENT,48906,302
INTERNAL_EVENT,49108,303
RECEIVED,C,0,49311,309
RECEIVED,C,0,49516,311
RECEIVED,B,0,49718,313
MULTI_SEND,49918,314
INTERNAL_EVENT,50121,315
RECEIVED,C,0,50325,318
INTERNAL_EVENT,50526,319
INTERNAL_EVENT,50727,320
INTERNAL_EVENT,50929,321
INTERNAL_EVENT,51134,322
RECEIVED,B,1,51335,324
RECEIVED,C,1,51537,325
RECEIVED,C,1,51738,326
RECEIVED,C,0,51942,327
INTERNAL_EVENT,52146,328
INTERNAL_EVENT,52351,329
SINGLE_SEND,52554,330
INTERNAL_EVENT,52757,331
SINGLE_SEND,52961,332
SINGLE_SEND,53166,333
SINGLE_SEND,53365,334
INTERNAL_EVENT,53567,335
RECEIVED,C,1,53768,338
RECEIVED,B,0,53970,339
MULTI_SEND,54173,340
INTERNAL_EVENT,54377,341
MULTI_SEND,54579,342
INTERNAL_EVENT,54784,343
INTERNAL_EVENT,54984,344
RECEIVED,B,0,55185,347
INTERNAL_EVENT,55389,348
INTERNAL_EVENT,55594,349
RECEIVED,B,1,55797,350
RECEIVED,B,0,55999,351
RECEIVED,B,0,56200,353
RECEIVED,B,0,56401,354
INTERNAL_EVENT,56603,355
RECEIVED,B,0,56805,356
RECEIVED,C,0,57007,358
INTERNAL_EVENT,57207,359
INTERNAL_EVENT,57412,360
SINGLE_SEND,57615,361
INTERNAL_EVENT,57815,362
INTERNAL_EVENT,58016,363
SINGLE_SEND,58216,364
INTERNAL_EVENT,58419,365
INTERNAL_EVENT,58622,366
INTERNAL_EVENT,58823,367
RECEIVED,B,0,59025,371
INTERNAL_EVENT,59227,372
INTERNAL_EVENT,59429,373
RECEIVED,B,0,59634,374
RECEIVED,C,0,59838,376
SINGLE_SEND,60039,377
RECEIVED,B,0,60239,378
INTERNAL_EVENT,60441,379
INTERNAL_EVENT,60646,380
RECEIVED,B,0,60848,381
RECEIVED,C,0,61051,384
INTERNAL_EVENT,61255,385
RECEIVED,B,0,61459,386
RECEIVED,B,0,61663,387
RECEIVED,C,0,61868,389
INTERNAL_EVENT,62071,390
INTERNAL_EVENT,62271,391
INTERNAL_EVENT,62475,392
SINGLE_SEND,62679,393
SINGLE_SEND,62884,394
RECEIVED,B,0,63086,397
RECEIVED,B,0,63288,398
SINGLE_SEND,63491,399
MULTI_SEND,63693,400
RECEIVED,C,0,63896,403
MULTI_SEND,64101,404
INTERNAL_EVENT,64304,405
INTERNAL_EVENT,64504,406
INTERNAL_EVENT,64709,407
RECEIVED,C,0,64913,409
INTERNAL_EVENT,65118,410
INTERNAL_EVENT,65321,411
INTERNAL_EVENT,65526,412
INTERNAL_EVENT,65729,413
RECEIVED,B,0,65932,415
