INIT,A,6
INTERNAL_EVENT,73,1
RECEIVED,B,0,244,2
INTERNAL_EVENT,415,3
INTERNAL_EVENT,586,4
INTERNAL_EVENT,753,5
INTERNAL_EVENT,921,6
INTERNAL_EVENT,1092,7
INTERNAL_EVENT,1260,8
INTERNAL_EVENT,1431,9
INTERNAL_EVENT,1602,10
SINGLE_SEND,1773,11
INTERNAL_EVENT,1940,12
INTERNAL_EVENT,2112,13
SINGLE_SEND,2281,14
INTERNAL_EVENT,2451,15
INTERNAL_EVENT,2621,16
RECEIVED,C,1,2789,17
RECEIVED,C,0,2959,18
RECEIVED,B,0,3131,19
INTERNAL_EVENT,3300,20
RECEIVED,B,0,3471,22
INTERNAL_EVENT,3642,23
RECEIVED,C,0,3813,24
INTERNAL_EVENT,3984,25
RECEIVED,B,0,4154,27
INTERNAL_EVENT,4325,28
RECEIVED,B,0,4495,29
INTERNAL_EVENT,4667,30
RECEIVED,C,0,4836,31
RECEIVED,C,0,5004,32
SINGLE_SEND,5172,33
INTERNAL_EVENT,5340,34
INTERNAL_EVENT,5509,35
MULTI_SEND,5679,36
INTERNAL_EVENT,5851,37
RECEIVED,B,0,6019,39
INTERNAL_EVENT,6187,40
SINGLE_SEND,6356,41
INTERNAL_EVENT,6528,42
INTERNAL_EVENT,6697,43
INTERNAL_EVENT,6869,44
SINGLE_SEND,7041,45
INTERNAL_EVENT,7211,46
INTERNAL_EVENT,7383,47
INTERNAL_EVENT,7555,48
SINGLE_SEND,7726,49
RECEIVED,C,0,7894,52
SINGLE_SEND,8061,53
SINGLE_SEND,8231,54
SINGLE_SEND,8402,55
INTERNAL_EVENT,8569,56
RECEIVED,B,0,8739,58
SINGLE_SEND,8908,59
SINGLE_SEND,9076,60
INTERNAL_EVENT,9244,61
RECEIVED,B,0,9414,62
INTERNAL_EVENT,9584,63
MULTI_SEND,9754,64
RECEIVED,C,0,9926,65
INTERNAL_EVENT,10096,66
SINGLE_SEND,10268,67
RECEIVED,B,0,10439,68
RECEIVED,C,0,10608,69
INTERNAL_EVENT,10777,70
RECEIVED,C,0,10949,71
MULTI_SEND,11119,72
INTERNAL_EVENT,11289,73
INTERNAL_EVENT,11457,74
INTERNAL_EVENT,11625,75
INTERNAL_EVENT,11794,76
RECEIVED,B,0,11965,77
INTERNAL_EVENT,12137,78
RECEIVED,C,0,12306,79
RECEIVED,C,0,12473,80
MULTI_SEND,12641,81
INTERNAL_EVENT,12812,82
SINGLE_SEND,12979,83
RECEIVED,B,0,13150,84
INTERNAL_EVENT,13320,85
SINGLE_SEND,13491,86
INTERNAL_EVENT,13660,87
INTERNAL_EVENT,13830,88
RECEIVED,C,0,14001,89
RECEIVED,C,0,14168,90
RECEIVED,C,0,14338,91
SINGLE_SEND,14508,92
RECEIVED,B,0,14678,93
INTERNAL_EVENT,14849,94
SINGLE_SEND,15019,95
INTERNAL_EVENT,15191,96
INTERNAL_EVENT,15360,97
SINGLE_SEND,15530,98
INTERNAL_EVENT,15701,99
INTERNAL_EVENT,15873,100
MULTI_SEND,16044,101
SINGLE_SEND,16216,102
INTERNAL_EVENT,16386,103
INTERNAL_EVENT,16553,104
INTERNAL_EVENT,16723,105
SINGLE_SEND,16891,106
INTERNAL_EVENT,17061,107
INTERNAL_EVENT,17228,108
RECEIVED,B,1,17400,109
RECEIVED,C,1,17572,110
RECEIVED,B,0,17744,111
MULTI_SEND,17914,112
INTERNAL_EVENT,18084,113
INTERNAL_EVENT,18253,114
MULTI_SEND,18420,115
SINGLE_SEND,18590,116
INTERNAL_EVENT,18761,117
INTERNAL_EVENT,18929,118
INTERNAL_EVENT,19100,119
INTERNAL_EVENT,19270,120
RECEIVED,C,0,19441,121
MULTI_SEND,19608,122
INTERNAL_EVENT,19780,123
INTERNAL_EVENT,19951,124
MULTI_SEND,20119,125
SINGLE_SEND,20291,126
INTERNAL_EVENT,20458,127
SINGLE_SEND,20630,128
SINGLE_SEND,20802,129
SINGLE_SEND,20971,130
INTERNAL_EVENT,21141,131
INTERNAL_EVENT,21312,132
INTERNAL_EVENT,21481,133
INTERNAL_EVENT,21653,134
RECEIVED,C,0,21824,136
INTERNAL_EVENT,21996,137
RECEIVED,C,0,22163,138
RECEIVED,C,0,22332,139
SINGLE_SEND,22502,140
SINGLE_SEND,22674,141
INTERNAL_EVENT,22843,142
INTERNAL_EVENT,23011,143
INTERNAL_EVENT,23181,144
INTERNAL_EVENT,23351,145
INTERNAL_EVENT,23519,146
RECEIVED,B,0,23691,148
RECEIVED,B,0,23863,149
INTERNAL_EVENT,24034,150
INTERNAL_EVENT,24203,151
RECEIVED,B,0,24371,152
INTERNAL_EVENT,24541,153
MULTI_SEND,24711,154
SINGLE_SEND,24882,155
RECEIVED,C,0,25052,157
SINGLE_SEND,25223,158
MULTI_SEND,25391,159
INTERNAL_EVENT,25560,160
RECEIVED,B,0,25728,162
SINGLE_SEND,25898,163
INTERNAL_EVENT,26068,164
RECEIVED,C,0,26235,165
RECEIVED,B,0,26404,166
SINGLE_SEND,26575,167
INTERNAL_EVENT,26745,168
INTERNAL_EVENT,26915,169
RECEIVED,C,0,27082,170
INTERNAL_EVENT,27251,171
INTERNAL_EVENT,27417,172
INTERNAL_EVENT,27584,173
INTERNAL_EVENT,27754,174
INTERNAL_EVENT,27921,175
INTERNAL_EVENT,28092,176
INTERNAL_EVENT,28264,177
MULTI_SEND,28434,178
INTERNAL_EVENT,28602,179
INTERNAL_EVENT,28772,180
INTERNAL_EVENT,28939,181
RECEIVED,C,1,29109,183
RECEIVED,B,1,29280,184
RECEIVED,B,0,29448,185
RECEIVED,C,0,29619,186
INTERNAL_EVENT,29786,187
SINGLE_SEND,29955,188
INTERNAL_EVENT,30122,189
MULTI_SEND,30291,190
INTERNAL_EVENT,30460,191
SINGLE_SEND,30631,192
MULTI_SEND,30800,193
INTERNAL_EVENT,30972,194
RECEIVED,C,0,31143,196
INTERNAL_EVENT,31311,197
INTERNAL_EVENT,31482,198
INTERNAL_EVENT,31651,199
RECEIVED,B,0,31818,200
SINGLE_SEND,31988,201
SINGLE_SEND,32157,202
RECEIVED,B,0,32324,203
INTERNAL_EVENT,32494,204
INTERNAL_EVENT,32661,205
INTERNAL_EVENT,32828,206
MULTI_SEND,33001,207
INTERNAL_EVENT,33171,208
INTERNAL_EVENT,33339,209
INTERNAL_EVENT,33511,210
RECEIVED,B,0,33683,212
INTERNAL_EVENT,33852,213
INTERNAL_EVENT,34021,214
INTERNAL_EVENT,34191,215
INTERNAL_EVENT,34363,216
RECEIVED,C,0,34530,217
INTERNAL_EVENT,34700,218
SINGLE_SEND,34869,219
INTERNAL_EVENT,35041,220
INTERNAL_EVENT,35209,221
RECEIVED,C,0,35381,222
MULTI_SEND,35551,223
INTERNAL_EVENT,35723,224
INTERNAL_EVENT,35893,225
RECEIVED,C,0,36064,227
MULTI_SEND,36235,228
INTERNAL_EVENT,36407,229
INTERNAL_EVENT,36575,230
SINGLE_SEND,36747,231
RECEIVED,C,0,36918,233
INTERNAL_EVENT,37089,234
RECEIVED,C,0,37260,235
INTERNAL_EVENT,37431,236
INTERNAL_EVENT,37601,237
INTERNAL_EVENT,37772,238
INTERNAL_EVENT,37943,239
INTERNAL_EVENT,38112,240
RECEIVED,C,0,38283,241
RECEIVED,B,0,38451,242
INTERNAL_EVENT,38621,243
MULTI_SEND,38788,244
INTERNAL_EVENT,38958,245
RECEIVED,B,0,39128,247
INTERNAL_EVENT,39295,248
INTERNAL_EVENT,39465,249
RECEIVED,B,0,39637,250
INTERNAL_EVENT,39808,251
MULTI_SEND,39978,252
RECEIVED,C,0,40149,253
INTERNAL_EVENT,40317,254
RECEIVED,C,0,40487,255
INTERNAL_EVENT,40654,256
SINGLE_SEND,40824,257
SINGLE_SEND,40994,258
RECEIVED,B,0,41162,259
INTERNAL_EVENT,41334,260
INTERNAL_EVENT,41506,261
INTERNAL_EVENT,41678,262
INTERNAL_EVENT,41849,263
SINGLE_SEND,42018,264
INTERNAL_EVENT,42189,265
INTERNAL_EVENT,42357,266
RECEIVED,C,0,42529,268
INTERNAL_EVENT,42696,269
INTERNAL_EVENT,42868,270
MULTI_SEND,43039,271
MULTI_SEND,43206,272
INTERNAL_EVENT,43375,273
SINGLE_SEND,43546,274
RECEIVED,B,0,43716,275
RECEIVED,C,0,43888,276
MULTI_SEND,44058,277
SINGLE_SEND,44228,278
SINGLE_SEND,44398,279
SINGLE_SEND,44564,280
INTERNAL_EVENT,44736,281
INTERNAL_EVENT,44905,282
INTERNAL_EVENT,45075,283
INTERNAL_EVENT,45245,284
INTERNAL_EVENT,45416,285
SINGLE_SEND,45587,286
RECEIVED,B,1,45757,287
RECEIVED,C,0,45924,288
INTERNAL_EVENT,46091,289
RECEIVED,B,1,46263,290
RECEIVED,C,0,46431,291
INTERNAL_EVENT,46598,292
MULTI_SEND,46769,293
INTERNAL_EVENT,46940,294
INTERNAL_EVENT,47108,295
INTERNAL_EVENT,47279,296
MULTI_SEND,47448,297
SINGLE_SEND,47619,298
SINGLE_SEND,47791,299
INTERNAL_EVENT,47962,300
MULTI_SEND,48129,301
RECEIVED,B,0,48300,302
RECEIVED,C,0,48472,304
INTERNAL_EVENT,48640,305
INTERNAL_EVENT,48811,306
RECEIVED,C,0,48979,307
SINGLE_SEND,49149,308
INTERNAL_EVENT,49320,309
INTERNAL_EVENT,49490,310
RECEIVED,C,0,49661,312
RECEIVED,C,0,49830,313
INTERNAL_EVENT,49999,314
RECEIVED,B,1,50170,315
RECEIVED,C,0,50338,316
RECEIVED,B,0,50505,317
RECEIVED,C,0,50678,319
RECEIVED,B,0,50846,320
INTERNAL_EVENT,51016,321
INTERNAL_EVENT,51185,322
INTERNAL_EVENT,51355,323
INTERNAL_EVENT,51524,324
INTERNAL_EVENT,51695,325
RECEIVED,B,0,51866,326
MULTI_SEND,52033,327
INTERNAL_EVENT,52201,328
INTERNAL_EVENT,52373,329
RECEIVED,B,0,52541,330
RECEIVED,C,0,52708,332
INTERNAL_EVENT,52877,333
INTERNAL_EVENT,53044,334
SINGLE_SEND,53213,335
RECEIVED,B,0,53383,336
INTERNAL_EVENT,53550,337
RECEIVED,B,0,53721,338
INTERNAL_EVENT,53892,339
SINGLE_SEND,54063,340
SINGLE_SEND,54234,341
INTERNAL_EVENT,54405,342
INTERNAL_EVENT,54576,343
INTERNAL_EVENT,54747,344
MULTI_SEND,54916,345
SINGLE_SEND,55086,346
INTERNAL_EVENT,55254,347
RECEIVED,C,0,55424,349
MULTI_SEND,55593,350
MULTI_SEND,55760,351
SINGLE_SEND,55930,352
INTERNAL_EVENT,56099,353
INTERNAL_EVENT,56266,354
INTERNAL_EVENT,56436,355
RECEIVED,C,0,56604,357
INTERNAL_EVENT,56773,358
RECEIVED,B,0,56941,359
SINGLE_SEND,57113,360
INTERNAL_EVENT,57284,361
RECEIVED,C,0,57452,362
RECEIVED,B,0,57622,363
INTERNAL_EVENT,57794,364
RECEIVED,B,0,57961,365
INTERNAL_EVENT,58129,366
RECEIVED,C,0,58297,368
INTERNAL_EVENT,58464,369
SINGLE_SEND,58633,370
MULTI_SEND,58800,371
SINGLE_SEND,58971,372
INTERNAL_EVENT,59140,373
INTERNAL_EVENT,59311,374
RECEIVED,B,0,59482,375
INTERNAL_EVENT,59652,376
INTERNAL_EVENT,59823,377
RECEIVED,B,0,59994,378
INTERNAL_EVENT,60162,379
RECEIVED,C,0,60330,381
RECEIVED,C,0,60498,382
RECEIVED,B,0,60668,383
SINGLE_SEND,60838,384
INTERNAL_EVENT,61010,385
RECEIVED,C,0,61181,387
INTERNAL_EVENT,61353,388
INTERNAL_EVENT,61523,389
RECEIVED,B,0,61693,390
RECEIVED,B,0,61860,391
INTERNAL_EVENT,62029,392
RECEIVED,B,0,62197,393
INTERNAL_EVENT,62367,394
RECEIVED,B,0,62538,395
MULTI_SEND,62710,396
INTERNAL_EVENT,62881,397
RECEIVED,B,0,63049,399
INTERNAL_EVENT,63219,400
RECEIVED,B,0,63391,401
INTERNAL_EVENT,63558,402
INTERNAL_EVENT,63727,403
RECEIVED,B,0,63898,404
RECEIVED,C,0,64069,405
INTERNAL_EVENT,64238,406
SINGLE_SEND,64409,407
SINGLE_SEND,64577,408
INTERNAL_EVENT,64745,409
INTERNAL_EVENT,64916,410
INTERNAL_EVENT,65086,411
SINGLE_SEND,65258,412
INTERNAL_EVENT,65425,413
INTERNAL_EVENT,65596,414
RECEIVED,C,0,65766,416
INTERNAL_EVENT,65935,417
