INIT,A,2
SINGLE_SEND,69,1
RECEIVED,B,0,570,4
RECEIVED,C,0,1074,7
MULTI_SEND,1577,8
RECEIVED,C,0,2078,13
RECEIVED,B,0,2581,16
INTERNAL_EVENT,3082,17
RECEIVED,C,0,3583,23
MULTI_SEND,4084,24
INTERNAL_EVENT,4587,25
INTERNAL_EVENT,5091,26
MULTI_SEND,5591,27
RECEIVED,B,0,6092,38
MULTI_SEND,6597,39
RECEIVED,B,0,7098,43
SINGLE_SEND,7603,44
INTERNAL_EVENT,8108,45
RECEIVED,C,0,8612,53
RECEIVED,C,0,9113,56
RECEIVED,C,0,9613,57
RECEIVED,C,0,10117,60
RECEIVED,C,0,10622,65
RECEIVED,B,1,11125,66
RECEIVED,C,0,11627,68
RECEIVED,B,0,12130,72
RECEIVED,C,0,12631,76
RECEIVED,C,2,13133,77
RECEIVED,C,2,13637,78
RECEIVED,B,1,14141,79
RECEIVED,C,1,14645,81
RECEIVED,C,0,15147,87
RECEIVED,B,0,15649,92
INTERNAL_EVENT,16151,93
INTERNAL_EVENT,16656,94
RECEIVED,C,2,17161,101
RECEIVED,C,3,17666,102
RECEIVED,C,4,18166,103
RECEIVED,B,4,18668,105
RECEIVED,B,4,19168,106
RECEIVED,B,4,19669,108
RECEIVED,C,4,20174,109
RECEIVED,C,3,20677,112
RECEIVED,B,2,21181,116
RECEIVED,C,3,21683,119
RECEIVED,B,4,22184,121
RECEIVED,B,5,22685,130
RECEIVED,C,4,23189,131
RECEIVED,C,5,23690,132
RECEIVED,B,5,24193,134
RECEIVED,B,6,24698,135
RECEIVED,C,6,25203,136
RECEIVED,C,6,25708,141
RECEIVED,B,5,26212,142
RECEIVED,C,5,26716,144
RECEIVED,B,5,27218,148
RECEIVED,C,4,27720,149
RECEIVED,B,5,28220,152
RECEIVED,C,5,28725,155
RECEIVED,B,5,29227,160
RECEIVED,B,4,29727,162
RECEIVED,C,3,30233,167
RECEIVED,B,4,30737,169
RECEIVED,B,4,31241,171
RECEIVED,C,4,31742,173
RECEIVED,C,5,32247,182
RECEIVED,B,5,32752,184
RECEIVED,C,4,33252,187
RECEIVED,C,3,33756,189
RECEIVED,B,3,34260,191
RECEIVED,B,3,34765,193
RECEIVED,B,3,35269,195
RECEIVED,B,2,35769,203
RECEIVED,C,2,36271,207
RECEIVED,B,2,36775,210
RECEIVED,C,1,37279,215
RECEIVED,C,1,37782,218
RECEIVED,C,0,38287,226
RECEIVED,C,2,38792,230
RECEIVED,B,2,39294,231
RECEIVED,C,2,39797,232
RECEIVED,B,1,40301,235
RECEIVED,C,0,40805,237
RECEIVED,C,0,41310,244
RECEIVED,B,1,41810,248
RECEIVED,B,1,42312,249
RECEIVED,C,0,42813,250
RECEIVED,B,0,43314,256
RECEIVED,B,1,43818,260
RECEIVED,B,1,44319,261
RECEIVED,C,2,44821,263
RECEIVED,C,4,45325,266
RECEIVED,C,5,45827,267
RECEIVED,B,6,46332,269
RECEIVED,B,6,46836,270
RECEIVED,B,7,47340,271
RECEIVED,B,7,47845,272
RECEIVED,B,7,48346,273
RECEIVED,C,7,48849,275
RECEIVED,B,7,49355,277
RECEIVED,C,7,49859,279
RECEIVED,C,6,50360,282
RECEIVED,B,6,50861,284
RECEIVED,B,6,51363,285
RECEIVED,B,7,51863,290
RECEIVED,B,6,52364,291
RECEIVED,B,6,52868,295
RECEIVED,C,6,53372,297
RECEIVED,C,5,53876,303
RECEIVED,B,4,54380,308
RECEIVED,B,4,54882,309
RECEIVED,C,4,55383,312
RECEIVED,C,4,55883,317
RECEIVED,B,5,56383,319
RECEIVED,C,6,56884,330
RECEIVED,C,7,57383,333
RECEIVED,C,7,57885,337
RECEIVED,C,7,58388,339
RECEIVED,C,8,58893,340
RECEIVED,B,7,59396,342
RECEIVED,C,6,59898,345
RECEIVED,C,8,60399,347
RECEIVED,C,7,60899,348
RECEIVED,C,8,61404,349
RECEIVED,C,9,61907,353
RECEIVED,C,10,62410,355
RECEIVED,B,9,62911,357
RECEIVED,B,9,63414,364
RECEIVED,B,9,63914,365
RECEIVED,B,9,64415,366
RECEIVED,B,9,64915,371
RECEIVED,B,9,65420,372
RECEIVED,B,8,65925,373
