INIT,A,4
INTERNAL_EVENT,72,1
MULTI_SEND,326,2
INTERNAL_EVENT,581,3
INTERNAL_EVENT,831,4
INTERNAL_EVENT,1085,5
INTERNAL_EVENT,1335,6
INTERNAL_EVENT,1590,7
INTERNAL_EVENT,1840,8
MULTI_SEND,2091,9
RECEIVED,B,0,2342,13
INTERNAL_EVENT,2595,14
INTERNAL_EVENT,2847,15
INTERNAL_EVENT,3101,16
INTERNAL_EVENT,3351,17
INTERNAL_EVENT,3605,18
INTERNAL_EVENT,3857,19
INTERNAL_EVENT,4110,20
INTERNAL_EVENT,4362,21
INTERNAL_EVENT,4614,22
INTERNAL_EVENT,4865,23
INTERNAL_EVENT,5115,24
INTERNAL_EVENT,5371,25
INTERNAL_EVENT,5624,26
INTERNAL_EVENT,5876,27
INTERNAL_EVENT,6131,28
INTERNAL_EVENT,6383,29
INTERNAL_EVENT,6637,30
INTERNAL_EVENT,6891,31
INTERNAL_EVENT,7143,32
INTERNAL_EVENT,7393,33
INTERNAL_EVENT,7643,34
INTERNAL_EVENT,7894,35
INTERNAL_EVENT,8144,36
INTERNAL_EVENT,8394,37
INTERNAL_EVENT,8648,38
INTERNAL_EVENT,8900,39
INTERNAL_EVENT,9155,40
INTERNAL_EVENT,9409,41
INTERNAL_EVENT,9664,42
INTERNAL_EVENT,9917,43
INTERNAL_EVENT,10172,44
RECEIVED,C,0,10426,64
MULTI_SEND,10677,65
RECEIVED,C,0,10926,68
RECEIVED,C,0,11180,69
INTERNAL_EVENT,11433,70
INTERNAL_EVENT,11688,71
INTERNAL_EVENT,11943,72
INTERNAL_EVENT,12192,73
INTERNAL_EVENT,12446,74
INTERNAL_EVENT,12700,75
INTERNAL_EVENT,12955,76
INTERNAL_EVENT,13206,77
RECEIVED,B,0,13460,81
RECEIVED,C,0,13710,84
INTERNAL_EVENT,13962,85
INTERNAL_EVENT,14216,86
SINGLE_SEND,14469,87
INTERNAL_EVENT,14723,88
INTERNAL_EVENT,14976,89
INTERNAL_EVENT,15229,90
INTERNAL_EVENT,15482,91
INTERNAL_EVENT,15732,92
INTERNAL_EVENT,15987,93
INTERNAL_EVENT,16241,94
INTERNAL_EVENT,16492,95
INTERNAL_EVENT,16743,96
INTERNAL_EVENT,16993,97
INTERNAL_EVENT,17244,98
INTERNAL_EVENT,17496,99
INTERNAL_EVENT,17750,100
INTERNAL_EVENT,18002,101
INTERNAL_EVENT,18256,102
INTERNAL_EVENT,18509,103
INTERNAL_EVENT,18759,104
INTERNAL_EVENT,19012,105
INTERNAL_EVENT,19264,106
INTERNAL_EVENT,19519,107
INTERNAL_EVENT,19772,108
INTERNAL_EVENT,20027,109
INTERNAL_EVENT,20279,110
INTERNAL_EVENT,20534,111
INTERNAL_EVENT,20787,112
INTERNAL_EVENT,21041,113
INTERNAL_EVENT,21293,114
INTERNAL_EVENT,21543,115
SINGLE_SEND,21794,116
INTERNAL_EVENT,22049,117
RECEIVED,C,0,22299,134
INTERNAL_EVENT,22551,135
INTERNAL_EVENT,22806,136
INTERNAL_EVENT,23059,137
INTERNAL_EVENT,23313,138
INTERNAL_EVENT,23567,139
INTERNAL_EVENT,23818,140
SINGLE_SEND,24073,141
INTERNAL_EVENT,24326,142
INTERNAL_EVENT,24576,143
INTERNAL_EVENT,24827,144
INTERNAL_EVENT,25081,145
INTERNAL_EVENT,25336,146
INTERNAL_EVENT,25591,147
RECEIVED,B,0,25843,151
INTERNAL_EVENT,26093,152
INTERNAL_EVENT,26343,153
INTERNAL_EVENT,26595,154
RECEIVED,B,0,26847,156
INTERNAL_EVENT,27102,157
INTERNAL_EVENT,27356,158
INTERNAL_EVENT,27609,159
INTERNAL_EVENT,27862,160
INTERNAL_EVENT,28116,161
INTERNAL_EVENT,28370,162
INTERNAL_EVENT,28624,163
INTERNAL_EVENT,28877,164
INTERNAL_EVENT,29131,165
INTERNAL_EVENT,29383,166
INTERNAL_EVENT,29638,167
INTERNAL_EVENT,29893,168
INTERNAL_EVENT,30143,169
INTERNAL_EVENT,30394,170
INTERNAL_EVENT,30649,171
INTERNAL_EVENT,30899,172
INTERNAL_EVENT,31149,173
INTERNAL_EVENT,31400,174
RECEIVED,B,0,31652,179
INTERNAL_EVENT,31904,180
SINGLE_SEND,32157,181
INTERNAL_EVENT,32410,182
RECEIVED,B,0,32660,184
INTERNAL_EVENT,32915,185
INTERNAL_EVENT,33167,186
INTERNAL_EVENT,33420,187
RECEIVED,C,0,33674,202
INTERNAL_EVENT,33929,203
INTERNAL_EVENT,34180,204
INTERNAL_EVENT,34433,205
INTERNAL_EVENT,34688,206
INTERNAL_EVENT,34938,207
INTERNAL_EVENT,35192,208
INTERNAL_EVENT,35445,209
INTERNAL_EVENT,35699,210
RECEIVED,C,0,35952,215
INTERNAL_EVENT,36206,216
INTERNAL_EVENT,36461,217
INTERNAL_EVENT,36711,218
INTERNAL_EVENT,36962,219
INTERNAL_EVENT,37212,220
INTERNAL_EVENT,37467,221
INTERNAL_EVENT,37717,222
INTERNAL_EVENT,37972,223
INTERNAL_EVENT,38226,224
INTERNAL_EVENT,38476,225
INTERNAL_EVENT,38726,226
INTERNAL_EVENT,38976,227
INTERNAL_EVENT,39232,228
INTERNAL_EVENT,39483,229
RECEIVED,B,0,39734,234
RECEIVED,B,0,39987,236
INTERNAL_EVENT,40241,237
INTERNAL_EVENT,40492,238
INTERNAL_EVENT,40743,239
INTERNAL_EVENT,40995,240
RECEIVED,B,0,41248,242
INTERNAL_EVENT,41499,243
INTERNAL_EVENT,41750,244
RECEIVED,C,0,42003,251
INTERNAL_EVENT,42256,252
RECEIVED,C,0,42509,254
INTERNAL_EVENT,42761,255
INTERNAL_EVENT,43015,256
INTERNAL_EVENT,43269,257
RECEIVED,C,0,43520,259
INTERNAL_EVENT,43773,260
INTERNAL_EVENT,44027,261
INTERNAL_EVENT,44277,262
INTERNAL_EVENT,44527,263
INTERNAL_EVENT,44777,264
INTERNAL_EVENT,45030,265
INTERNAL_EVENT,45281,266
INTERNAL_EVENT,45532,267
INTERNAL_EVENT,45788,268
INTERNAL_EVENT,46041,269
INTERNAL_EVENT,46293,270
INTERNAL_EVENT,46544,271
RECEIVED,C,0,46797,279
INTERNAL_EVENT,47048,280
INTERNAL_EVENT,47298,281
INTERNAL_EVENT,47548,282
INTERNAL_EVENT,47799,283
INTERNAL_EVENT,48054,284
INTERNAL_EVENT,48304,285
INTERNAL_EVENT,48556,286
INTERNAL_EVENT,48809,287
INTERNAL_EVENT,49061,288
INTERNAL_EVENT,49311,289
INTERNAL_EVENT,49564,290
INTERNAL_EVENT,49819,291
INTERNAL_EVENT,50074,292
INTERNAL_EVENT,50326,293
INTERNAL_EVENT,50577,294
INTERNAL_EVENT,50828,295
INTERNAL_EVENT,51082,296
INTERNAL_EVENT,51335,297
INTERNAL_EVENT,51589,298
INTERNAL_EVENT,51842,299
INTERNAL_EVENT,52095,300
INTERNAL_EVENT,52348,301
INTERNAL_EVENT,52599,302
INTERNAL_EVENT,52849,303
INTERNAL_EVENT,53101,304
INTERNAL_EVENT,53352,305
INTERNAL_EVENT,53607,306
INTERNAL_EVENT,53859,307
RECEIVED,C,0,54113,322
RECEIVED,C,0,54368,323
INTERNAL_EVENT,54619,324
INTERNAL_EVENT,54871,325
INTERNAL_EVENT,55126,326
INTERNAL_EVENT,55380,327
INTERNAL_EVENT,55634,328
INTERNAL_EVENT,55885,329
INTERNAL_EVENT,56138,330
RECEIVED,B,0,56392,331
INTERNAL_EVENT,56646,332
INTERNAL_EVENT,56897,333
INTERNAL_EVENT,57152,334
SINGLE_SEND,57402,335
INTERNAL_EVENT,57657,336
INTERNAL_EVENT,57909,337
INTERNAL_EVENT,58160,338
RECEIVED,C,0,58412,347
INTERNAL_EVENT,58664,348
INTERNAL_EVENT,58917,349
INTERNAL_EVENT,59171,350
RECEIVED,B,0,59426,351
INTERNAL_EVENT,59680,352
INTERNAL_EVENT,59930,353
RECEIVED,C,0,60185,357
INTERNAL_EVENT,60440,358
INTERNAL_EVENT,60690,359
INTERNAL_EVENT,60943,360
RECEIVED,B,0,61194,363
INTERNAL_EVENT,61444,364
INTERNAL_EVENT,61694,365
RECEIVED,C,0,61945,368
INTERNAL_EVENT,62196,369
INTERNAL_EVENT,62450,370
INTERNAL_EVENT,62700,371
INTERNAL_EVENT,62954,372
RECEIVED,B,0,63208,373
INTERNAL_EVENT,63462,374
INTERNAL_EVENT,63712,375
INTERNAL_EVENT,63967,376
INTERNAL_EVENT,64219,377
RECEIVED,B,0,64473,379
INTERNAL_EVENT,64727,380
INTERNAL_EVENT,64981,381
SINGLE_SEND,65232,382
INTERNAL_EVENT,65484,383
INTERNAL_EVENT,65738,384
INTERNAL_EVENT,65993,385
