INIT,A,3
SINGLE_SEND,74,1
RECEIVED,B,1,410,3
RECEIVED,C,0,745,4
RECEIVED,B,0,1080,7
INTERNAL_EVENT,1417,8
RECEIVED,C,0,1755,12
INTERNAL_EVENT,2092,13
MULTI_SEND,2427,14
RECEIVED,B,0,2766,17
RECEIVED,B,2,3105,18
RECEIVED,C,1,3443,20
RECEIVED,B,0,3782,21
MULTI_SEND,4118,22
INTERNAL_EVENT,4455,23
INTERNAL_EVENT,4793,24
RECEIVED,C,0,5132,33
INTERNAL_EVENT,5466,34
SINGLE_SEND,5805,35
MULTI_SEND,6143,36
RECEIVED,C,0,6479,41
INTERNAL_EVENT,6813,42
INTERNAL_EVENT,7148,43
RECEIVED,C,0,7483,47
RECEIVED,B,0,7821,49
INTERNAL_EVENT,8160,50
INTERNAL_EVENT,8495,51
INTERNAL_EVENT,8831,52
RECEIVED,C,0,9164,58
INTERNAL_EVENT,9499,59
RECEIVED,C,1,9836,61
RECEIVED,C,1,10174,62
RECEIVED,C,0,10510,63
INTERNAL_EVENT,10848,64
RECEIVED,B,0,11182,70
RECEIVED,B,0,11521,72
RECEIVED,B,1,11855,74
RECEIVED,B,1,12193,75
RECEIVED,B,0,12528,76
RECEIVED,C,0,12865,80
INTERNAL_EVENT,13202,81
INTERNAL_EVENT,13536,82
RECEIVED,B,0,13873,86
RECEIVED,B,0,14210,88
RECEIVED,B,0,14545,91
RECEIVED,B,0,14882,92
SINGLE_SEND,15221,93
INTERNAL_EVENT,15560,94
RECEIVED,B,0,15896,98
INTERNAL_EVENT,16231,99
RECEIVED,C,1,16570,102
RECEIVED,B,2,16905,104
RECEIVED,C,2,17242,105
RECEIVED,B,3,17577,106
RECEIVED,B,2,17913,107
RECEIVED,C,2,18252,109
RECEIVED,B,4,18589,110
RECEIVED,B,4,18926,112
RECEIVED,B,3,19261,114
RECEIVED,C,2,19596,115
RECEIVED,C,2,19935,116
RECEIVED,B,2,20272,117
RECEIVED,C,2,20606,124
RECEIVED,B,1,20942,126
RECEIVED,B,0,21281,127
RECEIVED,C,0,21618,135
INTERNAL_EVENT,21957,136
SINGLE_SEND,22294,137
RECEIVED,B,0,22632,142
RECEIVED,B,0,22967,143
RECEIVED,C,0,23305,145
INTERNAL_EVENT,23644,146
RECEIVED,C,1,23979,149
RECEIVED,C,1,24313,150
RECEIVED,B,0,24648,151
RECEIVED,B,0,24982,155
INTERNAL_EVENT,25320,156
SINGLE_SEND,25655,157
INTERNAL_EVENT,25993,158
INTERNAL_EVENT,26328,159
INTERNAL_EVENT,26664,160
RECEIVED,C,0,26998,167
SINGLE_SEND,27334,168
INTERNAL_EVENT,27672,169
RECEIVED,C,0,28010,173
RECEIVED,C,0,28350,176
SINGLE_SEND,28688,177
RECEIVED,C,0,29027,180
RECEIVED,C,1,29361,181
RECEIVED,B,0,29697,183
RECEIVED,C,0,30032,185
RECEIVED,B,0,30369,189
INTERNAL_EVENT,30705,190
INTERNAL_EVENT,31043,191
RECEIVED,C,0,31382,194
RECEIVED,C,0,31721,197
RECEIVED,B,0,32057,198
INTERNAL_EVENT,32395,199
INTERNAL_EVENT,32734,200
RECEIVED,C,0,33072,205
RECEIVED,B,0,33411,206
INTERNAL_EVENT,33746,207
INTERNAL_EVENT,34080,208
SINGLE_SEND,34416,209
INTERNAL_EVENT,34755,210
INTERNAL_EVENT,35094,211
INTERNAL_EVENT,35428,212
INTERNAL_EVENT,35767,213
RECEIVED,C,0,36105,223
RECEIVED,C,0,36444,224
INTERNAL_EVENT,36781,225
RECEIVED,C,0,37117,228
SINGLE_SEND,37456,229
RECEIVED,C,0,37794,232
RECEIVED,B,0,38131,234
INTERNAL_EVENT,38466,235
RECEIVED,B,0,38802,237
RECEIVED,B,0,39136,239
INTERNAL_EVENT,39472,240
SINGLE_SEND,39808,241
SINGLE_SEND,40144,242
MULTI_SEND,40483,243
INTERNAL_EVENT,40820,244
INTERNAL_EVENT,41155,245
INTERNAL_EVENT,41494,246
RECEIVED,C,0,41830,256
RECEIVED,C,0,42169,257
RECEIVED,B,0,42507,259
INTERNAL_EVENT,42844,260
MULTI_SEND,43179,261
SINGLE_SEND,43517,262
INTERNAL_EVENT,43855,263
RECEIVED,B,0,44194,270
RECEIVED,C,0,44529,272
RECEIVED,C,0,44866,273
INTERNAL_EVENT,45200,274
RECEIVED,C,0,45538,279
INTERNAL_EVENT,45875,280
RECEIVED,C,0,46211,282
INTERNAL_EVENT,46547,283
SINGLE_SEND,46886,284
MULTI_SEND,47223,285
INTERNAL_EVENT,47561,286
RECEIVED,B,0,47897,292
SINGLE_SEND,48234,293
INTERNAL_EVENT,48571,294
INTERNAL_EVENT,48908,295
INTERNAL_EVENT,49244,296
RECEIVED,C,1,49583,302
RECEIVED,C,0,49922,303
RECEIVED,B,0,50261,307
MULTI_SEND,50598,308
INTERNAL_EVENT,50937,309
MULTI_SEND,51274,310
INTERNAL_EVENT,51611,311
RECEIVED,C,1,51949,316
RECEIVED,C,0,52288,317
INTERNAL_EVENT,52628,318
RECEIVED,B,0,52964,323
INTERNAL_EVENT,53303,324
RECEIVED,B,0,53637,328
RECEIVED,C,1,53972,329
RECEIVED,B,0,54311,330
RECEIVED,B,0,54646,334
INTERNAL_EVENT,54983,335
RECEIVED,C,0,55322,339
RECEIVED,B,0,55661,342
RECEIVED,C,1,56000,343
RECEIVED,B,0,56336,344
SINGLE_SEND,56672,345
INTERNAL_EVENT,57011,346
RECEIVED,B,0,57350,352
RECEIVED,B,0,57686,354
SINGLE_SEND,58022,355
MULTI_SEND,58360,356
INTERNAL_EVENT,58696,357
SINGLE_SEND,59030,358
INTERNAL_EVENT,59365,359
INTERNAL_EVENT,59701,360
INTERNAL_EVENT,60039,361
INTERNAL_EVENT,60375,362
RECEIVED,C,1,60712,373
RECEIVED,C,0,61047,374
INTERNAL_EVENT,61386,375
INTERNAL_EVENT,61722,376
RECEIVED,B,0,62061,381
INTERNAL_EVENT,62396,382
SINGLE_SEND,62734,383
RECEIVED,B,0,63072,389
INTERNAL_EVENT,63411,390
INTERNAL_EVENT,63745,391
RECEIVED,B,0,64083,396
RECEIVED,B,0,64418,398
RECEIVED,B,0,64756,400
INTERNAL_EVENT,65095,401
RECEIVED,C,0,65432,403
SINGLE_SEND,65769,404
