INIT,A,4
INTERNAL_EVENT,72,1
RECEIVED,B,0,327,3
SINGLE_SEND,577,4
RECEIVED,C,0,829,7
SINGLE_SEND,1084,8
RECEIVED,C,0,1338,9
RECEIVED,C,1,1589,11
RECEIVED,B,0,1843,12
INTERNAL_EVENT,2095,13
SINGLE_SEND,2349,14
INTERNAL_EVENT,2604,15
RECEIVED,B,0,2857,20
INTERNAL_EVENT,3110,21
INTERNAL_EVENT,3363,22
RECEIVED,C,0,3615,24
SINGLE_SEND,3870,25
SINGLE_SEND,4123,26
SINGLE_SEND,4377,27
SINGLE_SEND,4629,28
INTERNAL_EVENT,4878,29
INTERNAL_EVENT,5133,30
RECEIVED,B,0,5388,35
SINGLE_SEND,5643,36
RECEIVED,B,0,5895,37
INTERNAL_EVENT,6150,38
RECEIVED,B,0,6404,40
RECEIVED,B,0,6657,42
RECEIVED,C,0,6909,44
RECEIVED,B,0,7161,46
INTERNAL_EVENT,7412,47
MULTI_SEND,7667,48
INTERNAL_EVENT,7921,49
SINGLE_SEND,8175,50
INTERNAL_EVENT,8427,51
MULTI_SEND,8680,52
INTERNAL_EVENT,8935,53
INTERNAL_EVENT,9188,54
SINGLE_SEND,9442,55
INTERNAL_EVENT,9694,56
RECEIVED,B,0,9946,63
RECEIVED,C,0,10196,64
RECEIVED,C,1,10451,65
RECEIVED,C,0,10704,66
RECEIVED,B,0,10957,69
INTERNAL_EVENT,11211,70
INTERNAL_EVENT,11461,71
INTERNAL_EVENT,11713,72
SINGLE_SEND,11966,73
MULTI_SEND,12220,74
RECEIVED,B,0,12472,78
INTERNAL_EVENT,12726,79
INTERNAL_EVENT,12980,80
INTERNAL_EVENT,13233,81
RECEIVED,B,0,13488,83
INTERNAL_EVENT,13740,84
RECEIVED,C,1,13993,87
RECEIVED,B,0,14247,88
RECEIVED,C,1,14500,89
RECEIVED,B,0,14754,90
MULTI_SEND,15007,91
INTERNAL_EVENT,15261,92
RECEIVED,B,1,15514,95
RECEIVED,B,1,15766,96
RECEIVED,B,1,16020,97
RECEIVED,C,0,16274,99
INTERNAL_EVENT,16528,100
INTERNAL_EVENT,16781,101
RECEIVED,C,0,17035,104
RECEIVED,B,0,17288,106
INTERNAL_EVENT,17541,107
INTERNAL_EVENT,17795,108
RECEIVED,C,0,18045,111
RECEIVED,C,0,18301,112
INTERNAL_EVENT,18555,113
SINGLE_SEND,18805,114
INTERNAL_EVENT,19061,115
MULTI_SEND,19311,116
MULTI_SEND,19564,117
INTERNAL_EVENT,19815,118
RECEIVED,C,0,20070,122
INTERNAL_EVENT,20325,123
RECEIVED,B,0,20578,125
INTERNAL_EVENT,20828,126
INTERNAL_EVENT,21083,127
RECEIVED,C,0,21336,129
INTERNAL_EVENT,21588,130
INTERNAL_EVENT,21842,131
INTERNAL_EVENT,22094,132
RECEIVED,C,1,22344,135
RECEIVED,B,0,22597,136
INTERNAL_EVENT,22849,137
SINGLE_SEND,23104,138
MULTI_SEND,23357,139
INTERNAL_EVENT,23611,140
RECEIVED,C,0,23861,145
INTERNAL_EVENT,24116,146
RECEIVED,B,0,24368,148
RECEIVED,B,0,24620,149
INTERNAL_EVENT,24872,150
INTERNAL_EVENT,25125,151
RECEIVED,B,0,25378,153
RECEIVED,B,0,25629,155
RECEIVED,C,1,25880,156
RECEIVED,C,0,26133,157
RECEIVED,B,0,26385,159
INTERNAL_EVENT,26638,160
MULTI_SEND,26893,161
INTERNAL_EVENT,27145,162
RECEIVED,C,0,27398,166
RECEIVED,C,0,27652,167
INTERNAL_EVENT,27906,168
SINGLE_SEND,28159,169
INTERNAL_EVENT,28412,170
SINGLE_SEND,28665,171
RECEIVED,C,0,28919,174
RECEIVED,C,0,29174,176
INTERNAL_EVENT,29427,177
INTERNAL_EVENT,29680,178
RECEIVED,C,0,29933,180
INTERNAL_EVENT,30188,181
RECEIVED,B,0,30442,183
INTERNAL_EVENT,30694,184
RECEIVED,B,0,30946,186
SINGLE_SEND,31200,187
INTERNAL_EVENT,31455,188
INTERNAL_EVENT,31707,189
INTERNAL_EVENT,31961,190
RECEIVED,B,0,32212,193
INTERNAL_EVENT,32461,194
RECEIVED,B,0,32712,197
SINGLE_SEND,32962,198
RECEIVED,C,0,33214,201
INTERNAL_EVENT,33468,202
MULTI_SEND,33721,203
MULTI_SEND,33976,204
INTERNAL_EVENT,34230,205
INTERNAL_EVENT,34481,206
RECEIVED,B,0,34735,209
RECEIVED,C,0,34988,211
RECEIVED,B,0,35242,212
RECEIVED,C,0,35496,214
MULTI_SEND,35748,215
MULTI_SEND,36001,216
RECEIVED,C,0,36255,219
INTERNAL_EVENT,36509,220
INTERNAL_EVENT,36764,221
MULTI_SEND,37016,222
RECEIVED,B,0,37269,225
RECEIVED,B,0,37520,226
INTERNAL_EVENT,37774,227
MULTI_SEND,38028,228
INTERNAL_EVENT,38283,229
RECEIVED,C,0,38537,232
INTERNAL_EVENT,38790,233
MULTI_SEND,39045,234
INTERNAL_EVENT,39297,235
SINGLE_SEND,39550,236
SINGLE_SEND,39805,237
MULTI_SEND,40057,238
RECEIVED,C,0,40310,243
INTERNAL_EVENT,40563,244
RECEIVED,C,0,40817,245
MULTI_SEND,41071,246
SINGLE_SEND,41326,247
INTERNAL_EVENT,41577,248
RECEIVED,C,1,41829,251
RECEIVED,B,1,42079,252
RECEIVED,C,1,42333,253
RECEIVED,B,0,42588,255
RECEIVED,B,0,42838,259
INTERNAL_EVENT,43091,260
RECEIVED,B,0,43345,261
RECEIVED,B,0,43600,263
INTERNAL_EVENT,43855,264
INTERNAL_EVENT,44109,265
INTERNAL_EVENT,44362,266
SINGLE_SEND,44613,267
INTERNAL_EVENT,44864,268
RECEIVED,C,0,45115,272
INTERNAL_EVENT,45367,273
RECEIVED,C,0,45619,274
SINGLE_SEND,45873,275
RECEIVED,B,0,46126,277
INTERNAL_EVENT,46380,278
RECEIVED,C,0,46634,280
RECEIVED,C,0,46886,282
RECEIVED,B,0,47138,284
INTERNAL_EVENT,47393,285
RECEIVED,C,0,47645,286
RECEIVED,C,0,47899,288
RECEIVED,C,0,48154,290
RECEIVED,C,0,48405,291
INTERNAL_EVENT,48656,292
INTERNAL_EVENT,48910,293
INTERNAL_EVENT,49162,294
INTERNAL_EVENT,49413,295
INTERNAL_EVENT,49664,296
INTERNAL_EVENT,49914,297
INTERNAL_EVENT,50168,298
RECEIVED,B,0,50422,303
INTERNAL_EVENT,50676,304
INTERNAL_EVENT,50928,305
INTERNAL_EVENT,51179,306
INTERNAL_EVENT,51430,307
INTERNAL_EVENT,51685,308
RECEIVED,C,1,51939,312
RECEIVED,B,0,52189,313
INTERNAL_EVENT,52439,314
RECEIVED,B,0,52690,316
MULTI_SEND,52942,317
RECEIVED,C,0,53196,320
INTERNAL_EVENT,53447,321
INTERNAL_EVENT,53700,322
INTERNAL_EVENT,53955,323
MULTI_SEND,54210,324
INTERNAL_EVENT,54462,325
SINGLE_SEND,54713,326
INTERNAL_EVENT,54966,327
RECEIVED,C,0,55220,331
RECEIVED,C,0,55475,332
MULTI_SEND,55729,333
INTERNAL_EVENT,55983,334
RECEIVED,C,0,56238,337
INTERNAL_EVENT,56490,338
INTERNAL_EVENT,56743,339
RECEIVED,B,0,56996,342
RECEIVED,C,0,57247,343
INTERNAL_EVENT,57502,344
INTERNAL_EVENT,57755,345
INTERNAL_EVENT,58009,346
MULTI_SEND,58263,347
RECEIVED,B,0,58518,351
RECEIVED,B,0,58771,352
INTERNAL_EVENT,59025,353
INTERNAL_EVENT,59279,354
INTERNAL_EVENT,59529,355
MULTI_SEND,59781,356
INTERNAL_EVENT,60037,357
SINGLE_SEND,60292,358
RECEIVED,B,1,60545,362
RECEIVED,B,0,60800,363
RECEIVED,B,1,61053,366
RECEIVED,C,0,61306,367
INTERNAL_EVENT,61559,368
INTERNAL_EVENT,61812,369
RECEIVED,C,0,62066,371
RECEIVED,C,0,62319,373
INTERNAL_EVENT,62571,374
SINGLE_SEND,62823,375
RECEIVED,C,1,63076,377
RECEIVED,C,1,63329,378
RECEIVED,C,1,63582,379
RECEIVED,B,0,63835,381
RECEIVED,C,0,64089,384
RECEIVED,C,0,64339,385
RECEIVED,C,0,64593,387
INTERNAL_EVENT,64846,388
RECEIVED,C,0,65097,389
SINGLE_SEND,65347,390
RECEIVED,B,0,65601,393
INTERNAL_EVENT,65855,394
