INIT,A,5
INTERNAL_EVENT,68,1
RECEIVED,C,0,271,3
MULTI_SEND,472,4
SINGLE_SEND,673,5
INTERNAL_EVENT,878,6
INTERNAL_EVENT,1083,7
INTERNAL_EVENT,1284,8
RECEIVED,B,0,1485,11
SINGLE_SEND,1685,12
INTERNAL_EVENT,1886,13
RECEIVED,B,0,2091,14
SINGLE_SEND,2294,15
SINGLE_SEND,2497,16
INTERNAL_EVENT,2699,17
INTERNAL_EVENT,2900,18
INTERNAL_EVENT,3104,19
INTERNAL_EVENT,3309,20
SINGLE_SEND,3511,21
SINGLE_SEND,3711,22
SINGLE_SEND,3917,23
INTERNAL_EVENT,4121,24
INTERNAL_EVENT,4321,25
INTERNAL_EVENT,4524,26
INTERNAL_EVENT,4724,27
INTERNAL_EVENT,4925,28
SINGLE_SEND,5128,29
SINGLE_SEND,5328,30
INTERNAL_EVENT,5533,31
INTERNAL_EVENT,5738,32
RECEIVED,B,0,5942,40
SINGLE_SEND,6145,41
SINGLE_SEND,6350,42
INTERNAL_EVENT,6554,43
RECEIVED,B,0,6754,46
SINGLE_SEND,6955,47
INTERNAL_EVENT,7160,48
INTERNAL_EVENT,7361,49
RECEIVED,B,0,7561,50
RECEIVED,B,0,7761,51
INTERNAL_EVENT,7962,52
INTERNAL_EVENT,8163,53
RECEIVED,B,0,8367,55
SINGLE_SEND,8571,56
RECEIVED,B,0,8775,58
INTERNAL_EVENT,8978,59
RECEIVED,B,0,9180,60
RECEIVED,B,0,9380,61
SINGLE_SEND,9583,62
INTERNAL_EVENT,9787,63
INTERNAL_EVENT,9992,64
INTERNAL_EVENT,10195,65
RECEIVED,C,0,10395,67
MULTI_SEND,10598,68
MULTI_SEND,10800,69
SINGLE_SEND,11005,70
INTERNAL_EVENT,11208,71
SINGLE_SEND,11411,72
INTERNAL_EVENT,11611,73
RECEIVED,C,0,11811,77
INTERNAL_EVENT,12015,78
RECEIVED,C,0,12219,79
INTERNAL_EVENT,12421,80
SINGLE_SEND,12626,81
INTERNAL_EVENT,12828,82
INTERNAL_EVENT,13033,83
INTERNAL_EVENT,13235,84
INTERNAL_EVENT,13435,85
INTERNAL_EVENT,13640,86
SINGLE_SEND,13842,87
RECEIVED,C,0,14045,91
RECEIVED,B,0,14245,93
INTERNAL_EVENT,14449,94
INTERNAL_EVENT,14649,95
RECEIVED,C,0,14851,96
INTERNAL_EVENT,15054,97
MULTI_SEND,15259,98
INTERNAL_EVENT,15461,99
RECEIVED,B,0,15662,102
INTERNAL_EVENT,15867,103
SINGLE_SEND,16072,104
INTERNAL_EVENT,16272,105
INTERNAL_EVENT,16475,106
INTERNAL_EVENT,16676,107
INTERNAL_EVENT,16877,108
RECEIVED,C,2,17078,110
RECEIVED,B,2,17278,111
RECEIVED,C,2,17479,112
RECEIVED,B,1,17683,113
RECEIVED,C,0,17885,114
RECEIVED,C,0,18090,116
INTERNAL_EVENT,18295,117
SINGLE_SEND,18495,118
SINGLE_SEND,18700,119
INTERNAL_EVENT,18904,120
INTERNAL_EVENT,19109,121
RECEIVED,C,1,19314,123
RECEIVED,B,1,19515,124
RECEIVED,B,0,19717,125
RECEIVED,B,0,19922,127
INTERNAL_EVENT,20123,128
SINGLE_SEND,20328,129
INTERNAL_EVENT,20531,130
SINGLE_SEND,20734,131
INTERNAL_EVENT,20937,132
INTERNAL_EVENT,21139,133
INTERNAL_EVENT,21342,134
SINGLE_SEND,21545,135
RECEIVED,C,0,21746,138
RECEIVED,B,0,21951,139
SINGLE_SEND,22155,140
RECEIVED,C,0,22358,141
INTERNAL_EVENT,22560,142
SINGLE_SEND,22762,143
INTERNAL_EVENT,22961,144
INTERNAL_EVENT,23162,145
SINGLE_SEND,23366,146
INTERNAL_EVENT,23571,147
MULTI_SEND,23772,148
INTERNAL_EVENT,23973,149
SINGLE_SEND,24176,150
INTERNAL_EVENT,24378,151
RECEIVED,B,0,24581,155
INTERNAL_EVENT,24784,156
INTERNAL_EVENT,24988,157
INTERNAL_EVENT,25192,158
RECEIVED,B,0,25396,160
RECEIVED,C,0,25598,161
RECEIVED,B,0,25800,164
RECEIVED,B,0,26005,165
SINGLE_SEND,26208,166
INTERNAL_EVENT,26411,167
RECEIVED,C,0,26612,169
INTERNAL_EVENT,26813,170
SINGLE_SEND,27014,171
INTERNAL_EVENT,27214,172
RECEIVED,C,0,27419,174
SINGLE_SEND,27621,175
RECEIVED,B,0,27824,177
RECEIVED,B,0,28027,178
RECEIVED,B,0,28229,179
RECEIVED,B,0,28432,180
RECEIVED,B,0,28636,183
INTERNAL_EVENT,28841,184
INTERNAL_EVENT,29042,185
MULTI_SEND,29245,186
INTERNAL_EVENT,29446,187
RECEIVED,C,1,29651,189
RECEIVED,C,0,29855,190
INTERNAL_EVENT,30055,191
INTERNAL_EVENT,30256,192
INTERNAL_EVENT,30457,193
INTERNAL_EVENT,30659,194
INTERNAL_EVENT,30862,195
INTERNAL_EVENT,31062,196
SINGLE_SEND,31266,197
INTERNAL_EVENT,31471,198
RECEIVED,B,0,31675,203
SINGLE_SEND,31879,204
RECEIVED,B,0,32080,207
SINGLE_SEND,32284,208
INTERNAL_EVENT,32489,209
INTERNAL_EVENT,32693,210
SINGLE_SEND,32893,211
INTERNAL_EVENT,33097,212
SINGLE_SEND,33302,213
MULTI_SEND,33505,214
INTERNAL_EVENT,33707,215
SINGLE_SEND,33910,216
INTERNAL_EVENT,34112,217
INTERNAL_EVENT,34312,218
INTERNAL_EVENT,34512,219
INTERNAL_EVENT,34717,220
RECEIVED,B,0,34921,224
RECEIVED,B,0,35124,226
RECEIVED,C,0,35327,227
RECEIVED,C,0,35529,228
INTERNAL_EVENT,35729,229
INTERNAL_EVENT,35934,230
RECEIVED,C,0,36137,232
MULTI_SEND,36337,233
INTERNAL_EVENT,36542,234
INTERNAL_EVENT,36746,235
RECEIVED,C,0,36946,238
INTERNAL_EVENT,37151,239
INTERNAL_EVENT,37355,240
MULTI_SEND,37556,241
MULTI_SEND,37760,242
SINGLE_SEND,37962,243
RECEIVED,B,0,38165,246
INTERNAL_EVENT,38365,247
INTERNAL_EVENT,38565,248
MULTI_SEND,38768,249
SINGLE_SEND,38971,250
INTERNAL_EVENT,39176,251
INTERNAL_EVENT,39379,252
RECEIVED,C,0,39584,255
INTERNAL_EVENT,39786,256
INTERNAL_EVENT,39991,257
RECEIVED,C,0,40192,259
RECEIVED,C,0,40393,260
INTERNAL_EVENT,40596,261
INTERNAL_EVENT,40800,262
RECEIVED,C,0,41005,263
INTERNAL_EVENT,41205,264
RECEIVED,C,1,41405,267
RECEIVED,B,0,41609,268
RECEIVED,B,0,41812,269
SINGLE_SEND,42013,270
INTERNAL_EVENT,42218,271
RECEIVED,C,0,42421,273
INTERNAL_EVENT,42622,274
INTERNAL_EVENT,42824,275
INTERNAL_EVENT,43029,276
SINGLE_SEND,43232,277
INTERNAL_EVENT,43433,278
INTERNAL_EVENT,43634,279
INTERNAL_EVENT,43839,280
INTERNAL_EVENT,44043,281
MULTI_SEND,44246,282
SINGLE_SEND,44447,283
INTERNAL_EVENT,44649,284
SINGLE_SEND,44851,285
MULTI_SEND,45051,286
INTERNAL_EVENT,45254,287
RECEIVED,B,0,45457,292
INTERNAL_EVENT,45660,293
SINGLE_SEND,45861,294
RECEIVED,B,0,46064,295
INTERNAL_EVENT,46267,296
INTERNAL_EVENT,46472,297
RECEIVED,B,0,46672,298
MULTI_SEND,46876,299
INTERNAL_EVENT,47079,300
RECEIVED,B,0,47281,302
INTERNAL_EVENT,47483,303
INTERNAL_EVENT,47684,304
INTERNAL_EVENT,47888,305
SINGLE_SEND,48093,306
MULTI_SEND,48296,307
SINGLE_SEND,48499,308
INTERNAL_EVENT,48702,309
MULTI_SEND,48905,310
MULTI_SEND,49111,311
INTERNAL_EVENT,49313,312
INTERNAL_EVENT,49516,313
RECEIVED,B,0,49716,318
RECEIVED,B,0,49920,320
RECEIVED,C,0,50122,321
RECEIVED,B,0,50322,322
RECEIVED,C,0,50524,323
INTERNAL_EVENT,50727,324
INTERNAL_EVENT,50930,325
SINGLE_SEND,51135,326
SINGLE_SEND,51337,327
RECEIVED,B,0,51542,330
INTERNAL_EVENT,51746,331
INTERNAL_EVENT,51948,332
RECEIVED,B,0,52153,334
INTERNAL_EVENT,52358,335
MULTI_SEND,52563,336
INTERNAL_EVENT,52767,337
INTERNAL_EVENT,52968,338
INTERNAL_EVENT,53172,339
INTERNAL_EVENT,53375,340
RECEIVED,C,0,53579,342
RECEIVED,B,0,53780,344
MULTI_SEND,53980,345
INTERNAL_EVENT,54180,346
RECEIVED,C,0,54384,348
SINGLE_SEND,54584,349
RECEIVED,C,0,54790,351
RECEIVED,C,0,54993,352
RECEIVED,C,0,55196,354
RECEIVED,B,0,55398,356
INTERNAL_EVENT,55599,357
INTERNAL_EVENT,55803,358
RECEIVED,B,0,56005,359
INTERNAL_EVENT,56208,360
MULTI_SEND,56413,361
INTERNAL_EVENT,56618,362
SINGLE_SEND,56822,363
RECEIVED,C,0,57023,366
SINGLE_SEND,57225,367
INTERNAL_EVENT,57426,368
INTERNAL_EVENT,57630,369
SINGLE_SEND,57830,370
INTERNAL_EVENT,58032,371
INTERNAL_EVENT,58234,372
SINGLE_SEND,58439,373
INTERNAL_EVENT,58643,374
SINGLE_SEND,58846,375
RECEIVED,C,0,59047,379
INTERNAL_EVENT,59250,380
MULTI_SEND,59455,381
SINGLE_SEND,59656,382
RECEIVED,B,0,59861,384
RECEIVED,B,0,60063,385
RECEIVED,B,0,60267,387
SINGLE_SEND,60467,388
SINGLE_SEND,60672,389
SINGLE_SEND,60874,390
RECEIVED,C,0,61079,391
RECEIVED,C,0,61280,392
RECEIVED,C,0,61480,394
RECEIVED,C,0,61681,395
INTERNAL_EVENT,61880,396
INTERNAL_EVENT,62083,397
RECEIVED,B,1,62287,400
RECEIVED,C,0,62491,401
INTERNAL_EVENT,62695,402
MULTI_SEND,62896,403
INTERNAL_EVENT,63099,404
RECEIVED,B,0,63300,407
INTERNAL_EVENT,63502,408
RECEIVED,C,0,63706,409
INTERNAL_EVENT,63908,410
INTERNAL_EVENT,64113,411
RECEIVED,B,0,64313,412
INTERNAL_EVENT,64513,413
SINGLE_SEND,64719,414
RECEIVED,B,0,64919,416
RECEIVED,C,0,65123,418
RECEIVED,B,0,65328,420
RECEIVED,C,0,65532,421
SINGLE_SEND,65735,422
INTERNAL_EVENT,65935,423
