INIT,A,6
INTERNAL_EVENT,68,1
RECEIVED,C,0,239,2
INTERNAL_EVENT,407,3
RECEIVED,B,0,576,4
RECEIVED,B,0,747,5
INTERNAL_EVENT,918,6
INTERNAL_EVENT,1089,7
RECEIVED,C,0,1258,8
INTERNAL_EVENT,1427,9
INTERNAL_EVENT,1599,10
INTERNAL_EVENT,1769,11
SINGLE_SEND,1941,12
INTERNAL_EVENT,2113,13
RECEIVED,B,0,2280,14
RECEIVED,B,0,2451,16
INTERNAL_EVENT,2622,17
INTERNAL_EVENT,2789,18
INTERNAL_EVENT,2956,19
INTERNAL_EVENT,3127,20
INTERNAL_EVENT,3294,21
INTERNAL_EVENT,3464,22
SINGLE_SEND,3631,23
INTERNAL_EVENT,3801,24
INTERNAL_EVENT,3971,25
SINGLE_SEND,4139,26
RECEIVED,B,0,4308,27
INTERNAL_EVENT,4477,28
RECEIVED,C,1,4647,29
RECEIVED,B,0,4819,30
RECEIVED,C,0,4989,31
MULTI_SEND,5157,32
INTERNAL_EVENT,5329,33
INTERNAL_EVENT,5499,34
INTERNAL_EVENT,5670,35
INTERNAL_EVENT,5839,36
INTERNAL_EVENT,6008,37
INTERNAL_EVENT,6177,38
INTERNAL_EVENT,6347,39
INTERNAL_EVENT,6519,40
INTERNAL_EVENT,6689,41
INTERNAL_EVENT,6858,42
RECEIVED,C,1,7027,44
RECEIVED,B,1,7197,45
RECEIVED,B,0,7368,46
INTERNAL_EVENT,7539,47
RECEIVED,B,0,7709,49
RECEIVED,B,0,7879,50
INTERNAL_EVENT,8050,51
INTERNAL_EVENT,8222,52
INTERNAL_EVENT,8389,53
INTERNAL_EVENT,8558,54
RECEIVED,B,0,8731,55
INTERNAL_EVENT,8900,56
INTERNAL_EVENT,9067,57
RECEIVED,C,0,9239,58
INTERNAL_EVENT,9407,59
SINGLE_SEND,9578,60
RECEIVED,C,0,9749,61
INTERNAL_EVENT,9916,62
INTERNAL_EVENT,10086,63
INTERNAL_EVENT,10253,64
INTERNAL_EVENT,10421,65
INTERNAL_EVENT,10592,66
MULTI_SEND,10764,67
RECEIVED,C,0,10933,69
RECEIVED,B,0,11100,71
SINGLE_SEND,11268,72
INTERNAL_EVENT,11440,73
SINGLE_SEND,11611,74
INTERNAL_EVENT,11781,75
INTERNAL_EVENT,11949,76
INTERNAL_EVENT,12119,77
INTERNAL_EVENT,12289,78
INTERNAL_EVENT,12456,79
MULTI_SEND,12627,80
MULTI_SEND,12799,81
INTERNAL_EVENT,12966,82
INTERNAL_EVENT,13133,83
INTERNAL_EVENT,13300,84
MULTI_SEND,13469,85
RECEIVED,C,0,13639,87
INTERNAL_EVENT,13809,88
INTERNAL_EVENT,13981,89
INTERNAL_EVENT,14152,90
RECEIVED,C,0,14321,91
SINGLE_SEND,14490,92
RECEIVED,C,0,14660,93
INTERNAL_EVENT,14831,94
RECEIVED,C,0,15003,95
RECEIVED,C,0,15174,96
RECEIVED,C,0,15345,97
MULTI_SEND,15515,98
INTERNAL_EVENT,15684,99
INTERNAL_EVENT,15851,100
INTERNAL_EVENT,16018,101
INTERNAL_EVENT,16189,102
RECEIVED,B,1,16361,103
RECEIVED,C,0,16531,104
SINGLE_SEND,16702,105
RECEIVED,C,0,16869,106
RECEIVED,C,0,17041,107
INTERNAL_EVENT,17211,108
SINGLE_SEND,17382,109
RECEIVED,B,0,17549,110
RECEIVED,B,0,17717,111
SINGLE_SEND,17888,112
INTERNAL_EVENT,18056,113
INTERNAL_EVENT,18227,114
INTERNAL_EVENT,18398,115
INTERNAL_EVENT,18568,116
SINGLE_SEND,18739,117
RECEIVED,C,0,18909,118
SINGLE_SEND,19081,119
RECEIVED,B,0,19249,120
SINGLE_SEND,19418,121
INTERNAL_EVENT,19589,122
INTERNAL_EVENT,19759,123
RECEIVED,B,0,19927,124
MULTI_SEND,20098,125
INTERNAL_EVENT,20266,126
SINGLE_SEND,20438,127
RECEIVED,C,0,20605,128
INTERNAL_EVENT,20777,129
RECEIVED,B,0,20948,130
INTERNAL_EVENT,21116,131
RECEIVED,C,0,21283,132
INTERNAL_EVENT,21454,133
RECEIVED,B,0,21622,134
INTERNAL_EVENT,21789,135
INTERNAL_EVENT,21958,136
INTERNAL_EVENT,22127,137
RECEIVED,C,1,22298,138
RECEIVED,B,1,22469,139
RECEIVED,B,0,22639,140
INTERNAL_EVENT,22806,141
INTERNAL_EVENT,22978,142
RECEIVED,C,0,23149,143
INTERNAL_EVENT,23321,144
MULTI_SEND,23490,145
INTERNAL_EVENT,23661,146
INTERNAL_EVENT,23832,147
INTERNAL_EVENT,24002,148
RECEIVED,C,0,24173,149
INTERNAL_EVENT,24343,150
INTERNAL_EVENT,24515,151
RECEIVED,B,0,24682,152
RECEIVED,C,0,24853,153
MULTI_SEND,25020,154
INTERNAL_EVENT,25189,155
INTERNAL_EVENT,25357,156
SINGLE_SEND,25527,157
INTERNAL_EVENT,25698,158
RECEIVED,B,0,25866,159
RECEIVED,B,0,26033,160
RECEIVED,B,0,26204,161
INTERNAL_EVENT,26371,162
INTERNAL_EVENT,26541,163
INTERNAL_EVENT,26712,164
RECEIVED,B,0,26882,165
INTERNAL_EVENT,27049,166
RECEIVED,C,0,27218,167
SINGLE_SEND,27390,168
INTERNAL_EVENT,27556,169
RECEIVED,B,0,27727,170
INTERNAL_EVENT,27899,171
RECEIVED,B,0,28067,172
SINGLE_SEND,28234,173
INTERNAL_EVENT,28401,174
RECEIVED,C,0,28569,176
INTERNAL_EVENT,28739,177
RECEIVED,B,0,28909,178
RECEIVED,C,0,29080,179
INTERNAL_EVENT,29250,180
INTERNAL_EVENT,29421,181
SINGLE_SEND,29592,182
RECEIVED,B,0,29762,183
RECEIVED,C,0,29933,185
INTERNAL_EVENT,30103,186
INTERNAL_EVENT,30270,187
INTERNAL_EVENT,30440,188
INTERNAL_EVENT,30607,189
SINGLE_SEND,30777,190
INTERNAL_EVENT,30948,191
INTERNAL_EVENT,31116,192
INTERNAL_EVENT,31283,193
RECEIVED,B,0,31455,194
MULTI_SEND,31625,195
RECEIVED,B,0,31794,196
INTERNAL_EVENT,31965,197
INTERNAL_EVENT,32134,198
INTERNAL_EVENT,32301,199
INTERNAL_EVENT,32472,200
SINGLE_SEND,32643,201
RECEIVED,B,0,32815,202
MULTI_SEND,32987,203
INTERNAL_EVENT,33155,204
MULTI_SEND,33325,205
INTERNAL_EVENT,33496,206
INTERNAL_EVENT,33664,207
INTERNAL_EVENT,33834,208
INTERNAL_EVENT,34001,209
RECEIVED,C,0,34169,211
SINGLE_SEND,34340,212
SINGLE_SEND,34508,213
INTERNAL_EVENT,34677,214
INTERNAL_EVENT,34849,215
INTERNAL_EVENT,35017,216
SINGLE_SEND,35185,217
RECEIVED,B,0,35352,218
INTERNAL_EVENT,35523,219
INTERNAL_EVENT,35690,220
RECEIVED,B,1,35858,221
RECEIVED,C,1,36027,222
RECEIVED,B,2,36199,223
RECEIVED,B,2,36367,224
RECEIVED,C,2,36535,225
RECEIVED,B,1,36706,226
RECEIVED,C,0,36877,227
SINGLE_SEND,37049,228
INTERNAL_EVENT,37217,229
RECEIVED,C,0,37385,231
INTERNAL_EVENT,37552,232
INTERNAL_EVENT,37720,233
INTERNAL_EVENT,37890,234
INTERNAL_EVENT,38061,235
RECEIVED,B,0,38232,236
INTERNAL_EVENT,38402,237
RECEIVED,C,0,38573,238
INTERNAL_EVENT,38744,239
INTERNAL_EVENT,38915,240
INTERNAL_EVENT,39085,241
SINGLE_SEND,39256,242
INTERNAL_EVENT,39427,243
INTERNAL_EVENT,39599,244
INTERNAL_EVENT,39768,245
SINGLE_SEND,39938,246
MULTI_SEND,40110,247
INTERNAL_EVENT,40278,248
INTERNAL_EVENT,40450,249
INTERNAL_EVENT,40621,250
RECEIVED,C,0,40792,252
RECEIVED,C,1,40962,253
RECEIVED,B,0,41132,254
INTERNAL_EVENT,41300,255
INTERNAL_EVENT,41467,256
INTERNAL_EVENT,41636,257
SINGLE_SEND,41804,258
INTERNAL_EVENT,41972,259
INTERNAL_EVENT,42140,260
INTERNAL_EVENT,42307,261
RECEIVED,B,0,42478,262
INTERNAL_EVENT,42650,263
SINGLE_SEND,42818,264
RECEIVED,B,0,42990,265
INTERNAL_EVENT,43157,266
INTERNAL_EVENT,43327,267
SINGLE_SEND,43499,268
INTERNAL_EVENT,43667,269
INTERNAL_EVENT,43834,270
INTERNAL_EVENT,44002,271
RECEIVED,B,0,44170,272
INTERNAL_EVENT,44340,273
INTERNAL_EVENT,44507,274
RECEIVED,B,0,44677,275
RECEIVED,C,0,44849,276
SINGLE_SEND,45018,277
INTERNAL_EVENT,45190,278
RECEIVED,C,0,45357,279
INTERNAL_EVENT,45528,280
RECEIVED,B,0,45699,281
SINGLE_SEND,45869,282
RECEIVED,C,1,46040,283
RECEIVED,B,0,46210,284
INTERNAL_EVENT,46382,285
INTERNAL_EVENT,46557,286
INTERNAL_EVENT,46727,287
RECEIVED,B,0,46899,288
RECEIVED,B,0,47066,289
MULTI_SEND,47234,290
INTERNAL_EVENT,47405,291
INTERNAL_EVENT,47576,292
INTERNAL_EVENT,47747,293
MULTI_SEND,47915,294
INTERNAL_EVENT,48082,295
INTERNAL_EVENT,48251,296
INTERNAL_EVENT,48418,297
INTERNAL_EVENT,48590,298
RECEIVED,C,0,48760,299
INTERNAL_EVENT,48927,300
INTERNAL_EVENT,49099,301
INTERNAL_EVENT,49266,302
INTERNAL_EVENT,49433,303
INTERNAL_EVENT,49602,304
RECEIVED,B,0,49773,305
RECEIVED,C,1,49944,306
RECEIVED,B,0,50116,307
INTERNAL_EVENT,50283,308
SINGLE_SEND,50450,309
INTERNAL_EVENT,50619,310
INTERNAL_EVENT,50790,311
SINGLE_SEND,50962,312
RECEIVED,B,0,51133,313
MULTI_SEND,51300,314
SINGLE_SEND,51468,315
INTERNAL_EVENT,51636,316
SINGLE_SEND,51803,317
RECEIVED,B,0,51970,318
INTERNAL_EVENT,52141,319
SINGLE_SEND,52312,320
RECEIVED,B,1,52482,321
RECEIVED,C,0,52653,322
SINGLE_SEND,52824,323
INTERNAL_EVENT,52994,324
INTERNAL_EVENT,53162,325
RECEIVED,C,0,53333,326
RECEIVED,C,0,53503,327
SINGLE_SEND,53671,328
INTERNAL_EVENT,53840,329
RECEIVED,B,0,54011,330
INTERNAL_EVENT,54183,331
SINGLE_SEND,54353,332
INTERNAL_EVENT,54522,333
INTERNAL_EVENT,54690,334
RECEIVED,B,1,54861,335
RECEIVED,C,0,55033,336
SINGLE_SEND,55205,337
MULTI_SEND,55374,338
INTERNAL_EVENT,55543,339
SINGLE_SEND,55713,340
INTERNAL_EVENT,55882,341
INTERNAL_EVENT,56053,342
SINGLE_SEND,56222,343
INTERNAL_EVENT,56391,344
INTERNAL_EVENT,56558,345
RECEIVED,B,0,56729,346
INTERNAL_EVENT,56898,347
MULTI_SEND,57069,348
INTERNAL_EVENT,57240,349
INTERNAL_EVENT,57410,350
SINGLE_SEND,57582,351
SINGLE_SEND,57753,352
MULTI_SEND,57925,353
MULTI_SEND,58093,354
INTERNAL_EVENT,58264,355
INTERNAL_EVENT,58435,356
INTERNAL_EVENT,58605,357
SINGLE_SEND,58776,358
INTERNAL_EVENT,58947,359
INTERNAL_EVENT,59115,360
INTERNAL_EVENT,59283,361
INTERNAL_EVENT,59454,362
INTERNAL_EVENT,59626,363
INTERNAL_EVENT,59794,364
RECEIVED,B,0,59966,365
MULTI_SEND,60137,366
INTERNAL_EVENT,60306,367
INTERNAL_EVENT,60478,368
SINGLE_SEND,60649,369
RECEIVED,B,0,60818,370
INTERNAL_EVENT,60990,371
INTERNAL_EVENT,61159,372
SINGLE_SEND,61331,373
INTERNAL_EVENT,61499,374
RECEIVED,B,0,61667,375
MULTI_SEND,61835,376
RECEIVED,B,0,62006,377
MULTI_SEND,62178,378
INTERNAL_EVENT,62349,379
INTERNAL_EVENT,62516,380
INTERNAL_EVENT,62685,381
RECEIVED,C,0,62853,382
INTERNAL_EVENT,63021,383
INTERNAL_EVENT,63192,384
MULTI_SEND,63363,385
INTERNAL_EVENT,63533,386
INTERNAL_EVENT,63705,387
INTERNAL_EVENT,63877,388
INTERNAL_EVENT,64049,389
MULTI_SEND,64217,390
RECEIVED,C,1,64386,391
RECEIVED,B,0,64554,392
RECEIVED,B,0,64722,394
INTERNAL_EVENT,64891,395
INTERNAL_EVENT,65058,396
RECEIVED,B,0,65228,397
RECEIVED,C,0,65399,398
INTERNAL_EVENT,65566,399
INTERNAL_EVENT,65737,400
INTERNAL_EVENT,65907,401
