INIT,A,3
INTERNAL_EVENT,430,1
RECEIVED,B,0,767,2
INTERNAL_EVENT,1101,3
INTERNAL_EVENT,1436,4
INTERNAL_EVENT,1771,5
INTERNAL_EVENT,2105,6
RECEIVED,B,0,2440,7
INTERNAL_EVENT,2775,8
INTERNAL_EVENT,3109,9
RECEIVED,C,1,3444,10
RECEIVED,B,0,3779,11
INTERNAL_EVENT,4114,12
INTERNAL_EVENT,4449,13
INTERNAL_EVENT,4783,14
INTERNAL_EVENT,5118,15
INTERNAL_EVENT,5453,16
SINGLE_SEND,5788,17
INTERNAL_EVENT,6123,18
RECEIVED,B,0,6457,19
INTERNAL_EVENT,6792,20
INTERNAL_EVENT,7129,21
INTERNAL_EVENT,7464,22
INTERNAL_EVENT,7798,23
INTERNAL_EVENT,8133,24
RECEIVED,B,0,8468,25
INTERNAL_EVENT,8803,26
INTERNAL_EVENT,9137,27
RECEIVED,B,0,9472,28
MULTI_SEND,9807,29
INTERNAL_EVENT,10142,30
INTERNAL_EVENT,10477,31
MULTI_SEND,10812,32
INTERNAL_EVENT,11148,33
SINGLE_SEND,11482,34
MULTI_SEND,11817,35
INTERNAL_EVENT,12152,36
INTERNAL_EVENT,12487,37
SINGLE_SEND,12821,38
MULTI_SEND,13156,39
INTERNAL_EVENT,13491,40
INTERNAL_EVENT,13826,41
MULTI_SEND,14160,42
INTERNAL_EVENT,14496,43
SINGLE_SEND,14830,44
INTERNAL_EVENT,15165,45
INTERNAL_EVENT,15501,46
SINGLE_SEND,15835,47
SINGLE_SEND,16170,48
RECEIVED,B,0,16505,49
INTERNAL_EVENT,16840,50
MULTI_SEND,17174,51
INTERNAL_EVENT,17509,52
INTERNAL_EVENT,17844,53
MULTI_SEND,18179,54
MULTI_SEND,18514,55
INTERNAL_EVENT,18849,56
SINGLE_SEND,19183,57
INTERNAL_EVENT,19518,58
INTERNAL_EVENT,19853,59
INTERNAL_EVENT,20188,60
INTERNAL_EVENT,20523,61
INTERNAL_EVENT,20857,62
INTERNAL_EVENT,21192,63
INTERNAL_EVENT,21526,64
INTERNAL_EVENT,21861,65
INTERNAL_EVENT,22196,66
INTERNAL_EVENT,22531,67
INTERNAL_EVENT,22865,68
INTERNAL_EVENT,23200,69
INTERNAL_EVENT,23535,70
MULTI_SEND,23869,71
INTERNAL_EVENT,24204,72
INTERNAL_EVENT,24539,73
INTERNAL_EVENT,24873,74
INTERNAL_EVENT,25209,75
INTERNAL_EVENT,25543,76
SINGLE_SEND,25878,77
MULTI_SEND,26213,78
INTERNAL_EVENT,26547,79
INTERNAL_EVENT,26882,80
INTERNAL_EVENT,27217,81
RECEIVED,C,0,27551,82
MULTI_SEND,27886,83
SINGLE_SEND,28221,84
SINGLE_SEND,28556,85
SINGLE_SEND,28891,86
INTERNAL_EVENT,29226,87
SINGLE_SEND,29560,88
MULTI_SEND,29895,89
INTERNAL_EVENT,30230,90
INTERNAL_EVENT,30564,91
INTERNAL_EVENT,30899,92
SINGLE_SEND,31233,93
INTERNAL_EVENT,31568,94
INTERNAL_EVENT,31902,95
MULTI_SEND,32237,96
INTERNAL_EVENT,32572,97
INTERNAL_EVENT,32906,98
MULTI_SEND,33241,99
INTERNAL_EVENT,33576,100
INTERNAL_EVENT,33911,101
INTERNAL_EVENT,34246,102
RECEIVED,C,0,34580,103
INTERNAL_EVENT,34915,104
INTERNAL_EVENT,35249,105
INTERNAL_EVENT,35584,106
INTERNAL_EVENT,35918,107
INTERNAL_EVENT,36253,108
INTERNAL_EVENT,36588,109
INTERNAL_EVENT,36923,110
SINGLE_SEND,37257,111
INTERNAL_EVENT,37593,112
INTERNAL_EVENT,37927,113
INTERNAL_EVENT,38262,114
SINGLE_SEND,38597,115
SINGLE_SEND,38933,116
INTERNAL_EVENT,39268,117
INTERNAL_EVENT,39602,118
MULTI_SEND,39937,119
INTERNAL_EVENT,40272,120
INTERNAL_EVENT,40606,121
INTERNAL_EVENT,40941,122
INTERNAL_EVENT,41275,123
RECEIVED,C,0,41610,124
MULTI_SEND,41944,125
INTERNAL_EVENT,42279,126
INTERNAL_EVENT,42614,127
INTERNAL_EVENT,42949,128
INTERNAL_EVENT,43284,129
INTERNAL_EVENT,43619,130
INTERNAL_EVENT,43954,131
INTERNAL_EVENT,44289,132
INTERNAL_EVENT,44623,133
INTERNAL_EVENT,44958,134
INTERNAL_EVENT,45293,135
RECEIVED,C,0,45627,136
INTERNAL_EVENT,45962,137
INTERNAL_EVENT,46297,138
INTERNAL_EVENT,46632,139
SINGLE_SEND,46967,140
INTERNAL_EVENT,47303,141
INTERNAL_EVENT,47638,142
MULTI_SEND,47973,143
SINGLE_SEND,48309,144
INTERNAL_EVENT,48644,145
INTERNAL_EVENT,48978,146
INTERNAL_EVENT,49313,147
SINGLE_SEND,49648,148
INTERNAL_EVENT,49983,149
SINGLE_SEND,50318,150
SINGLE_SEND,50653,151
INTERNAL_EVENT,50988,152
MULTI_SEND,51323,153
MULTI_SEND,51659,154
INTERNAL_EVENT,51994,155
SINGLE_SEND,52328,156
SINGLE_SEND,52664,157
INTERNAL_EVENT,52999,158
INTERNAL_EVENT,53334,159
INTERNAL_EVENT,53669,160
INTERNAL_EVENT,54004,161
INTERNAL_EVENT,54339,162
INTERNAL_EVENT,54674,163
MULTI_SEND,55009,164
INTERNAL_EVENT,55344,165
INTERNAL_EVENT,55679,166
SINGLE_SEND,56014,167
INTERNAL_EVENT,56349,168
INTERNAL_EVENT,56684,169
SINGLE_SEND,57019,170
INTERNAL_EVENT,57353,171
INTERNAL_EVENT,57688,172
SINGLE_SEND,58023,173
INTERNAL_EVENT,58358,174
INTERNAL_EVENT,58692,175
INTERNAL_EVENT,59027,176
MULTI_SEND,59362,177
SINGLE_SEND,59697,178
