INIT,A,4
SINGLE_SEND,79,1
RECEIVED,B,0,329,3
INTERNAL_EVENT,583,4
RECEIVED,B,0,837,5
MULTI_SEND,1091,6
RECEIVED,B,0,1343,9
SINGLE_SEND,1594,10
SINGLE_SEND,1843,11
INTERNAL_EVENT,2096,12
SINGLE_SEND,2346,13
RECEIVED,B,0,2597,17
MULTI_SEND,2851,18
MULTI_SEND,3104,19
RECEIVED,C,0,3359,23
INTERNAL_EVENT,3612,24
RECEIVED,B,0,3864,25
RECEIVED,B,0,4117,26
RECEIVED,C,0,4368,29
INTERNAL_EVENT,4618,30
RECEIVED,C,0,4868,32
MULTI_SEND,5119,33
SINGLE_SEND,5369,34
INTERNAL_EVENT,5624,35
RECEIVED,B,0,5878,36
MULTI_SEND,6132,37
INTERNAL_EVENT,6387,38
RECEIVED,C,0,6638,43
MULTI_SEND,6892,44
INTERNAL_EVENT,7146,45
RECEIVED,B,0,7399,47
SINGLE_SEND,7653,48
RECEIVED,C,0,7905,51
RECEIVED,B,0,8159,52
RECEIVED,B,2,8408,53
RECEIVED,B,1,8660,54
RECEIVED,C,1,8910,55
RECEIVED,C,1,9160,57
RECEIVED,C,2,9413,59
RECEIVED,C,1,9667,60
RECEIVED,B,1,9919,61
RECEIVED,C,1,10173,64
RECEIVED,B,1,10427,66
RECEIVED,B,0,10680,68
INTERNAL_EVENT,10934,69
RECEIVED,C,0,11187,72
SINGLE_SEND,11440,73
SINGLE_SEND,11694,74
SINGLE_SEND,11947,75
SINGLE_SEND,12201,76
SINGLE_SEND,12454,77
RECEIVED,C,1,12707,80
RECEIVED,C,0,12961,81
RECEIVED,C,1,13214,83
RECEIVED,C,2,13468,84
RECEIVED,C,2,13721,85
RECEIVED,B,2,13974,86
RECEIVED,B,3,14228,87
RECEIVED,C,2,14480,89
RECEIVED,C,2,14735,90
RECEIVED,C,1,14988,91
RECEIVED,B,0,15243,94
MULTI_SEND,15493,95
SINGLE_SEND,15746,96
MULTI_SEND,16000,97
SINGLE_SEND,16253,98
SINGLE_SEND,16504,99
RECEIVED,B,1,16755,106
RECEIVED,C,0,17005,107
RECEIVED,C,0,17257,109
SINGLE_SEND,17512,110
RECEIVED,B,0,17763,113
RECEIVED,C,0,18016,115
INTERNAL_EVENT,18270,116
RECEIVED,B,1,18524,117
RECEIVED,B,1,18778,118
RECEIVED,B,0,19028,119
RECEIVED,B,0,19283,123
RECEIVED,B,0,19537,124
RECEIVED,C,1,19791,126
RECEIVED,C,0,20043,127
INTERNAL_EVENT,20297,128
SINGLE_SEND,20547,129
RECEIVED,C,1,20802,132
RECEIVED,C,0,21053,133
SINGLE_SEND,21307,134
INTERNAL_EVENT,21561,135
RECEIVED,C,0,21812,139
INTERNAL_EVENT,22064,140
RECEIVED,C,1,22319,141
RECEIVED,B,0,22569,142
RECEIVED,B,0,22824,144
MULTI_SEND,23078,145
RECEIVED,C,0,23333,148
RECEIVED,B,0,23587,150
INTERNAL_EVENT,23841,151
INTERNAL_EVENT,24093,152
RECEIVED,C,0,24348,155
RECEIVED,B,0,24602,156
INTERNAL_EVENT,24853,157
SINGLE_SEND,25106,158
INTERNAL_EVENT,25359,159
RECEIVED,B,0,25610,163
SINGLE_SEND,25864,164
RECEIVED,C,0,26116,165
RECEIVED,B,0,26368,167
RECEIVED,C,1,26619,169
RECEIVED,B,1,26873,170
RECEIVED,C,0,27126,171
INTERNAL_EVENT,27380,172
MULTI_SEND,27633,173
SINGLE_SEND,27887,174
RECEIVED,C,0,28140,179
INTERNAL_EVENT,28390,180
SINGLE_SEND,28640,181
MULTI_SEND,28892,182
RECEIVED,C,0,29145,185
RECEIVED,B,0,29395,186
RECEIVED,C,1,29647,188
RECEIVED,B,0,29902,189
RECEIVED,B,0,30154,190
SINGLE_SEND,30404,191
INTERNAL_EVENT,30654,192
SINGLE_SEND,30904,193
INTERNAL_EVENT,31155,194
RECEIVED,C,0,31407,199
RECEIVED,C,0,31661,201
RECEIVED,C,0,31915,202
RECEIVED,B,0,32168,204
RECEIVED,B,0,32422,205
RECEIVED,C,0,32675,208
RECEIVED,C,0,32928,209
RECEIVED,C,0,33182,211
SINGLE_SEND,33437,212
MULTI_SEND,33689,213
SINGLE_SEND,33942,214
RECEIVED,B,0,34196,216
MULTI_SEND,34449,217
SINGLE_SEND,34704,218
RECEIVED,C,0,34956,221
RECEIVED,C,0,35209,223
RECEIVED,C,0,35459,225
INTERNAL_EVENT,35709,226
RECEIVED,C,1,35959,227
RECEIVED,C,0,36209,228
RECEIVED,C,1,36463,230
RECEIVED,C,0,36717,231
MULTI_SEND,36970,232
INTERNAL_EVENT,37223,233
INTERNAL_EVENT,37477,234
RECEIVED,B,1,37730,238
RECEIVED,C,0,37984,239
SINGLE_SEND,38237,240
SINGLE_SEND,38492,241
INTERNAL_EVENT,38744,242
RECEIVED,C,1,38998,246
RECEIVED,C,1,39251,247
RECEIVED,C,1,39504,248
RECEIVED,C,1,39758,249
RECEIVED,B,0,40011,250
RECEIVED,C,0,40264,254
RECEIVED,C,1,40519,255
RECEIVED,B,1,40772,256
RECEIVED,C,1,41025,258
RECEIVED,B,0,41275,260
INTERNAL_EVENT,41525,261
RECEIVED,B,1,41775,263
RECEIVED,C,1,42029,264
RECEIVED,C,0,42280,265
MULTI_SEND,42532,266
SINGLE_SEND,42787,267
INTERNAL_EVENT,43039,268
INTERNAL_EVENT,43289,269
SINGLE_SEND,43545,270
RECEIVED,C,1,43795,275
RECEIVED,C,0,44048,276
SINGLE_SEND,44299,277
MULTI_SEND,44553,278
INTERNAL_EVENT,44806,279
RECEIVED,B,0,45058,281
RECEIVED,C,0,45308,285
SINGLE_SEND,45560,286
RECEIVED,B,0,45814,288
INTERNAL_EVENT,46067,289
INTERNAL_EVENT,46320,290
INTERNAL_EVENT,46575,291
INTERNAL_EVENT,46827,292
RECEIVED,B,0,47081,296
RECEIVED,C,1,47334,297
RECEIVED,C,0,47587,298
RECEIVED,B,0,47841,301
SINGLE_SEND,48095,302
RECEIVED,C,0,48348,304
SINGLE_SEND,48602,305
SINGLE_SEND,48854,306
RECEIVED,C,0,49104,309
RECEIVED,C,0,49357,311
SINGLE_SEND,49607,312
RECEIVED,B,0,49859,313
RECEIVED,B,1,50114,314
RECEIVED,C,1,50364,316
RECEIVED,B,1,50616,318
RECEIVED,B,1,50871,319
RECEIVED,C,1,51125,321
RECEIVED,B,1,51375,323
RECEIVED,B,0,51629,324
RECEIVED,B,0,51883,326
RECEIVED,B,0,52137,327
SINGLE_SEND,52389,328
RECEIVED,C,0,52643,332
RECEIVED,C,0,52897,333
RECEIVED,C,0,53150,335
RECEIVED,C,0,53404,337
SINGLE_SEND,53657,338
INTERNAL_EVENT,53911,339
RECEIVED,C,0,54164,342
RECEIVED,B,0,54417,344
RECEIVED,C,0,54670,345
RECEIVED,C,0,54925,347
RECEIVED,B,0,55177,349
SINGLE_SEND,55431,350
INTERNAL_EVENT,55684,351
RECEIVED,C,0,55938,352
RECEIVED,B,0,56191,354
RECEIVED,B,0,56444,355
RECEIVED,B,0,56697,356
SINGLE_SEND,56951,357
SINGLE_SEND,57204,358
INTERNAL_EVENT,57458,359
SINGLE_SEND,57712,360
RECEIVED,C,0,57966,364
SINGLE_SEND,58219,365
RECEIVED,C,0,58473,368
RECEIVED,B,0,58727,369
RECEIVED,B,0,58980,370
RECEIVED,B,0,59234,372
RECEIVED,B,0,59487,373
RECEIVED,B,0,59739,374
RECEIVED,C,0,59992,378
MULTI_SEND,60247,379
SINGLE_SEND,60499,380
SINGLE_SEND,60754,381
RECEIVED,C,0,61006,385
RECEIVED,C,1,61259,386
RECEIVED,B,2,61511,387
RECEIVED,C,1,61761,388
RECEIVED,C,1,62013,389
RECEIVED,B,2,62263,390
RECEIVED,B,2,62514,391
RECEIVED,C,2,62767,392
RECEIVED,C,2,63021,394
RECEIVED,C,3,63275,395
RECEIVED,B,4,63527,397
RECEIVED,C,3,63782,398
RECEIVED,B,4,64034,399
RECEIVED,C,4,64289,400
RECEIVED,B,5,64543,401
RECEIVED,B,5,64793,402
RECEIVED,C,5,65044,403
RECEIVED,C,7,65299,405
RECEIVED,C,6,65554,406
RECEIVED,B,5,65805,407
