INIT,A,4
SINGLE_SEND,76,1
RECEIVED,B,1,328,2
RECEIVED,B,1,579,3
RECEIVED,C,1,830,5
RECEIVED,C,0,1080,7
RECEIVED,C,0,1334,10
MULTI_SEND,1588,11
SINGLE_SEND,1842,12
RECEIVED,B,0,2094,14
RECEIVED,B,0,2347,16
RECEIVED,C,1,2600,18
RECEIVED,B,2,2851,19
RECEIVED,C,2,3102,20
RECEIVED,B,1,3357,21
RECEIVED,B,2,3612,22
RECEIVED,C,1,3866,24
RECEIVED,B,1,4115,25
RECEIVED,B,3,4365,27
RECEIVED,C,2,4618,29
RECEIVED,C,2,4871,30
RECEIVED,B,1,5126,31
RECEIVED,B,1,5379,33
RECEIVED,B,1,5634,35
RECEIVED,C,2,5888,38
RECEIVED,B,2,6140,40
RECEIVED,C,3,6390,41
RECEIVED,C,3,6640,42
RECEIVED,B,4,6894,43
RECEIVED,C,3,7148,44
RECEIVED,C,4,7403,45
RECEIVED,C,3,7657,46
RECEIVED,C,4,7910,47
RECEIVED,C,4,8163,49
RECEIVED,C,5,8417,50
RECEIVED,C,5,8671,52
RECEIVED,C,5,8925,53
RECEIVED,C,5,9177,54
RECEIVED,B,6,9431,55
RECEIVED,C,5,9684,56
RECEIVED,C,5,9938,57
RECEIVED,C,4,10193,59
RECEIVED,C,5,10444,60
RECEIVED,C,4,10697,61
RECEIVED,C,3,10949,62
RECEIVED,C,2,11204,64
RECEIVED,C,3,11459,67
RECEIVED,C,3,11711,68
RECEIVED,C,4,11964,73
RECEIVED,C,4,12218,74
RECEIVED,C,4,12471,75
RECEIVED,C,3,12725,76
RECEIVED,C,2,12976,77
RECEIVED,C,2,13227,78
RECEIVED,C,1,13481,80
RECEIVED,C,1,13734,84
RECEIVED,C,1,13988,87
RECEIVED,C,0,14239,89
RECEIVED,C,0,14491,92
RECEIVED,C,0,14741,93
MULTI_SEND,14992,94
RECEIVED,C,0,15241,97
RECEIVED,C,1,15491,98
RECEIVED,B,1,15742,99
RECEIVED,C,1,15993,100
RECEIVED,C,2,16248,101
RECEIVED,C,2,16500,102
RECEIVED,B,3,16751,103
RECEIVED,C,4,17002,104
RECEIVED,B,5,17254,106
RECEIVED,C,6,17508,107
RECEIVED,C,6,17760,108
RECEIVED,B,7,18011,109
RECEIVED,C,7,18261,110
RECEIVED,C,6,18514,111
RECEIVED,C,8,18767,112
RECEIVED,B,8,19021,113
RECEIVED,B,8,19274,114
RECEIVED,C,8,19525,115
RECEIVED,B,8,19779,116
RECEIVED,C,8,20034,117
RECEIVED,B,8,20288,119
RECEIVED,C,8,20542,120
RECEIVED,C,8,20795,121
RECEIVED,C,8,21048,122
RECEIVED,C,8,21302,124
RECEIVED,C,7,21555,125
RECEIVED,B,8,21810,126
RECEIVED,C,8,22064,128
RECEIVED,C,8,22316,129
RECEIVED,C,8,22569,131
RECEIVED,B,10,22824,132
RECEIVED,C,9,23075,135
RECEIVED,C,10,23329,137
RECEIVED,B,10,23580,139
RECEIVED,B,11,23831,140
RECEIVED,C,11,24082,142
RECEIVED,B,11,24332,143
RECEIVED,B,12,24586,144
RECEIVED,B,13,24838,145
RECEIVED,C,14,25090,146
RECEIVED,C,14,25343,147
RECEIVED,C,14,25597,150
RECEIVED,C,14,25848,151
RECEIVED,B,15,26101,152
RECEIVED,C,15,26351,153
RECEIVED,C,15,26603,154
RECEIVED,C,14,26855,155
RECEIVED,C,13,27109,156
RECEIVED,C,12,27363,157
RECEIVED,B,12,27615,158
RECEIVED,B,12,27869,159
RECEIVED,C,11,28122,160
RECEIVED,C,11,28373,161
RECEIVED,C,11,28627,162
RECEIVED,C,11,28880,163
RECEIVED,C,11,29130,165
RECEIVED,C,11,29385,166
RECEIVED,C,12,29638,167
RECEIVED,C,12,29888,168
RECEIVED,C,14,30142,169
RECEIVED,C,13,30395,171
RECEIVED,C,14,30646,178
RECEIVED,C,15,30895,179
RECEIVED,C,15,31147,182
RECEIVED,C,15,31400,184
RECEIVED,B,15,31652,185
RECEIVED,C,15,31905,186
RECEIVED,C,16,32159,188
RECEIVED,C,15,32412,189
RECEIVED,C,15,32662,190
RECEIVED,C,15,32913,191
RECEIVED,C,14,33168,192
RECEIVED,B,13,33422,193
RECEIVED,C,14,33676,194
RECEIVED,C,14,33928,195
RECEIVED,C,15,34182,196
RECEIVED,B,14,34436,197
RECEIVED,B,16,34688,198
RECEIVED,C,17,34939,199
RECEIVED,C,16,35189,200
RECEIVED,C,16,35443,202
RECEIVED,C,17,35693,203
RECEIVED,C,17,35948,204
RECEIVED,B,17,36201,205
RECEIVED,C,16,36451,208
RECEIVED,B,16,36704,209
RECEIVED,B,16,36955,212
RECEIVED,C,15,37209,215
RECEIVED,C,15,37462,216
RECEIVED,C,15,37713,217
RECEIVED,B,15,37965,218
RECEIVED,B,14,38215,220
RECEIVED,C,14,38465,221
RECEIVED,C,14,38716,222
RECEIVED,B,14,38970,223
RECEIVED,C,13,39220,224
RECEIVED,C,13,39472,226
RECEIVED,C,12,39724,227
RECEIVED,C,12,39974,228
RECEIVED,B,12,40228,229
RECEIVED,B,12,40482,230
RECEIVED,B,12,40733,232
RECEIVED,C,12,40986,235
RECEIVED,C,11,41238,238
RECEIVED,C,10,41488,239
RECEIVED,C,10,41739,240
RECEIVED,C,11,41990,244
RECEIVED,C,12,42243,245
RECEIVED,C,13,42495,247
RECEIVED,C,12,42748,249
RECEIVED,C,12,43001,253
RECEIVED,C,13,43253,254
RECEIVED,C,14,43504,256
RECEIVED,B,14,43755,257
RECEIVED,B,15,44010,258
RECEIVED,C,15,44265,264
RECEIVED,C,16,44518,265
RECEIVED,C,16,44772,266
RECEIVED,C,16,45025,267
RECEIVED,B,15,45275,268
RECEIVED,C,15,45526,269
RECEIVED,C,14,45778,270
RECEIVED,C,14,46032,272
RECEIVED,C,14,46285,273
RECEIVED,B,15,46538,274
RECEIVED,B,14,46792,275
RECEIVED,C,14,47046,276
RECEIVED,B,13,47298,277
RECEIVED,B,13,47550,278
RECEIVED,B,12,47805,279
RECEIVED,C,13,48060,280
RECEIVED,C,13,48313,281
RECEIVED,C,13,48563,282
RECEIVED,C,13,48813,283
RECEIVED,C,13,49064,284
RECEIVED,C,13,49315,287
RECEIVED,C,13,49568,289
RECEIVED,C,14,49822,291
RECEIVED,C,14,50073,292
RECEIVED,C,15,50326,293
RECEIVED,C,14,50580,295
RECEIVED,C,15,50831,299
RECEIVED,C,14,51083,301
RECEIVED,C,15,51334,302
RECEIVED,B,16,51588,303
RECEIVED,C,16,51839,306
RECEIVED,B,17,52091,308
RECEIVED,B,18,52341,309
RECEIVED,B,17,52593,310
RECEIVED,C,18,52847,312
RECEIVED,C,19,53098,314
RECEIVED,B,20,53351,315
RECEIVED,B,20,53605,316
RECEIVED,C,22,53859,317
RECEIVED,C,21,54112,318
RECEIVED,C,22,54365,320
RECEIVED,C,23,54619,321
RECEIVED,C,24,54872,323
RECEIVED,C,23,55126,324
RECEIVED,C,23,55377,325
RECEIVED,B,23,55628,326
RECEIVED,C,23,55878,327
RECEIVED,C,23,56128,328
RECEIVED,B,24,56379,329
RECEIVED,C,25,56629,330
RECEIVED,B,25,56883,331
RECEIVED,C,25,57136,333
RECEIVED,C,26,57389,334
RECEIVED,C,25,57639,335
RECEIVED,B,26,57893,336
RECEIVED,C,25,58143,337
RECEIVED,B,25,58396,338
RECEIVED,B,26,58646,339
RECEIVED,C,25,58896,340
RECEIVED,B,24,59146,341
RECEIVED,B,25,59397,342
RECEIVED,B,25,59649,343
RECEIVED,C,26,59904,344
RECEIVED,B,26,60156,345
RECEIVED,C,27,60411,346
RECEIVED,C,27,60664,347
RECEIVED,B,29,60915,348
RECEIVED,C,28,61170,349
RECEIVED,C,28,61422,351
RECEIVED,C,28,61676,353
RECEIVED,C,27,61927,354
RECEIVED,C,28,62178,355
RECEIVED,B,28,62428,356
RECEIVED,B,29,62684,357
RECEIVED,C,29,62939,358
RECEIVED,B,29,63192,359
RECEIVED,C,29,63446,361
RECEIVED,C,30,63698,362
RECEIVED,C,29,63948,363
RECEIVED,B,30,64200,365
RECEIVED,C,30,64450,366
RECEIVED,C,30,64704,370
RECEIVED,B,30,64959,371
RECEIVED,C,30,65213,372
RECEIVED,C,30,65465,375
RECEIVED,C,30,65719,376
RECEIVED,C,31,65972,377
