INIT,A,4
INTERNAL_EVENT,73,1
INTERNAL_EVENT,323,2
INTERNAL_EVENT,574,3
INTERNAL_EVENT,824,4
INTERNAL_EVENT,1075,5
INTERNAL_EVENT,1325,6
INTERNAL_EVENT,1576,7
INTERNAL_EVENT,1829,8
INTERNAL_EVENT,2083,9
INTERNAL_EVENT,2337,10
INTERNAL_EVENT,2590,11
INTERNAL_EVENT,2843,12
INTERNAL_EVENT,3098,13
INTERNAL_EVENT,3352,14
INTERNAL_EVENT,3602,15
INTERNAL_EVENT,3856,16
INTERNAL_EVENT,4106,17
INTERNAL_EVENT,4359,18
SINGLE_SEND,4613,19
INTERNAL_EVENT,4865,20
INTERNAL_EVENT,5117,21
INTERNAL_EVENT,5369,22
RECEIVED,B,0,5624,35
INTERNAL_EVENT,5875,36
INTERNAL_EVENT,6128,37
RECEIVED,C,0,6382,40
INTERNAL_EVENT,6633,41
SINGLE_SEND,6883,42
INTERNAL_EVENT,7133,43
INTERNAL_EVENT,7388,44
INTERNAL_EVENT,7639,45
INTERNAL_EVENT,7893,46
INTERNAL_EVENT,8148,47
RECEIVED,B,1,8400,50
RECEIVED,B,0,8651,51
INTERNAL_EVENT,8902,52
INTERNAL_EVENT,9156,53
INTERNAL_EVENT,9409,54
SINGLE_SEND,9663,55
INTERNAL_EVENT,9916,56
INTERNAL_EVENT,10166,57
INTERNAL_EVENT,10416,58
INTERNAL_EVENT,10671,59
INTERNAL_EVENT,10924,60
INTERNAL_EVENT,11175,61
INTERNAL_EVENT,11425,62
INTERNAL_EVENT,11677,63
INTERNAL_EVENT,11932,64
INTERNAL_EVENT,12182,65
INTERNAL_EVENT,12433,66
INTERNAL_EVENT,12683,67
RECEIVED,C,0,12938,78
RECEIVED,B,0,13189,80
INTERNAL_EVENT,13443,81
RECEIVED,C,0,13697,82
INTERNAL_EVENT,13948,83
INTERNAL_EVENT,14199,84
INTERNAL_EVENT,14450,85
RECEIVED,B,0,14704,87
INTERNAL_EVENT,14958,88
SINGLE_SEND,15213,89
INTERNAL_EVENT,15465,90
INTERNAL_EVENT,15716,91
INTERNAL_EVENT,15968,92
RECEIVED,B,0,16221,95
INTERNAL_EVENT,16472,96
INTERNAL_EVENT,16723,97
INTERNAL_EVENT,16976,98
INTERNAL_EVENT,17230,99
INTERNAL_EVENT,17483,100
INTERNAL_EVENT,17737,101
SINGLE_SEND,17992,102
INTERNAL_EVENT,18246,103
INTERNAL_EVENT,18500,104
RECEIVED,C,0,18750,112
INTERNAL_EVENT,19001,113
INTERNAL_EVENT,19255,114
RECEIVED,B,0,19508,116
INTERNAL_EVENT,19760,117
INTERNAL_EVENT,20015,118
RECEIVED,C,0,20270,121
RECEIVED,B,0,20523,123
INTERNAL_EVENT,20777,124
RECEIVED,B,0,21032,126
RECEIVED,C,0,21283,129
INTERNAL_EVENT,21533,130
INTERNAL_EVENT,21787,131
INTERNAL_EVENT,22040,132
INTERNAL_EVENT,22291,133
INTERNAL_EVENT,22545,134
INTERNAL_EVENT,22798,135
INTERNAL_EVENT,23049,136
INTERNAL_EVENT,23302,137
INTERNAL_EVENT,23554,138
INTERNAL_EVENT,23804,139
INTERNAL_EVENT,24056,140
INTERNAL_EVENT,24311,141
INTERNAL_EVENT,24565,142
INTERNAL_EVENT,24816,143
INTERNAL_EVENT,25066,144
INTERNAL_EVENT,25317,145
RECEIVED,B,0,25567,150
INTERNAL_EVENT,25818,151
INTERNAL_EVENT,26068,152
INTERNAL_EVENT,26322,153
RECEIVED,C,0,26573,159
MULTI_SEND,26826,160
INTERNAL_EVENT,27075,161
INTERNAL_EVENT,27325,162
INTERNAL_EVENT,27580,163
INTERNAL_EVENT,27832,164
INTERNAL_EVENT,28082,165
INTERNAL_EVENT,28332,166
INTERNAL_EVENT,28583,167
INTERNAL_EVENT,28834,168
INTERNAL_EVENT,29085,169
INTERNAL_EVENT,29339,170
RECEIVED,C,0,29589,177
SINGLE_SEND,29843,178
SINGLE_SEND,30097,179
INTERNAL_EVENT,30352,180
INTERNAL_EVENT,30607,181
INTERNAL_EVENT,30858,182
INTERNAL_EVENT,31110,183
INTERNAL_EVENT,31363,184
INTERNAL_EVENT,31615,185
RECEIVED,C,0,31869,191
INTERNAL_EVENT,32124,192
INTERNAL_EVENT,32379,193
INTERNAL_EVENT,32633,194
INTERNAL_EVENT,32883,195
INTERNAL_EVENT,33133,196
INTERNAL_EVENT,33384,197
INTERNAL_EVENT,33639,198
RECEIVED,C,0,33890,202
INTERNAL_EVENT,34140,203
INTERNAL_EVENT,34394,204
INTERNAL_EVENT,34648,205
RECEIVED,C,0,34899,208
INTERNAL_EVENT,35152,209
INTERNAL_EVENT,35406,210
INTERNAL_EVENT,35658,211
INTERNAL_EVENT,35912,212
RECEIVED,B,0,36166,215
INTERNAL_EVENT,36416,216
INTERNAL_EVENT,36667,217
INTERNAL_EVENT,36919,218
RECEIVED,B,0,37172,220
RECEIVED,C,0,37425,224
INTERNAL_EVENT,37679,225
INTERNAL_EVENT,37932,226
INTERNAL_EVENT,38183,227
INTERNAL_EVENT,38433,228
MULTI_SEND,38683,229
INTERNAL_EVENT,38934,230
INTERNAL_EVENT,39185,231
INTERNAL_EVENT,39436,232
SINGLE_SEND,39690,233
INTERNAL_EVENT,39945,234
INTERNAL_EVENT,40198,235
INTERNAL_EVENT,40449,236
INTERNAL_EVENT,40703,237
SINGLE_SEND,40956,238
INTERNAL_EVENT,41207,239
INTERNAL_EVENT,41458,240
INTERNAL_EVENT,41712,241
INTERNAL_EVENT,41964,242
INTERNAL_EVENT,42219,243
INTERNAL_EVENT,42474,244
INTERNAL_EVENT,42728,245
INTERNAL_EVENT,42982,246
SINGLE_SEND,43233,247
INTERNAL_EVENT,43485,248
INTERNAL_EVENT,43739,249
INTERNAL_EVENT,43992,250
INTERNAL_EVENT,44245,251
INTERNAL_EVENT,44498,252
INTERNAL_EVENT,44749,253
RECEIVED,C,0,45002,268
INTERNAL_EVENT,45253,269
INTERNAL_EVENT,45506,270
INTERNAL_EVENT,45756,271
SINGLE_SEND,46011,272
INTERNAL_EVENT,46265,273
INTERNAL_EVENT,46520,274
INTERNAL_EVENT,46773,275
INTERNAL_EVENT,47027,276
RECEIVED,C,0,47282,282
INTERNAL_EVENT,47533,283
INTERNAL_EVENT,47787,284
INTERNAL_EVENT,48042,285
RECEIVED,C,0,48294,287
INTERNAL_EVENT,48548,288
INTERNAL_EVENT,48799,289
INTERNAL_EVENT,49054,290
INTERNAL_EVENT,49306,291
INTERNAL_EVENT,49556,292
INTERNAL_EVENT,49811,293
INTERNAL_EVENT,50065,294
MULTI_SEND,50316,295
INTERNAL_EVENT,50567,296
INTERNAL_EVENT,50820,297
INTERNAL_EVENT,51071,298
INTERNAL_EVENT,51321,299
INTERNAL_EVENT,51572,300
INTERNAL_EVENT,51827,301
INTERNAL_EVENT,52082,302
INTERNAL_EVENT,52333,303
INTERNAL_EVENT,52584,304
INTERNAL_EVENT,52839,305
INTERNAL_EVENT,53093,306
INTERNAL_EVENT,53348,307
INTERNAL_EVENT,53602,308
INTERNAL_EVENT,53854,309
MULTI_SEND,54105,310
INTERNAL_EVENT,54361,311
INTERNAL_EVENT,54613,312
INTERNAL_EVENT,54865,313
SINGLE_SEND,55117,314
INTERNAL_EVENT,55370,315
INTERNAL_EVENT,55624,316
RECEIVED,C,0,55879,332
INTERNAL_EVENT,56131,333
INTERNAL_EVENT,56382,334
INTERNAL_EVENT,56635,335
INTERNAL_EVENT,56889,336
RECEIVED,B,0,57144,339
INTERNAL_EVENT,57398,340
INTERNAL_EVENT,57648,341
INTERNAL_EVENT,57898,342
INTERNAL_EVENT,58149,343
INTERNAL_EVENT,58400,344
INTERNAL_EVENT,58653,345
RECEIVED,B,0,58906,348
INTERNAL_EVENT,59161,349
INTERNAL_EVENT,59412,350
INTERNAL_EVENT,59666,351
INTERNAL_EVENT,59917,352
INTERNAL_EVENT,60167,353
RECEIVED,B,0,60422,356
INTERNAL_EVENT,60672,357
INTERNAL_EVENT,60923,358
INTERNAL_EVENT,61174,359
INTERNAL_EVENT,61426,360
INTERNAL_EVENT,61682,361
INTERNAL_EVENT,61935,362
INTERNAL_EVENT,62186,363
INTERNAL_EVENT,62440,364
INTERNAL_EVENT,62690,365
INTERNAL_EVENT,62944,366
INTERNAL_EVENT,63196,367
INTERNAL_EVENT,63448,368
INTERNAL_EVENT,63699,369
SINGLE_SEND,63951,370
INTERNAL_EVENT,64202,371
INTERNAL_EVENT,64455,372
INTERNAL_EVENT,64705,373
INTERNAL_EVENT,64956,374
INTERNAL_EVENT,65206,375
INTERNAL_EVENT,65456,376
INTERNAL_EVENT,65707,377
INTERNAL_EVENT,65962,378
