INIT,A,4
MULTI_SEND,66,1
INTERNAL_EVENT,318,2
INTERNAL_EVENT,571,3
INTERNAL_EVENT,821,4
INTERNAL_EVENT,1075,5
INTERNAL_EVENT,1326,6
INTERNAL_EVENT,1580,7
INTERNAL_EVENT,1834,8
RECEIVED,C,0,2087,14
INTERNAL_EVENT,2340,15
INTERNAL_EVENT,2594,16
RECEIVED,C,0,2847,19
INTERNAL_EVENT,3101,20
INTERNAL_EVENT,3354,21
RECEIVED,C,0,3609,23
INTERNAL_EVENT,3863,24
INTERNAL_EVENT,4114,25
INTERNAL_EVENT,4365,26
INTERNAL_EVENT,4615,27
INTERNAL_EVENT,4869,28
INTERNAL_EVENT,5121,29
INTERNAL_EVENT,5372,30
SINGLE_SEND,5626,31
SINGLE_SEND,5877,32
INTERNAL_EVENT,6133,33
INTERNAL_EVENT,6387,34
INTERNAL_EVENT,6641,35
INTERNAL_EVENT,6893,36
INTERNAL_EVENT,7144,37
INTERNAL_EVENT,7399,38
INTERNAL_EVENT,7652,39
INTERNAL_EVENT,7903,40
INTERNAL_EVENT,8155,41
INTERNAL_EVENT,8409,42
RECEIVED,C,0,8662,53
INTERNAL_EVENT,8916,54
INTERNAL_EVENT,9169,55
INTERNAL_EVENT,9423,56
INTERNAL_EVENT,9678,57
INTERNAL_EVENT,9929,58
INTERNAL_EVENT,10183,59
INTERNAL_EVENT,10438,60
INTERNAL_EVENT,10692,61
INTERNAL_EVENT,10944,62
INTERNAL_EVENT,11195,63
INTERNAL_EVENT,11449,64
INTERNAL_EVENT,11701,65
INTERNAL_EVENT,11952,66
INTERNAL_EVENT,12207,67
INTERNAL_EVENT,12459,68
INTERNAL_EVENT,12712,69
INTERNAL_EVENT,12964,70
INTERNAL_EVENT,13214,71
INTERNAL_EVENT,13469,72
INTERNAL_EVENT,13721,73
INTERNAL_EVENT,13976,74
INTERNAL_EVENT,14229,75
INTERNAL_EVENT,14483,76
INTERNAL_EVENT,14738,77
RECEIVED,C,0,14990,90
INTERNAL_EVENT,15242,91
INTERNAL_EVENT,15495,92
INTERNAL_EVENT,15747,93
RECEIVED,C,0,15996,96
INTERNAL_EVENT,16250,97
INTERNAL_EVENT,16502,98
INTERNAL_EVENT,16754,99
INTERNAL_EVENT,17009,100
INTERNAL_EVENT,17262,101
INTERNAL_EVENT,17512,102
INTERNAL_EVENT,17766,103
INTERNAL_EVENT,18020,104
INTERNAL_EVENT,18271,105
INTERNAL_EVENT,18524,106
INTERNAL_EVENT,18775,107
INTERNAL_EVENT,19026,108
INTERNAL_EVENT,19280,109
INTERNAL_EVENT,19530,110
INTERNAL_EVENT,19781,111
INTERNAL_EVENT,20034,112
INTERNAL_EVENT,20288,113
INTERNAL_EVENT,20538,114
INTERNAL_EVENT,20789,115
INTERNAL_EVENT,21040,116
INTERNAL_EVENT,21294,117
INTERNAL_EVENT,21547,118
INTERNAL_EVENT,21799,119
INTERNAL_EVENT,22053,120
INTERNAL_EVENT,22308,121
INTERNAL_EVENT,22562,122
INTERNAL_EVENT,22814,123
INTERNAL_EVENT,23068,124
INTERNAL_EVENT,23321,125
INTERNAL_EVENT,23575,126
INTERNAL_EVENT,23828,127
INTERNAL_EVENT,24082,128
SINGLE_SEND,24335,129
INTERNAL_EVENT,24589,130
INTERNAL_EVENT,24843,131
INTERNAL_EVENT,25093,132
INTERNAL_EVENT,25345,133
INTERNAL_EVENT,25596,134
INTERNAL_EVENT,25849,135
INTERNAL_EVENT,26100,136
INTERNAL_EVENT,26353,137
INTERNAL_EVENT,26608,138
INTERNAL_EVENT,26859,139
RECEIVED,B,0,27109,151
RECEIVED,B,0,27362,152
INTERNAL_EVENT,27616,153
INTERNAL_EVENT,27870,154
INTERNAL_EVENT,28123,155
INTERNAL_EVENT,28378,156
INTERNAL_EVENT,28630,157
INTERNAL_EVENT,28883,158
INTERNAL_EVENT,29138,159
INTERNAL_EVENT,29390,160
INTERNAL_EVENT,29644,161
MULTI_SEND,29898,162
INTERNAL_EVENT,30151,163
INTERNAL_EVENT,30402,164
RECEIVED,C,0,30653,183
SINGLE_SEND,30903,184
INTERNAL_EVENT,31155,185
INTERNAL_EVENT,31409,186
INTERNAL_EVENT,31663,187
INTERNAL_EVENT,31913,188
INTERNAL_EVENT,32166,189
INTERNAL_EVENT,32418,190
RECEIVED,B,0,32672,195
INTERNAL_EVENT,32926,196
INTERNAL_EVENT,33178,197
INTERNAL_EVENT,33433,198
INTERNAL_EVENT,33685,199
RECEIVED,B,0,33939,201
INTERNAL_EVENT,34189,202
INTERNAL_EVENT,34439,203
INTERNAL_EVENT,34693,204
INTERNAL_EVENT,34945,205
INTERNAL_EVENT,35198,206
SINGLE_SEND,35450,207
SINGLE_SEND,35706,208
INTERNAL_EVENT,35960,209
SINGLE_SEND,36213,210
INTERNAL_EVENT,36466,211
INTERNAL_EVENT,36717,212
INTERNAL_EVENT,36972,213
INTERNAL_EVENT,37225,214
SINGLE_SEND,37480,215
INTERNAL_EVENT,37730,216
INTERNAL_EVENT,37981,217
INTERNAL_EVENT,38234,218
INTERNAL_EVENT,38488,219
INTERNAL_EVENT,38741,220
INTERNAL_EVENT,38994,221
INTERNAL_EVENT,39249,222
INTERNAL_EVENT,39499,223
INTERNAL_EVENT,39752,224
INTERNAL_EVENT,40006,225
INTERNAL_EVENT,40259,226
INTERNAL_EVENT,40514,227
INTERNAL_EVENT,40769,228
INTERNAL_EVENT,41022,229
INTERNAL_EVENT,41274,230
INTERNAL_EVENT,41527,231
INTERNAL_EVENT,41779,232
INTERNAL_EVENT,42029,233
INTERNAL_EVENT,42282,234
INTERNAL_EVENT,42535,235
INTERNAL_EVENT,42788,236
INTERNAL_EVENT,43043,237
INTERNAL_EVENT,43294,238
INTERNAL_EVENT,43545,239
INTERNAL_EVENT,43796,240
INTERNAL_EVENT,44046,241
RECEIVED,B,0,44296,259
INTERNAL_EVENT,44548,260
INTERNAL_EVENT,44799,261
INTERNAL_EVENT,45050,262
INTERNAL_EVENT,45303,263
SINGLE_SEND,45557,264
RECEIVED,B,0,45810,267
INTERNAL_EVENT,46063,268
INTERNAL_EVENT,46317,269
INTERNAL_EVENT,46572,270
INTERNAL_EVENT,46824,271
INTERNAL_EVENT,47077,272
INTERNAL_EVENT,47331,273
INTERNAL_EVENT,47585,274
INTERNAL_EVENT,47839,275
INTERNAL_EVENT,48091,276
INTERNAL_EVENT,48345,277
INTERNAL_EVENT,48596,278
INTERNAL_EVENT,48851,279
RECEIVED,C,0,49105,292
INTERNAL_EVENT,49361,293
INTERNAL_EVENT,49613,294
RECEIVED,B,0,49867,296
INTERNAL_EVENT,50122,297
INTERNAL_EVENT,50372,298
INTERNAL_EVENT,50626,299
INTERNAL_EVENT,50879,300
INTERNAL_EVENT,51132,301
INTERNAL_EVENT,51386,302
INTERNAL_EVENT,51641,303
INTERNAL_EVENT,51895,304
INTERNAL_EVENT,52147,305
INTERNAL_EVENT,52399,306
INTERNAL_EVENT,52653,307
INTERNAL_EVENT,52904,308
INTERNAL_EVENT,53155,309
INTERNAL_EVENT,53409,310
INTERNAL_EVENT,53663,311
INTERNAL_EVENT,53913,312
INTERNAL_EVENT,54165,313
INTERNAL_EVENT,54417,314
INTERNAL_EVENT,54672,315
INTERNAL_EVENT,54927,316
RECEIVED,C,0,55181,327
INTERNAL_EVENT,55432,328
INTERNAL_EVENT,55687,329
INTERNAL_EVENT,55938,330
INTERNAL_EVENT,56188,331
INTERNAL_EVENT,56441,332
INTERNAL_EVENT,56696,333
INTERNAL_EVENT,56946,334
INTERNAL_EVENT,57198,335
RECEIVED,B,0,57450,339
RECEIVED,B,0,57704,340
INTERNAL_EVENT,57957,341
INTERNAL_EVENT,58209,342
INTERNAL_EVENT,58459,343
INTERNAL_EVENT,58713,344
INTERNAL_EVENT,58965,345
INTERNAL_EVENT,59219,346
RECEIVED,C,0,59472,352
INTERNAL_EVENT,59722,353
INTERNAL_EVENT,59976,354
INTERNAL_EVENT,60230,355
INTERNAL_EVENT,60482,356
INTERNAL_EVENT,60736,357
RECEIVED,C,0,60989,361
INTERNAL_EVENT,61243,362
INTERNAL_EVENT,61497,363
INTERNAL_EVENT,61750,364
INTERNAL_EVENT,62004,365
INTERNAL_EVENT,62257,366
INTERNAL_EVENT,62510,367
INTERNAL_EVENT,62764,368
RECEIVED,C,1,63017,373
RECEIVED,B,0,63270,374
INTERNAL_EVENT,63522,375
INTERNAL_EVENT,63777,376
INTERNAL_EVENT,64030,377
INTERNAL_EVENT,64284,378
INTERNAL_EVENT,64539,379
INTERNAL_EVENT,64791,380
RECEIVED,B,0,65044,381
INTERNAL_EVENT,65298,382
INTERNAL_EVENT,65552,383
INTERNAL_EVENT,65805,384
