INIT,A,1
SINGLE_SEND,420,1
INTERNAL_EVENT,1425,2
RECEIVED,B,2,2425,7
RECEIVED,B,3,3426,8
RECEIVED,B,3,4427,10
RECEIVED,B,4,5428,12
RECEIVED,B,3,6429,16
RECEIVED,B,3,7430,18
RECEIVED,B,3,8430,23
RECEIVED,B,3,9431,26
RECEIVED,B,3,10432,32
RECEIVED,B,4,11432,38
RECEIVED,B,3,12433,44
RECEIVED,B,4,13433,47
RECEIVED,B,5,14434,55
RECEIVED,B,5,15435,56
RECEIVED,B,6,16435,65
RECEIVED,B,7,17436,66
RECEIVED,B,7,18437,69
RECEIVED,B,7,19437,70
RECEIVED,B,6,20438,72
RECEIVED,B,5,21438,80
RECEIVED,B,5,22439,81
RECEIVED,B,5,23440,83
RECEIVED,B,4,24440,84
RECEIVED,B,3,25441,88
RECEIVED,B,4,26442,93
RECEIVED,B,4,27443,108
RECEIVED,B,5,28443,112
RECEIVED,B,6,29444,127
RECEIVED,B,8,30445,130
RECEIVED,B,7,31446,136
RECEIVED,B,7,32446,137
RECEIVED,B,6,33447,140
RECEIVED,B,5,34447,143
RECEIVED,B,4,35448,144
RECEIVED,B,3,36449,148
RECEIVED,B,5,37450,150
RECEIVED,B,5,38451,151
RECEIVED,B,6,39452,160
RECEIVED,B,6,40453,183
RECEIVED,B,5,41454,184
RECEIVED,B,7,42454,186
RECEIVED,B,7,43455,187
RECEIVED,B,7,44456,193
RECEIVED,B,6,45457,195
RECEIVED,B,6,46457,197
RECEIVED,B,5,47458,208
RECEIVED,B,4,48458,210
RECEIVED,B,3,49459,211
RECEIVED,B,3,50460,214
RECEIVED,B,2,51461,217
RECEIVED,B,1,52461,229
RECEIVED,B,0,53462,247
RECEIVED,B,0,54463,270
RECEIVED,B,1,55463,272
RECEIVED,B,1,56464,273
RECEIVED,B,1,57466,280
RECEIVED,B,2,58466,283
RECEIVED,B,2,59467,286
