INIT,A,4
SINGLE_SEND,466,1
INTERNAL_EVENT,719,2
INTERNAL_EVENT,969,3
INTERNAL_EVENT,1220,4
SINGLE_SEND,1471,5
INTERNAL_EVENT,1722,6
INTERNAL_EVENT,1972,7
INTERNAL_EVENT,2223,8
INTERNAL_EVENT,2474,9
RECEIVED,B,0,2724,10
MULTI_SEND,2974,11
SINGLE_SEND,3225,12
INTERNAL_EVENT,3476,13
INTERNAL_EVENT,3726,14
RECEIVED,C,0,3977,15
RECEIVED,C,0,4227,16
INTERNAL_EVENT,4477,17
INTERNAL_EVENT,4728,18
SINGLE_SEND,4979,19
INTERNAL_EVENT,5234,20
SINGLE_SEND,5484,21
SINGLE_SEND,5735,22
SINGLE_SEND,5986,23
INTERNAL_EVENT,6237,24
INTERNAL_EVENT,6488,25
RECEIVED,B,0,6738,26
SINGLE_SEND,6989,27
SINGLE_SEND,7239,28
INTERNAL_EVENT,7490,29
INTERNAL_EVENT,7741,30
RECEIVED,B,0,8002,31
MULTI_SEND,8252,32
INTERNAL_EVENT,8504,33
INTERNAL_EVENT,8754,34
INTERNAL_EVENT,9005,35
INTERNAL_EVENT,9255,36
INTERNAL_EVENT,9506,37
SINGLE_SEND,9756,38
INTERNAL_EVENT,10007,39
INTERNAL_EVENT,10294,40
RECEIVED,C,0,10547,41
INTERNAL_EVENT,10798,42
RECEIVED,B,0,11049,43
INTERNAL_EVENT,11301,44
INTERNAL_EVENT,11557,45
INTERNAL_EVENT,11808,46
RECEIVED,C,1,12059,47
RECEIVED,B,0,12309,48
INTERNAL_EVENT,12560,49
INTERNAL_EVENT,12810,50
INTERNAL_EVENT,13061,51
INTERNAL_EVENT,13348,52
INTERNAL_EVENT,13607,53
INTERNAL_EVENT,13884,54
INTERNAL_EVENT,14135,55
RECEIVED,C,0,14386,56
INTERNAL_EVENT,14637,57
INTERNAL_EVENT,14887,58
INTERNAL_EVENT,15138,59
INTERNAL_EVENT,15389,60
SINGLE_SEND,15639,61
INTERNAL_EVENT,15890,62
RECEIVED,C,0,16140,64
INTERNAL_EVENT,16391,65
SINGLE_SEND,16642,66
SINGLE_SEND,16892,67
INTERNAL_EVENT,17145,68
INTERNAL_EVENT,17396,69
INTERNAL_EVENT,17647,70
RECEIVED,C,0,17898,71
SINGLE_SEND,18148,72
INTERNAL_EVENT,18399,73
INTERNAL_EVENT,18650,74
INTERNAL_EVENT,18900,75
INTERNAL_EVENT,19151,76
MULTI_SEND,19402,77
INTERNAL_EVENT,19653,78
INTERNAL_EVENT,19903,79
RECEIVED,B,0,20153,80
INTERNAL_EVENT,20404,81
INTERNAL_EVENT,20654,82
RECEIVED,C,0,20905,83
SINGLE_SEND,21155,84
INTERNAL_EVENT,21406,85
SINGLE_SEND,21656,86
RECEIVED,C,0,21921,87
INTERNAL_EVENT,22183,88
INTERNAL_EVENT,22436,89
SINGLE_SEND,22686,90
MULTI_SEND,22937,91
INTERNAL_EVENT,23188,92
INTERNAL_EVENT,23438,93
INTERNAL_EVENT,23689,94
RECEIVED,C,0,23940,95
INTERNAL_EVENT,24190,96
INTERNAL_EVENT,24440,97
INTERNAL_EVENT,24691,98
SINGLE_SEND,24945,99
INTERNAL_EVENT,25195,100
INTERNAL_EVENT,25446,101
INTERNAL_EVENT,25697,102
INTERNAL_EVENT,25948,103
SINGLE_SEND,26198,104
RECEIVED,B,0,26449,105
SINGLE_SEND,26699,106
RECEIVED,B,0,26950,107
INTERNAL_EVENT,27201,108
INTERNAL_EVENT,27452,109
INTERNAL_EVENT,27702,110
MULTI_SEND,27953,111
MULTI_SEND,28203,112
INTERNAL_EVENT,28454,113
INTERNAL_EVENT,28708,114
INTERNAL_EVENT,28958,115
RECEIVED,B,0,29209,116
RECEIVED,C,0,29459,117
INTERNAL_EVENT,29710,118
SINGLE_SEND,29961,119
INTERNAL_EVENT,30211,120
INTERNAL_EVENT,30462,121
SINGLE_SEND,30713,122
INTERNAL_EVENT,30963,123
RECEIVED,B,0,31214,125
SINGLE_SEND,31464,126
INTERNAL_EVENT,31715,127
INTERNAL_EVENT,31967,128
INTERNAL_EVENT,32218,129
SINGLE_SEND,32468,130
INTERNAL_EVENT,32719,131
INTERNAL_EVENT,32970,132
MULTI_SEND,33220,133
INTERNAL_EVENT,33471,134
INTERNAL_EVENT,33721,135
INTERNAL_EVENT,33971,136
INTERNAL_EVENT,34228,137
INTERNAL_EVENT,34482,138
RECEIVED,B,0,34734,139
INTERNAL_EVENT,34984,140
INTERNAL_EVENT,35234,141
MULTI_SEND,35485,142
INTERNAL_EVENT,35736,143
INTERNAL_EVENT,35986,144
RECEIVED,C,0,36237,146
INTERNAL_EVENT,36488,147
INTERNAL_EVENT,36739,148
RECEIVED,B,0,36989,149
INTERNAL_EVENT,37240,150
SINGLE_SEND,37491,151
INTERNAL_EVENT,37742,152
RECEIVED,B,0,37992,153
INTERNAL_EVENT,38243,154
RECEIVED,C,0,38493,155
RECEIVED,B,0,38744,156
SINGLE_SEND,38995,157
INTERNAL_EVENT,39245,158
INTERNAL_EVENT,39496,159
INTERNAL_EVENT,39746,160
SINGLE_SEND,39997,161
INTERNAL_EVENT,40248,162
SINGLE_SEND,40498,163
INTERNAL_EVENT,40750,164
RECEIVED,B,0,40999,166
INTERNAL_EVENT,41250,167
INTERNAL_EVENT,41500,168
INTERNAL_EVENT,41754,169
INTERNAL_EVENT,42005,170
SINGLE_SEND,42255,171
INTERNAL_EVENT,42506,172
INTERNAL_EVENT,42756,173
SINGLE_SEND,43007,174
INTERNAL_EVENT,43258,175
INTERNAL_EVENT,43508,176
INTERNAL_EVENT,43759,177
INTERNAL_EVENT,44010,178
INTERNAL_EVENT,44260,179
INTERNAL_EVENT,44511,180
SINGLE_SEND,44762,181
MULTI_SEND,45012,182
INTERNAL_EVENT,45263,183
INTERNAL_EVENT,45514,184
INTERNAL_EVENT,45764,185
RECEIVED,B,0,46015,186
INTERNAL_EVENT,46266,187
INTERNAL_EVENT,46516,188
INTERNAL_EVENT,46767,189
RECEIVED,B,0,47018,190
INTERNAL_EVENT,47269,191
INTERNAL_EVENT,47519,192
INTERNAL_EVENT,47770,193
RECEIVED,B,0,48020,194
INTERNAL_EVENT,48271,195
INTERNAL_EVENT,48521,196
SINGLE_SEND,48771,197
INTERNAL_EVENT,49022,198
INTERNAL_EVENT,49273,199
INTERNAL_EVENT,49524,200
INTERNAL_EVENT,49774,201
RECEIVED,C,0,50025,202
SINGLE_SEND,50275,203
INTERNAL_EVENT,50526,204
INTERNAL_EVENT,50776,205
INTERNAL_EVENT,51027,206
SINGLE_SEND,51278,207
RECEIVED,B,0,51530,208
INTERNAL_EVENT,51781,209
INTERNAL_EVENT,52031,210
INTERNAL_EVENT,52282,211
INTERNAL_EVENT,52532,212
INTERNAL_EVENT,52783,213
MULTI_SEND,53034,214
INTERNAL_EVENT,53284,215
INTERNAL_EVENT,53535,216
SINGLE_SEND,53785,217
SINGLE_SEND,54036,218
INTERNAL_EVENT,54286,219
INTERNAL_EVENT,54540,220
SINGLE_SEND,54798,221
INTERNAL_EVENT,55049,222
SINGLE_SEND,55299,223
SINGLE_SEND,55550,224
INTERNAL_EVENT,55800,225
INTERNAL_EVENT,56051,226
INTERNAL_EVENT,56342,227
RECEIVED,B,0,56594,228
INTERNAL_EVENT,56844,229
SINGLE_SEND,57095,230
INTERNAL_EVENT,57346,231
RECEIVED,B,0,57596,232
INTERNAL_EVENT,57847,233
INTERNAL_EVENT,58097,234
INTERNAL_EVENT,58348,235
INTERNAL_EVENT,58598,236
INTERNAL_EVENT,58849,237
RECEIVED,B,0,59099,238
INTERNAL_EVENT,59350,239
RECEIVED,C,0,59600,240
INTERNAL_EVENT,59851,241
