INIT,A,5
INTERNAL_EVENT,185,1
SINGLE_SEND,392,2
INTERNAL_EVENT,593,3
RECEIVED,B,0,794,5
RECEIVED,B,0,994,6
INTERNAL_EVENT,1195,7
RECEIVED,B,0,1395,8
INTERNAL_EVENT,1596,9
RECEIVED,B,0,1797,10
INTERNAL_EVENT,1998,11
RECEIVED,B,0,2200,12
RECEIVED,B,0,2405,13
RECEIVED,B,0,2605,14
INTERNAL_EVENT,2806,15
RECEIVED,B,0,3007,16
INTERNAL_EVENT,3207,17
MULTI_SEND,3408,18
SINGLE_SEND,3609,19
SINGLE_SEND,3810,20
MULTI_SEND,4011,21
MULTI_SEND,4211,22
SINGLE_SEND,4412,23
SINGLE_SEND,4613,24
MULTI_SEND,4814,25
INTERNAL_EVENT,5015,26
SINGLE_SEND,5216,27
MULTI_SEND,5417,28
SINGLE_SEND,5619,29
RECEIVED,B,0,5820,31
RECEIVED,B,0,6021,32
RECEIVED,B,0,6224,33
SINGLE_SEND,6425,34
RECEIVED,B,0,6626,35
SINGLE_SEND,6827,36
RECEIVED,B,1,7028,37
RECEIVED,B,0,7229,38
RECEIVED,B,1,7430,39
RECEIVED,B,1,7632,40
RECEIVED,B,1,7833,41
RECEIVED,B,0,8033,42
SINGLE_SEND,8234,43
RECEIVED,B,0,8434,44
MULTI_SEND,8635,45
SINGLE_SEND,8836,46
INTERNAL_EVENT,9037,47
MULTI_SEND,9237,48
SINGLE_SEND,9438,49
SINGLE_SEND,9639,50
RECEIVED,B,0,9859,52
INTERNAL_EVENT,10060,53
SINGLE_SEND,10261,54
SINGLE_SEND,10462,55
RECEIVED,B,0,10663,56
INTERNAL_EVENT,10864,57
SINGLE_SEND,11064,58
RECEIVED,B,0,11265,59
SINGLE_SEND,11466,60
INTERNAL_EVENT,11668,61
INTERNAL_EVENT,11869,62
RECEIVED,B,0,12070,63
RECEIVED,B,0,12270,64
RECEIVED,B,0,12471,65
INTERNAL_EVENT,12672,66
MULTI_SEND,12872,67
INTERNAL_EVENT,13073,68
MULTI_SEND,13274,69
RECEIVED,B,0,13474,70
MULTI_SEND,13675,71
SINGLE_SEND,13876,72
INTERNAL_EVENT,14076,73
RECEIVED,B,0,14277,75
SINGLE_SEND,14477,76
RECEIVED,B,0,14678,77
INTERNAL_EVENT,14879,78
MULTI_SEND,15080,79
INTERNAL_EVENT,15281,80
SINGLE_SEND,15482,81
SINGLE_SEND,15683,82
RECEIVED,B,0,15884,84
INTERNAL_EVENT,16084,85
RECEIVED,B,0,16285,86
RECEIVED,B,0,16486,87
SINGLE_SEND,16686,88
INTERNAL_EVENT,16887,89
MULTI_SEND,17088,90
SINGLE_SEND,17289,91
INTERNAL_EVENT,17490,92
MULTI_SEND,17690,93
RECEIVED,B,0,17891,94
SINGLE_SEND,18092,95
SINGLE_SEND,18293,96
MULTI_SEND,18493,97
RECEIVED,B,0,18695,98
INTERNAL_EVENT,18895,99
INTERNAL_EVENT,19096,100
INTERNAL_EVENT,19297,101
RECEIVED,B,0,19498,102
RECEIVED,B,0,19699,104
SINGLE_SEND,19899,105
SINGLE_SEND,20100,106
SINGLE_SEND,20300,107
RECEIVED,B,0,20501,108
SINGLE_SEND,20702,109
RECEIVED,B,0,20903,110
RECEIVED,B,0,21104,111
RECEIVED,B,0,21304,112
RECEIVED,B,0,21505,113
INTERNAL_EVENT,21705,114
SINGLE_SEND,21906,115
INTERNAL_EVENT,22107,116
INTERNAL_EVENT,22308,117
INTERNAL_EVENT,22508,118
RECEIVED,B,0,22709,119
INTERNAL_EVENT,22910,120
INTERNAL_EVENT,23111,121
SINGLE_SEND,23312,122
INTERNAL_EVENT,23512,123
INTERNAL_EVENT,23713,124
INTERNAL_EVENT,23914,125
SINGLE_SEND,24115,126
SINGLE_SEND,24315,127
SINGLE_SEND,24516,128
RECEIVED,B,0,24717,129
SINGLE_SEND,24917,130
MULTI_SEND,25119,131
MULTI_SEND,25320,132
MULTI_SEND,25521,133
SINGLE_SEND,25724,134
INTERNAL_EVENT,25925,135
RECEIVED,B,0,26126,137
RECEIVED,B,0,26327,138
SINGLE_SEND,26528,139
INTERNAL_EVENT,26729,140
INTERNAL_EVENT,26930,141
MULTI_SEND,27130,142
INTERNAL_EVENT,27331,143
RECEIVED,B,0,27532,145
SINGLE_SEND,27733,146
INTERNAL_EVENT,27933,147
RECEIVED,B,0,28134,148
RECEIVED,B,0,28335,149
RECEIVED,B,0,28535,150
INTERNAL_EVENT,28736,151
RECEIVED,B,0,28936,152
RECEIVED,B,0,29137,153
INTERNAL_EVENT,29337,154
RECEIVED,B,0,29538,155
INTERNAL_EVENT,29739,156
RECEIVED,B,0,29940,157
INTERNAL_EVENT,30141,158
MULTI_SEND,30341,159
SINGLE_SEND,30543,160
SINGLE_SEND,30743,161
MULTI_SEND,30944,162
SINGLE_SEND,31145,163
INTERNAL_EVENT,31346,164
RECEIVED,B,0,31547,167
INTERNAL_EVENT,31748,168
RECEIVED,B,0,31949,169
RECEIVED,B,0,32150,170
SINGLE_SEND,32351,171
MULTI_SEND,32551,172
SINGLE_SEND,32752,173
INTERNAL_EVENT,32953,174
INTERNAL_EVENT,33154,175
RECEIVED,B,0,33355,176
RECEIVED,B,0,33555,177
RECEIVED,B,0,33756,178
RECEIVED,B,0,33956,179
SINGLE_SEND,34157,180
SINGLE_SEND,34358,181
INTERNAL_EVENT,34558,182
RECEIVED,B,0,34759,184
SINGLE_SEND,34960,185
INTERNAL_EVENT,35161,186
MULTI_SEND,35362,187
INTERNAL_EVENT,35563,188
SINGLE_SEND,35763,189
MULTI_SEND,35964,190
SINGLE_SEND,36165,191
SINGLE_SEND,36366,192
RECEIVED,B,0,36566,194
RECEIVED,B,0,36768,195
MULTI_SEND,36969,196
INTERNAL_EVENT,37170,197
INTERNAL_EVENT,37370,198
RECEIVED,B,0,37571,200
INTERNAL_EVENT,37772,201
INTERNAL_EVENT,37973,202
RECEIVED,B,0,38175,203
RECEIVED,B,0,38376,204
INTERNAL_EVENT,38576,205
RECEIVED,B,0,38777,206
INTERNAL_EVENT,38978,207
RECEIVED,B,0,39178,208
RECEIVED,B,0,39379,209
INTERNAL_EVENT,39580,210
SINGLE_SEND,39781,211
INTERNAL_EVENT,39981,212
INTERNAL_EVENT,40182,213
SINGLE_SEND,40382,214
INTERNAL_EVENT,40583,215
SINGLE_SEND,40784,216
SINGLE_SEND,40985,217
MULTI_SEND,41186,218
RECEIVED,B,0,41387,220
INTERNAL_EVENT,41588,221
RECEIVED,B,0,41789,222
SINGLE_SEND,41990,223
SINGLE_SEND,42191,224
INTERNAL_EVENT,42391,225
RECEIVED,B,0,42592,226
INTERNAL_EVENT,42794,227
RECEIVED,B,0,42994,228
MULTI_SEND,43195,229
MULTI_SEND,43396,230
INTERNAL_EVENT,43596,231
INTERNAL_EVENT,43797,232
RECEIVED,B,0,43997,233
MULTI_SEND,44198,234
RECEIVED,B,0,44399,235
INTERNAL_EVENT,44600,236
SINGLE_SEND,44801,237
RECEIVED,B,0,45002,238
INTERNAL_EVENT,45203,239
RECEIVED,B,0,45403,240
RECEIVED,B,0,45604,241
RECEIVED,B,0,45807,243
INTERNAL_EVENT,46007,244
SINGLE_SEND,46208,245
SINGLE_SEND,46409,246
INTERNAL_EVENT,46610,247
RECEIVED,B,0,46810,249
SINGLE_SEND,47011,250
INTERNAL_EVENT,47212,251
RECEIVED,B,0,47412,253
SINGLE_SEND,47613,254
MULTI_SEND,47813,255
INTERNAL_EVENT,48015,256
RECEIVED,B,0,48216,258
INTERNAL_EVENT,48417,259
RECEIVED,B,0,48618,260
SINGLE_SEND,48818,261
RECEIVED,B,0,49019,262
RECEIVED,B,0,49220,263
RECEIVED,B,0,49420,264
RECEIVED,B,0,49621,265
MULTI_SEND,49822,266
INTERNAL_EVENT,50022,267
MULTI_SEND,50223,268
INTERNAL_EVENT,50424,269
RECEIVED,B,0,50625,271
INTERNAL_EVENT,50827,272
RECEIVED,B,0,51027,273
MULTI_SEND,51228,274
RECEIVED,B,0,51429,275
INTERNAL_EVENT,51631,276
RECEIVED,B,0,51831,277
RECEIVED,B,0,52032,278
RECEIVED,B,0,52233,279
RECEIVED,B,0,52434,280
SINGLE_SEND,52635,281
RECEIVED,B,0,52836,282
SINGLE_SEND,53038,283
RECEIVED,B,0,53239,284
MULTI_SEND,53440,285
RECEIVED,B,0,53641,286
SINGLE_SEND,53842,287
MULTI_SEND,54042,288
MULTI_SEND,54243,289
INTERNAL_EVENT,54444,290
INTERNAL_EVENT,54644,291
RECEIVED,B,0,54845,293
SINGLE_SEND,55046,294
SINGLE_SEND,55246,295
INTERNAL_EVENT,55447,296
MULTI_SEND,55648,297
RECEIVED,B,0,55849,298
INTERNAL_EVENT,56050,299
INTERNAL_EVENT,56250,300
RECEIVED,B,0,56451,301
MULTI_SEND,56652,302
RECEIVED,B,0,56853,303
INTERNAL_EVENT,57054,304
RECEIVED,B,0,57254,305
INTERNAL_EVENT,57455,306
SINGLE_SEND,57656,307
SINGLE_SEND,57857,308
RECEIVED,B,0,58058,309
SINGLE_SEND,58258,310
RECEIVED,B,0,58458,311
RECEIVED,B,0,58659,312
RECEIVED,B,0,58860,313
RECEIVED,B,0,59061,314
SINGLE_SEND,59262,315
INTERNAL_EVENT,59463,316
INTERNAL_EVENT,59664,317
RECEIVED,B,0,59864,319
SINGLE_SEND,60065,320
INTERNAL_EVENT,60266,321
RECEIVED,B,0,60467,322
SINGLE_SEND,60667,323
SINGLE_SEND,60868,324
MULTI_SEND,61069,325
INTERNAL_EVENT,61270,326
SINGLE_SEND,61472,327
SINGLE_SEND,61672,328
SINGLE_SEND,61873,329
RECEIVED,B,0,62074,331
SINGLE_SEND,62275,332
SINGLE_SEND,62474,333
MULTI_SEND,62676,334
RECEIVED,B,0,62877,336
INTERNAL_EVENT,63078,337
INTERNAL_EVENT,63278,338
INTERNAL_EVENT,63479,339
RECEIVED,B,0,63680,340
MULTI_SEND,63880,341
SINGLE_SEND,64081,342
RECEIVED,B,0,64282,344
RECEIVED,B,0,64482,345
MULTI_SEND,64683,346
SINGLE_SEND,64884,347
INTERNAL_EVENT,65085,348
MULTI_SEND,65286,349
INTERNAL_EVENT,65487,350
INTERNAL_EVENT,65687,351
RECEIVED,B,0,65888,352
