INIT,A,3
SINGLE_SEND,179,1
SINGLE_SEND,516,2
MULTI_SEND,851,3
INTERNAL_EVENT,1185,4
RECEIVED,B,1,1520,6
RECEIVED,B,1,1854,7
RECEIVED,C,1,2189,9
RECEIVED,B,2,2524,10
RECEIVED,B,1,2859,11
RECEIVED,C,1,3193,12
RECEIVED,C,1,3528,16
RECEIVED,C,1,3863,18
RECEIVED,B,1,4197,19
RECEIVED,C,1,4532,21
RECEIVED,C,0,4867,23
RECEIVED,C,1,5201,25
RECEIVED,C,0,5536,26
RECEIVED,C,0,5870,29
RECEIVED,C,0,6205,30
SINGLE_SEND,6539,31
RECEIVED,C,0,6874,34
RECEIVED,C,1,7209,35
RECEIVED,C,0,7544,36
RECEIVED,C,0,7878,39
RECEIVED,C,0,8213,41
SINGLE_SEND,8548,42
SINGLE_SEND,8883,43
SINGLE_SEND,9218,44
SINGLE_SEND,9553,45
SINGLE_SEND,9888,46
RECEIVED,C,1,10223,50
RECEIVED,C,2,10558,51
RECEIVED,C,1,10892,52
RECEIVED,C,0,11227,53
RECEIVED,C,0,11563,57
INTERNAL_EVENT,11898,58
SINGLE_SEND,12233,59
RECEIVED,B,0,12567,62
SINGLE_SEND,12902,63
MULTI_SEND,13237,64
RECEIVED,C,0,13572,68
RECEIVED,C,0,13907,69
RECEIVED,C,0,14241,71
SINGLE_SEND,14576,72
RECEIVED,C,0,14911,74
RECEIVED,C,0,15246,76
RECEIVED,C,0,15580,77
RECEIVED,C,0,15915,79
INTERNAL_EVENT,16250,80
RECEIVED,B,0,16584,83
RECEIVED,C,0,16918,85
INTERNAL_EVENT,17253,86
RECEIVED,B,0,17587,89
INTERNAL_EVENT,17922,90
RECEIVED,B,0,18257,92
RECEIVED,C,0,18591,94
RECEIVED,B,0,18926,95
RECEIVED,C,0,19261,96
MULTI_SEND,19595,97
INTERNAL_EVENT,19931,98
RECEIVED,C,0,20265,102
RECEIVED,C,0,20600,103
RECEIVED,C,0,20935,105
RECEIVED,C,1,21270,106
RECEIVED,B,1,21605,107
RECEIVED,C,0,21939,109
RECEIVED,C,1,22274,111
RECEIVED,B,3,22608,113
RECEIVED,C,4,22943,114
RECEIVED,B,4,23277,115
RECEIVED,C,5,23612,116
RECEIVED,B,5,23947,117
RECEIVED,C,5,24281,118
RECEIVED,C,5,24616,119
RECEIVED,C,4,24951,120
RECEIVED,C,4,25286,121
RECEIVED,B,3,25621,122
RECEIVED,B,3,25955,123
RECEIVED,C,4,26290,125
RECEIVED,B,3,26625,126
RECEIVED,B,2,26960,128
RECEIVED,C,3,27295,132
RECEIVED,B,2,27629,133
RECEIVED,B,1,27964,134
RECEIVED,C,1,28299,138
RECEIVED,C,0,28633,143
INTERNAL_EVENT,28968,144
RECEIVED,B,0,29303,149
RECEIVED,B,0,29638,150
SINGLE_SEND,29972,151
RECEIVED,B,1,30307,152
RECEIVED,B,2,30642,153
RECEIVED,C,2,30977,156
RECEIVED,C,1,31311,157
RECEIVED,B,1,31646,158
RECEIVED,B,1,31981,161
RECEIVED,B,0,32315,162
INTERNAL_EVENT,32650,163
RECEIVED,C,0,32985,170
RECEIVED,C,0,33320,172
RECEIVED,C,0,33655,173
RECEIVED,B,1,33989,174
RECEIVED,C,2,34324,175
RECEIVED,C,1,34658,176
RECEIVED,C,1,34993,177
RECEIVED,B,2,35328,180
RECEIVED,C,2,35662,183
RECEIVED,B,1,35997,184
RECEIVED,C,1,36332,185
RECEIVED,C,1,36666,188
RECEIVED,B,1,37001,190
RECEIVED,B,1,37336,191
RECEIVED,C,2,37671,193
RECEIVED,C,2,38006,195
RECEIVED,C,2,38340,196
RECEIVED,B,1,38675,197
RECEIVED,C,2,39010,199
RECEIVED,B,2,39344,200
RECEIVED,C,3,39679,202
RECEIVED,C,3,40014,204
RECEIVED,C,2,40348,205
RECEIVED,C,1,40683,206
RECEIVED,C,0,41017,207
RECEIVED,B,1,41352,212
RECEIVED,B,1,41687,213
RECEIVED,B,0,42022,214
SINGLE_SEND,42359,215
RECEIVED,C,0,42694,220
RECEIVED,C,0,43029,222
RECEIVED,C,0,43363,224
MULTI_SEND,43698,225
INTERNAL_EVENT,44033,226
RECEIVED,C,1,44368,228
RECEIVED,C,2,44702,229
RECEIVED,C,2,45037,230
RECEIVED,C,2,45371,231
RECEIVED,B,2,45706,232
RECEIVED,B,2,46040,234
RECEIVED,C,3,46375,236
RECEIVED,B,3,46710,237
RECEIVED,C,3,47044,239
RECEIVED,B,3,47379,240
RECEIVED,B,3,47714,241
RECEIVED,C,2,48050,243
RECEIVED,C,2,48384,244
RECEIVED,C,1,48719,247
RECEIVED,C,0,49053,249
RECEIVED,C,0,49388,254
RECEIVED,C,0,49723,257
MULTI_SEND,50057,258
RECEIVED,C,0,50391,261
RECEIVED,C,0,50726,262
INTERNAL_EVENT,51060,263
INTERNAL_EVENT,51395,264
SINGLE_SEND,51730,265
RECEIVED,B,0,52065,268
INTERNAL_EVENT,52400,269
RECEIVED,B,0,52735,271
RECEIVED,B,0,53070,272
RECEIVED,B,0,53405,278
RECEIVED,C,1,53739,279
RECEIVED,C,1,54074,280
RECEIVED,C,1,54409,281
RECEIVED,C,2,54743,282
RECEIVED,C,2,55077,283
RECEIVED,B,2,55412,284
RECEIVED,B,2,55746,285
RECEIVED,B,2,56081,287
RECEIVED,C,2,56416,288
RECEIVED,C,3,56750,290
RECEIVED,C,2,57085,291
RECEIVED,C,2,57419,293
RECEIVED,B,2,57754,294
RECEIVED,C,1,58089,297
RECEIVED,C,2,58423,299
RECEIVED,C,2,58758,303
RECEIVED,B,1,59093,304
RECEIVED,C,1,59427,305
RECEIVED,C,1,59762,308
RECEIVED,C,1,60097,309
RECEIVED,C,1,60432,311
RECEIVED,C,2,60766,312
RECEIVED,C,2,61101,314
RECEIVED,B,3,61436,315
RECEIVED,B,3,61771,316
RECEIVED,C,2,62106,317
RECEIVED,B,1,62441,318
RECEIVED,B,2,62776,319
RECEIVED,C,2,63110,324
RECEIVED,C,1,63445,325
RECEIVED,B,0,63780,326
SINGLE_SEND,64115,327
SINGLE_SEND,64449,328
RECEIVED,B,0,64784,333
RECEIVED,B,1,65119,334
RECEIVED,C,1,65454,337
RECEIVED,B,1,65789,338
