INIT,A,1
MULTI_SEND,183,1
RECEIVED,B,2,1186,4
RECEIVED,B,2,2187,5
RECEIVED,B,5,3188,6
RECEIVED,B,5,4188,8
RECEIVED,B,7,5189,14
RECEIVED,B,8,6190,15
RECEIVED,B,9,7190,16
RECEIVED,B,12,8191,17
RECEIVED,B,12,9192,22
RECEIVED,B,13,10193,24
RECEIVED,B,15,11193,26
RECEIVED,B,16,12194,27
RECEIVED,B,17,13194,30
RECEIVED,B,18,14196,32
RECEIVED,B,18,15196,34
RECEIVED,B,18,16197,37
RECEIVED,B,20,17197,38
RECEIVED,B,22,18198,39
RECEIVED,B,24,19198,40
RECEIVED,B,25,20199,41
RECEIVED,B,24,21200,43
RECEIVED,B,25,22200,48
RECEIVED,B,26,23202,52
RECEIVED,B,26,24202,53
RECEIVED,B,28,25203,56
RECEIVED,B,29,26204,57
RECEIVED,B,28,27205,59
RECEIVED,B,30,28205,62
RECEIVED,B,32,29206,63
RECEIVED,B,34,30206,67
RECEIVED,B,34,31207,69
RECEIVED,B,37,32208,72
RECEIVED,B,40,33208,73
RECEIVED,B,41,34210,78
RECEIVED,B,43,35210,83
RECEIVED,B,44,36211,84
RECEIVED,B,43,37211,86
RECEIVED,B,43,38212,88
RECEIVED,B,45,39213,89
RECEIVED,B,46,40214,90
RECEIVED,B,47,41214,93
RECEIVED,B,47,42215,94
RECEIVED,B,47,43216,96
RECEIVED,B,49,44217,98
RECEIVED,B,49,45217,101
RECEIVED,B,48,46218,108
RECEIVED,B,49,47219,112
RECEIVED,B,50,48219,115
RECEIVED,B,53,49220,116
RECEIVED,B,55,50220,120
RECEIVED,B,57,51221,125
RECEIVED,B,59,52222,126
RECEIVED,B,60,53223,127
RECEIVED,B,61,54223,130
RECEIVED,B,62,55224,132
RECEIVED,B,62,56224,139
RECEIVED,B,63,57226,140
RECEIVED,B,63,58227,141
RECEIVED,B,63,59230,143
RECEIVED,B,65,60231,144
RECEIVED,B,66,61232,146
RECEIVED,B,68,62232,148
RECEIVED,B,69,63233,149
RECEIVED,B,69,64234,152
RECEIVED,B,68,65234,155
