INIT,A,5
INTERNAL_EVENT,173,1
RECEIVED,B,0,380,2
INTERNAL_EVENT,581,3
INTERNAL_EVENT,782,4
RECEIVED,C,0,982,5
INTERNAL_EVENT,1183,6
INTERNAL_EVENT,1383,7
RECEIVED,C,0,1584,8
SINGLE_SEND,1784,9
INTERNAL_EVENT,1985,10
INTERNAL_EVENT,2186,11
MULTI_SEND,2386,12
INTERNAL_EVENT,2588,13
INTERNAL_EVENT,2789,14
INTERNAL_EVENT,2990,15
INTERNAL_EVENT,3190,16
INTERNAL_EVENT,3391,17
INTERNAL_EVENT,3591,18
RECEIVED,C,0,3792,19
INTERNAL_EVENT,3993,20
INTERNAL_EVENT,4193,21
SINGLE_SEND,4394,22
INTERNAL_EVENT,4594,23
RECEIVED,C,0,4795,24
INTERNAL_EVENT,4996,25
RECEIVED,C,0,5196,26
INTERNAL_EVENT,5397,27
SINGLE_SEND,5597,28
MULTI_SEND,5798,29
SINGLE_SEND,5999,30
INTERNAL_EVENT,6200,31
SINGLE_SEND,6400,32
INTERNAL_EVENT,6602,33
INTERNAL_EVENT,6803,34
SINGLE_SEND,7004,35
INTERNAL_EVENT,7204,36
MULTI_SEND,7405,37
SINGLE_SEND,7607,38
INTERNAL_EVENT,7813,39
RECEIVED,C,0,8014,41
INTERNAL_EVENT,8215,42
MULTI_SEND,8415,43
INTERNAL_EVENT,8616,44
INTERNAL_EVENT,8817,45
INTERNAL_EVENT,9018,46
INTERNAL_EVENT,9218,47
INTERNAL_EVENT,9419,48
INTERNAL_EVENT,9620,49
INTERNAL_EVENT,9821,50
INTERNAL_EVENT,10021,51
INTERNAL_EVENT,10222,52
MULTI_SEND,10423,53
INTERNAL_EVENT,10624,54
INTERNAL_EVENT,10825,55
INTERNAL_EVENT,11026,56
INTERNAL_EVENT,11227,57
INTERNAL_EVENT,11427,58
RECEIVED,C,0,11628,59
MULTI_SEND,11829,60
MULTI_SEND,12030,61
INTERNAL_EVENT,12231,62
MULTI_SEND,12432,63
INTERNAL_EVENT,12632,64
INTERNAL_EVENT,12833,65
INTERNAL_EVENT,13034,66
SINGLE_SEND,13234,67
INTERNAL_EVENT,13435,68
SINGLE_SEND,13637,69
INTERNAL_EVENT,13836,70
INTERNAL_EVENT,14037,71
MULTI_SEND,14237,72
INTERNAL_EVENT,14438,73
MULTI_SEND,14639,74
SINGLE_SEND,14840,75
SINGLE_SEND,15040,76
SINGLE_SEND,15241,77
INTERNAL_EVENT,15442,78
INTERNAL_EVENT,15643,79
SINGLE_SEND,15844,80
INTERNAL_EVENT,16046,81
SINGLE_SEND,16246,82
INTERNAL_EVENT,16447,83
INTERNAL_EVENT,16648,84
INTERNAL_EVENT,16849,85
INTERNAL_EVENT,17049,86
INTERNAL_EVENT,17250,87
INTERNAL_EVENT,17450,88
INTERNAL_EVENT,17651,89
RECEIVED,C,0,17852,90
INTERNAL_EVENT,18052,91
INTERNAL_EVENT,18253,92
SINGLE_SEND,18453,93
RECEIVED,C,0,18654,94
INTERNAL_EVENT,18854,95
RECEIVED,C,0,19054,96
INTERNAL_EVENT,19254,97
INTERNAL_EVENT,19455,98
INTERNAL_EVENT,19655,99
INTERNAL_EVENT,19856,100
INTERNAL_EVENT,20056,101
RECEIVED,C,0,20257,102
INTERNAL_EVENT,20458,103
INTERNAL_EVENT,20659,104
RECEIVED,C,0,20859,105
MULTI_SEND,21060,106
INTERNAL_EVENT,21262,107
INTERNAL_EVENT,21463,108
INTERNAL_EVENT,21663,109
SINGLE_SEND,21864,110
SINGLE_SEND,22065,111
SINGLE_SEND,22266,112
INTERNAL_EVENT,22466,113
INTERNAL_EVENT,22667,114
RECEIVED,C,0,22868,115
INTERNAL_EVENT,23068,116
SINGLE_SEND,23270,117
INTERNAL_EVENT,23470,118
RECEIVED,C,0,23671,119
INTERNAL_EVENT,23872,120
INTERNAL_EVENT,24072,121
INTERNAL_EVENT,24273,122
SINGLE_SEND,24474,123
INTERNAL_EVENT,24675,124
RECEIVED,C,0,24875,125
INTERNAL_EVENT,25076,126
SINGLE_SEND,25276,127
MULTI_SEND,25477,128
INTERNAL_EVENT,25678,129
MULTI_SEND,25879,130
SINGLE_SEND,26079,131
INTERNAL_EVENT,26280,132
SINGLE_SEND,26481,133
INTERNAL_EVENT,26681,134
MULTI_SEND,26882,135
INTERNAL_EVENT,27083,136
SINGLE_SEND,27284,137
INTERNAL_EVENT,27485,138
INTERNAL_EVENT,27685,139
SINGLE_SEND,27886,140
INTERNAL_EVENT,28087,141
INTERNAL_EVENT,28288,142
INTERNAL_EVENT,28488,143
MULTI_SEND,28689,144
SINGLE_SEND,28890,145
INTERNAL_EVENT,29091,146
MULTI_SEND,29291,147
INTERNAL_EVENT,29492,148
INTERNAL_EVENT,29693,149
MULTI_SEND,29894,150
SINGLE_SEND,30095,151
INTERNAL_EVENT,30295,152
INTERNAL_EVENT,30496,153
RECEIVED,C,0,30697,154
INTERNAL_EVENT,30897,155
SINGLE_SEND,31098,156
MULTI_SEND,31299,157
MULTI_SEND,31500,158
INTERNAL_EVENT,31701,159
INTERNAL_EVENT,31902,160
MULTI_SEND,32103,161
INTERNAL_EVENT,32304,162
INTERNAL_EVENT,32505,163
RECEIVED,C,0,32705,164
INTERNAL_EVENT,32906,165
INTERNAL_EVENT,33107,166
RECEIVED,C,0,33308,167
SINGLE_SEND,33509,168
MULTI_SEND,33710,169
INTERNAL_EVENT,33911,170
INTERNAL_EVENT,34112,171
INTERNAL_EVENT,34313,172
INTERNAL_EVENT,34514,173
RECEIVED,C,0,34715,174
INTERNAL_EVENT,34916,175
INTERNAL_EVENT,35117,176
INTERNAL_EVENT,35318,177
INTERNAL_EVENT,35518,178
INTERNAL_EVENT,35719,179
MULTI_SEND,35919,180
MULTI_SEND,36120,181
MULTI_SEND,36321,182
INTERNAL_EVENT,36521,183
INTERNAL_EVENT,36722,184
INTERNAL_EVENT,36923,185
MULTI_SEND,37123,186
SINGLE_SEND,37324,187
INTERNAL_EVENT,37526,188
INTERNAL_EVENT,37726,189
MULTI_SEND,37928,190
INTERNAL_EVENT,38129,191
SINGLE_SEND,38330,192
INTERNAL_EVENT,38530,193
SINGLE_SEND,38732,194
RECEIVED,C,0,38932,195
INTERNAL_EVENT,39133,196
SINGLE_SEND,39334,197
INTERNAL_EVENT,39535,198
INTERNAL_EVENT,39736,199
SINGLE_SEND,39937,200
MULTI_SEND,40138,201
SINGLE_SEND,40339,202
INTERNAL_EVENT,40540,203
INTERNAL_EVENT,40740,204
MULTI_SEND,40941,205
INTERNAL_EVENT,41142,206
INTERNAL_EVENT,41343,207
INTERNAL_EVENT,41543,208
INTERNAL_EVENT,41744,209
RECEIVED,C,0,41945,210
INTERNAL_EVENT,42146,211
INTERNAL_EVENT,42347,212
INTERNAL_EVENT,42548,213
SINGLE_SEND,42749,214
SINGLE_SEND,42949,215
SINGLE_SEND,43150,216
INTERNAL_EVENT,43351,217
MULTI_SEND,43552,218
SINGLE_SEND,43753,219
SINGLE_SEND,43953,220
RECEIVED,C,0,44154,222
INTERNAL_EVENT,44355,223
SINGLE_SEND,44556,224
INTERNAL_EVENT,44757,225
SINGLE_SEND,44958,226
SINGLE_SEND,45159,227
INTERNAL_EVENT,45359,228
INTERNAL_EVENT,45560,229
SINGLE_SEND,45762,230
SINGLE_SEND,45961,231
SINGLE_SEND,46162,232
SINGLE_SEND,46363,233
SINGLE_SEND,46564,234
RECEIVED,C,0,46765,235
INTERNAL_EVENT,46965,236
INTERNAL_EVENT,47166,237
RECEIVED,C,0,47366,238
INTERNAL_EVENT,47567,239
MULTI_SEND,47767,240
INTERNAL_EVENT,47969,241
INTERNAL_EVENT,48169,242
MULTI_SEND,48370,243
SINGLE_SEND,48570,244
INTERNAL_EVENT,48771,245
SINGLE_SEND,48973,246
INTERNAL_EVENT,49174,247
INTERNAL_EVENT,49375,248
INTERNAL_EVENT,49575,249
INTERNAL_EVENT,49776,250
INTERNAL_EVENT,49977,251
INTERNAL_EVENT,50177,252
RECEIVED,C,0,50378,253
INTERNAL_EVENT,50578,254
INTERNAL_EVENT,50779,255
INTERNAL_EVENT,50980,256
MULTI_SEND,51180,257
MULTI_SEND,51381,258
INTERNAL_EVENT,51582,259
INTERNAL_EVENT,51783,260
INTERNAL_EVENT,51984,261
INTERNAL_EVENT,52184,262
INTERNAL_EVENT,52384,263
SINGLE_SEND,52585,264
INTERNAL_EVENT,52786,265
INTERNAL_EVENT,52987,266
INTERNAL_EVENT,53187,267
INTERNAL_EVENT,53388,268
SINGLE_SEND,53589,269
INTERNAL_EVENT,53790,270
RECEIVED,C,0,53990,272
RECEIVED,C,0,54191,273
MULTI_SEND,54392,274
INTERNAL_EVENT,54593,275
INTERNAL_EVENT,54794,276
INTERNAL_EVENT,54994,277
MULTI_SEND,55195,278
INTERNAL_EVENT,55396,279
INTERNAL_EVENT,55597,280
RECEIVED,C,0,55798,281
INTERNAL_EVENT,55999,282
INTERNAL_EVENT,56199,283
MULTI_SEND,56400,284
MULTI_SEND,56602,285
INTERNAL_EVENT,56803,286
INTERNAL_EVENT,57004,287
RECEIVED,C,0,57205,288
SINGLE_SEND,57405,289
MULTI_SEND,57607,290
INTERNAL_EVENT,57808,291
INTERNAL_EVENT,58009,292
INTERNAL_EVENT,58210,293
MULTI_SEND,58411,294
MULTI_SEND,58612,295
INTERNAL_EVENT,58813,296
INTERNAL_EVENT,59014,297
RECEIVED,C,0,59214,298
INTERNAL_EVENT,59415,299
INTERNAL_EVENT,59616,300
INTERNAL_EVENT,59816,301
