INIT,A,5
SINGLE_SEND,198,1
INTERNAL_EVENT,399,2
INTERNAL_EVENT,599,3
INTERNAL_EVENT,800,4
RECEIVED,B,0,1001,7
RECEIVED,B,0,1202,8
SINGLE_SEND,1402,9
INTERNAL_EVENT,1603,10
INTERNAL_EVENT,1804,11
RECEIVED,B,0,2004,13
INTERNAL_EVENT,2205,14
SINGLE_SEND,2406,15
MULTI_SEND,2606,16
INTERNAL_EVENT,2807,17
INTERNAL_EVENT,3008,18
INTERNAL_EVENT,3209,19
SINGLE_SEND,3410,20
RECEIVED,B,0,3610,23
RECEIVED,B,0,3810,24
RECEIVED,C,0,4011,25
INTERNAL_EVENT,4212,26
INTERNAL_EVENT,4412,27
RECEIVED,B,0,4613,29
RECEIVED,B,0,4813,30
INTERNAL_EVENT,5014,31
MULTI_SEND,5214,32
RECEIVED,B,0,5415,35
RECEIVED,C,0,5615,36
INTERNAL_EVENT,5816,37
SINGLE_SEND,6017,38
MULTI_SEND,6217,39
SINGLE_SEND,6418,40
INTERNAL_EVENT,6618,41
INTERNAL_EVENT,6819,42
RECEIVED,C,0,7020,44
INTERNAL_EVENT,7221,45
MULTI_SEND,7421,46
SINGLE_SEND,7624,47
INTERNAL_EVENT,7824,48
INTERNAL_EVENT,8025,49
INTERNAL_EVENT,8225,50
INTERNAL_EVENT,8425,51
INTERNAL_EVENT,8626,52
INTERNAL_EVENT,8827,53
RECEIVED,B,0,9028,57
RECEIVED,B,0,9229,58
INTERNAL_EVENT,9429,59
MULTI_SEND,9630,60
INTERNAL_EVENT,9831,61
INTERNAL_EVENT,10032,62
RECEIVED,C,1,10232,63
RECEIVED,B,0,10433,64
RECEIVED,B,0,10634,67
INTERNAL_EVENT,10834,68
RECEIVED,B,0,11035,69
INTERNAL_EVENT,11236,70
RECEIVED,C,0,11437,71
RECEIVED,B,0,11638,73
INTERNAL_EVENT,11838,74
INTERNAL_EVENT,12039,75
RECEIVED,B,0,12239,76
INTERNAL_EVENT,12440,77
INTERNAL_EVENT,12641,78
RECEIVED,C,0,12841,79
RECEIVED,C,0,13042,80
INTERNAL_EVENT,13243,81
RECEIVED,C,0,13444,82
SINGLE_SEND,13644,83
INTERNAL_EVENT,13845,84
INTERNAL_EVENT,14046,85
RECEIVED,C,0,14246,86
MULTI_SEND,14447,87
INTERNAL_EVENT,14648,88
RECEIVED,B,0,14848,92
INTERNAL_EVENT,15049,93
MULTI_SEND,15250,94
MULTI_SEND,15451,95
SINGLE_SEND,15652,96
RECEIVED,C,0,15853,98
INTERNAL_EVENT,16053,99
SINGLE_SEND,16253,100
INTERNAL_EVENT,16454,101
RECEIVED,B,0,16655,104
INTERNAL_EVENT,16855,105
INTERNAL_EVENT,17056,106
INTERNAL_EVENT,17256,107
INTERNAL_EVENT,17457,108
RECEIVED,C,0,17657,109
INTERNAL_EVENT,17858,110
INTERNAL_EVENT,18058,111
RECEIVED,B,0,18259,114
INTERNAL_EVENT,18459,115
INTERNAL_EVENT,18660,116
INTERNAL_EVENT,18860,117
INTERNAL_EVENT,19061,118
INTERNAL_EVENT,19262,119
INTERNAL_EVENT,19462,120
INTERNAL_EVENT,19665,121
MULTI_SEND,19866,122
INTERNAL_EVENT,20067,123
INTERNAL_EVENT,20267,124
INTERNAL_EVENT,20468,125
INTERNAL_EVENT,20668,126
SINGLE_SEND,20869,127
INTERNAL_EVENT,21069,128
SINGLE_SEND,21270,129
INTERNAL_EVENT,21471,130
RECEIVED,C,0,21671,133
INTERNAL_EVENT,21872,134
SINGLE_SEND,22072,135
SINGLE_SEND,22274,136
INTERNAL_EVENT,22474,137
RECEIVED,C,0,22675,139
INTERNAL_EVENT,22875,140
RECEIVED,B,0,23104,143
INTERNAL_EVENT,23306,144
SINGLE_SEND,23507,145
INTERNAL_EVENT,23708,146
INTERNAL_EVENT,23909,147
SINGLE_SEND,24109,148
RECEIVED,B,0,24309,151
MULTI_SEND,24510,152
INTERNAL_EVENT,24711,153
INTERNAL_EVENT,24911,154
INTERNAL_EVENT,25112,155
SINGLE_SEND,25312,156
RECEIVED,B,0,25513,159
RECEIVED,B,0,25714,161
RECEIVED,B,0,25914,162
SINGLE_SEND,26115,163
INTERNAL_EVENT,26316,164
RECEIVED,C,0,26523,165
RECEIVED,C,0,26728,166
INTERNAL_EVENT,26928,167
INTERNAL_EVENT,27129,168
SINGLE_SEND,27329,169
RECEIVED,C,0,27530,170
RECEIVED,C,0,27731,171
SINGLE_SEND,27932,172
INTERNAL_EVENT,28133,173
INTERNAL_EVENT,28334,174
INTERNAL_EVENT,28534,175
SINGLE_SEND,28735,176
INTERNAL_EVENT,28936,177
INTERNAL_EVENT,29137,178
INTERNAL_EVENT,29338,179
SINGLE_SEND,29539,180
RECEIVED,B,0,29740,185
INTERNAL_EVENT,29940,186
MULTI_SEND,30141,187
INTERNAL_EVENT,30342,188
INTERNAL_EVENT,30543,189
RECEIVED,B,0,30743,192
INTERNAL_EVENT,30944,193
MULTI_SEND,31144,194
INTERNAL_EVENT,31345,195
RECEIVED,B,0,31546,197
INTERNAL_EVENT,31746,198
MULTI_SEND,31947,199
INTERNAL_EVENT,32147,200
INTERNAL_EVENT,32348,201
RECEIVED,B,0,32549,203
INTERNAL_EVENT,32749,204
INTERNAL_EVENT,32950,205
RECEIVED,B,0,33151,207
SINGLE_SEND,33351,208
RECEIVED,C,0,33552,209
SINGLE_SEND,33752,210
SINGLE_SEND,33953,211
INTERNAL_EVENT,34166,212
RECEIVED,B,0,34367,214
SINGLE_SEND,34568,215
INTERNAL_EVENT,34769,216
SINGLE_SEND,34970,217
MULTI_SEND,35170,218
INTERNAL_EVENT,35371,219
INTERNAL_EVENT,35571,220
INTERNAL_EVENT,35772,221
INTERNAL_EVENT,35972,222
INTERNAL_EVENT,36173,223
RECEIVED,B,0,36374,226
INTERNAL_EVENT,36574,227
INTERNAL_EVENT,36775,228
RECEIVED,C,0,36976,229
SINGLE_SEND,37176,230
SINGLE_SEND,37377,231
SINGLE_SEND,37579,232
RECEIVED,B,0,37780,234
RECEIVED,C,1,37981,235
RECEIVED,B,0,38181,236
INTERNAL_EVENT,38382,237
INTERNAL_EVENT,38582,238
RECEIVED,C,0,38783,239
MULTI_SEND,38983,240
INTERNAL_EVENT,39185,241
RECEIVED,B,0,39385,244
INTERNAL_EVENT,39586,245
RECEIVED,B,0,39787,246
SINGLE_SEND,39988,247
SINGLE_SEND,40189,248
SINGLE_SEND,40389,249
MULTI_SEND,40590,250
INTERNAL_EVENT,40791,251
RECEIVED,B,0,40992,255
RECEIVED,B,0,41192,256
RECEIVED,B,0,41393,257
INTERNAL_EVENT,41593,258
RECEIVED,C,0,41794,259
RECEIVED,B,0,41995,260
RECEIVED,B,1,42195,262
RECEIVED,C,0,42396,263
INTERNAL_EVENT,42598,264
MULTI_SEND,42798,265
RECEIVED,C,0,43000,266
INTERNAL_EVENT,43201,267
SINGLE_SEND,43401,268
RECEIVED,B,0,43602,271
INTERNAL_EVENT,43802,272
RECEIVED,C,0,44003,273
INTERNAL_EVENT,44203,274
INTERNAL_EVENT,44404,275
SINGLE_SEND,44604,276
INTERNAL_EVENT,44805,277
RECEIVED,B,0,45005,281
INTERNAL_EVENT,45206,282
RECEIVED,B,0,45406,283
INTERNAL_EVENT,45607,284
INTERNAL_EVENT,45808,285
INTERNAL_EVENT,46008,286
MULTI_SEND,46209,287
RECEIVED,C,0,46410,288
INTERNAL_EVENT,46611,289
INTERNAL_EVENT,46812,290
RECEIVED,C,1,47016,293
RECEIVED,C,0,47220,294
RECEIVED,B,0,47421,297
SINGLE_SEND,47622,298
RECEIVED,C,0,47822,299
RECEIVED,C,0,48022,300
MULTI_SEND,48223,301
MULTI_SEND,48424,302
SINGLE_SEND,48625,303
SINGLE_SEND,48826,304
RECEIVED,B,0,49026,308
INTERNAL_EVENT,49227,309
INTERNAL_EVENT,49428,310
RECEIVED,C,0,49629,312
INTERNAL_EVENT,49829,313
INTERNAL_EVENT,50030,314
RECEIVED,C,0,50230,315
RECEIVED,B,0,50431,317
SINGLE_SEND,50632,318
INTERNAL_EVENT,50833,319
RECEIVED,C,0,51033,321
SINGLE_SEND,51233,322
MULTI_SEND,51434,323
INTERNAL_EVENT,51635,324
SINGLE_SEND,51836,325
INTERNAL_EVENT,52036,326
RECEIVED,B,0,52237,329
INTERNAL_EVENT,52443,330
MULTI_SEND,52646,331
INTERNAL_EVENT,52847,332
INTERNAL_EVENT,53048,333
INTERNAL_EVENT,53249,334
SINGLE_SEND,53449,335
INTERNAL_EVENT,53650,336
INTERNAL_EVENT,53851,337
INTERNAL_EVENT,54051,338
INTERNAL_EVENT,54252,339
RECEIVED,C,0,54453,342
SINGLE_SEND,54653,343
INTERNAL_EVENT,54853,344
RECEIVED,C,0,55054,347
INTERNAL_EVENT,55255,348
INTERNAL_EVENT,55455,349
MULTI_SEND,55656,350
INTERNAL_EVENT,55857,351
INTERNAL_EVENT,56058,352
RECEIVED,B,0,56258,354
SINGLE_SEND,56459,355
SINGLE_SEND,56659,356
INTERNAL_EVENT,56860,357
RECEIVED,C,0,57060,358
INTERNAL_EVENT,57261,359
SINGLE_SEND,57462,360
INTERNAL_EVENT,57692,361
INTERNAL_EVENT,57896,362
INTERNAL_EVENT,58097,363
INTERNAL_EVENT,58298,364
INTERNAL_EVENT,58499,365
SINGLE_SEND,58699,366
INTERNAL_EVENT,58900,367
RECEIVED,C,0,59100,370
INTERNAL_EVENT,59301,371
INTERNAL_EVENT,59502,372
INTERNAL_EVENT,59703,373
SINGLE_SEND,59904,374
INTERNAL_EVENT,60105,375
SINGLE_SEND,60306,376
SINGLE_SEND,60507,377
SINGLE_SEND,60728,378
RECEIVED,B,0,60934,382
RECEIVED,B,0,61134,383
INTERNAL_EVENT,61335,384
INTERNAL_EVENT,61535,385
RECEIVED,C,1,61735,387
RECEIVED,B,1,61936,388
RECEIVED,B,0,62137,389
RECEIVED,C,0,62338,390
INTERNAL_EVENT,62538,391
MULTI_SEND,62739,392
INTERNAL_EVENT,62941,393
INTERNAL_EVENT,63141,394
INTERNAL_EVENT,63342,395
INTERNAL_EVENT,63543,396
INTERNAL_EVENT,63744,397
SINGLE_SEND,63944,398
INTERNAL_EVENT,64146,399
RECEIVED,B,0,64347,403
RECEIVED,B,0,64548,404
RECEIVED,C,0,64748,406
INTERNAL_EVENT,64948,407
RECEIVED,C,0,65149,408
RECEIVED,B,0,65349,410
SINGLE_SEND,65550,411
SINGLE_SEND,65750,412
INTERNAL_EVENT,65951,413
