INIT,A,5
INTERNAL_EVENT,190,1
RECEIVED,C,0,393,3
RECEIVED,C,0,594,4
SINGLE_SEND,806,5
INTERNAL_EVENT,1006,6
INTERNAL_EVENT,1207,7
INTERNAL_EVENT,1407,8
INTERNAL_EVENT,1608,9
INTERNAL_EVENT,1809,10
RECEIVED,B,0,2009,11
RECEIVED,B,1,2210,12
RECEIVED,C,1,2410,14
RECEIVED,B,1,2611,15
RECEIVED,B,1,2812,16
RECEIVED,C,0,3013,18
INTERNAL_EVENT,3213,19
RECEIVED,C,0,3414,21
MULTI_SEND,3615,22
INTERNAL_EVENT,3816,23
RECEIVED,B,0,4017,25
INTERNAL_EVENT,4218,26
INTERNAL_EVENT,4418,27
INTERNAL_EVENT,4619,28
RECEIVED,C,0,4819,31
INTERNAL_EVENT,5020,32
RECEIVED,C,0,5221,33
MULTI_SEND,5421,34
INTERNAL_EVENT,5622,35
INTERNAL_EVENT,5823,36
INTERNAL_EVENT,6023,37
RECEIVED,C,0,6224,40
INTERNAL_EVENT,6424,41
RECEIVED,C,0,6625,43
MULTI_SEND,6826,44
INTERNAL_EVENT,7027,45
INTERNAL_EVENT,7227,46
MULTI_SEND,7428,47
RECEIVED,C,0,7629,50
INTERNAL_EVENT,7830,51
MULTI_SEND,8031,52
INTERNAL_EVENT,8232,53
INTERNAL_EVENT,8433,54
INTERNAL_EVENT,8634,55
INTERNAL_EVENT,8835,56
RECEIVED,B,0,9036,58
INTERNAL_EVENT,9237,59
SINGLE_SEND,9437,60
SINGLE_SEND,9638,61
INTERNAL_EVENT,9839,62
INTERNAL_EVENT,10039,63
MULTI_SEND,10240,64
INTERNAL_EVENT,10441,65
RECEIVED,C,0,10641,69
INTERNAL_EVENT,10842,70
RECEIVED,B,0,11043,71
MULTI_SEND,11243,72
INTERNAL_EVENT,11444,73
INTERNAL_EVENT,11644,74
INTERNAL_EVENT,11845,75
INTERNAL_EVENT,12045,76
RECEIVED,C,0,12247,79
SINGLE_SEND,12448,80
RECEIVED,C,0,12649,81
RECEIVED,B,1,12849,83
RECEIVED,C,0,13050,84
INTERNAL_EVENT,13251,85
SINGLE_SEND,13452,86
INTERNAL_EVENT,13652,87
RECEIVED,B,0,13853,88
SINGLE_SEND,14053,89
SINGLE_SEND,14254,90
SINGLE_SEND,14455,91
INTERNAL_EVENT,14656,92
INTERNAL_EVENT,14857,93
INTERNAL_EVENT,15057,94
RECEIVED,C,0,15258,98
INTERNAL_EVENT,15458,99
RECEIVED,C,0,15659,100
INTERNAL_EVENT,15859,101
INTERNAL_EVENT,16060,102
SINGLE_SEND,16259,103
SINGLE_SEND,16460,104
SINGLE_SEND,16660,105
INTERNAL_EVENT,16861,106
RECEIVED,B,0,17062,108
SINGLE_SEND,17262,109
MULTI_SEND,17464,110
MULTI_SEND,17665,111
INTERNAL_EVENT,17866,112
INTERNAL_EVENT,18067,113
RECEIVED,C,0,18268,116
INTERNAL_EVENT,18469,117
RECEIVED,B,1,18669,118
RECEIVED,C,0,18871,119
MULTI_SEND,19072,120
SINGLE_SEND,19273,121
INTERNAL_EVENT,19474,122
SINGLE_SEND,19674,123
RECEIVED,C,0,19875,127
INTERNAL_EVENT,20075,128
SINGLE_SEND,20276,129
INTERNAL_EVENT,20477,130
RECEIVED,C,0,20677,132
RECEIVED,C,0,20878,134
RECEIVED,B,0,21079,135
RECEIVED,B,0,21280,136
INTERNAL_EVENT,21481,137
INTERNAL_EVENT,21681,138
RECEIVED,C,0,21882,140
SINGLE_SEND,22083,141
INTERNAL_EVENT,22284,142
RECEIVED,B,0,22485,143
SINGLE_SEND,22685,144
MULTI_SEND,22886,145
INTERNAL_EVENT,23087,146
INTERNAL_EVENT,23288,147
RECEIVED,B,1,23489,149
RECEIVED,C,0,23689,150
SINGLE_SEND,23889,151
RECEIVED,C,0,24093,153
INTERNAL_EVENT,24294,154
RECEIVED,B,0,24496,156
INTERNAL_EVENT,24697,157
MULTI_SEND,24899,158
RECEIVED,C,0,25101,161
INTERNAL_EVENT,25301,162
INTERNAL_EVENT,25502,163
INTERNAL_EVENT,25702,164
INTERNAL_EVENT,25903,165
SINGLE_SEND,26104,166
INTERNAL_EVENT,26304,167
INTERNAL_EVENT,26505,168
INTERNAL_EVENT,26706,169
INTERNAL_EVENT,26906,170
INTERNAL_EVENT,27107,171
RECEIVED,B,0,27307,172
RECEIVED,B,0,27508,173
MULTI_SEND,27709,174
INTERNAL_EVENT,27910,175
RECEIVED,C,0,28110,179
INTERNAL_EVENT,28311,180
MULTI_SEND,28511,181
MULTI_SEND,28712,182
SINGLE_SEND,28913,183
INTERNAL_EVENT,29113,184
INTERNAL_EVENT,29314,185
RECEIVED,C,0,29515,188
RECEIVED,C,0,29716,189
RECEIVED,C,0,29916,190
INTERNAL_EVENT,30117,191
SINGLE_SEND,30318,192
INTERNAL_EVENT,30519,193
INTERNAL_EVENT,30719,194
SINGLE_SEND,30920,195
INTERNAL_EVENT,31120,196
SINGLE_SEND,31321,197
INTERNAL_EVENT,31522,198
INTERNAL_EVENT,31722,199
SINGLE_SEND,31923,200
INTERNAL_EVENT,32124,201
INTERNAL_EVENT,32324,202
RECEIVED,C,0,32525,206
INTERNAL_EVENT,32726,207
RECEIVED,B,0,32926,208
SINGLE_SEND,33127,209
INTERNAL_EVENT,33328,210
RECEIVED,C,0,33529,212
SINGLE_SEND,33729,213
INTERNAL_EVENT,33930,214
RECEIVED,C,1,34131,215
RECEIVED,C,0,34331,216
INTERNAL_EVENT,34532,217
INTERNAL_EVENT,34732,218
RECEIVED,B,0,34933,220
INTERNAL_EVENT,35133,221
INTERNAL_EVENT,35334,222
INTERNAL_EVENT,35535,223
RECEIVED,C,0,35735,225
RECEIVED,C,0,35936,226
INTERNAL_EVENT,36137,227
RECEIVED,B,0,36337,228
SINGLE_SEND,36538,229
RECEIVED,B,0,36738,230
INTERNAL_EVENT,36939,231
INTERNAL_EVENT,37139,232
RECEIVED,B,0,37340,233
INTERNAL_EVENT,37541,234
INTERNAL_EVENT,37742,235
SINGLE_SEND,37943,236
INTERNAL_EVENT,38144,237
MULTI_SEND,38344,238
INTERNAL_EVENT,38545,239
MULTI_SEND,38746,240
INTERNAL_EVENT,38947,241
RECEIVED,C,0,39147,245
INTERNAL_EVENT,39348,246
RECEIVED,B,0,39549,247
INTERNAL_EVENT,39750,248
INTERNAL_EVENT,39951,249
SINGLE_SEND,40151,250
RECEIVED,C,0,40352,253
INTERNAL_EVENT,40552,254
INTERNAL_EVENT,40754,255
INTERNAL_EVENT,40954,256
INTERNAL_EVENT,41155,257
INTERNAL_EVENT,41355,258
INTERNAL_EVENT,41557,259
INTERNAL_EVENT,41759,260
INTERNAL_EVENT,41959,261
INTERNAL_EVENT,42159,262
RECEIVED,C,0,42360,265
INTERNAL_EVENT,42561,266
INTERNAL_EVENT,42761,267
MULTI_SEND,42962,268
INTERNAL_EVENT,43163,269
MULTI_SEND,43364,270
INTERNAL_EVENT,43564,271
INTERNAL_EVENT,43764,272
MULTI_SEND,43966,273
INTERNAL_EVENT,44167,274
RECEIVED,C,0,44368,277
INTERNAL_EVENT,44569,278
RECEIVED,C,0,44769,280
SINGLE_SEND,44970,281
INTERNAL_EVENT,45171,282
INTERNAL_EVENT,45371,283
SINGLE_SEND,45572,284
INTERNAL_EVENT,45773,285
INTERNAL_EVENT,45974,286
INTERNAL_EVENT,46174,287
RECEIVED,B,0,46375,291
SINGLE_SEND,46575,292
INTERNAL_EVENT,46776,293
RECEIVED,C,0,46976,295
INTERNAL_EVENT,47177,296
INTERNAL_EVENT,47377,297
INTERNAL_EVENT,47578,298
INTERNAL_EVENT,47779,299
RECEIVED,B,0,47980,300
RECEIVED,B,0,48181,301
INTERNAL_EVENT,48383,302
INTERNAL_EVENT,48583,303
INTERNAL_EVENT,48783,304
INTERNAL_EVENT,48984,305
INTERNAL_EVENT,49185,306
INTERNAL_EVENT,49385,307
INTERNAL_EVENT,49586,308
SINGLE_SEND,49787,309
INTERNAL_EVENT,49988,310
SINGLE_SEND,50188,311
INTERNAL_EVENT,50389,312
INTERNAL_EVENT,50589,313
RECEIVED,C,0,50790,318
MULTI_SEND,50990,319
INTERNAL_EVENT,51191,320
SINGLE_SEND,51392,321
INTERNAL_EVENT,51593,322
RECEIVED,C,0,51794,325
INTERNAL_EVENT,51994,326
SINGLE_SEND,52195,327
RECEIVED,C,0,52396,328
RECEIVED,C,0,52598,330
INTERNAL_EVENT,52798,331
INTERNAL_EVENT,52999,332
INTERNAL_EVENT,53200,333
SINGLE_SEND,53402,334
RECEIVED,C,0,53602,337
RECEIVED,C,0,53803,338
INTERNAL_EVENT,54004,339
INTERNAL_EVENT,54205,340
SINGLE_SEND,54405,341
INTERNAL_EVENT,54606,342
RECEIVED,C,0,54807,345
INTERNAL_EVENT,55007,346
INTERNAL_EVENT,55208,347
SINGLE_SEND,55409,348
SINGLE_SEND,55610,349
RECEIVED,B,0,55811,350
INTERNAL_EVENT,56011,351
INTERNAL_EVENT,56212,352
INTERNAL_EVENT,56412,353
RECEIVED,C,0,56613,356
INTERNAL_EVENT,56813,357
MULTI_SEND,57014,358
MULTI_SEND,57215,359
INTERNAL_EVENT,57415,360
INTERNAL_EVENT,57616,361
INTERNAL_EVENT,57817,362
RECEIVED,B,0,58018,364
INTERNAL_EVENT,58218,365
INTERNAL_EVENT,58419,366
INTERNAL_EVENT,58620,367
INTERNAL_EVENT,58821,368
RECEIVED,C,0,59022,372
INTERNAL_EVENT,59223,373
INTERNAL_EVENT,59423,374
INTERNAL_EVENT,59624,375
RECEIVED,C,0,59825,377
SINGLE_SEND,60026,378
RECEIVED,C,0,60227,379
MULTI_SEND,60427,380
SINGLE_SEND,60628,381
INTERNAL_EVENT,60828,382
INTERNAL_EVENT,61028,383
RECEIVED,B,0,61229,384
RECEIVED,C,0,61431,387
INTERNAL_EVENT,61631,388
SINGLE_SEND,61832,389
INTERNAL_EVENT,62033,390
INTERNAL_EVENT,62234,391
SINGLE_SEND,62434,392
INTERNAL_EVENT,62635,393
SINGLE_SEND,62836,394
RECEIVED,B,0,63037,395
INTERNAL_EVENT,63237,396
INTERNAL_EVENT,63438,397
SINGLE_SEND,63639,398
RECEIVED,C,0,63839,401
INTERNAL_EVENT,64040,402
RECEIVED,B,0,64242,403
RECEIVED,B,0,64442,404
INTERNAL_EVENT,64643,405
RECEIVED,C,0,64844,408
MULTI_SEND,65045,409
INTERNAL_EVENT,65246,410
RECEIVED,B,0,65447,412
INTERNAL_EVENT,65647,413
RECEIVED,C,0,65848,415
