INIT,A,6
INTERNAL_EVENT,183,1
RECEIVED,B,0,352,2
INTERNAL_EVENT,522,3
RECEIVED,B,0,690,5
INTERNAL_EVENT,859,6
SINGLE_SEND,1027,7
RECEIVED,C,0,1195,8
INTERNAL_EVENT,1363,9
MULTI_SEND,1530,10
INTERNAL_EVENT,1698,11
RECEIVED,B,0,1865,13
RECEIVED,B,0,2033,14
RECEIVED,C,0,2201,15
RECEIVED,C,0,2368,16
RECEIVED,C,0,2536,17
MULTI_SEND,2704,18
RECEIVED,C,0,2872,19
SINGLE_SEND,3039,20
INTERNAL_EVENT,3207,21
INTERNAL_EVENT,3375,22
SINGLE_SEND,3543,23
MULTI_SEND,3711,24
MULTI_SEND,3879,25
INTERNAL_EVENT,4049,26
INTERNAL_EVENT,4217,27
RECEIVED,C,0,4385,30
INTERNAL_EVENT,4553,31
INTERNAL_EVENT,4720,32
INTERNAL_EVENT,4888,33
INTERNAL_EVENT,5056,34
INTERNAL_EVENT,5224,35
MULTI_SEND,5392,36
INTERNAL_EVENT,5560,37
INTERNAL_EVENT,5727,38
RECEIVED,C,0,5895,40
INTERNAL_EVENT,6064,41
INTERNAL_EVENT,6231,42
SINGLE_SEND,6400,43
SINGLE_SEND,6568,44
INTERNAL_EVENT,6736,45
RECEIVED,B,0,6904,46
RECEIVED,B,0,7072,47
RECEIVED,C,0,7239,49
SINGLE_SEND,7407,50
INTERNAL_EVENT,7575,51
RECEIVED,C,0,7743,52
INTERNAL_EVENT,7910,53
INTERNAL_EVENT,8078,54
INTERNAL_EVENT,8245,55
SINGLE_SEND,8413,56
MULTI_SEND,8580,57
INTERNAL_EVENT,8748,58
INTERNAL_EVENT,8916,59
MULTI_SEND,9084,60
INTERNAL_EVENT,9252,61
INTERNAL_EVENT,9419,62
INTERNAL_EVENT,9587,63
INTERNAL_EVENT,9755,64
SINGLE_SEND,9922,65
INTERNAL_EVENT,10090,66
INTERNAL_EVENT,10257,67
MULTI_SEND,10425,68
INTERNAL_EVENT,10592,69
INTERNAL_EVENT,10760,70
RECEIVED,B,0,10928,72
INTERNAL_EVENT,11095,73
INTERNAL_EVENT,11263,74
INTERNAL_EVENT,11431,75
INTERNAL_EVENT,11599,76
RECEIVED,C,0,11766,77
RECEIVED,C,0,11934,78
INTERNAL_EVENT,12102,79
SINGLE_SEND,12270,80
INTERNAL_EVENT,12437,81
INTERNAL_EVENT,12605,82
MULTI_SEND,12773,83
SINGLE_SEND,12942,84
SINGLE_SEND,13110,85
INTERNAL_EVENT,13277,86
SINGLE_SEND,13445,87
INTERNAL_EVENT,13613,88
RECEIVED,B,0,13780,90
SINGLE_SEND,13948,91
INTERNAL_EVENT,14116,92
SINGLE_SEND,14284,93
RECEIVED,C,0,14452,94
INTERNAL_EVENT,14620,95
RECEIVED,C,0,14788,96
INTERNAL_EVENT,14956,97
SINGLE_SEND,15124,98
INTERNAL_EVENT,15292,99
INTERNAL_EVENT,15460,100
INTERNAL_EVENT,15628,101
INTERNAL_EVENT,15795,102
INTERNAL_EVENT,15963,103
RECEIVED,C,0,16131,105
RECEIVED,C,0,16298,106
INTERNAL_EVENT,16467,107
RECEIVED,B,0,16635,108
SINGLE_SEND,16802,109
INTERNAL_EVENT,16970,110
INTERNAL_EVENT,17138,111
RECEIVED,B,0,17305,112
RECEIVED,B,0,17473,113
INTERNAL_EVENT,17641,114
RECEIVED,B,0,17809,115
RECEIVED,B,0,17976,116
INTERNAL_EVENT,18143,117
INTERNAL_EVENT,18312,118
RECEIVED,B,0,18479,119
INTERNAL_EVENT,18647,120
MULTI_SEND,18815,121
INTERNAL_EVENT,18983,122
RECEIVED,B,0,19151,124
SINGLE_SEND,19319,125
SINGLE_SEND,19487,126
INTERNAL_EVENT,19655,127
INTERNAL_EVENT,19823,128
INTERNAL_EVENT,19990,129
INTERNAL_EVENT,20158,130
INTERNAL_EVENT,20325,131
INTERNAL_EVENT,20493,132
INTERNAL_EVENT,20660,133
INTERNAL_EVENT,20828,134
INTERNAL_EVENT,20995,135
RECEIVED,C,0,21163,136
MULTI_SEND,21330,137
INTERNAL_EVENT,21498,138
MULTI_SEND,21666,139
INTERNAL_EVENT,21834,140
SINGLE_SEND,22002,141
RECEIVED,B,0,22170,143
MULTI_SEND,22339,144
MULTI_SEND,22506,145
INTERNAL_EVENT,22674,146
SINGLE_SEND,22841,147
INTERNAL_EVENT,23009,148
MULTI_SEND,23177,149
INTERNAL_EVENT,23345,150
SINGLE_SEND,23513,151
INTERNAL_EVENT,23681,152
INTERNAL_EVENT,23848,153
INTERNAL_EVENT,24017,154
SINGLE_SEND,24185,155
RECEIVED,C,0,24352,156
RECEIVED,C,0,24520,157
INTERNAL_EVENT,24687,158
RECEIVED,C,0,24855,159
INTERNAL_EVENT,25023,160
RECEIVED,B,0,25191,161
RECEIVED,B,0,25359,162
INTERNAL_EVENT,25527,163
RECEIVED,C,0,25695,164
SINGLE_SEND,25863,165
MULTI_SEND,26031,166
INTERNAL_EVENT,26198,167
INTERNAL_EVENT,26366,168
INTERNAL_EVENT,26534,169
RECEIVED,C,0,26701,171
MULTI_SEND,26869,172
INTERNAL_EVENT,27037,173
MULTI_SEND,27204,174
INTERNAL_EVENT,27373,175
RECEIVED,B,0,27541,177
RECEIVED,C,0,27708,179
INTERNAL_EVENT,27876,180
INTERNAL_EVENT,28044,181
RECEIVED,B,0,28212,182
RECEIVED,B,0,28379,183
RECEIVED,B,0,28547,184
INTERNAL_EVENT,28715,185
RECEIVED,C,0,28883,186
INTERNAL_EVENT,29050,187
RECEIVED,B,0,29218,188
INTERNAL_EVENT,29387,189
SINGLE_SEND,29554,190
RECEIVED,B,0,29722,191
INTERNAL_EVENT,29890,192
RECEIVED,C,0,30058,193
INTERNAL_EVENT,30225,194
SINGLE_SEND,30393,195
RECEIVED,B,0,30560,197
INTERNAL_EVENT,30728,198
INTERNAL_EVENT,30896,199
INTERNAL_EVENT,31064,200
INTERNAL_EVENT,31231,201
INTERNAL_EVENT,31399,202
INTERNAL_EVENT,31567,203
MULTI_SEND,31735,204
MULTI_SEND,31902,205
INTERNAL_EVENT,32070,206
INTERNAL_EVENT,32238,207
INTERNAL_EVENT,32405,208
RECEIVED,B,0,32573,210
INTERNAL_EVENT,32741,211
RECEIVED,C,0,32909,212
INTERNAL_EVENT,33078,213
INTERNAL_EVENT,33245,214
SINGLE_SEND,33413,215
INTERNAL_EVENT,33581,216
SINGLE_SEND,33749,217
RECEIVED,C,0,33917,218
INTERNAL_EVENT,34084,219
INTERNAL_EVENT,34252,220
SINGLE_SEND,34420,221
INTERNAL_EVENT,34589,222
RECEIVED,C,0,34756,223
INTERNAL_EVENT,34925,224
SINGLE_SEND,35092,225
INTERNAL_EVENT,35260,226
INTERNAL_EVENT,35427,227
INTERNAL_EVENT,35595,228
INTERNAL_EVENT,35762,229
INTERNAL_EVENT,35930,230
RECEIVED,C,0,36098,231
RECEIVED,C,0,36266,232
MULTI_SEND,36433,233
INTERNAL_EVENT,36601,234
RECEIVED,C,0,36769,236
RECEIVED,C,0,36936,237
RECEIVED,C,1,37104,238
RECEIVED,B,0,37273,239
INTERNAL_EVENT,37440,240
INTERNAL_EVENT,37608,241
INTERNAL_EVENT,37776,242
RECEIVED,C,0,37943,243
SINGLE_SEND,38111,244
INTERNAL_EVENT,38279,245
SINGLE_SEND,38447,246
INTERNAL_EVENT,38614,247
SINGLE_SEND,38782,248
RECEIVED,C,0,38950,250
SINGLE_SEND,39117,251
INTERNAL_EVENT,39285,252
INTERNAL_EVENT,39453,253
RECEIVED,C,0,39621,254
RECEIVED,B,0,39789,256
INTERNAL_EVENT,39957,257
RECEIVED,B,0,40125,258
INTERNAL_EVENT,40293,259
SINGLE_SEND,40460,260
INTERNAL_EVENT,40628,261
INTERNAL_EVENT,40796,262
INTERNAL_EVENT,40964,263
MULTI_SEND,41133,264
INTERNAL_EVENT,41299,265
INTERNAL_EVENT,41467,266
INTERNAL_EVENT,41635,267
INTERNAL_EVENT,41803,268
INTERNAL_EVENT,41970,269
INTERNAL_EVENT,42138,270
RECEIVED,B,0,42305,272
INTERNAL_EVENT,42473,273
SINGLE_SEND,42640,274
SINGLE_SEND,42808,275
INTERNAL_EVENT,42976,276
SINGLE_SEND,43144,277
MULTI_SEND,43312,278
INTERNAL_EVENT,43480,279
RECEIVED,C,0,43648,281
RECEIVED,B,0,43815,283
INTERNAL_EVENT,43983,284
INTERNAL_EVENT,44151,285
INTERNAL_EVENT,44318,286
MULTI_SEND,44486,287
MULTI_SEND,44654,288
INTERNAL_EVENT,44822,289
MULTI_SEND,44990,290
INTERNAL_EVENT,45158,291
MULTI_SEND,45326,292
INTERNAL_EVENT,45494,293
INTERNAL_EVENT,45662,294
INTERNAL_EVENT,45829,295
MULTI_SEND,45996,296
INTERNAL_EVENT,46164,297
INTERNAL_EVENT,46333,298
INTERNAL_EVENT,46500,299
INTERNAL_EVENT,46668,300
INTERNAL_EVENT,46835,301
INTERNAL_EVENT,47003,302
INTERNAL_EVENT,47171,303
RECEIVED,C,0,47338,305
INTERNAL_EVENT,47506,306
SINGLE_SEND,47674,307
SINGLE_SEND,47842,308
INTERNAL_EVENT,48010,309
INTERNAL_EVENT,48178,310
INTERNAL_EVENT,48346,311
INTERNAL_EVENT,48513,312
INTERNAL_EVENT,48681,313
INTERNAL_EVENT,48848,314
INTERNAL_EVENT,49016,315
INTERNAL_EVENT,49183,316
INTERNAL_EVENT,49351,317
INTERNAL_EVENT,49518,318
INTERNAL_EVENT,49686,319
INTERNAL_EVENT,49854,320
INTERNAL_EVENT,50021,321
INTERNAL_EVENT,50189,322
SINGLE_SEND,50357,323
INTERNAL_EVENT,50525,324
INTERNAL_EVENT,50692,325
INTERNAL_EVENT,50860,326
RECEIVED,C,0,51028,329
INTERNAL_EVENT,51196,330
INTERNAL_EVENT,51363,331
INTERNAL_EVENT,51531,332
MULTI_SEND,51699,333
INTERNAL_EVENT,51867,334
RECEIVED,B,0,52034,336
INTERNAL_EVENT,52202,337
INTERNAL_EVENT,52369,338
INTERNAL_EVENT,52537,339
INTERNAL_EVENT,52704,340
RECEIVED,C,0,52871,341
MULTI_SEND,53039,342
INTERNAL_EVENT,53207,343
INTERNAL_EVENT,53375,344
RECEIVED,C,0,53542,345
INTERNAL_EVENT,53710,346
MULTI_SEND,53877,347
INTERNAL_EVENT,54046,348
MULTI_SEND,54214,349
SINGLE_SEND,54380,350
INTERNAL_EVENT,54548,351
SINGLE_SEND,54716,352
INTERNAL_EVENT,54883,353
RECEIVED,B,0,55051,355
INTERNAL_EVENT,55219,356
SINGLE_SEND,55386,357
INTERNAL_EVENT,55554,358
INTERNAL_EVENT,55722,359
SINGLE_SEND,55889,360
MULTI_SEND,56057,361
INTERNAL_EVENT,56226,362
SINGLE_SEND,56393,363
INTERNAL_EVENT,56561,364
SINGLE_SEND,56728,365
INTERNAL_EVENT,56896,366
RECEIVED,B,0,57064,368
INTERNAL_EVENT,57232,369
INTERNAL_EVENT,57399,370
MULTI_SEND,57567,371
MULTI_SEND,57735,372
INTERNAL_EVENT,57903,373
INTERNAL_EVENT,58070,374
INTERNAL_EVENT,58238,375
INTERNAL_EVENT,58409,376
RECEIVED,C,0,58576,378
RECEIVED,C,0,58744,379
INTERNAL_EVENT,58912,380
RECEIVED,B,0,59079,382
SINGLE_SEND,59247,383
INTERNAL_EVENT,59415,384
INTERNAL_EVENT,59582,385
INTERNAL_EVENT,59750,386
INTERNAL_EVENT,59917,387
RECEIVED,B,0,60085,389
INTERNAL_EVENT,60253,390
INTERNAL_EVENT,60421,391
RECEIVED,B,0,60589,392
RECEIVED,B,0,60757,393
INTERNAL_EVENT,60926,394
INTERNAL_EVENT,61094,395
MULTI_SEND,61262,396
INTERNAL_EVENT,61429,397
INTERNAL_EVENT,61597,398
MULTI_SEND,61765,399
INTERNAL_EVENT,61933,400
RECEIVED,C,0,62101,402
SINGLE_SEND,62268,403
MULTI_SEND,62438,404
SINGLE_SEND,62606,405
INTERNAL_EVENT,62774,406
RECEIVED,B,0,62942,408
INTERNAL_EVENT,63110,409
INTERNAL_EVENT,63277,410
INTERNAL_EVENT,63445,411
INTERNAL_EVENT,63613,412
INTERNAL_EVENT,63781,413
MULTI_SEND,63948,414
MULTI_SEND,64117,415
INTERNAL_EVENT,64285,416
INTERNAL_EVENT,64452,417
INTERNAL_EVENT,64619,418
RECEIVED,C,0,64787,419
INTERNAL_EVENT,64955,420
RECEIVED,C,0,65122,421
RECEIVED,B,0,65290,423
INTERNAL_EVENT,65458,424
SINGLE_SEND,65625,425
INTERNAL_EVENT,65794,426
INTERNAL_EVENT,65961,427
