INIT,B,3
RECEIVED,C,0,1157,6
INTERNAL_EVENT,1494,7
SINGLE_SEND,1832,8
RECEIVED,C,0,2167,11
INTERNAL_EVENT,2502,12
INTERNAL_EVENT,2838,13
SINGLE_SEND,3176,14
INTERNAL_EVENT,3512,15
SINGLE_SEND,3851,16
MULTI_SEND,4190,17
INTERNAL_EVENT,4529,18
INTERNAL_EVENT,4867,19
SINGLE_SEND,5202,20
SINGLE_SEND,5537,21
INTERNAL_EVENT,5876,22
INTERNAL_EVENT,6214,23
SINGLE_SEND,6551,24
SINGLE_SEND,6887,25
INTERNAL_EVENT,7225,26
INTERNAL_EVENT,7564,27
INTERNAL_EVENT,7903,28
INTERNAL_EVENT,8242,29
INTERNAL_EVENT,8577,30
INTERNAL_EVENT,8913,31
MULTI_SEND,9249,32
INTERNAL_EVENT,9585,33
MULTI_SEND,9923,34
