INIT,B,6
SINGLE_SEND,68,1
INTERNAL_EVENT,236,2
INTERNAL_EVENT,408,3
INTERNAL_EVENT,578,4
RECEIVED,C,0,749,5
RECEIVED,C,0,918,6
SINGLE_SEND,1090,7
INTERNAL_EVENT,1260,8
INTERNAL_EVENT,1428,9
INTERNAL_EVENT,1597,10
INTERNAL_EVENT,1766,11
RECEIVED,C,0,1935,12
RECEIVED,C,0,2104,13
RECEIVED,C,0,2275,14
INTERNAL_EVENT,2445,15
INTERNAL_EVENT,2616,16
RECEIVED,C,0,2786,17
SINGLE_SEND,2958,18
MULTI_SEND,3128,19
SINGLE_SEND,3298,20
INTERNAL_EVENT,3469,21
SINGLE_SEND,3640,22
SINGLE_SEND,3811,23
MULTI_SEND,3980,24
INTERNAL_EVENT,4150,25
INTERNAL_EVENT,4318,26
INTERNAL_EVENT,4489,27
INTERNAL_EVENT,4661,28
RECEIVED,C,0,4828,29
INTERNAL_EVENT,4995,30
INTERNAL_EVENT,5166,31
INTERNAL_EVENT,5333,32
INTERNAL_EVENT,5504,33
RECEIVED,C,0,5672,34
INTERNAL_EVENT,5844,35
SINGLE_SEND,6016,36
INTERNAL_EVENT,6184,37
INTERNAL_EVENT,6352,38
RECEIVED,C,0,6524,39
INTERNAL_EVENT,6695,40
INTERNAL_EVENT,6866,41
INTERNAL_EVENT,7038,42
RECEIVED,C,0,7207,43
RECEIVED,C,0,7378,44
SINGLE_SEND,7546,45
SINGLE_SEND,7716,46
SINGLE_SEND,7884,47
INTERNAL_EVENT,8053,48
INTERNAL_EVENT,8225,49
INTERNAL_EVENT,8396,50
INTERNAL_EVENT,8566,51
INTERNAL_EVENT,8738,52
INTERNAL_EVENT,8908,53
INTERNAL_EVENT,9078,54
RECEIVED,C,0,9245,55
MULTI_SEND,9417,56
INTERNAL_EVENT,9587,57
MULTI_SEND,9759,58
MULTI_SEND,9929,59
INTERNAL_EVENT,10095,60
SINGLE_SEND,10267,61
RECEIVED,C,0,10438,62
INTERNAL_EVENT,10610,63
INTERNAL_EVENT,10778,64
INTERNAL_EVENT,10946,65
INTERNAL_EVENT,11116,66
INTERNAL_EVENT,11283,67
MULTI_SEND,11454,68
MULTI_SEND,11626,69
INTERNAL_EVENT,11795,70
SINGLE_SEND,11966,71
MULTI_SEND,12135,72
INTERNAL_EVENT,12302,73
INTERNAL_EVENT,12470,74
RECEIVED,C,0,12642,75
INTERNAL_EVENT,12812,76
INTERNAL_EVENT,12979,77
SINGLE_SEND,13148,78
INTERNAL_EVENT,13316,79
INTERNAL_EVENT,13484,80
INTERNAL_EVENT,13655,81
SINGLE_SEND,13827,82
INTERNAL_EVENT,13995,83
INTERNAL_EVENT,14166,84
RECEIVED,C,0,14335,85
SINGLE_SEND,14506,86
INTERNAL_EVENT,14672,87
INTERNAL_EVENT,14842,88
INTERNAL_EVENT,15012,89
MULTI_SEND,15181,90
INTERNAL_EVENT,15349,91
SINGLE_SEND,15519,92
RECEIVED,C,0,15689,93
INTERNAL_EVENT,15857,94
SINGLE_SEND,16029,95
INTERNAL_EVENT,16197,96
SINGLE_SEND,16366,97
INTERNAL_EVENT,16536,98
INTERNAL_EVENT,16706,99
INTERNAL_EVENT,16878,100
INTERNAL_EVENT,17046,101
INTERNAL_EVENT,17216,102
MULTI_SEND,17385,103
INTERNAL_EVENT,17556,104
INTERNAL_EVENT,17728,105
INTERNAL_EVENT,17900,106
INTERNAL_EVENT,18070,107
RECEIVED,C,0,18242,108
RECEIVED,C,0,18412,109
RECEIVED,C,0,18579,110
INTERNAL_EVENT,18750,111
INTERNAL_EVENT,18922,112
INTERNAL_EVENT,19094,113
MULTI_SEND,19262,114
INTERNAL_EVENT,19431,115
SINGLE_SEND,19603,116
INTERNAL_EVENT,19770,117
SINGLE_SEND,19942,118
INTERNAL_EVENT,20111,119
MULTI_SEND,20279,120
SINGLE_SEND,20446,121
RECEIVED,C,0,20618,123
INTERNAL_EVENT,20789,124
INTERNAL_EVENT,20961,125
SINGLE_SEND,21129,126
SINGLE_SEND,21298,127
RECEIVED,C,0,21469,129
RECEIVED,C,0,21638,130
INTERNAL_EVENT,21806,131
INTERNAL_EVENT,21978,132
MULTI_SEND,22146,133
SINGLE_SEND,22317,134
INTERNAL_EVENT,22485,135
INTERNAL_EVENT,22655,136
INTERNAL_EVENT,22824,137
RECEIVED,C,0,22995,139
INTERNAL_EVENT,23166,140
INTERNAL_EVENT,23334,141
RECEIVED,C,0,23501,142
RECEIVED,C,0,23672,143
INTERNAL_EVENT,23842,144
RECEIVED,C,0,24012,145
RECEIVED,C,0,24180,146
SINGLE_SEND,24349,147
INTERNAL_EVENT,24520,148
RECEIVED,C,0,24692,150
MULTI_SEND,24860,151
INTERNAL_EVENT,25029,152
INTERNAL_EVENT,25196,153
SINGLE_SEND,25367,154
MULTI_SEND,25537,155
INTERNAL_EVENT,25707,156
INTERNAL_EVENT,25879,157
MULTI_SEND,26046,158
INTERNAL_EVENT,26216,159
INTERNAL_EVENT,26388,160
INTERNAL_EVENT,26556,161
INTERNAL_EVENT,26727,162
MULTI_SEND,26896,163
INTERNAL_EVENT,27066,164
RECEIVED,C,0,27235,166
RECEIVED,C,0,27406,167
INTERNAL_EVENT,27578,168
INTERNAL_EVENT,27746,169
INTERNAL_EVENT,27916,170
INTERNAL_EVENT,28087,171
INTERNAL_EVENT,28259,172
RECEIVED,C,0,28429,173
INTERNAL_EVENT,28597,174
INTERNAL_EVENT,28768,175
RECEIVED,C,0,28937,176
MULTI_SEND,29108,177
INTERNAL_EVENT,29278,178
SINGLE_SEND,29448,179
INTERNAL_EVENT,29616,180
INTERNAL_EVENT,29787,181
INTERNAL_EVENT,29955,182
INTERNAL_EVENT,30122,183
RECEIVED,C,0,30292,185
INTERNAL_EVENT,30462,186
RECEIVED,C,0,30633,187
RECEIVED,C,0,30804,188
INTERNAL_EVENT,30973,189
INTERNAL_EVENT,31145,190
SINGLE_SEND,31317,191
RECEIVED,C,0,31488,193
INTERNAL_EVENT,31658,194
SINGLE_SEND,31829,195
INTERNAL_EVENT,31997,196
SINGLE_SEND,32167,197
INTERNAL_EVENT,32339,198
RECEIVED,C,0,32508,200
SINGLE_SEND,32679,201
INTERNAL_EVENT,32849,202
RECEIVED,C,0,33017,204
SINGLE_SEND,33185,205
INTERNAL_EVENT,33356,206
INTERNAL_EVENT,33528,207
INTERNAL_EVENT,33696,208
INTERNAL_EVENT,33866,209
RECEIVED,C,0,34036,211
RECEIVED,C,0,34209,212
RECEIVED,C,0,34379,213
RECEIVED,C,0,34547,214
INTERNAL_EVENT,34719,215
INTERNAL_EVENT,34890,216
INTERNAL_EVENT,35062,217
RECEIVED,C,0,35231,218
SINGLE_SEND,35399,219
INTERNAL_EVENT,35568,220
SINGLE_SEND,35737,221
INTERNAL_EVENT,35905,222
INTERNAL_EVENT,36073,223
INTERNAL_EVENT,36242,224
INTERNAL_EVENT,36412,225
INTERNAL_EVENT,36579,226
INTERNAL_EVENT,36749,227
SINGLE_SEND,36918,228
RECEIVED,C,0,37089,230
MULTI_SEND,37257,231
INTERNAL_EVENT,37428,232
RECEIVED,C,0,37598,234
INTERNAL_EVENT,37767,235
SINGLE_SEND,37938,236
INTERNAL_EVENT,38106,237
SINGLE_SEND,38275,238
INTERNAL_EVENT,38446,239
INTERNAL_EVENT,38617,240
INTERNAL_EVENT,38785,241
RECEIVED,C,0,38954,243
SINGLE_SEND,39124,244
SINGLE_SEND,39296,245
INTERNAL_EVENT,39467,246
INTERNAL_EVENT,39639,247
INTERNAL_EVENT,39811,248
INTERNAL_EVENT,39980,249
MULTI_SEND,40147,250
INTERNAL_EVENT,40319,251
SINGLE_SEND,40487,252
INTERNAL_EVENT,40658,253
SINGLE_SEND,40829,254
INTERNAL_EVENT,40997,255
INTERNAL_EVENT,41167,256
SINGLE_SEND,41334,257
INTERNAL_EVENT,41505,258
RECEIVED,C,0,41673,259
INTERNAL_EVENT,41845,260
RECEIVED,C,0,42017,261
INTERNAL_EVENT,42186,262
RECEIVED,C,0,42355,263
RECEIVED,C,0,42525,264
RECEIVED,C,0,42696,265
MULTI_SEND,42867,266
INTERNAL_EVENT,43038,267
INTERNAL_EVENT,43209,268
SINGLE_SEND,43380,269
INTERNAL_EVENT,43548,270
INTERNAL_EVENT,43719,271
RECEIVED,C,0,43891,272
INTERNAL_EVENT,44063,273
RECEIVED,C,0,44234,274
INTERNAL_EVENT,44401,275
INTERNAL_EVENT,44572,276
INTERNAL_EVENT,44742,277
INTERNAL_EVENT,44911,278
INTERNAL_EVENT,45082,279
INTERNAL_EVENT,45254,280
INTERNAL_EVENT,45424,281
SINGLE_SEND,45595,282
INTERNAL_EVENT,45767,283
INTERNAL_EVENT,45934,284
RECEIVED,C,0,46106,285
INTERNAL_EVENT,46274,286
SINGLE_SEND,46445,287
INTERNAL_EVENT,46617,288
INTERNAL_EVENT,46788,289
SINGLE_SEND,46960,290
RECEIVED,C,0,47129,291
SINGLE_SEND,47297,292
RECEIVED,C,0,47468,293
RECEIVED,C,0,47636,294
INTERNAL_EVENT,47803,295
SINGLE_SEND,47974,296
INTERNAL_EVENT,48142,297
INTERNAL_EVENT,48313,298
RECEIVED,C,0,48483,299
RECEIVED,C,0,48653,300
INTERNAL_EVENT,48823,301
INTERNAL_EVENT,48992,302
INTERNAL_EVENT,49162,303
INTERNAL_EVENT,49333,304
INTERNAL_EVENT,49505,305
INTERNAL_EVENT,49673,306
RECEIVED,C,0,49845,307
INTERNAL_EVENT,50016,308
RECEIVED,C,0,50186,309
SINGLE_SEND,50355,310
RECEIVED,C,0,50523,311
INTERNAL_EVENT,50693,312
INTERNAL_EVENT,50863,313
INTERNAL_EVENT,51031,314
SINGLE_SEND,51203,315
INTERNAL_EVENT,51370,316
INTERNAL_EVENT,51542,317
INTERNAL_EVENT,51709,318
INTERNAL_EVENT,51879,319
RECEIVED,C,0,52048,320
MULTI_SEND,52219,321
MULTI_SEND,52390,322
INTERNAL_EVENT,52562,323
INTERNAL_EVENT,52729,324
RECEIVED,C,0,52897,325
INTERNAL_EVENT,53067,326
RECEIVED,C,0,53234,327
RECEIVED,C,0,53404,328
INTERNAL_EVENT,53572,329
RECEIVED,C,0,53743,330
INTERNAL_EVENT,53910,331
INTERNAL_EVENT,54079,332
RECEIVED,C,0,54247,333
INTERNAL_EVENT,54418,334
INTERNAL_EVENT,54587,335
INTERNAL_EVENT,54755,336
INTERNAL_EVENT,54922,337
RECEIVED,C,0,55093,338
RECEIVED,C,0,55263,339
INTERNAL_EVENT,55431,340
SINGLE_SEND,55600,341
SINGLE_SEND,55768,342
INTERNAL_EVENT,55937,343
INTERNAL_EVENT,56108,344
INTERNAL_EVENT,56280,345
INTERNAL_EVENT,56451,346
INTERNAL_EVENT,56620,347
INTERNAL_EVENT,56787,348
MULTI_SEND,56957,349
INTERNAL_EVENT,57129,350
INTERNAL_EVENT,57300,351
INTERNAL_EVENT,57471,352
SINGLE_SEND,57643,353
INTERNAL_EVENT,57814,354
RECEIVED,C,0,57982,356
INTERNAL_EVENT,58153,357
RECEIVED,C,0,58321,358
MULTI_SEND,58493,359
INTERNAL_EVENT,58661,360
INTERNAL_EVENT,58833,361
INTERNAL_EVENT,59005,362
INTERNAL_EVENT,59177,363
SINGLE_SEND,59346,364
SINGLE_SEND,59518,365
SINGLE_SEND,59687,366
RECEIVED,C,0,59858,368
SINGLE_SEND,60030,369
INTERNAL_EVENT,60198,370
RECEIVED,C,0,60367,371
SINGLE_SEND,60538,372
RECEIVED,C,0,60707,373
INTERNAL_EVENT,60879,374
INTERNAL_EVENT,61048,375
INTERNAL_EVENT,61219,376
RECEIVED,C,0,61390,377
MULTI_SEND,61557,378
INTERNAL_EVENT,61726,379
INTERNAL_EVENT,61897,380
INTERNAL_EVENT,62067,381
RECEIVED,C,0,62234,382
INTERNAL_EVENT,62406,383
INTERNAL_EVENT,62578,384
INTERNAL_EVENT,62746,385
INTERNAL_EVENT,62917,386
INTERNAL_EVENT,63088,387
SINGLE_SEND,63259,388
INTERNAL_EVENT,63430,389
INTERNAL_EVENT,63597,390
INTERNAL_EVENT,63768,391
INTERNAL_EVENT,63935,392
SINGLE_SEND,64105,393
INTERNAL_EVENT,64275,394
INTERNAL_EVENT,64446,395
INTERNAL_EVENT,64617,396
SINGLE_SEND,64785,397
INTERNAL_EVENT,64955,398
INTERNAL_EVENT,65123,399
MULTI_SEND,65295,400
INTERNAL_EVENT,65461,401
SINGLE_SEND,65630,402
INTERNAL_EVENT,65801,403
MULTI_SEND,65969,404
