INIT,B,6
SINGLE_SEND,72,1
RECEIVED,C,0,242,2
INTERNAL_EVENT,413,3
SINGLE_SEND,582,4
SINGLE_SEND,752,5
INTERNAL_EVENT,921,6
INTERNAL_EVENT,1091,7
INTERNAL_EVENT,1258,8
INTERNAL_EVENT,1427,9
RECEIVED,C,0,1597,10
INTERNAL_EVENT,1769,11
RECEIVED,C,0,1937,12
INTERNAL_EVENT,2106,13
MULTI_SEND,2274,14
INTERNAL_EVENT,2446,15
INTERNAL_EVENT,2613,16
INTERNAL_EVENT,2783,17
INTERNAL_EVENT,2950,18
INTERNAL_EVENT,3120,19
INTERNAL_EVENT,3291,20
RECEIVED,C,0,3458,21
SINGLE_SEND,3628,22
INTERNAL_EVENT,3797,23
INTERNAL_EVENT,3969,24
RECEIVED,C,0,4139,25
SINGLE_SEND,4310,26
INTERNAL_EVENT,4480,27
SINGLE_SEND,4648,28
INTERNAL_EVENT,4815,29
INTERNAL_EVENT,4986,30
INTERNAL_EVENT,5156,31
INTERNAL_EVENT,5328,32
SINGLE_SEND,5498,33
INTERNAL_EVENT,5666,34
INTERNAL_EVENT,5836,35
SINGLE_SEND,6005,36
INTERNAL_EVENT,6174,37
INTERNAL_EVENT,6346,38
INTERNAL_EVENT,6516,39
INTERNAL_EVENT,6686,40
INTERNAL_EVENT,6853,41
INTERNAL_EVENT,7025,42
INTERNAL_EVENT,7196,43
INTERNAL_EVENT,7363,44
SINGLE_SEND,7534,45
RECEIVED,C,0,7705,47
INTERNAL_EVENT,7874,48
RECEIVED,C,0,8042,49
RECEIVED,C,0,8214,50
INTERNAL_EVENT,8387,51
INTERNAL_EVENT,8556,52
INTERNAL_EVENT,8726,53
RECEIVED,C,0,8897,54
RECEIVED,C,0,9065,55
INTERNAL_EVENT,9237,56
INTERNAL_EVENT,9409,57
RECEIVED,C,0,9576,58
RECEIVED,C,0,9748,59
RECEIVED,C,0,9916,60
INTERNAL_EVENT,10083,61
INTERNAL_EVENT,10252,62
SINGLE_SEND,10422,63
INTERNAL_EVENT,10593,64
INTERNAL_EVENT,10763,65
INTERNAL_EVENT,10932,66
INTERNAL_EVENT,11103,67
INTERNAL_EVENT,11273,68
INTERNAL_EVENT,11445,69
MULTI_SEND,11617,70
MULTI_SEND,11789,71
INTERNAL_EVENT,11958,72
INTERNAL_EVENT,12127,73
RECEIVED,C,0,12298,75
RECEIVED,C,0,12468,76
SINGLE_SEND,12636,77
INTERNAL_EVENT,12806,78
INTERNAL_EVENT,12973,79
INTERNAL_EVENT,13145,80
INTERNAL_EVENT,13317,81
RECEIVED,C,0,13489,82
MULTI_SEND,13660,83
INTERNAL_EVENT,13829,84
RECEIVED,C,0,13997,86
INTERNAL_EVENT,14166,87
INTERNAL_EVENT,14336,88
INTERNAL_EVENT,14505,89
RECEIVED,C,0,14677,90
MULTI_SEND,14850,91
INTERNAL_EVENT,15021,92
INTERNAL_EVENT,15189,93
SINGLE_SEND,15361,94
INTERNAL_EVENT,15529,95
RECEIVED,C,0,15696,97
MULTI_SEND,15865,98
INTERNAL_EVENT,16035,99
INTERNAL_EVENT,16207,100
INTERNAL_EVENT,16377,101
SINGLE_SEND,16548,102
SINGLE_SEND,16720,103
INTERNAL_EVENT,16889,104
RECEIVED,C,0,17060,106
INTERNAL_EVENT,17230,107
SINGLE_SEND,17401,108
RECEIVED,C,0,17571,109
INTERNAL_EVENT,17741,110
RECEIVED,C,0,17909,111
RECEIVED,C,0,18079,112
RECEIVED,C,0,18249,113
INTERNAL_EVENT,18421,114
INTERNAL_EVENT,18593,115
INTERNAL_EVENT,18763,116
INTERNAL_EVENT,18931,117
INTERNAL_EVENT,19099,118
SINGLE_SEND,19267,119
INTERNAL_EVENT,19436,120
MULTI_SEND,19605,121
INTERNAL_EVENT,19776,122
INTERNAL_EVENT,19946,123
SINGLE_SEND,20118,124
INTERNAL_EVENT,20286,125
RECEIVED,C,0,20459,127
SINGLE_SEND,20627,128
INTERNAL_EVENT,20799,129
INTERNAL_EVENT,20969,130
INTERNAL_EVENT,21139,131
RECEIVED,C,0,21311,132
INTERNAL_EVENT,21482,133
SINGLE_SEND,21651,134
MULTI_SEND,21823,135
INTERNAL_EVENT,21993,136
SINGLE_SEND,22161,137
INTERNAL_EVENT,22329,138
SINGLE_SEND,22499,139
INTERNAL_EVENT,22670,140
RECEIVED,C,0,22837,142
RECEIVED,C,0,23004,143
INTERNAL_EVENT,23174,144
RECEIVED,C,0,23343,145
SINGLE_SEND,23516,146
RECEIVED,C,0,23686,147
INTERNAL_EVENT,23857,148
INTERNAL_EVENT,24028,149
INTERNAL_EVENT,24197,150
INTERNAL_EVENT,24369,151
INTERNAL_EVENT,24540,152
INTERNAL_EVENT,24709,153
SINGLE_SEND,24877,154
INTERNAL_EVENT,25045,155
INTERNAL_EVENT,25217,156
INTERNAL_EVENT,25386,157
RECEIVED,C,0,25554,159
RECEIVED,C,0,25723,160
RECEIVED,C,0,25891,161
INTERNAL_EVENT,26059,162
INTERNAL_EVENT,26229,163
INTERNAL_EVENT,26401,164
SINGLE_SEND,26569,165
SINGLE_SEND,26738,166
SINGLE_SEND,26906,167
INTERNAL_EVENT,27072,168
MULTI_SEND,27242,169
INTERNAL_EVENT,27414,170
INTERNAL_EVENT,27582,171
RECEIVED,C,0,27754,173
INTERNAL_EVENT,27924,174
INTERNAL_EVENT,28093,175
SINGLE_SEND,28261,176
INTERNAL_EVENT,28429,177
MULTI_SEND,28596,178
INTERNAL_EVENT,28766,179
INTERNAL_EVENT,28936,180
RECEIVED,C,0,29108,182
INTERNAL_EVENT,29276,183
INTERNAL_EVENT,29445,184
INTERNAL_EVENT,29617,185
INTERNAL_EVENT,29788,186
RECEIVED,C,0,29960,187
INTERNAL_EVENT,30130,188
SINGLE_SEND,30297,189
SINGLE_SEND,30466,190
SINGLE_SEND,30633,191
INTERNAL_EVENT,30804,192
RECEIVED,C,0,30976,194
INTERNAL_EVENT,31148,195
SINGLE_SEND,31318,196
INTERNAL_EVENT,31487,197
INTERNAL_EVENT,31656,198
SINGLE_SEND,31827,199
INTERNAL_EVENT,31997,200
RECEIVED,C,0,32165,202
MULTI_SEND,32336,203
SINGLE_SEND,32505,204
SINGLE_SEND,32677,205
INTERNAL_EVENT,32844,206
MULTI_SEND,33012,207
INTERNAL_EVENT,33182,208
RECEIVED,C,0,33352,210
INTERNAL_EVENT,33523,211
SINGLE_SEND,33692,212
SINGLE_SEND,33860,213
SINGLE_SEND,34028,214
INTERNAL_EVENT,34199,215
INTERNAL_EVENT,34366,216
INTERNAL_EVENT,34534,217
INTERNAL_EVENT,34703,218
RECEIVED,C,0,34870,220
INTERNAL_EVENT,35041,221
INTERNAL_EVENT,35209,222
INTERNAL_EVENT,35381,223
RECEIVED,C,0,35550,224
MULTI_SEND,35721,225
SINGLE_SEND,35893,226
INTERNAL_EVENT,36060,227
INTERNAL_EVENT,36231,228
INTERNAL_EVENT,36403,229
RECEIVED,C,0,36575,231
INTERNAL_EVENT,36743,232
INTERNAL_EVENT,36915,233
INTERNAL_EVENT,37084,234
INTERNAL_EVENT,37251,235
INTERNAL_EVENT,37423,236
RECEIVED,C,0,37593,237
SINGLE_SEND,37765,238
INTERNAL_EVENT,37932,239
RECEIVED,C,0,38100,240
RECEIVED,C,0,38270,241
RECEIVED,C,0,38440,242
INTERNAL_EVENT,38610,243
SINGLE_SEND,38782,244
INTERNAL_EVENT,38951,245
RECEIVED,C,0,39119,247
INTERNAL_EVENT,39291,248
INTERNAL_EVENT,39460,249
RECEIVED,C,0,39630,250
SINGLE_SEND,39801,251
SINGLE_SEND,39971,252
INTERNAL_EVENT,40141,253
RECEIVED,C,0,40312,254
INTERNAL_EVENT,40484,255
INTERNAL_EVENT,40653,256
SINGLE_SEND,40822,257
INTERNAL_EVENT,40991,258
INTERNAL_EVENT,41163,259
RECEIVED,C,0,41334,261
INTERNAL_EVENT,41503,262
RECEIVED,C,0,41675,263
MULTI_SEND,41845,264
SINGLE_SEND,42016,265
RECEIVED,C,0,42185,267
RECEIVED,C,0,42353,268
INTERNAL_EVENT,42521,269
INTERNAL_EVENT,42691,270
INTERNAL_EVENT,42860,271
INTERNAL_EVENT,43027,272
INTERNAL_EVENT,43199,273
INTERNAL_EVENT,43367,274
INTERNAL_EVENT,43536,275
INTERNAL_EVENT,43706,276
RECEIVED,C,0,43874,277
INTERNAL_EVENT,44044,278
INTERNAL_EVENT,44216,279
INTERNAL_EVENT,44387,280
INTERNAL_EVENT,44554,281
INTERNAL_EVENT,44724,282
MULTI_SEND,44894,283
INTERNAL_EVENT,45062,284
INTERNAL_EVENT,45233,285
SINGLE_SEND,45402,286
INTERNAL_EVENT,45571,287
INTERNAL_EVENT,45743,288
SINGLE_SEND,45915,289
INTERNAL_EVENT,46086,290
RECEIVED,C,0,46254,292
SINGLE_SEND,46423,293
RECEIVED,C,0,46595,294
INTERNAL_EVENT,46763,295
INTERNAL_EVENT,46933,296
INTERNAL_EVENT,47104,297
RECEIVED,C,0,47271,298
RECEIVED,C,0,47443,299
INTERNAL_EVENT,47615,300
INTERNAL_EVENT,47786,301
INTERNAL_EVENT,47956,302
INTERNAL_EVENT,48127,303
INTERNAL_EVENT,48299,304
INTERNAL_EVENT,48469,305
INTERNAL_EVENT,48637,306
SINGLE_SEND,48806,307
INTERNAL_EVENT,48974,308
INTERNAL_EVENT,49146,309
INTERNAL_EVENT,49315,310
RECEIVED,C,0,49486,312
SINGLE_SEND,49656,313
SINGLE_SEND,49827,314
MULTI_SEND,49998,315
SINGLE_SEND,50168,316
INTERNAL_EVENT,50338,317
INTERNAL_EVENT,50506,318
SINGLE_SEND,50676,319
INTERNAL_EVENT,50846,320
MULTI_SEND,51018,321
INTERNAL_EVENT,51186,322
INTERNAL_EVENT,51353,323
INTERNAL_EVENT,51523,324
INTERNAL_EVENT,51692,325
RECEIVED,C,0,51861,327
SINGLE_SEND,52028,328
INTERNAL_EVENT,52200,329
INTERNAL_EVENT,52371,330
RECEIVED,C,0,52542,331
RECEIVED,C,0,52713,332
INTERNAL_EVENT,52883,333
RECEIVED,C,0,53052,334
RECEIVED,C,0,53221,335
INTERNAL_EVENT,53393,336
INTERNAL_EVENT,53561,337
INTERNAL_EVENT,53733,338
RECEIVED,C,0,53904,339
SINGLE_SEND,54071,340
RECEIVED,C,0,54239,341
INTERNAL_EVENT,54409,342
SINGLE_SEND,54580,343
MULTI_SEND,54750,344
INTERNAL_EVENT,54919,345
RECEIVED,C,0,55090,347
INTERNAL_EVENT,55261,348
INTERNAL_EVENT,55433,349
INTERNAL_EVENT,55602,350
MULTI_SEND,55770,351
SINGLE_SEND,55942,352
INTERNAL_EVENT,56113,353
RECEIVED,C,0,56282,355
SINGLE_SEND,56451,356
INTERNAL_EVENT,56623,357
INTERNAL_EVENT,56790,358
INTERNAL_EVENT,56961,359
INTERNAL_EVENT,57131,360
RECEIVED,C,0,57302,362
INTERNAL_EVENT,57470,363
RECEIVED,C,0,57642,364
INTERNAL_EVENT,57814,365
RECEIVED,C,0,57985,366
INTERNAL_EVENT,58153,367
INTERNAL_EVENT,58321,368
RECEIVED,C,0,58493,369
INTERNAL_EVENT,58663,370
INTERNAL_EVENT,58835,371
RECEIVED,C,0,59003,372
INTERNAL_EVENT,59171,373
INTERNAL_EVENT,59341,374
RECEIVED,C,0,59512,375
RECEIVED,C,0,59682,376
RECEIVED,C,0,59852,377
INTERNAL_EVENT,60024,378
SINGLE_SEND,60194,379
INTERNAL_EVENT,60363,380
INTERNAL_EVENT,60534,381
RECEIVED,C,0,60703,383
RECEIVED,C,0,60871,384
SINGLE_SEND,61041,385
INTERNAL_EVENT,61208,386
SINGLE_SEND,61379,387
INTERNAL_EVENT,61550,388
SINGLE_SEND,61719,389
INTERNAL_EVENT,61886,390
INTERNAL_EVENT,62055,391
RECEIVED,C,0,62225,393
INTERNAL_EVENT,62397,394
INTERNAL_EVENT,62565,395
INTERNAL_EVENT,62736,396
INTERNAL_EVENT,62907,397
INTERNAL_EVENT,63077,398
INTERNAL_EVENT,63248,399
INTERNAL_EVENT,63419,400
INTERNAL_EVENT,63587,401
INTERNAL_EVENT,63758,402
INTERNAL_EVENT,63929,403
INTERNAL_EVENT,64099,404
INTERNAL_EVENT,64269,405
RECEIVED,C,0,64439,406
INTERNAL_EVENT,64610,407
RECEIVED,C,0,64782,408
INTERNAL_EVENT,64953,409
INTERNAL_EVENT,65122,410
RECEIVED,C,0,65290,411
INTERNAL_EVENT,65459,412
RECEIVED,C,0,65630,413
INTERNAL_EVENT,65801,414
INTERNAL_EVENT,65971,415
