INIT,B,6
RECEIVED,A,0,72,2
SINGLE_SEND,241,3
INTERNAL_EVENT,412,4
MULTI_SEND,584,5
SINGLE_SEND,754,6
INTERNAL_EVENT,923,7
SINGLE_SEND,1092,8
RECEIVED,C,0,1262,9
MULTI_SEND,1434,10
INTERNAL_EVENT,1603,11
MULTI_SEND,1773,12
INTERNAL_EVENT,1942,13
INTERNAL_EVENT,2114,14
RECEIVED,C,0,2285,15
MULTI_SEND,2456,16
INTERNAL_EVENT,2624,17
MULTI_SEND,2793,18
INTERNAL_EVENT,2964,19
INTERNAL_EVENT,3135,20
INTERNAL_EVENT,3307,21
RECEIVED,C,0,3476,22
SINGLE_SEND,3644,23
INTERNAL_EVENT,3814,24
INTERNAL_EVENT,3982,25
SINGLE_SEND,4152,26
SINGLE_SEND,4323,27
INTERNAL_EVENT,4493,28
INTERNAL_EVENT,4662,29
INTERNAL_EVENT,4829,30
SINGLE_SEND,4996,31
INTERNAL_EVENT,5166,32
INTERNAL_EVENT,5336,33
RECEIVED,C,0,5507,34
INTERNAL_EVENT,5677,35
RECEIVED,C,0,5847,36
MULTI_SEND,6019,37
INTERNAL_EVENT,6189,38
INTERNAL_EVENT,6358,39
INTERNAL_EVENT,6527,40
INTERNAL_EVENT,6696,41
INTERNAL_EVENT,6864,42
INTERNAL_EVENT,7035,43
INTERNAL_EVENT,7207,44
INTERNAL_EVENT,7374,45
SINGLE_SEND,7542,46
INTERNAL_EVENT,7712,47
INTERNAL_EVENT,7880,48
RECEIVED,C,0,8050,49
INTERNAL_EVENT,8218,50
INTERNAL_EVENT,8390,51
INTERNAL_EVENT,8557,52
RECEIVED,C,0,8726,53
INTERNAL_EVENT,8892,54
INTERNAL_EVENT,9062,55
INTERNAL_EVENT,9231,56
INTERNAL_EVENT,9402,57
INTERNAL_EVENT,9573,58
INTERNAL_EVENT,9741,59
MULTI_SEND,9911,60
RECEIVED,C,0,10080,61
INTERNAL_EVENT,10248,62
INTERNAL_EVENT,10416,63
INTERNAL_EVENT,10588,64
MULTI_SEND,10755,65
RECEIVED,C,0,10925,66
INTERNAL_EVENT,11093,67
RECEIVED,C,0,11261,68
MULTI_SEND,11428,69
RECEIVED,C,0,11596,70
MULTI_SEND,11766,71
INTERNAL_EVENT,11937,72
INTERNAL_EVENT,12106,73
SINGLE_SEND,12277,74
SINGLE_SEND,12449,75
MULTI_SEND,12617,76
INTERNAL_EVENT,12786,77
INTERNAL_EVENT,12958,78
INTERNAL_EVENT,13127,79
INTERNAL_EVENT,13295,80
MULTI_SEND,13465,81
INTERNAL_EVENT,13634,82
INTERNAL_EVENT,13803,83
RECEIVED,C,0,13971,84
RECEIVED,C,0,14138,85
INTERNAL_EVENT,14310,86
INTERNAL_EVENT,14481,87
SINGLE_SEND,14652,88
INTERNAL_EVENT,14822,89
INTERNAL_EVENT,14990,90
INTERNAL_EVENT,15158,91
INTERNAL_EVENT,15328,92
RECEIVED,C,0,15500,93
MULTI_SEND,15672,94
INTERNAL_EVENT,15840,95
INTERNAL_EVENT,16011,96
MULTI_SEND,16182,97
INTERNAL_EVENT,16353,98
INTERNAL_EVENT,16526,99
RECEIVED,C,0,16695,101
INTERNAL_EVENT,16866,102
INTERNAL_EVENT,17038,103
INTERNAL_EVENT,17206,104
INTERNAL_EVENT,17376,105
INTERNAL_EVENT,17544,106
INTERNAL_EVENT,17714,107
INTERNAL_EVENT,17885,108
SINGLE_SEND,18057,109
RECEIVED,C,0,18226,110
RECEIVED,C,0,18397,111
INTERNAL_EVENT,18565,112
INTERNAL_EVENT,18737,113
INTERNAL_EVENT,18908,114
INTERNAL_EVENT,19076,115
INTERNAL_EVENT,19248,116
INTERNAL_EVENT,19420,117
INTERNAL_EVENT,19590,118
RECEIVED,C,0,19762,119
INTERNAL_EVENT,19934,120
RECEIVED,C,0,20106,121
SINGLE_SEND,20277,122
RECEIVED,C,0,20448,123
SINGLE_SEND,20620,124
INTERNAL_EVENT,20790,125
INTERNAL_EVENT,20960,126
INTERNAL_EVENT,21130,127
RECEIVED,C,0,21299,128
RECEIVED,C,1,21471,129
RECEIVED,C,0,21639,130
MULTI_SEND,21810,131
SINGLE_SEND,21977,132
INTERNAL_EVENT,22146,133
INTERNAL_EVENT,22318,134
INTERNAL_EVENT,22488,135
INTERNAL_EVENT,22658,136
RECEIVED,C,0,22830,137
INTERNAL_EVENT,23002,138
SINGLE_SEND,23171,139
RECEIVED,C,0,23343,140
INTERNAL_EVENT,23516,141
SINGLE_SEND,23683,142
INTERNAL_EVENT,23855,143
RECEIVED,C,0,24027,144
INTERNAL_EVENT,24197,145
RECEIVED,C,0,24367,146
INTERNAL_EVENT,24537,147
RECEIVED,C,0,24703,148
RECEIVED,C,0,24871,149
SINGLE_SEND,25039,150
SINGLE_SEND,25207,151
INTERNAL_EVENT,25378,152
INTERNAL_EVENT,25546,153
INTERNAL_EVENT,25715,154
SINGLE_SEND,25884,155
INTERNAL_EVENT,26051,156
INTERNAL_EVENT,26223,157
RECEIVED,C,0,26393,159
INTERNAL_EVENT,26562,160
INTERNAL_EVENT,26734,161
RECEIVED,C,0,26902,162
INTERNAL_EVENT,27073,163
RECEIVED,C,0,27242,164
INTERNAL_EVENT,27411,165
MULTI_SEND,27581,166
INTERNAL_EVENT,27750,167
INTERNAL_EVENT,27918,168
RECEIVED,C,0,28087,170
INTERNAL_EVENT,28256,171
MULTI_SEND,28425,172
INTERNAL_EVENT,28595,173
INTERNAL_EVENT,28764,174
MULTI_SEND,28934,175
INTERNAL_EVENT,29106,176
INTERNAL_EVENT,29277,177
INTERNAL_EVENT,29447,178
INTERNAL_EVENT,29615,179
RECEIVED,C,0,29786,181
INTERNAL_EVENT,29956,182
INTERNAL_EVENT,30127,183
RECEIVED,C,0,30298,184
INTERNAL_EVENT,30465,185
INTERNAL_EVENT,30634,186
INTERNAL_EVENT,30802,187
SINGLE_SEND,30974,188
INTERNAL_EVENT,31142,189
INTERNAL_EVENT,31314,190
SINGLE_SEND,31486,191
INTERNAL_EVENT,31657,192
RECEIVED,A,0,31826,193
MULTI_SEND,31998,194
MULTI_SEND,32169,195
INTERNAL_EVENT,32340,196
INTERNAL_EVENT,32512,197
INTERNAL_EVENT,32679,198
MULTI_SEND,32850,199
INTERNAL_EVENT,33018,200
SINGLE_SEND,33185,201
INTERNAL_EVENT,33353,202
INTERNAL_EVENT,33522,203
INTERNAL_EVENT,33694,204
RECEIVED,A,0,33862,205
INTERNAL_EVENT,34034,206
INTERNAL_EVENT,34205,207
RECEIVED,C,0,34375,209
INTERNAL_EVENT,34546,210
INTERNAL_EVENT,34713,211
RECEIVED,C,0,34884,212
INTERNAL_EVENT,35052,213
INTERNAL_EVENT,35220,214
RECEIVED,C,0,35390,215
SINGLE_SEND,35559,216
INTERNAL_EVENT,35726,217
INTERNAL_EVENT,35895,218
RECEIVED,C,0,36065,220
INTERNAL_EVENT,36236,221
INTERNAL_EVENT,36406,222
RECEIVED,C,0,36576,223
INTERNAL_EVENT,36746,224
INTERNAL_EVENT,36915,225
INTERNAL_EVENT,37085,226
INTERNAL_EVENT,37254,227
SINGLE_SEND,37426,228
INTERNAL_EVENT,37596,229
RECEIVED,C,0,37767,230
INTERNAL_EVENT,37940,231
SINGLE_SEND,38110,232
SINGLE_SEND,38281,233
MULTI_SEND,38451,234
SINGLE_SEND,38620,235
INTERNAL_EVENT,38791,236
INTERNAL_EVENT,38963,237
INTERNAL_EVENT,39135,238
INTERNAL_EVENT,39303,239
INTERNAL_EVENT,39474,240
INTERNAL_EVENT,39644,241
INTERNAL_EVENT,39811,242
INTERNAL_EVENT,39983,243
INTERNAL_EVENT,40151,244
INTERNAL_EVENT,40323,245
MULTI_SEND,40496,246
INTERNAL_EVENT,40665,247
INTERNAL_EVENT,40835,248
INTERNAL_EVENT,41006,249
INTERNAL_EVENT,41175,250
INTERNAL_EVENT,41346,251
INTERNAL_EVENT,41515,252
SINGLE_SEND,41683,253
INTERNAL_EVENT,41855,254
MULTI_SEND,42023,255
INTERNAL_EVENT,42193,256
INTERNAL_EVENT,42360,257
RECEIVED,C,0,42528,259
RECEIVED,C,0,42698,260
INTERNAL_EVENT,42866,261
INTERNAL_EVENT,43037,262
INTERNAL_EVENT,43207,263
MULTI_SEND,43379,264
INTERNAL_EVENT,43549,265
INTERNAL_EVENT,43718,266
INTERNAL_EVENT,43890,267
RECEIVED,C,0,44061,269
INTERNAL_EVENT,44231,270
INTERNAL_EVENT,44402,271
RECEIVED,C,0,44573,272
INTERNAL_EVENT,44745,273
RECEIVED,C,0,44912,274
INTERNAL_EVENT,45084,275
INTERNAL_EVENT,45256,276
RECEIVED,C,0,45426,277
INTERNAL_EVENT,45595,278
INTERNAL_EVENT,45767,279
RECEIVED,C,0,45938,280
INTERNAL_EVENT,46109,281
INTERNAL_EVENT,46276,282
RECEIVED,C,0,46443,283
INTERNAL_EVENT,46611,284
INTERNAL_EVENT,46782,285
MULTI_SEND,46952,286
SINGLE_SEND,47118,287
INTERNAL_EVENT,47287,288
SINGLE_SEND,47458,289
MULTI_SEND,47629,290
SINGLE_SEND,47800,291
INTERNAL_EVENT,47967,292
INTERNAL_EVENT,48135,293
RECEIVED,C,0,48305,295
INTERNAL_EVENT,48475,296
RECEIVED,C,0,48643,297
INTERNAL_EVENT,48815,298
INTERNAL_EVENT,48984,299
INTERNAL_EVENT,49152,300
MULTI_SEND,49324,301
INTERNAL_EVENT,49494,302
INTERNAL_EVENT,49666,303
INTERNAL_EVENT,49834,304
INTERNAL_EVENT,50002,305
INTERNAL_EVENT,50172,306
RECEIVED,C,1,50343,308
RECEIVED,A,0,50509,309
INTERNAL_EVENT,50678,310
MULTI_SEND,50847,311
INTERNAL_EVENT,51015,312
INTERNAL_EVENT,51185,313
INTERNAL_EVENT,51354,314
SINGLE_SEND,51523,315
INTERNAL_EVENT,51693,316
INTERNAL_EVENT,51862,317
MULTI_SEND,52034,318
INTERNAL_EVENT,52204,319
INTERNAL_EVENT,52372,320
INTERNAL_EVENT,52542,321
MULTI_SEND,52710,322
SINGLE_SEND,52879,323
INTERNAL_EVENT,53049,324
MULTI_SEND,53217,325
INTERNAL_EVENT,53383,326
RECEIVED,C,0,53551,328
INTERNAL_EVENT,53719,329
INTERNAL_EVENT,53891,330
INTERNAL_EVENT,54059,331
RECEIVED,C,0,54228,332
INTERNAL_EVENT,54399,333
INTERNAL_EVENT,54567,334
INTERNAL_EVENT,54738,335
INTERNAL_EVENT,54906,336
RECEIVED,C,0,55073,337
SINGLE_SEND,55245,338
INTERNAL_EVENT,55416,339
SINGLE_SEND,55586,340
INTERNAL_EVENT,55759,341
RECEIVED,A,0,55927,342
RECEIVED,C,0,56099,344
INTERNAL_EVENT,56271,345
INTERNAL_EVENT,56439,346
MULTI_SEND,56609,347
SINGLE_SEND,56777,348
INTERNAL_EVENT,56945,349
INTERNAL_EVENT,57115,350
SINGLE_SEND,57285,351
INTERNAL_EVENT,57457,352
INTERNAL_EVENT,57625,353
INTERNAL_EVENT,57795,354
INTERNAL_EVENT,57967,355
INTERNAL_EVENT,58137,356
RECEIVED,C,0,58305,358
INTERNAL_EVENT,58477,359
INTERNAL_EVENT,58647,360
INTERNAL_EVENT,58818,361
RECEIVED,A,0,58990,362
INTERNAL_EVENT,59158,363
SINGLE_SEND,59326,364
INTERNAL_EVENT,59494,365
SINGLE_SEND,59664,366
INTERNAL_EVENT,59836,367
MULTI_SEND,60006,368
SINGLE_SEND,60173,369
RECEIVED,C,0,60343,371
RECEIVED,C,0,60512,372
RECEIVED,C,0,60681,373
SINGLE_SEND,60852,374
INTERNAL_EVENT,61022,375
RECEIVED,C,0,61190,376
INTERNAL_EVENT,61360,377
SINGLE_SEND,61532,378
SINGLE_SEND,61700,379
MULTI_SEND,61867,380
INTERNAL_EVENT,62038,381
INTERNAL_EVENT,62206,382
SINGLE_SEND,62377,383
INTERNAL_EVENT,62547,384
INTERNAL_EVENT,62718,385
INTERNAL_EVENT,62885,386
SINGLE_SEND,63055,387
INTERNAL_EVENT,63223,388
MULTI_SEND,63393,389
INTERNAL_EVENT,63562,390
INTERNAL_EVENT,63729,391
RECEIVED,C,0,63899,393
INTERNAL_EVENT,64069,394
INTERNAL_EVENT,64239,395
SINGLE_SEND,64410,396
SINGLE_SEND,64576,397
INTERNAL_EVENT,64744,398
SINGLE_SEND,64915,399
INTERNAL_EVENT,65087,400
SINGLE_SEND,65255,401
INTERNAL_EVENT,65422,402
INTERNAL_EVENT,65593,403
INTERNAL_EVENT,65764,404
SINGLE_SEND,65934,405
