INIT,B,6
INTERNAL_EVENT,74,1
RECEIVED,C,0,245,2
RECEIVED,C,0,417,3
INTERNAL_EVENT,584,4
RECEIVED,A,0,751,5
INTERNAL_EVENT,920,6
RECEIVED,C,0,1090,7
INTERNAL_EVENT,1257,8
INTERNAL_EVENT,1425,9
INTERNAL_EVENT,1596,10
RECEIVED,C,0,1767,11
RECEIVED,C,0,1935,12
INTERNAL_EVENT,2107,13
INTERNAL_EVENT,2275,14
RECEIVED,C,0,2446,15
INTERNAL_EVENT,2616,16
RECEIVED,C,1,2788,17
RECEIVED,C,0,2961,18
INTERNAL_EVENT,3131,19
SINGLE_SEND,3300,20
INTERNAL_EVENT,3469,21
MULTI_SEND,3639,22
SINGLE_SEND,3805,23
INTERNAL_EVENT,3974,24
MULTI_SEND,4146,25
SINGLE_SEND,4318,26
RECEIVED,C,0,4484,28
INTERNAL_EVENT,4656,29
INTERNAL_EVENT,4825,30
RECEIVED,C,0,4997,31
RECEIVED,A,0,5164,32
INTERNAL_EVENT,5335,33
INTERNAL_EVENT,5504,34
RECEIVED,C,0,5671,35
INTERNAL_EVENT,5845,36
SINGLE_SEND,6016,37
INTERNAL_EVENT,6184,38
INTERNAL_EVENT,6353,39
SINGLE_SEND,6523,40
INTERNAL_EVENT,6690,41
RECEIVED,A,0,6858,42
INTERNAL_EVENT,7030,43
RECEIVED,A,0,7200,44
INTERNAL_EVENT,7368,45
INTERNAL_EVENT,7535,46
INTERNAL_EVENT,7703,47
INTERNAL_EVENT,7870,48
RECEIVED,C,0,8038,50
INTERNAL_EVENT,8209,51
INTERNAL_EVENT,8380,52
SINGLE_SEND,8550,53
INTERNAL_EVENT,8721,54
INTERNAL_EVENT,8891,55
INTERNAL_EVENT,9062,56
RECEIVED,C,0,9233,57
INTERNAL_EVENT,9403,58
RECEIVED,A,0,9574,59
INTERNAL_EVENT,9740,60
INTERNAL_EVENT,9909,61
INTERNAL_EVENT,10080,62
INTERNAL_EVENT,10249,63
INTERNAL_EVENT,10420,64
RECEIVED,C,0,10588,65
INTERNAL_EVENT,10756,66
INTERNAL_EVENT,10928,67
INTERNAL_EVENT,11096,68
RECEIVED,A,0,11266,69
INTERNAL_EVENT,11434,70
INTERNAL_EVENT,11602,71
RECEIVED,C,0,11773,72
MULTI_SEND,11945,73
SINGLE_SEND,12115,74
INTERNAL_EVENT,12283,75
INTERNAL_EVENT,12453,76
INTERNAL_EVENT,12625,77
INTERNAL_EVENT,12796,78
INTERNAL_EVENT,12966,79
INTERNAL_EVENT,13136,80
MULTI_SEND,13309,81
INTERNAL_EVENT,13478,82
INTERNAL_EVENT,13646,83
INTERNAL_EVENT,13816,84
RECEIVED,A,0,13984,85
SINGLE_SEND,14153,86
INTERNAL_EVENT,14322,87
SINGLE_SEND,14490,88
MULTI_SEND,14656,89
INTERNAL_EVENT,14824,90
MULTI_SEND,14993,91
INTERNAL_EVENT,15164,92
INTERNAL_EVENT,15333,93
INTERNAL_EVENT,15500,94
INTERNAL_EVENT,15671,95
INTERNAL_EVENT,15840,96
RECEIVED,A,0,16006,97
SINGLE_SEND,16173,98
MULTI_SEND,16345,99
INTERNAL_EVENT,16514,100
MULTI_SEND,16683,101
INTERNAL_EVENT,16855,102
INTERNAL_EVENT,17023,103
SINGLE_SEND,17194,104
MULTI_SEND,17362,105
SINGLE_SEND,17533,106
RECEIVED,C,0,17700,108
SINGLE_SEND,17868,109
INTERNAL_EVENT,18038,110
RECEIVED,C,0,18210,112
INTERNAL_EVENT,18377,113
RECEIVED,C,0,18548,114
INTERNAL_EVENT,18716,115
INTERNAL_EVENT,18886,116
SINGLE_SEND,19057,117
RECEIVED,C,0,19226,118
INTERNAL_EVENT,19397,119
RECEIVED,C,0,19566,120
RECEIVED,C,0,19734,121
RECEIVED,C,0,19904,122
MULTI_SEND,20076,123
INTERNAL_EVENT,20243,124
SINGLE_SEND,20414,125
INTERNAL_EVENT,20586,126
INTERNAL_EVENT,20757,127
INTERNAL_EVENT,20927,128
INTERNAL_EVENT,21098,129
INTERNAL_EVENT,21265,130
INTERNAL_EVENT,21436,131
MULTI_SEND,21606,132
INTERNAL_EVENT,21777,133
INTERNAL_EVENT,21948,134
INTERNAL_EVENT,22119,135
INTERNAL_EVENT,22291,136
INTERNAL_EVENT,22459,137
INTERNAL_EVENT,22631,138
SINGLE_SEND,22800,139
INTERNAL_EVENT,22970,140
INTERNAL_EVENT,23140,141
INTERNAL_EVENT,23309,142
MULTI_SEND,23479,143
MULTI_SEND,23650,144
INTERNAL_EVENT,23821,145
SINGLE_SEND,23992,146
SINGLE_SEND,24164,147
INTERNAL_EVENT,24333,148
INTERNAL_EVENT,24500,149
SINGLE_SEND,24671,150
SINGLE_SEND,24842,151
SINGLE_SEND,25013,152
INTERNAL_EVENT,25181,153
INTERNAL_EVENT,25350,154
SINGLE_SEND,25518,155
INTERNAL_EVENT,25686,156
INTERNAL_EVENT,25857,157
INTERNAL_EVENT,26027,158
INTERNAL_EVENT,26199,159
INTERNAL_EVENT,26370,160
INTERNAL_EVENT,26538,161
SINGLE_SEND,26707,162
INTERNAL_EVENT,26879,163
RECEIVED,C,0,27050,165
INTERNAL_EVENT,27217,166
RECEIVED,C,0,27388,167
INTERNAL_EVENT,27557,168
SINGLE_SEND,27729,169
INTERNAL_EVENT,27899,170
INTERNAL_EVENT,28071,171
INTERNAL_EVENT,28242,172
INTERNAL_EVENT,28411,173
INTERNAL_EVENT,28581,174
SINGLE_SEND,28751,175
INTERNAL_EVENT,28921,176
RECEIVED,C,0,29090,178
INTERNAL_EVENT,29260,179
INTERNAL_EVENT,29431,180
RECEIVED,C,0,29600,181
RECEIVED,A,0,29770,182
INTERNAL_EVENT,29942,183
INTERNAL_EVENT,30113,184
RECEIVED,C,0,30282,185
INTERNAL_EVENT,30450,186
INTERNAL_EVENT,30619,187
INTERNAL_EVENT,30790,188
INTERNAL_EVENT,30961,189
INTERNAL_EVENT,31133,190
SINGLE_SEND,31304,191
RECEIVED,C,0,31472,192
INTERNAL_EVENT,31639,193
SINGLE_SEND,31807,194
RECEIVED,C,0,31974,195
INTERNAL_EVENT,32146,196
SINGLE_SEND,32315,197
INTERNAL_EVENT,32485,198
RECEIVED,C,0,32657,200
INTERNAL_EVENT,32827,201
SINGLE_SEND,32994,202
INTERNAL_EVENT,33164,203
SINGLE_SEND,33334,204
MULTI_SEND,33506,205
INTERNAL_EVENT,33675,206
INTERNAL_EVENT,33847,207
SINGLE_SEND,34015,208
MULTI_SEND,34181,209
INTERNAL_EVENT,34349,210
INTERNAL_EVENT,34517,211
INTERNAL_EVENT,34688,212
INTERNAL_EVENT,34860,213
SINGLE_SEND,35030,214
INTERNAL_EVENT,35199,215
MULTI_SEND,35370,216
INTERNAL_EVENT,35538,217
INTERNAL_EVENT,35708,218
RECEIVED,A,0,35880,219
INTERNAL_EVENT,36049,220
RECEIVED,A,1,36216,221
RECEIVED,C,0,36385,222
INTERNAL_EVENT,36557,223
MULTI_SEND,36729,224
INTERNAL_EVENT,36897,225
INTERNAL_EVENT,37064,226
INTERNAL_EVENT,37236,227
SINGLE_SEND,37408,228
RECEIVED,A,0,37580,229
SINGLE_SEND,37749,230
RECEIVED,C,0,37916,232
INTERNAL_EVENT,38088,233
INTERNAL_EVENT,38256,234
INTERNAL_EVENT,38425,235
RECEIVED,C,0,38597,236
INTERNAL_EVENT,38765,237
INTERNAL_EVENT,38935,238
INTERNAL_EVENT,39104,239
SINGLE_SEND,39272,240
INTERNAL_EVENT,39439,241
SINGLE_SEND,39611,242
RECEIVED,C,0,39781,244
INTERNAL_EVENT,39949,245
INTERNAL_EVENT,40117,246
INTERNAL_EVENT,40285,247
INTERNAL_EVENT,40457,248
INTERNAL_EVENT,40625,249
INTERNAL_EVENT,40797,250
INTERNAL_EVENT,40967,251
RECEIVED,C,0,41138,252
RECEIVED,C,0,41309,253
INTERNAL_EVENT,41481,254
INTERNAL_EVENT,41649,255
SINGLE_SEND,41818,256
RECEIVED,C,0,41986,257
SINGLE_SEND,42156,258
INTERNAL_EVENT,42326,259
INTERNAL_EVENT,42497,260
SINGLE_SEND,42666,261
RECEIVED,C,0,42833,262
INTERNAL_EVENT,43004,263
MULTI_SEND,43175,264
RECEIVED,A,0,43345,265
SINGLE_SEND,43515,266
SINGLE_SEND,43683,267
MULTI_SEND,43852,268
MULTI_SEND,44023,269
SINGLE_SEND,44194,270
INTERNAL_EVENT,44364,271
INTERNAL_EVENT,44534,272
INTERNAL_EVENT,44705,273
RECEIVED,A,0,44877,274
INTERNAL_EVENT,45046,275
RECEIVED,A,0,45214,276
INTERNAL_EVENT,45385,277
SINGLE_SEND,45555,278
INTERNAL_EVENT,45724,279
SINGLE_SEND,45896,280
INTERNAL_EVENT,46066,281
RECEIVED,C,0,46233,282
RECEIVED,C,0,46405,283
RECEIVED,C,0,46577,284
INTERNAL_EVENT,46747,285
INTERNAL_EVENT,46918,286
RECEIVED,C,0,47088,287
INTERNAL_EVENT,47258,288
RECEIVED,C,0,47429,289
RECEIVED,A,0,47599,290
INTERNAL_EVENT,47766,291
INTERNAL_EVENT,47936,292
INTERNAL_EVENT,48107,293
INTERNAL_EVENT,48278,294
INTERNAL_EVENT,48448,295
RECEIVED,C,0,48615,296
INTERNAL_EVENT,48786,297
INTERNAL_EVENT,48956,298
SINGLE_SEND,49128,299
SINGLE_SEND,49298,300
SINGLE_SEND,49466,301
INTERNAL_EVENT,49633,302
INTERNAL_EVENT,49804,303
RECEIVED,C,0,49976,304
SINGLE_SEND,50148,305
SINGLE_SEND,50315,306
INTERNAL_EVENT,50484,307
SINGLE_SEND,50656,308
INTERNAL_EVENT,50828,309
SINGLE_SEND,50998,310
INTERNAL_EVENT,51165,311
INTERNAL_EVENT,51336,312
INTERNAL_EVENT,51507,313
INTERNAL_EVENT,51678,314
INTERNAL_EVENT,51848,315
RECEIVED,C,0,52015,316
SINGLE_SEND,52182,317
INTERNAL_EVENT,52352,318
INTERNAL_EVENT,52522,319
INTERNAL_EVENT,52690,320
INTERNAL_EVENT,52857,321
INTERNAL_EVENT,53025,322
INTERNAL_EVENT,53196,323
INTERNAL_EVENT,53364,324
SINGLE_SEND,53532,325
INTERNAL_EVENT,53703,326
INTERNAL_EVENT,53874,327
RECEIVED,C,1,54045,329
RECEIVED,A,0,54214,330
RECEIVED,A,0,54385,331
RECEIVED,C,0,54556,332
INTERNAL_EVENT,54725,333
INTERNAL_EVENT,54897,334
INTERNAL_EVENT,55065,335
SINGLE_SEND,55237,336
SINGLE_SEND,55406,337
INTERNAL_EVENT,55576,338
INTERNAL_EVENT,55744,339
INTERNAL_EVENT,55914,340
RECEIVED,C,0,56082,341
RECEIVED,C,0,56253,342
INTERNAL_EVENT,56421,343
INTERNAL_EVENT,56591,344
SINGLE_SEND,56763,345
MULTI_SEND,56933,346
INTERNAL_EVENT,57103,347
INTERNAL_EVENT,57274,348
MULTI_SEND,57444,349
INTERNAL_EVENT,57614,350
INTERNAL_EVENT,57782,351
INTERNAL_EVENT,57952,352
RECEIVED,C,0,58124,353
INTERNAL_EVENT,58296,354
INTERNAL_EVENT,58467,355
RECEIVED,C,0,58633,356
INTERNAL_EVENT,58800,357
MULTI_SEND,58972,358
SINGLE_SEND,59141,359
SINGLE_SEND,59314,360
SINGLE_SEND,59484,361
INTERNAL_EVENT,59651,362
INTERNAL_EVENT,59823,363
RECEIVED,C,0,59995,364
RECEIVED,C,0,60164,365
INTERNAL_EVENT,60333,366
RECEIVED,C,0,60502,367
INTERNAL_EVENT,60671,368
SINGLE_SEND,60838,369
INTERNAL_EVENT,61009,370
INTERNAL_EVENT,61181,371
INTERNAL_EVENT,61348,372
INTERNAL_EVENT,61517,373
INTERNAL_EVENT,61689,374
SINGLE_SEND,61858,375
INTERNAL_EVENT,62029,376
INTERNAL_EVENT,62201,377
MULTI_SEND,62373,378
INTERNAL_EVENT,62541,379
SINGLE_SEND,62710,380
INTERNAL_EVENT,62881,381
SINGLE_SEND,63049,382
SINGLE_SEND,63221,383
INTERNAL_EVENT,63390,384
INTERNAL_EVENT,63560,385
RECEIVED,C,0,63731,386
INTERNAL_EVENT,63900,387
INTERNAL_EVENT,64071,388
RECEIVED,C,0,64239,389
RECEIVED,C,0,64408,390
INTERNAL_EVENT,64576,391
RECEIVED,C,0,64744,392
INTERNAL_EVENT,64914,393
INTERNAL_EVENT,65083,394
MULTI_SEND,65254,395
INTERNAL_EVENT,65424,396
SINGLE_SEND,65596,397
RECEIVED,C,0,65765,398
SINGLE_SEND,65936,399
