INIT,B,6
MULTI_SEND,71,1
INTERNAL_EVENT,242,2
INTERNAL_EVENT,412,3
INTERNAL_EVENT,583,4
INTERNAL_EVENT,755,5
INTERNAL_EVENT,927,6
RECEIVED,A,0,1095,7
INTERNAL_EVENT,1265,8
RECEIVED,C,0,1435,9
RECEIVED,A,0,1606,11
INTERNAL_EVENT,1773,12
INTERNAL_EVENT,1942,13
SINGLE_SEND,2112,14
INTERNAL_EVENT,2281,15
INTERNAL_EVENT,2452,16
RECEIVED,C,1,2625,17
RECEIVED,C,0,2795,18
SINGLE_SEND,2967,19
SINGLE_SEND,3137,20
INTERNAL_EVENT,3307,21
INTERNAL_EVENT,3478,22
INTERNAL_EVENT,3646,23
INTERNAL_EVENT,3814,24
INTERNAL_EVENT,3984,25
RECEIVED,C,0,4156,27
INTERNAL_EVENT,4327,28
RECEIVED,A,0,4496,29
RECEIVED,A,0,4665,30
INTERNAL_EVENT,4833,31
INTERNAL_EVENT,5002,32
INTERNAL_EVENT,5171,33
MULTI_SEND,5341,34
INTERNAL_EVENT,5513,35
INTERNAL_EVENT,5680,36
INTERNAL_EVENT,5849,37
RECEIVED,A,0,6016,38
RECEIVED,C,0,6188,40
INTERNAL_EVENT,6357,41
INTERNAL_EVENT,6529,42
INTERNAL_EVENT,6696,43
RECEIVED,C,0,6863,44
INTERNAL_EVENT,7034,45
INTERNAL_EVENT,7202,46
INTERNAL_EVENT,7370,47
INTERNAL_EVENT,7538,48
INTERNAL_EVENT,7709,49
SINGLE_SEND,7881,50
INTERNAL_EVENT,8052,51
MULTI_SEND,8222,52
INTERNAL_EVENT,8389,53
RECEIVED,C,0,8557,55
MULTI_SEND,8729,56
SINGLE_SEND,8896,57
SINGLE_SEND,9064,58
INTERNAL_EVENT,9232,59
SINGLE_SEND,9404,60
INTERNAL_EVENT,9575,61
INTERNAL_EVENT,9745,62
INTERNAL_EVENT,9912,63
SINGLE_SEND,10081,64
RECEIVED,C,0,10252,66
RECEIVED,C,0,10422,67
RECEIVED,C,0,10593,68
INTERNAL_EVENT,10762,69
INTERNAL_EVENT,10931,70
RECEIVED,A,0,11103,71
RECEIVED,C,0,11273,72
INTERNAL_EVENT,11443,73
INTERNAL_EVENT,11613,74
SINGLE_SEND,11782,75
INTERNAL_EVENT,11954,76
INTERNAL_EVENT,12124,77
INTERNAL_EVENT,12291,78
SINGLE_SEND,12461,79
INTERNAL_EVENT,12629,80
RECEIVED,A,0,12801,81
INTERNAL_EVENT,12969,82
SINGLE_SEND,13136,83
MULTI_SEND,13308,84
INTERNAL_EVENT,13479,85
SINGLE_SEND,13648,86
RECEIVED,C,0,13818,88
SINGLE_SEND,13988,89
INTERNAL_EVENT,14160,90
MULTI_SEND,14329,91
INTERNAL_EVENT,14499,92
INTERNAL_EVENT,14670,93
SINGLE_SEND,14840,94
INTERNAL_EVENT,15011,95
RECEIVED,C,0,15179,97
INTERNAL_EVENT,15351,98
INTERNAL_EVENT,15522,99
INTERNAL_EVENT,15693,100
RECEIVED,A,1,15864,101
RECEIVED,C,0,16032,102
INTERNAL_EVENT,16202,103
RECEIVED,C,0,16372,104
INTERNAL_EVENT,16539,105
INTERNAL_EVENT,16710,106
SINGLE_SEND,16879,107
INTERNAL_EVENT,17051,108
INTERNAL_EVENT,17223,109
INTERNAL_EVENT,17394,110
INTERNAL_EVENT,17562,111
INTERNAL_EVENT,17732,112
RECEIVED,C,0,17899,114
INTERNAL_EVENT,18069,115
SINGLE_SEND,18239,116
MULTI_SEND,18411,117
INTERNAL_EVENT,18581,118
INTERNAL_EVENT,18753,119
INTERNAL_EVENT,18925,120
RECEIVED,A,0,19096,121
INTERNAL_EVENT,19265,122
MULTI_SEND,19437,123
INTERNAL_EVENT,19606,124
INTERNAL_EVENT,19775,125
INTERNAL_EVENT,19943,126
RECEIVED,A,0,20112,127
INTERNAL_EVENT,20280,128
RECEIVED,C,0,20448,130
INTERNAL_EVENT,20619,131
RECEIVED,C,0,20789,132
RECEIVED,C,0,20960,133
INTERNAL_EVENT,21129,134
RECEIVED,C,0,21299,135
INTERNAL_EVENT,21466,136
INTERNAL_EVENT,21635,137
INTERNAL_EVENT,21804,138
INTERNAL_EVENT,21972,139
RECEIVED,A,0,22139,140
RECEIVED,C,0,22308,141
INTERNAL_EVENT,22479,142
INTERNAL_EVENT,22649,143
INTERNAL_EVENT,22818,144
INTERNAL_EVENT,22987,145
SINGLE_SEND,23155,146
SINGLE_SEND,23323,147
INTERNAL_EVENT,23494,148
INTERNAL_EVENT,23663,149
INTERNAL_EVENT,23834,150
MULTI_SEND,24001,151
INTERNAL_EVENT,24173,152
RECEIVED,C,0,24345,154
INTERNAL_EVENT,24513,155
INTERNAL_EVENT,24680,156
INTERNAL_EVENT,24851,157
INTERNAL_EVENT,25019,158
INTERNAL_EVENT,25190,159
INTERNAL_EVENT,25362,160
INTERNAL_EVENT,25530,161
SINGLE_SEND,25699,162
INTERNAL_EVENT,25870,163
INTERNAL_EVENT,26040,164
INTERNAL_EVENT,26210,165
INTERNAL_EVENT,26379,166
INTERNAL_EVENT,26547,167
INTERNAL_EVENT,26714,168
INTERNAL_EVENT,26881,169
INTERNAL_EVENT,27052,170
INTERNAL_EVENT,27223,171
INTERNAL_EVENT,27393,172
SINGLE_SEND,27562,173
RECEIVED,C,0,27730,175
INTERNAL_EVENT,27902,176
INTERNAL_EVENT,28073,177
RECEIVED,C,0,28240,178
MULTI_SEND,28408,179
INTERNAL_EVENT,28580,180
INTERNAL_EVENT,28748,181
RECEIVED,C,0,28915,183
SINGLE_SEND,29082,184
SINGLE_SEND,29252,185
SINGLE_SEND,29419,186
SINGLE_SEND,29587,187
INTERNAL_EVENT,29756,188
RECEIVED,C,0,29926,190
MULTI_SEND,30096,191
INTERNAL_EVENT,30264,192
MULTI_SEND,30433,193
INTERNAL_EVENT,30602,194
RECEIVED,C,0,30773,196
SINGLE_SEND,30945,197
SINGLE_SEND,31115,198
INTERNAL_EVENT,31283,199
RECEIVED,A,0,31451,200
MULTI_SEND,31623,201
SINGLE_SEND,31794,202
INTERNAL_EVENT,31962,203
RECEIVED,C,0,32132,205
INTERNAL_EVENT,32302,206
MULTI_SEND,32473,207
INTERNAL_EVENT,32641,208
INTERNAL_EVENT,32812,209
RECEIVED,C,0,32983,211
RECEIVED,C,0,33152,212
INTERNAL_EVENT,33321,213
INTERNAL_EVENT,33491,214
MULTI_SEND,33660,215
INTERNAL_EVENT,33827,216
INTERNAL_EVENT,33995,217
INTERNAL_EVENT,34165,218
RECEIVED,C,0,34332,220
SINGLE_SEND,34502,221
INTERNAL_EVENT,34669,222
SINGLE_SEND,34838,223
MULTI_SEND,35009,224
SINGLE_SEND,35180,225
INTERNAL_EVENT,35349,226
RECEIVED,C,0,35516,228
INTERNAL_EVENT,35688,229
INTERNAL_EVENT,35856,230
RECEIVED,A,0,36023,231
MULTI_SEND,36193,232
INTERNAL_EVENT,36364,233
RECEIVED,A,0,36534,235
INTERNAL_EVENT,36706,236
RECEIVED,A,0,36877,237
SINGLE_SEND,37047,238
INTERNAL_EVENT,37219,239
RECEIVED,C,0,37390,240
RECEIVED,C,0,37558,241
INTERNAL_EVENT,37729,242
INTERNAL_EVENT,37897,243
RECEIVED,A,0,38067,244
INTERNAL_EVENT,38238,245
INTERNAL_EVENT,38408,246
SINGLE_SEND,38579,247
INTERNAL_EVENT,38748,248
INTERNAL_EVENT,38918,249
RECEIVED,C,0,39085,251
INTERNAL_EVENT,39256,252
MULTI_SEND,39428,253
INTERNAL_EVENT,39596,254
INTERNAL_EVENT,39766,255
INTERNAL_EVENT,39935,256
INTERNAL_EVENT,40106,257
RECEIVED,C,0,40278,259
INTERNAL_EVENT,40447,260
INTERNAL_EVENT,40618,261
SINGLE_SEND,40786,262
INTERNAL_EVENT,40956,263
INTERNAL_EVENT,41125,264
INTERNAL_EVENT,41295,265
INTERNAL_EVENT,41464,266
INTERNAL_EVENT,41635,267
RECEIVED,A,0,41806,268
RECEIVED,C,0,41975,270
MULTI_SEND,42146,271
INTERNAL_EVENT,42316,272
INTERNAL_EVENT,42484,273
SINGLE_SEND,42652,274
INTERNAL_EVENT,42823,275
INTERNAL_EVENT,42994,276
INTERNAL_EVENT,43161,277
SINGLE_SEND,43329,278
INTERNAL_EVENT,43496,279
INTERNAL_EVENT,43667,280
RECEIVED,C,0,43838,282
SINGLE_SEND,44006,283
SINGLE_SEND,44177,284
INTERNAL_EVENT,44344,285
SINGLE_SEND,44514,286
INTERNAL_EVENT,44684,287
INTERNAL_EVENT,44856,288
INTERNAL_EVENT,45025,289
INTERNAL_EVENT,45194,290
RECEIVED,C,0,45364,292
INTERNAL_EVENT,45534,293
INTERNAL_EVENT,45703,294
RECEIVED,C,0,45873,295
SINGLE_SEND,46041,296
MULTI_SEND,46211,297
INTERNAL_EVENT,46382,298
INTERNAL_EVENT,46551,299
INTERNAL_EVENT,46719,300
RECEIVED,A,0,46890,301
SINGLE_SEND,47057,302
SINGLE_SEND,47229,303
INTERNAL_EVENT,47400,304
RECEIVED,C,0,47569,306
SINGLE_SEND,47740,307
SINGLE_SEND,47908,308
MULTI_SEND,48079,309
INTERNAL_EVENT,48250,310
INTERNAL_EVENT,48422,311
SINGLE_SEND,48591,312
INTERNAL_EVENT,48759,313
INTERNAL_EVENT,48929,314
RECEIVED,A,0,49101,315
SINGLE_SEND,49268,316
INTERNAL_EVENT,49440,317
MULTI_SEND,49607,318
SINGLE_SEND,49779,319
INTERNAL_EVENT,49950,320
SINGLE_SEND,50118,321
MULTI_SEND,50290,322
SINGLE_SEND,50460,323
INTERNAL_EVENT,50630,324
SINGLE_SEND,50802,325
INTERNAL_EVENT,50973,326
RECEIVED,A,0,51140,328
INTERNAL_EVENT,51309,329
INTERNAL_EVENT,51479,330
SINGLE_SEND,51651,331
INTERNAL_EVENT,51821,332
INTERNAL_EVENT,51990,333
INTERNAL_EVENT,52157,334
INTERNAL_EVENT,52324,335
RECEIVED,C,0,52491,337
SINGLE_SEND,52659,338
INTERNAL_EVENT,52830,339
INTERNAL_EVENT,53000,340
RECEIVED,A,0,53168,341
INTERNAL_EVENT,53336,342
RECEIVED,A,0,53506,343
RECEIVED,C,1,53677,344
RECEIVED,A,0,53845,345
RECEIVED,A,0,54012,346
INTERNAL_EVENT,54179,347
INTERNAL_EVENT,54347,348
RECEIVED,C,0,54515,349
INTERNAL_EVENT,54684,350
SINGLE_SEND,54854,351
RECEIVED,C,0,55023,352
RECEIVED,C,0,55190,353
INTERNAL_EVENT,55361,354
INTERNAL_EVENT,55529,355
RECEIVED,C,0,55701,356
INTERNAL_EVENT,55873,357
INTERNAL_EVENT,56041,358
RECEIVED,A,0,56212,359
INTERNAL_EVENT,56383,360
SINGLE_SEND,56551,361
RECEIVED,A,0,56723,362
INTERNAL_EVENT,56894,363
MULTI_SEND,57063,364
INTERNAL_EVENT,57233,365
INTERNAL_EVENT,57401,366
RECEIVED,C,0,57570,368
INTERNAL_EVENT,57741,369
INTERNAL_EVENT,57908,370
INTERNAL_EVENT,58075,371
SINGLE_SEND,58247,372
INTERNAL_EVENT,58416,373
INTERNAL_EVENT,58584,374
INTERNAL_EVENT,58754,375
SINGLE_SEND,58923,376
INTERNAL_EVENT,59092,377
INTERNAL_EVENT,59261,378
INTERNAL_EVENT,59430,379
INTERNAL_EVENT,59600,380
MULTI_SEND,59770,381
INTERNAL_EVENT,59940,382
INTERNAL_EVENT,60107,383
MULTI_SEND,60274,384
INTERNAL_EVENT,60443,385
INTERNAL_EVENT,60613,386
RECEIVED,C,0,60783,388
RECEIVED,C,0,60952,389
RECEIVED,C,0,61123,390
INTERNAL_EVENT,61295,391
INTERNAL_EVENT,61462,392
INTERNAL_EVENT,61633,393
MULTI_SEND,61806,394
SINGLE_SEND,61977,395
INTERNAL_EVENT,62146,396
SINGLE_SEND,62316,397
INTERNAL_EVENT,62486,398
INTERNAL_EVENT,62656,399
RECEIVED,C,0,62823,401
INTERNAL_EVENT,62992,402
MULTI_SEND,63160,403
INTERNAL_EVENT,63329,404
MULTI_SEND,63498,405
MULTI_SEND,63668,406
INTERNAL_EVENT,63840,407
INTERNAL_EVENT,64011,408
INTERNAL_EVENT,64183,409
RECEIVED,A,0,64353,410
RECEIVED,A,0,64523,411
SINGLE_SEND,64690,412
RECEIVED,A,0,64859,413
MULTI_SEND,65029,414
INTERNAL_EVENT,65196,415
INTERNAL_EVENT,65365,416
INTERNAL_EVENT,65534,417
RECEIVED,C,0,65705,419
INTERNAL_EVENT,65877,420
