INIT,B,6
INTERNAL_EVENT,65,1
INTERNAL_EVENT,235,2
INTERNAL_EVENT,403,3
INTERNAL_EVENT,573,4
INTERNAL_EVENT,742,5
RECEIVED,A,0,911,6
RECEIVED,A,0,1082,7
INTERNAL_EVENT,1251,8
RECEIVED,A,0,1422,9
RECEIVED,C,1,1592,10
RECEIVED,A,1,1760,11
RECEIVED,A,0,1930,12
INTERNAL_EVENT,2101,13
INTERNAL_EVENT,2273,14
SINGLE_SEND,2441,15
INTERNAL_EVENT,2613,16
INTERNAL_EVENT,2784,17
SINGLE_SEND,2956,18
RECEIVED,C,0,3128,19
RECEIVED,C,0,3297,20
MULTI_SEND,3467,21
INTERNAL_EVENT,3634,22
RECEIVED,A,0,3805,24
RECEIVED,A,0,3976,25
RECEIVED,A,0,4142,26
INTERNAL_EVENT,4312,27
INTERNAL_EVENT,4484,28
RECEIVED,A,0,4655,29
INTERNAL_EVENT,4825,30
MULTI_SEND,4997,31
INTERNAL_EVENT,5165,32
MULTI_SEND,5336,33
SINGLE_SEND,5503,34
INTERNAL_EVENT,5675,35
SINGLE_SEND,5846,36
RECEIVED,A,0,6018,38
SINGLE_SEND,6189,39
SINGLE_SEND,6360,40
INTERNAL_EVENT,6530,41
INTERNAL_EVENT,6701,42
MULTI_SEND,6872,43
RECEIVED,C,0,7043,44
INTERNAL_EVENT,7211,45
RECEIVED,C,0,7381,46
INTERNAL_EVENT,7550,47
INTERNAL_EVENT,7720,48
SINGLE_SEND,7889,49
RECEIVED,C,0,8056,50
INTERNAL_EVENT,8224,51
INTERNAL_EVENT,8393,52
RECEIVED,C,0,8560,53
INTERNAL_EVENT,8731,54
RECEIVED,A,0,8898,55
INTERNAL_EVENT,9068,56
INTERNAL_EVENT,9235,57
INTERNAL_EVENT,9407,58
INTERNAL_EVENT,9577,59
INTERNAL_EVENT,9745,60
INTERNAL_EVENT,9913,61
SINGLE_SEND,10081,62
INTERNAL_EVENT,10250,63
SINGLE_SEND,10422,64
INTERNAL_EVENT,10593,65
INTERNAL_EVENT,10760,66
RECEIVED,C,0,10930,67
INTERNAL_EVENT,11100,68
INTERNAL_EVENT,11272,69
RECEIVED,C,0,11444,70
INTERNAL_EVENT,11613,71
RECEIVED,C,0,11781,72
RECEIVED,C,1,11949,73
RECEIVED,A,0,12119,74
INTERNAL_EVENT,12289,75
MULTI_SEND,12461,76
INTERNAL_EVENT,12632,77
INTERNAL_EVENT,12801,78
INTERNAL_EVENT,12970,79
INTERNAL_EVENT,13139,80
RECEIVED,C,0,13310,82
INTERNAL_EVENT,13481,83
INTERNAL_EVENT,13648,84
SINGLE_SEND,13818,85
INTERNAL_EVENT,13984,86
INTERNAL_EVENT,14154,87
RECEIVED,C,0,14326,88
RECEIVED,C,0,14496,89
INTERNAL_EVENT,14666,90
INTERNAL_EVENT,14838,91
RECEIVED,A,0,15008,92
INTERNAL_EVENT,15180,93
SINGLE_SEND,15349,94
MULTI_SEND,15520,95
INTERNAL_EVENT,15692,96
INTERNAL_EVENT,15865,97
INTERNAL_EVENT,16032,98
INTERNAL_EVENT,16202,99
MULTI_SEND,16372,100
INTERNAL_EVENT,16541,101
SINGLE_SEND,16714,102
RECEIVED,C,0,16886,103
MULTI_SEND,17054,104
RECEIVED,C,0,17222,105
INTERNAL_EVENT,17390,106
SINGLE_SEND,17561,107
RECEIVED,C,0,17729,108
INTERNAL_EVENT,17897,109
INTERNAL_EVENT,18065,110
INTERNAL_EVENT,18235,111
RECEIVED,A,0,18407,112
RECEIVED,C,0,18577,113
INTERNAL_EVENT,18749,114
RECEIVED,C,0,18921,115
INTERNAL_EVENT,19092,116
INTERNAL_EVENT,19260,117
INTERNAL_EVENT,19430,118
INTERNAL_EVENT,19601,119
INTERNAL_EVENT,19768,120
MULTI_SEND,19937,121
SINGLE_SEND,20106,122
INTERNAL_EVENT,20278,123
INTERNAL_EVENT,20446,124
INTERNAL_EVENT,20618,125
RECEIVED,C,0,20790,126
INTERNAL_EVENT,20957,127
RECEIVED,A,0,21125,128
INTERNAL_EVENT,21294,129
SINGLE_SEND,21464,130
INTERNAL_EVENT,21636,131
SINGLE_SEND,21806,132
INTERNAL_EVENT,21977,133
INTERNAL_EVENT,22149,134
INTERNAL_EVENT,22319,135
INTERNAL_EVENT,22491,136
INTERNAL_EVENT,22660,137
RECEIVED,A,0,22831,138
SINGLE_SEND,23001,139
SINGLE_SEND,23173,140
INTERNAL_EVENT,23342,141
INTERNAL_EVENT,23512,142
MULTI_SEND,23680,143
INTERNAL_EVENT,23849,144
INTERNAL_EVENT,24017,145
MULTI_SEND,24186,146
MULTI_SEND,24355,147
INTERNAL_EVENT,24521,148
RECEIVED,A,0,24693,150
INTERNAL_EVENT,24864,151
RECEIVED,A,0,25035,153
RECEIVED,C,0,25208,154
RECEIVED,A,0,25377,155
SINGLE_SEND,25548,156
INTERNAL_EVENT,25720,157
MULTI_SEND,25893,158
SINGLE_SEND,26060,159
SINGLE_SEND,26231,160
INTERNAL_EVENT,26401,161
INTERNAL_EVENT,26570,162
SINGLE_SEND,26737,163
MULTI_SEND,26909,164
SINGLE_SEND,27080,165
INTERNAL_EVENT,27253,166
INTERNAL_EVENT,27420,167
INTERNAL_EVENT,27592,168
INTERNAL_EVENT,27764,169
SINGLE_SEND,27934,170
SINGLE_SEND,28102,171
RECEIVED,A,0,28271,173
INTERNAL_EVENT,28439,174
RECEIVED,A,0,28607,175
SINGLE_SEND,28778,176
SINGLE_SEND,28950,177
INTERNAL_EVENT,29118,178
RECEIVED,A,0,29289,179
INTERNAL_EVENT,29461,180
INTERNAL_EVENT,29633,181
INTERNAL_EVENT,29805,182
INTERNAL_EVENT,29973,183
RECEIVED,A,0,30144,185
INTERNAL_EVENT,30314,186
SINGLE_SEND,30484,187
SINGLE_SEND,30652,188
INTERNAL_EVENT,30824,189
RECEIVED,A,0,30993,191
SINGLE_SEND,31162,192
INTERNAL_EVENT,31331,193
RECEIVED,C,0,31500,195
SINGLE_SEND,31669,196
SINGLE_SEND,31838,197
RECEIVED,C,0,32010,198
INTERNAL_EVENT,32179,199
SINGLE_SEND,32349,200
INTERNAL_EVENT,32519,201
INTERNAL_EVENT,32691,202
SINGLE_SEND,32862,203
INTERNAL_EVENT,33032,204
RECEIVED,A,0,33199,205
INTERNAL_EVENT,33371,206
RECEIVED,A,0,33543,207
INTERNAL_EVENT,33714,208
INTERNAL_EVENT,33883,209
SINGLE_SEND,34054,210
RECEIVED,A,0,34226,211
SINGLE_SEND,34397,212
SINGLE_SEND,34564,213
INTERNAL_EVENT,34734,214
INTERNAL_EVENT,34904,215
INTERNAL_EVENT,35073,216
SINGLE_SEND,35244,217
MULTI_SEND,35414,218
SINGLE_SEND,35581,219
SINGLE_SEND,35753,220
INTERNAL_EVENT,35923,221
INTERNAL_EVENT,36090,222
INTERNAL_EVENT,36259,223
RECEIVED,A,1,36431,224
RECEIVED,C,1,36600,225
RECEIVED,A,1,36770,226
RECEIVED,C,0,36939,227
INTERNAL_EVENT,37110,228
INTERNAL_EVENT,37280,229
INTERNAL_EVENT,37452,230
INTERNAL_EVENT,37619,231
SINGLE_SEND,37788,232
INTERNAL_EVENT,37960,233
SINGLE_SEND,38127,234
RECEIVED,C,0,38297,236
INTERNAL_EVENT,38469,237
INTERNAL_EVENT,38636,238
RECEIVED,C,0,38803,240
SINGLE_SEND,38971,241
INTERNAL_EVENT,39140,242
RECEIVED,C,0,39309,244
INTERNAL_EVENT,39479,245
INTERNAL_EVENT,39646,246
RECEIVED,C,0,39815,247
INTERNAL_EVENT,39983,248
INTERNAL_EVENT,40155,249
RECEIVED,C,0,40327,251
INTERNAL_EVENT,40494,252
INTERNAL_EVENT,40664,253
INTERNAL_EVENT,40833,254
MULTI_SEND,41004,255
MULTI_SEND,41175,256
INTERNAL_EVENT,41347,257
INTERNAL_EVENT,41514,258
RECEIVED,C,0,41684,260
INTERNAL_EVENT,41852,261
INTERNAL_EVENT,42019,262
MULTI_SEND,42186,263
MULTI_SEND,42355,264
INTERNAL_EVENT,42526,265
RECEIVED,C,0,42693,267
INTERNAL_EVENT,42864,268
RECEIVED,C,0,43035,269
INTERNAL_EVENT,43203,270
RECEIVED,C,0,43370,271
MULTI_SEND,43539,272
INTERNAL_EVENT,43707,273
RECEIVED,A,1,43875,275
RECEIVED,C,0,44047,276
INTERNAL_EVENT,44218,277
INTERNAL_EVENT,44386,278
RECEIVED,C,0,44556,279
INTERNAL_EVENT,44727,280
MULTI_SEND,44897,281
INTERNAL_EVENT,45068,282
INTERNAL_EVENT,45237,283
INTERNAL_EVENT,45407,284
SINGLE_SEND,45575,285
INTERNAL_EVENT,45747,286
SINGLE_SEND,45918,287
INTERNAL_EVENT,46086,288
INTERNAL_EVENT,46253,289
INTERNAL_EVENT,46422,290
INTERNAL_EVENT,46590,291
RECEIVED,C,0,46758,293
INTERNAL_EVENT,46929,294
RECEIVED,A,0,47103,295
SINGLE_SEND,47271,296
INTERNAL_EVENT,47441,297
RECEIVED,C,0,47609,299
INTERNAL_EVENT,47779,300
SINGLE_SEND,47951,301
RECEIVED,A,0,48121,302
SINGLE_SEND,48292,303
INTERNAL_EVENT,48464,304
INTERNAL_EVENT,48634,305
INTERNAL_EVENT,48805,306
INTERNAL_EVENT,48974,307
INTERNAL_EVENT,49146,308
INTERNAL_EVENT,49317,309
RECEIVED,C,0,49485,311
SINGLE_SEND,49652,312
INTERNAL_EVENT,49823,313
RECEIVED,A,0,49992,315
INTERNAL_EVENT,50162,316
INTERNAL_EVENT,50334,317
INTERNAL_EVENT,50501,318
SINGLE_SEND,50669,319
INTERNAL_EVENT,50840,320
RECEIVED,C,0,51008,322
SINGLE_SEND,51179,323
RECEIVED,C,0,51351,324
INTERNAL_EVENT,51521,325
RECEIVED,C,0,51691,326
INTERNAL_EVENT,51861,327
INTERNAL_EVENT,52032,328
INTERNAL_EVENT,52201,329
INTERNAL_EVENT,52373,330
INTERNAL_EVENT,52542,331
RECEIVED,A,1,52712,332
RECEIVED,C,1,52884,333
RECEIVED,C,1,53054,334
RECEIVED,A,1,53224,335
RECEIVED,A,1,53391,336
RECEIVED,A,0,53562,337
MULTI_SEND,53732,338
INTERNAL_EVENT,53902,339
INTERNAL_EVENT,54074,340
RECEIVED,A,0,54246,341
INTERNAL_EVENT,54416,342
RECEIVED,A,0,54584,343
INTERNAL_EVENT,54751,344
INTERNAL_EVENT,54919,345
MULTI_SEND,55086,346
SINGLE_SEND,55255,347
INTERNAL_EVENT,55427,348
SINGLE_SEND,55597,349
MULTI_SEND,55768,350
INTERNAL_EVENT,55934,351
SINGLE_SEND,56106,352
MULTI_SEND,56273,353
INTERNAL_EVENT,56444,354
MULTI_SEND,56615,355
INTERNAL_EVENT,56785,356
RECEIVED,C,0,56955,358
INTERNAL_EVENT,57122,359
INTERNAL_EVENT,57291,360
SINGLE_SEND,57458,361
RECEIVED,A,0,57629,362
INTERNAL_EVENT,57799,363
INTERNAL_EVENT,57967,364
INTERNAL_EVENT,58138,365
RECEIVED,A,0,58307,366
SINGLE_SEND,58475,367
INTERNAL_EVENT,58647,368
INTERNAL_EVENT,58817,369
MULTI_SEND,58989,370
INTERNAL_EVENT,59159,371
SINGLE_SEND,59328,372
MULTI_SEND,59499,373
INTERNAL_EVENT,59668,374
SINGLE_SEND,59839,375
INTERNAL_EVENT,60006,376
MULTI_SEND,60174,377
SINGLE_SEND,60346,378
INTERNAL_EVENT,60517,379
SINGLE_SEND,60684,380
INTERNAL_EVENT,60854,381
INTERNAL_EVENT,61022,382
INTERNAL_EVENT,61191,383
SINGLE_SEND,61362,384
SINGLE_SEND,61534,385
RECEIVED,C,0,61705,388
INTERNAL_EVENT,61874,389
INTERNAL_EVENT,62042,390
INTERNAL_EVENT,62213,391
INTERNAL_EVENT,62384,392
INTERNAL_EVENT,62554,393
INTERNAL_EVENT,62722,394
RECEIVED,A,0,62893,395
MULTI_SEND,63063,396
MULTI_SEND,63234,397
INTERNAL_EVENT,63404,398
RECEIVED,A,0,63575,400
RECEIVED,A,0,63746,401
SINGLE_SEND,63918,402
INTERNAL_EVENT,64088,403
RECEIVED,A,0,64259,405
INTERNAL_EVENT,64429,406
INTERNAL_EVENT,64601,407
INTERNAL_EVENT,64773,408
INTERNAL_EVENT,64942,409
INTERNAL_EVENT,65111,410
INTERNAL_EVENT,65280,411
INTERNAL_EVENT,65451,412
INTERNAL_EVENT,65621,413
SINGLE_SEND,65789,414
RECEIVED,C,0,65961,416
