INIT,B,6
SINGLE_SEND,73,1
INTERNAL_EVENT,244,2
INTERNAL_EVENT,415,3
INTERNAL_EVENT,586,4
INTERNAL_EVENT,753,5
INTERNAL_EVENT,921,6
INTERNAL_EVENT,1092,7
INTERNAL_EVENT,1260,8
INTERNAL_EVENT,1431,9
RECEIVED,C,0,1602,10
INTERNAL_EVENT,1773,11
RECEIVED,A,0,1940,12
INTERNAL_EVENT,2112,13
INTERNAL_EVENT,2281,14
RECEIVED,C,0,2451,15
INTERNAL_EVENT,2621,16
RECEIVED,C,0,2789,17
MULTI_SEND,2960,18
SINGLE_SEND,3127,19
INTERNAL_EVENT,3296,20
MULTI_SEND,3468,21
INTERNAL_EVENT,3639,22
RECEIVED,C,0,3811,24
INTERNAL_EVENT,3981,25
SINGLE_SEND,4152,26
INTERNAL_EVENT,4321,27
MULTI_SEND,4488,28
INTERNAL_EVENT,4659,29
INTERNAL_EVENT,4826,30
INTERNAL_EVENT,4993,31
INTERNAL_EVENT,5162,32
RECEIVED,A,1,5330,34
RECEIVED,C,0,5501,35
INTERNAL_EVENT,5669,36
RECEIVED,A,0,5841,37
MULTI_SEND,6013,38
INTERNAL_EVENT,6183,39
RECEIVED,C,0,6354,41
INTERNAL_EVENT,6521,42
INTERNAL_EVENT,6692,43
INTERNAL_EVENT,6860,44
SINGLE_SEND,7032,45
RECEIVED,A,0,7203,46
INTERNAL_EVENT,7372,47
INTERNAL_EVENT,7541,48
INTERNAL_EVENT,7713,49
RECEIVED,A,0,7884,50
INTERNAL_EVENT,8054,51
RECEIVED,A,0,8223,54
RECEIVED,A,0,8391,55
RECEIVED,A,0,8562,56
MULTI_SEND,8730,57
INTERNAL_EVENT,8901,58
SINGLE_SEND,9072,59
SINGLE_SEND,9244,60
INTERNAL_EVENT,9414,61
INTERNAL_EVENT,9584,62
INTERNAL_EVENT,9754,63
RECEIVED,A,0,9926,65
INTERNAL_EVENT,10096,66
SINGLE_SEND,10268,67
RECEIVED,A,0,10439,68
INTERNAL_EVENT,10608,69
SINGLE_SEND,10777,70
SINGLE_SEND,10949,71
INTERNAL_EVENT,11119,72
RECEIVED,A,0,11289,73
SINGLE_SEND,11457,74
INTERNAL_EVENT,11625,75
SINGLE_SEND,11794,76
INTERNAL_EVENT,11965,77
INTERNAL_EVENT,12137,78
RECEIVED,C,0,12306,79
SINGLE_SEND,12473,80
INTERNAL_EVENT,12641,81
RECEIVED,A,0,12812,82
MULTI_SEND,12979,83
RECEIVED,A,0,13150,84
INTERNAL_EVENT,13320,85
RECEIVED,C,0,13491,86
INTERNAL_EVENT,13660,87
INTERNAL_EVENT,13830,88
INTERNAL_EVENT,14001,89
RECEIVED,C,0,14168,90
RECEIVED,C,0,14338,91
SINGLE_SEND,14508,92
RECEIVED,A,0,14678,93
SINGLE_SEND,14849,94
INTERNAL_EVENT,15019,95
RECEIVED,A,0,15191,96
INTERNAL_EVENT,15360,97
INTERNAL_EVENT,15530,98
INTERNAL_EVENT,15701,99
SINGLE_SEND,15873,100
INTERNAL_EVENT,16044,101
RECEIVED,A,0,16216,102
RECEIVED,A,0,16386,103
INTERNAL_EVENT,16553,104
RECEIVED,C,0,16723,105
INTERNAL_EVENT,16891,106
RECEIVED,A,0,17061,107
MULTI_SEND,17228,108
RECEIVED,C,0,17400,109
SINGLE_SEND,17568,110
INTERNAL_EVENT,17735,111
RECEIVED,C,0,17903,112
RECEIVED,A,0,18070,113
INTERNAL_EVENT,18242,114
INTERNAL_EVENT,18409,115
RECEIVED,A,0,18576,116
INTERNAL_EVENT,18748,117
INTERNAL_EVENT,18919,118
INTERNAL_EVENT,19091,119
RECEIVED,C,0,19258,120
RECEIVED,C,0,19430,121
RECEIVED,C,0,19602,122
RECEIVED,A,0,19772,123
INTERNAL_EVENT,19941,124
INTERNAL_EVENT,20109,125
RECEIVED,A,0,20279,126
INTERNAL_EVENT,20448,127
INTERNAL_EVENT,20619,128
INTERNAL_EVENT,20791,129
RECEIVED,A,0,20962,130
RECEIVED,A,1,21131,131
RECEIVED,C,1,21303,132
RECEIVED,C,1,21471,133
RECEIVED,C,0,21643,134
RECEIVED,C,0,21814,136
RECEIVED,C,0,21985,137
INTERNAL_EVENT,22153,138
RECEIVED,C,0,22324,139
INTERNAL_EVENT,22494,140
INTERNAL_EVENT,22666,141
SINGLE_SEND,22835,142
INTERNAL_EVENT,23007,143
SINGLE_SEND,23178,144
INTERNAL_EVENT,23349,145
INTERNAL_EVENT,23516,146
MULTI_SEND,23686,147
SINGLE_SEND,23858,148
INTERNAL_EVENT,24024,149
INTERNAL_EVENT,24195,150
SINGLE_SEND,24365,151
SINGLE_SEND,24534,152
INTERNAL_EVENT,24701,153
RECEIVED,A,0,24872,155
RECEIVED,A,0,25042,156
RECEIVED,C,0,25210,157
INTERNAL_EVENT,25380,158
RECEIVED,A,0,25551,160
SINGLE_SEND,25719,161
INTERNAL_EVENT,25888,162
RECEIVED,C,1,26056,163
RECEIVED,A,0,26224,164
MULTI_SEND,26390,165
SINGLE_SEND,26559,166
RECEIVED,A,0,26728,168
INTERNAL_EVENT,26899,169
INTERNAL_EVENT,27067,170
RECEIVED,C,0,27235,171
INTERNAL_EVENT,27404,172
INTERNAL_EVENT,27572,173
SINGLE_SEND,27743,174
INTERNAL_EVENT,27909,175
INTERNAL_EVENT,28080,176
INTERNAL_EVENT,28250,177
INTERNAL_EVENT,28418,178
RECEIVED,A,0,28588,179
INTERNAL_EVENT,28760,180
INTERNAL_EVENT,28931,181
MULTI_SEND,29102,182
MULTI_SEND,29270,183
INTERNAL_EVENT,29437,184
RECEIVED,C,0,29609,186
INTERNAL_EVENT,29777,187
INTERNAL_EVENT,29949,188
RECEIVED,A,0,30118,189
RECEIVED,C,0,30286,190
RECEIVED,A,0,30458,191
INTERNAL_EVENT,30628,192
INTERNAL_EVENT,30799,193
RECEIVED,A,0,30967,194
INTERNAL_EVENT,31138,195
INTERNAL_EVENT,31305,196
INTERNAL_EVENT,31473,197
RECEIVED,C,0,31642,198
MULTI_SEND,31813,199
INTERNAL_EVENT,31984,200
INTERNAL_EVENT,32152,201
MULTI_SEND,32320,202
INTERNAL_EVENT,32489,203
INTERNAL_EVENT,32656,204
INTERNAL_EVENT,32824,205
SINGLE_SEND,32993,206
RECEIVED,A,0,33163,208
INTERNAL_EVENT,33335,209
INTERNAL_EVENT,33506,210
MULTI_SEND,33675,211
RECEIVED,C,0,33847,212
INTERNAL_EVENT,34018,213
SINGLE_SEND,34186,214
INTERNAL_EVENT,34358,215
INTERNAL_EVENT,34529,216
RECEIVED,C,0,34700,217
INTERNAL_EVENT,34869,218
INTERNAL_EVENT,35041,219
INTERNAL_EVENT,35209,220
SINGLE_SEND,35381,221
INTERNAL_EVENT,35551,222
RECEIVED,A,0,35718,224
INTERNAL_EVENT,35887,225
INTERNAL_EVENT,36059,226
RECEIVED,C,0,36229,227
RECEIVED,A,0,36399,229
SINGLE_SEND,36571,230
INTERNAL_EVENT,36739,231
RECEIVED,A,0,36910,232
INTERNAL_EVENT,37081,233
SINGLE_SEND,37248,234
RECEIVED,C,0,37415,235
INTERNAL_EVENT,37585,236
INTERNAL_EVENT,37758,237
INTERNAL_EVENT,37929,238
INTERNAL_EVENT,38100,239
INTERNAL_EVENT,38271,240
MULTI_SEND,38443,241
INTERNAL_EVENT,38612,242
INTERNAL_EVENT,38784,243
RECEIVED,A,0,38953,245
MULTI_SEND,39124,246
RECEIVED,C,0,39295,247
SINGLE_SEND,39465,248
INTERNAL_EVENT,39637,249
INTERNAL_EVENT,39808,250
INTERNAL_EVENT,39977,251
RECEIVED,A,1,40149,253
RECEIVED,C,0,40317,254
RECEIVED,C,0,40487,255
SINGLE_SEND,40654,256
INTERNAL_EVENT,40824,257
SINGLE_SEND,40994,258
RECEIVED,A,0,41162,259
INTERNAL_EVENT,41334,260
INTERNAL_EVENT,41506,261
INTERNAL_EVENT,41678,262
INTERNAL_EVENT,41849,263
INTERNAL_EVENT,42018,264
RECEIVED,A,0,42189,265
INTERNAL_EVENT,42357,266
RECEIVED,C,0,42529,268
INTERNAL_EVENT,42696,269
RECEIVED,C,0,42868,270
INTERNAL_EVENT,43039,271
RECEIVED,A,0,43206,272
RECEIVED,A,0,43375,273
SINGLE_SEND,43546,274
RECEIVED,A,0,43716,275
SINGLE_SEND,43888,276
INTERNAL_EVENT,44058,277
RECEIVED,A,0,44228,278
INTERNAL_EVENT,44398,279
INTERNAL_EVENT,44564,280
INTERNAL_EVENT,44736,281
INTERNAL_EVENT,44905,282
INTERNAL_EVENT,45075,283
INTERNAL_EVENT,45245,284
RECEIVED,C,0,45416,285
SINGLE_SEND,45587,286
RECEIVED,A,0,45757,287
INTERNAL_EVENT,45924,288
MULTI_SEND,46091,289
RECEIVED,C,0,46263,290
SINGLE_SEND,46431,291
INTERNAL_EVENT,46598,292
INTERNAL_EVENT,46769,293
RECEIVED,A,0,46940,294
INTERNAL_EVENT,47108,295
INTERNAL_EVENT,47279,296
INTERNAL_EVENT,47448,297
RECEIVED,A,0,47619,298
RECEIVED,A,0,47791,299
INTERNAL_EVENT,47962,300
SINGLE_SEND,48129,301
RECEIVED,A,0,48300,302
RECEIVED,C,0,48472,304
INTERNAL_EVENT,48640,305
INTERNAL_EVENT,48811,306
INTERNAL_EVENT,48980,307
INTERNAL_EVENT,49149,308
INTERNAL_EVENT,49320,309
INTERNAL_EVENT,49490,310
RECEIVED,C,0,49661,312
RECEIVED,C,0,49830,313
SINGLE_SEND,49999,314
INTERNAL_EVENT,50170,315
MULTI_SEND,50338,316
INTERNAL_EVENT,50505,317
MULTI_SEND,50678,318
SINGLE_SEND,50846,319
INTERNAL_EVENT,51016,320
RECEIVED,C,0,51185,322
INTERNAL_EVENT,51355,323
INTERNAL_EVENT,51524,324
MULTI_SEND,51695,325
INTERNAL_EVENT,51866,326
INTERNAL_EVENT,52033,327
RECEIVED,A,0,52201,328
SINGLE_SEND,52373,329
RECEIVED,C,0,52541,331
INTERNAL_EVENT,52708,332
INTERNAL_EVENT,52877,333
INTERNAL_EVENT,53044,334
SINGLE_SEND,53213,335
SINGLE_SEND,53383,336
MULTI_SEND,53550,337
INTERNAL_EVENT,53721,338
INTERNAL_EVENT,53892,339
INTERNAL_EVENT,54063,340
INTERNAL_EVENT,54234,341
RECEIVED,A,1,54405,342
RECEIVED,C,0,54576,343
RECEIVED,C,0,54747,345
INTERNAL_EVENT,54916,346
RECEIVED,A,0,55086,347
INTERNAL_EVENT,55254,348
RECEIVED,C,0,55424,349
INTERNAL_EVENT,55593,350
RECEIVED,A,0,55759,351
RECEIVED,A,0,55930,352
INTERNAL_EVENT,56099,353
SINGLE_SEND,56266,354
INTERNAL_EVENT,56436,355
SINGLE_SEND,56604,356
MULTI_SEND,56773,357
INTERNAL_EVENT,56941,358
RECEIVED,C,0,57113,360
RECEIVED,A,0,57284,361
MULTI_SEND,57452,362
INTERNAL_EVENT,57622,363
SINGLE_SEND,57794,364
INTERNAL_EVENT,57961,365
INTERNAL_EVENT,58129,366
RECEIVED,C,0,58297,368
INTERNAL_EVENT,58464,369
INTERNAL_EVENT,58633,370
RECEIVED,A,0,58800,371
RECEIVED,A,0,58970,372
RECEIVED,A,0,59140,373
MULTI_SEND,59312,374
INTERNAL_EVENT,59482,375
INTERNAL_EVENT,59652,376
MULTI_SEND,59823,377
SINGLE_SEND,59994,378
INTERNAL_EVENT,60162,379
RECEIVED,C,0,60330,381
SINGLE_SEND,60498,382
SINGLE_SEND,60668,383
SINGLE_SEND,60838,384
RECEIVED,A,0,61010,385
RECEIVED,C,0,61181,387
INTERNAL_EVENT,61353,388
MULTI_SEND,61523,389
MULTI_SEND,61693,390
INTERNAL_EVENT,61860,391
MULTI_SEND,62029,392
INTERNAL_EVENT,62197,393
MULTI_SEND,62367,394
INTERNAL_EVENT,62538,395
INTERNAL_EVENT,62710,396
RECEIVED,A,0,62879,397
MULTI_SEND,63048,398
MULTI_SEND,63220,399
SINGLE_SEND,63390,400
INTERNAL_EVENT,63558,401
SINGLE_SEND,63727,402
INTERNAL_EVENT,63898,403
INTERNAL_EVENT,64069,404
INTERNAL_EVENT,64238,405
SINGLE_SEND,64409,406
INTERNAL_EVENT,64577,407
RECEIVED,A,0,64745,409
INTERNAL_EVENT,64916,410
SINGLE_SEND,65086,411
INTERNAL_EVENT,65258,412
RECEIVED,A,0,65425,413
RECEIVED,C,0,65596,415
SINGLE_SEND,65766,416
INTERNAL_EVENT,65935,417
