INIT,B,6
INTERNAL_EVENT,70,1
INTERNAL_EVENT,241,2
SINGLE_SEND,411,3
INTERNAL_EVENT,580,4
SINGLE_SEND,752,5
RECEIVED,C,0,924,7
INTERNAL_EVENT,1095,8
INTERNAL_EVENT,1263,9
INTERNAL_EVENT,1435,10
RECEIVED,A,0,1606,11
SINGLE_SEND,1777,12
RECEIVED,C,0,1948,13
INTERNAL_EVENT,2116,14
MULTI_SEND,2287,15
INTERNAL_EVENT,2458,16
INTERNAL_EVENT,2627,17
RECEIVED,C,0,2795,18
INTERNAL_EVENT,2967,19
INTERNAL_EVENT,3139,20
INTERNAL_EVENT,3308,21
INTERNAL_EVENT,3477,22
RECEIVED,C,0,3645,23
INTERNAL_EVENT,3813,24
SINGLE_SEND,3982,25
RECEIVED,A,0,4151,26
INTERNAL_EVENT,4319,27
INTERNAL_EVENT,4489,28
INTERNAL_EVENT,4658,29
RECEIVED,C,0,4827,30
INTERNAL_EVENT,4996,31
INTERNAL_EVENT,5164,32
INTERNAL_EVENT,5333,33
SINGLE_SEND,5503,34
RECEIVED,A,0,5669,35
INTERNAL_EVENT,5841,36
MULTI_SEND,6010,37
RECEIVED,C,0,6180,38
INTERNAL_EVENT,6346,39
INTERNAL_EVENT,6516,40
RECEIVED,A,0,6685,41
SINGLE_SEND,6857,42
INTERNAL_EVENT,7027,43
INTERNAL_EVENT,7197,44
RECEIVED,C,0,7365,45
RECEIVED,C,0,7532,46
RECEIVED,A,0,7704,47
INTERNAL_EVENT,7875,48
INTERNAL_EVENT,8043,49
RECEIVED,C,0,8212,50
INTERNAL_EVENT,8384,51
INTERNAL_EVENT,8556,52
RECEIVED,C,0,8727,53
INTERNAL_EVENT,8894,54
INTERNAL_EVENT,9065,55
RECEIVED,C,0,9235,56
INTERNAL_EVENT,9407,57
INTERNAL_EVENT,9579,58
SINGLE_SEND,9746,59
INTERNAL_EVENT,9918,60
INTERNAL_EVENT,10089,61
RECEIVED,C,0,10261,62
INTERNAL_EVENT,10429,63
SINGLE_SEND,10600,64
SINGLE_SEND,10772,65
INTERNAL_EVENT,10939,66
INTERNAL_EVENT,11107,67
INTERNAL_EVENT,11277,68
SINGLE_SEND,11444,69
INTERNAL_EVENT,11613,70
SINGLE_SEND,11785,71
INTERNAL_EVENT,11956,72
INTERNAL_EVENT,12127,73
RECEIVED,C,0,12295,74
INTERNAL_EVENT,12465,75
RECEIVED,C,0,12632,76
RECEIVED,C,0,12805,77
SINGLE_SEND,12974,78
INTERNAL_EVENT,13141,79
RECEIVED,C,0,13309,80
RECEIVED,C,0,13479,81
INTERNAL_EVENT,13646,82
INTERNAL_EVENT,13818,83
INTERNAL_EVENT,13989,84
INTERNAL_EVENT,14160,85
INTERNAL_EVENT,14327,86
INTERNAL_EVENT,14495,87
INTERNAL_EVENT,14666,88
INTERNAL_EVENT,14836,89
RECEIVED,C,0,15006,90
SINGLE_SEND,15177,91
INTERNAL_EVENT,15347,92
RECEIVED,C,0,15518,93
INTERNAL_EVENT,15689,94
INTERNAL_EVENT,15858,95
INTERNAL_EVENT,16027,96
INTERNAL_EVENT,16199,97
INTERNAL_EVENT,16366,98
INTERNAL_EVENT,16534,99
INTERNAL_EVENT,16706,100
INTERNAL_EVENT,16877,101
RECEIVED,C,0,17044,102
RECEIVED,C,0,17214,103
MULTI_SEND,17383,104
MULTI_SEND,17555,105
SINGLE_SEND,17727,106
SINGLE_SEND,17894,107
RECEIVED,C,0,18064,109
RECEIVED,C,0,18234,110
INTERNAL_EVENT,18406,111
RECEIVED,C,0,18577,112
RECEIVED,C,0,18748,113
SINGLE_SEND,18916,114
MULTI_SEND,19088,115
INTERNAL_EVENT,19258,116
INTERNAL_EVENT,19430,117
INTERNAL_EVENT,19597,118
RECEIVED,C,0,19765,119
MULTI_SEND,19934,120
INTERNAL_EVENT,20106,121
INTERNAL_EVENT,20277,122
RECEIVED,C,0,20446,123
INTERNAL_EVENT,20616,124
INTERNAL_EVENT,20784,125
INTERNAL_EVENT,20951,126
INTERNAL_EVENT,21119,127
INTERNAL_EVENT,21289,128
SINGLE_SEND,21460,129
INTERNAL_EVENT,21629,130
INTERNAL_EVENT,21798,131
SINGLE_SEND,21966,132
MULTI_SEND,22135,133
SINGLE_SEND,22306,134
INTERNAL_EVENT,22478,135
RECEIVED,C,0,22645,136
RECEIVED,C,0,22812,137
RECEIVED,C,0,22980,138
INTERNAL_EVENT,23149,139
SINGLE_SEND,23317,140
RECEIVED,C,0,23485,141
INTERNAL_EVENT,23657,142
INTERNAL_EVENT,23827,143
RECEIVED,C,0,23998,144
INTERNAL_EVENT,24165,145
SINGLE_SEND,24335,146
SINGLE_SEND,24506,147
INTERNAL_EVENT,24677,148
RECEIVED,C,0,24848,149
INTERNAL_EVENT,25017,150
MULTI_SEND,25189,151
INTERNAL_EVENT,25358,152
INTERNAL_EVENT,25528,153
INTERNAL_EVENT,25697,154
INTERNAL_EVENT,25865,155
SINGLE_SEND,26033,156
INTERNAL_EVENT,26204,157
INTERNAL_EVENT,26375,158
MULTI_SEND,26543,159
INTERNAL_EVENT,26711,160
SINGLE_SEND,26883,161
INTERNAL_EVENT,27055,162
INTERNAL_EVENT,27225,163
INTERNAL_EVENT,27393,164
RECEIVED,C,0,27565,165
INTERNAL_EVENT,27733,166
RECEIVED,C,0,27901,167
MULTI_SEND,28072,168
INTERNAL_EVENT,28242,169
SINGLE_SEND,28414,170
RECEIVED,C,0,28581,171
SINGLE_SEND,28752,172
RECEIVED,C,0,28922,173
INTERNAL_EVENT,29092,174
INTERNAL_EVENT,29260,175
INTERNAL_EVENT,29430,176
INTERNAL_EVENT,29601,177
INTERNAL_EVENT,29773,178
INTERNAL_EVENT,29942,179
INTERNAL_EVENT,30113,180
INTERNAL_EVENT,30283,181
INTERNAL_EVENT,30451,182
SINGLE_SEND,30620,183
INTERNAL_EVENT,30790,184
INTERNAL_EVENT,30959,185
INTERNAL_EVENT,31127,186
RECEIVED,C,0,31299,187
INTERNAL_EVENT,31471,188
SINGLE_SEND,31642,189
SINGLE_SEND,31811,190
INTERNAL_EVENT,31980,191
MULTI_SEND,32150,192
RECEIVED,C,0,32321,193
SINGLE_SEND,32492,194
INTERNAL_EVENT,32660,195
INTERNAL_EVENT,32829,196
SINGLE_SEND,32997,197
RECEIVED,C,0,33167,198
INTERNAL_EVENT,33338,199
INTERNAL_EVENT,33509,200
SINGLE_SEND,33680,201
MULTI_SEND,33851,202
INTERNAL_EVENT,34021,203
INTERNAL_EVENT,34192,204
INTERNAL_EVENT,34362,205
INTERNAL_EVENT,34530,206
SINGLE_SEND,34701,207
INTERNAL_EVENT,34871,208
SINGLE_SEND,35040,209
SINGLE_SEND,35209,210
SINGLE_SEND,35381,211
INTERNAL_EVENT,35552,212
INTERNAL_EVENT,35719,213
INTERNAL_EVENT,35890,214
RECEIVED,C,0,36062,215
INTERNAL_EVENT,36233,216
INTERNAL_EVENT,36402,217
RECEIVED,C,0,36569,218
SINGLE_SEND,36740,219
INTERNAL_EVENT,36909,220
INTERNAL_EVENT,37078,221
SINGLE_SEND,37248,222
INTERNAL_EVENT,37419,223
INTERNAL_EVENT,37590,224
INTERNAL_EVENT,37759,225
INTERNAL_EVENT,37929,226
SINGLE_SEND,38101,227
INTERNAL_EVENT,38269,228
SINGLE_SEND,38440,229
RECEIVED,C,0,38609,230
INTERNAL_EVENT,38777,231
INTERNAL_EVENT,38945,232
SINGLE_SEND,39116,233
MULTI_SEND,39284,234
INTERNAL_EVENT,39452,235
INTERNAL_EVENT,39623,236
RECEIVED,C,0,39795,237
INTERNAL_EVENT,39965,238
INTERNAL_EVENT,40132,239
INTERNAL_EVENT,40303,240
SINGLE_SEND,40475,241
INTERNAL_EVENT,40643,242
INTERNAL_EVENT,40810,243
RECEIVED,C,0,40982,244
SINGLE_SEND,41150,245
INTERNAL_EVENT,41320,246
SINGLE_SEND,41492,247
SINGLE_SEND,41659,248
SINGLE_SEND,41829,249
RECEIVED,C,0,41997,250
INTERNAL_EVENT,42169,251
INTERNAL_EVENT,42341,252
INTERNAL_EVENT,42509,253
INTERNAL_EVENT,42679,254
SINGLE_SEND,42851,255
INTERNAL_EVENT,43022,256
INTERNAL_EVENT,43192,257
SINGLE_SEND,43361,258
SINGLE_SEND,43528,259
SINGLE_SEND,43700,260
RECEIVED,C,0,43871,261
RECEIVED,C,0,44043,263
INTERNAL_EVENT,44214,264
INTERNAL_EVENT,44385,265
RECEIVED,C,0,44556,266
INTERNAL_EVENT,44727,267
SINGLE_SEND,44895,268
SINGLE_SEND,45066,269
MULTI_SEND,45237,270
MULTI_SEND,45409,271
MULTI_SEND,45577,272
INTERNAL_EVENT,45745,273
SINGLE_SEND,45914,274
INTERNAL_EVENT,46086,275
MULTI_SEND,46256,276
INTERNAL_EVENT,46428,277
RECEIVED,C,0,46599,279
INTERNAL_EVENT,46769,280
RECEIVED,C,0,46940,281
RECEIVED,C,0,47109,282
SINGLE_SEND,47277,283
SINGLE_SEND,47445,284
INTERNAL_EVENT,47613,285
INTERNAL_EVENT,47781,286
INTERNAL_EVENT,47947,287
INTERNAL_EVENT,48114,288
MULTI_SEND,48281,289
SINGLE_SEND,48448,290
INTERNAL_EVENT,48615,291
INTERNAL_EVENT,48787,292
RECEIVED,C,0,48957,293
MULTI_SEND,49128,294
INTERNAL_EVENT,49294,295
INTERNAL_EVENT,49462,296
RECEIVED,C,0,49633,297
INTERNAL_EVENT,49800,298
INTERNAL_EVENT,49970,299
RECEIVED,C,0,50140,300
RECEIVED,C,0,50311,301
INTERNAL_EVENT,50481,302
RECEIVED,C,0,50648,303
RECEIVED,C,0,50815,304
INTERNAL_EVENT,50984,305
INTERNAL_EVENT,51151,306
MULTI_SEND,51319,307
SINGLE_SEND,51490,308
INTERNAL_EVENT,51659,309
INTERNAL_EVENT,51828,310
RECEIVED,C,0,51995,312
INTERNAL_EVENT,52162,313
INTERNAL_EVENT,52329,314
INTERNAL_EVENT,52497,315
INTERNAL_EVENT,52668,316
RECEIVED,C,0,52840,317
SINGLE_SEND,53009,318
SINGLE_SEND,53181,319
INTERNAL_EVENT,53351,320
RECEIVED,C,0,53522,322
INTERNAL_EVENT,53693,323
INTERNAL_EVENT,53863,324
SINGLE_SEND,54030,325
INTERNAL_EVENT,54202,326
INTERNAL_EVENT,54371,327
INTERNAL_EVENT,54540,328
RECEIVED,C,0,54709,330
INTERNAL_EVENT,54878,331
INTERNAL_EVENT,55046,332
RECEIVED,C,0,55215,333
SINGLE_SEND,55382,334
INTERNAL_EVENT,55550,335
RECEIVED,C,0,55722,337
INTERNAL_EVENT,55893,338
RECEIVED,C,0,56060,339
RECEIVED,C,0,56230,340
MULTI_SEND,56402,341
INTERNAL_EVENT,56571,342
INTERNAL_EVENT,56743,343
RECEIVED,C,0,56914,345
INTERNAL_EVENT,57085,346
INTERNAL_EVENT,57257,347
INTERNAL_EVENT,57428,348
INTERNAL_EVENT,57598,349
INTERNAL_EVENT,57766,350
INTERNAL_EVENT,57941,351
SINGLE_SEND,58112,352
INTERNAL_EVENT,58283,353
INTERNAL_EVENT,58454,354
RECEIVED,C,0,58626,355
SINGLE_SEND,58796,356
SINGLE_SEND,58965,357
INTERNAL_EVENT,59137,358
INTERNAL_EVENT,59309,359
INTERNAL_EVENT,59478,360
INTERNAL_EVENT,59646,361
RECEIVED,C,0,59818,362
SINGLE_SEND,59986,363
SINGLE_SEND,60157,364
MULTI_SEND,60328,365
INTERNAL_EVENT,60498,366
SINGLE_SEND,60667,367
INTERNAL_EVENT,60834,368
SINGLE_SEND,61005,369
MULTI_SEND,61175,370
SINGLE_SEND,61343,371
MULTI_SEND,61512,372
INTERNAL_EVENT,61681,373
INTERNAL_EVENT,61848,374
INTERNAL_EVENT,62018,375
SINGLE_SEND,62190,376
MULTI_SEND,62360,377
SINGLE_SEND,62530,378
SINGLE_SEND,62698,379
INTERNAL_EVENT,62869,380
INTERNAL_EVENT,63040,381
INTERNAL_EVENT,63207,382
INTERNAL_EVENT,63378,383
INTERNAL_EVENT,63549,384
RECEIVED,C,0,63720,385
RECEIVED,C,0,63890,386
INTERNAL_EVENT,64059,387
INTERNAL_EVENT,64230,388
INTERNAL_EVENT,64399,389
RECEIVED,C,0,64570,390
INTERNAL_EVENT,64741,391
INTERNAL_EVENT,64910,392
INTERNAL_EVENT,65078,393
RECEIVED,C,0,65246,394
INTERNAL_EVENT,65413,395
INTERNAL_EVENT,65581,396
INTERNAL_EVENT,65753,397
INTERNAL_EVENT,65925,398
