INIT,B,5
INTERNAL_EVENT,72,1
INTERNAL_EVENT,275,2
RECEIVED,A,0,475,3
INTERNAL_EVENT,677,4
INTERNAL_EVENT,877,5
INTERNAL_EVENT,1081,6
INTERNAL_EVENT,1283,7
INTERNAL_EVENT,1488,8
INTERNAL_EVENT,1690,9
INTERNAL_EVENT,1891,10
RECEIVED,A,0,2092,11
MULTI_SEND,2295,12
INTERNAL_EVENT,2497,13
INTERNAL_EVENT,2699,14
INTERNAL_EVENT,2904,15
INTERNAL_EVENT,3107,16
INTERNAL_EVENT,3307,17
INTERNAL_EVENT,3508,18
INTERNAL_EVENT,3709,19
INTERNAL_EVENT,3910,20
INTERNAL_EVENT,4111,21
INTERNAL_EVENT,4312,22
INTERNAL_EVENT,4517,23
INTERNAL_EVENT,4721,24
INTERNAL_EVENT,4922,25
INTERNAL_EVENT,5124,26
RECEIVED,C,0,5327,32
INTERNAL_EVENT,5531,33
INTERNAL_EVENT,5735,34
INTERNAL_EVENT,5936,35
INTERNAL_EVENT,6140,36
INTERNAL_EVENT,6343,37
INTERNAL_EVENT,6544,38
INTERNAL_EVENT,6746,39
INTERNAL_EVENT,6951,40
INTERNAL_EVENT,7153,41
INTERNAL_EVENT,7356,42
INTERNAL_EVENT,7559,43
INTERNAL_EVENT,7760,44
INTERNAL_EVENT,7964,45
INTERNAL_EVENT,8168,46
INTERNAL_EVENT,8368,47
RECEIVED,C,0,8572,52
INTERNAL_EVENT,8775,53
INTERNAL_EVENT,8976,54
SINGLE_SEND,9179,55
INTERNAL_EVENT,9383,56
INTERNAL_EVENT,9585,57
INTERNAL_EVENT,9787,58
INTERNAL_EVENT,9991,59
INTERNAL_EVENT,10193,60
INTERNAL_EVENT,10394,61
RECEIVED,C,0,10594,64
RECEIVED,A,0,10798,66
INTERNAL_EVENT,10999,67
RECEIVED,C,0,11200,69
INTERNAL_EVENT,11402,70
INTERNAL_EVENT,11607,71
INTERNAL_EVENT,11810,72
INTERNAL_EVENT,12014,73
INTERNAL_EVENT,12214,74
INTERNAL_EVENT,12419,75
INTERNAL_EVENT,12623,76
INTERNAL_EVENT,12826,77
INTERNAL_EVENT,13026,78
INTERNAL_EVENT,13226,79
SINGLE_SEND,13427,80
INTERNAL_EVENT,13632,81
RECEIVED,C,0,13833,84
INTERNAL_EVENT,14035,85
INTERNAL_EVENT,14239,86
RECEIVED,C,0,14442,88
RECEIVED,A,0,14643,89
INTERNAL_EVENT,14845,90
INTERNAL_EVENT,15047,91
INTERNAL_EVENT,15251,92
INTERNAL_EVENT,15456,93
INTERNAL_EVENT,15658,94
INTERNAL_EVENT,15860,95
INTERNAL_EVENT,16061,96
INTERNAL_EVENT,16261,97
INTERNAL_EVENT,16466,98
INTERNAL_EVENT,16666,99
INTERNAL_EVENT,16871,100
INTERNAL_EVENT,17074,101
INTERNAL_EVENT,17274,102
INTERNAL_EVENT,17479,103
INTERNAL_EVENT,17681,104
INTERNAL_EVENT,17883,105
INTERNAL_EVENT,18085,106
INTERNAL_EVENT,18287,107
INTERNAL_EVENT,18492,108
INTERNAL_EVENT,18694,109
INTERNAL_EVENT,18896,110
INTERNAL_EVENT,19099,111
INTERNAL_EVENT,19301,112
INTERNAL_EVENT,19506,113
INTERNAL_EVENT,19708,114
INTERNAL_EVENT,19909,115
INTERNAL_EVENT,20111,116
INTERNAL_EVENT,20316,117
INTERNAL_EVENT,20521,118
INTERNAL_EVENT,20726,119
INTERNAL_EVENT,20930,120
INTERNAL_EVENT,21130,121
INTERNAL_EVENT,21334,122
INTERNAL_EVENT,21537,123
INTERNAL_EVENT,21741,124
INTERNAL_EVENT,21945,125
INTERNAL_EVENT,22150,126
INTERNAL_EVENT,22354,127
INTERNAL_EVENT,22557,128
INTERNAL_EVENT,22759,129
INTERNAL_EVENT,22964,130
INTERNAL_EVENT,23168,131
INTERNAL_EVENT,23370,132
INTERNAL_EVENT,23573,133
INTERNAL_EVENT,23774,134
INTERNAL_EVENT,23974,135
RECEIVED,A,0,24178,142
INTERNAL_EVENT,24380,143
INTERNAL_EVENT,24584,144
INTERNAL_EVENT,24789,145
INTERNAL_EVENT,24992,146
INTERNAL_EVENT,25192,147
INTERNAL_EVENT,25392,148
INTERNAL_EVENT,25592,149
SINGLE_SEND,25793,150
INTERNAL_EVENT,25993,151
INTERNAL_EVENT,26193,152
INTERNAL_EVENT,26395,153
INTERNAL_EVENT,26599,154
SINGLE_SEND,26802,155
INTERNAL_EVENT,27007,156
INTERNAL_EVENT,27210,157
INTERNAL_EVENT,27414,158
INTERNAL_EVENT,27616,159
INTERNAL_EVENT,27821,160
INTERNAL_EVENT,28026,161
INTERNAL_EVENT,28227,162
INTERNAL_EVENT,28427,163
INTERNAL_EVENT,28628,164
INTERNAL_EVENT,28828,165
INTERNAL_EVENT,29033,166
INTERNAL_EVENT,29236,167
INTERNAL_EVENT,29437,168
INTERNAL_EVENT,29641,169
INTERNAL_EVENT,29843,170
INTERNAL_EVENT,30043,171
INTERNAL_EVENT,30243,172
INTERNAL_EVENT,30444,173
INTERNAL_EVENT,30644,174
INTERNAL_EVENT,30847,175
INTERNAL_EVENT,31051,176
INTERNAL_EVENT,31255,177
MULTI_SEND,31459,178
INTERNAL_EVENT,31663,179
INTERNAL_EVENT,31863,180
INTERNAL_EVENT,32064,181
RECEIVED,A,0,32266,182
MULTI_SEND,32468,183
INTERNAL_EVENT,32672,184
INTERNAL_EVENT,32876,185
INTERNAL_EVENT,33077,186
INTERNAL_EVENT,33277,187
INTERNAL_EVENT,33482,188
RECEIVED,C,0,33685,202
INTERNAL_EVENT,33889,203
RECEIVED,C,0,34093,204
INTERNAL_EVENT,34294,205
INTERNAL_EVENT,34494,206
INTERNAL_EVENT,34697,207
INTERNAL_EVENT,34899,208
INTERNAL_EVENT,35099,209
INTERNAL_EVENT,35300,210
INTERNAL_EVENT,35500,211
INTERNAL_EVENT,35701,212
RECEIVED,C,0,35904,215
INTERNAL_EVENT,36107,216
INTERNAL_EVENT,36309,217
INTERNAL_EVENT,36511,218
INTERNAL_EVENT,36711,219
INTERNAL_EVENT,36916,220
INTERNAL_EVENT,37119,221
INTERNAL_EVENT,37323,222
INTERNAL_EVENT,37527,223
INTERNAL_EVENT,37731,224
INTERNAL_EVENT,37935,225
INTERNAL_EVENT,38139,226
INTERNAL_EVENT,38342,227
INTERNAL_EVENT,38543,228
INTERNAL_EVENT,38747,229
INTERNAL_EVENT,38948,230
INTERNAL_EVENT,39148,231
INTERNAL_EVENT,39348,232
MULTI_SEND,39550,233
INTERNAL_EVENT,39754,234
SINGLE_SEND,39958,235
INTERNAL_EVENT,40160,236
INTERNAL_EVENT,40363,237
INTERNAL_EVENT,40563,238
INTERNAL_EVENT,40764,239
INTERNAL_EVENT,40966,240
MULTI_SEND,41168,241
INTERNAL_EVENT,41373,242
INTERNAL_EVENT,41576,243
INTERNAL_EVENT,41777,244
INTERNAL_EVENT,41981,245
INTERNAL_EVENT,42185,246
INTERNAL_EVENT,42387,247
INTERNAL_EVENT,42590,248
INTERNAL_EVENT,42793,249
INTERNAL_EVENT,42994,250
INTERNAL_EVENT,43197,251
RECEIVED,C,0,43397,259
INTERNAL_EVENT,43599,260
INTERNAL_EVENT,43801,261
INTERNAL_EVENT,44006,262
INTERNAL_EVENT,44210,263
INTERNAL_EVENT,44410,264
INTERNAL_EVENT,44612,265
INTERNAL_EVENT,44813,266
INTERNAL_EVENT,45016,267
INTERNAL_EVENT,45219,268
INTERNAL_EVENT,45423,269
INTERNAL_EVENT,45626,270
RECEIVED,C,0,45829,273
INTERNAL_EVENT,46029,274
INTERNAL_EVENT,46234,275
INTERNAL_EVENT,46439,276
INTERNAL_EVENT,46642,277
RECEIVED,C,0,46847,279
INTERNAL_EVENT,47048,280
INTERNAL_EVENT,47251,281
INTERNAL_EVENT,47453,282
INTERNAL_EVENT,47658,283
INTERNAL_EVENT,47862,284
INTERNAL_EVENT,48065,285
INTERNAL_EVENT,48267,286
INTERNAL_EVENT,48468,287
INTERNAL_EVENT,48668,288
INTERNAL_EVENT,48870,289
INTERNAL_EVENT,49075,290
INTERNAL_EVENT,49280,291
INTERNAL_EVENT,49481,292
INTERNAL_EVENT,49682,293
INTERNAL_EVENT,49882,294
INTERNAL_EVENT,50085,295
INTERNAL_EVENT,50288,296
INTERNAL_EVENT,50493,297
INTERNAL_EVENT,50697,298
INTERNAL_EVENT,50901,299
INTERNAL_EVENT,51106,300
INTERNAL_EVENT,51310,301
INTERNAL_EVENT,51511,302
INTERNAL_EVENT,51713,303
INTERNAL_EVENT,51914,304
INTERNAL_EVENT,52114,305
INTERNAL_EVENT,52317,306
INTERNAL_EVENT,52522,307
INTERNAL_EVENT,52726,308
INTERNAL_EVENT,52927,309
INTERNAL_EVENT,53128,310
INTERNAL_EVENT,53331,311
INTERNAL_EVENT,53533,312
INTERNAL_EVENT,53735,313
INTERNAL_EVENT,53937,314
INTERNAL_EVENT,54138,315
INTERNAL_EVENT,54342,316
INTERNAL_EVENT,54543,317
SINGLE_SEND,54746,318
INTERNAL_EVENT,54946,319
INTERNAL_EVENT,55147,320
INTERNAL_EVENT,55352,321
INTERNAL_EVENT,55552,322
INTERNAL_EVENT,55753,323
INTERNAL_EVENT,55958,324
SINGLE_SEND,56162,325
INTERNAL_EVENT,56362,326
INTERNAL_EVENT,56567,327
INTERNAL_EVENT,56767,328
INTERNAL_EVENT,56970,329
INTERNAL_EVENT,57174,330
INTERNAL_EVENT,57379,331
INTERNAL_EVENT,57582,332
INTERNAL_EVENT,57782,333
INTERNAL_EVENT,57986,334
INTERNAL_EVENT,58191,335
INTERNAL_EVENT,58394,336
INTERNAL_EVENT,58599,337
INTERNAL_EVENT,58801,338
INTERNAL_EVENT,59004,339
INTERNAL_EVENT,59208,340
SINGLE_SEND,59409,341
INTERNAL_EVENT,59611,342
INTERNAL_EVENT,59810,343
RECEIVED,C,0,60010,357
INTERNAL_EVENT,60211,358
INTERNAL_EVENT,60411,359
INTERNAL_EVENT,60616,360
INTERNAL_EVENT,60818,361
MULTI_SEND,61020,362
INTERNAL_EVENT,61224,363
INTERNAL_EVENT,61426,364
INTERNAL_EVENT,61631,365
INTERNAL_EVENT,61835,366
INTERNAL_EVENT,62035,367
INTERNAL_EVENT,62240,368
INTERNAL_EVENT,62443,369
INTERNAL_EVENT,62643,370
INTERNAL_EVENT,62844,371
MULTI_SEND,63048,372
INTERNAL_EVENT,63252,373
INTERNAL_EVENT,63453,374
INTERNAL_EVENT,63657,375
INTERNAL_EVENT,63861,376
INTERNAL_EVENT,64064,377
MULTI_SEND,64268,378
INTERNAL_EVENT,64473,379
INTERNAL_EVENT,64674,380
INTERNAL_EVENT,64877,381
INTERNAL_EVENT,65078,382
RECEIVED,A,0,65278,383
INTERNAL_EVENT,65481,384
INTERNAL_EVENT,65683,385
INTERNAL_EVENT,65885,386
