INIT,B,6
INTERNAL_EVENT,74,1
MULTI_SEND,243,2
INTERNAL_EVENT,411,3
INTERNAL_EVENT,581,4
INTERNAL_EVENT,753,5
MULTI_SEND,924,6
INTERNAL_EVENT,1095,7
INTERNAL_EVENT,1263,8
INTERNAL_EVENT,1436,9
INTERNAL_EVENT,1605,10
INTERNAL_EVENT,1776,11
INTERNAL_EVENT,1947,12
INTERNAL_EVENT,2117,13
INTERNAL_EVENT,2286,14
RECEIVED,A,0,2456,15
MULTI_SEND,2626,16
SINGLE_SEND,2797,17
SINGLE_SEND,2966,18
RECEIVED,C,0,3134,21
INTERNAL_EVENT,3305,22
INTERNAL_EVENT,3476,23
INTERNAL_EVENT,3644,24
INTERNAL_EVENT,3811,25
INTERNAL_EVENT,3983,26
RECEIVED,A,0,4155,27
SINGLE_SEND,4326,28
INTERNAL_EVENT,4496,29
RECEIVED,C,0,4665,31
RECEIVED,C,0,4834,32
INTERNAL_EVENT,5005,33
INTERNAL_EVENT,5176,34
INTERNAL_EVENT,5345,35
RECEIVED,C,0,5516,36
RECEIVED,C,0,5686,37
RECEIVED,A,0,5855,38
INTERNAL_EVENT,6026,39
RECEIVED,A,0,6198,40
INTERNAL_EVENT,6370,41
INTERNAL_EVENT,6537,42
SINGLE_SEND,6706,43
INTERNAL_EVENT,6876,44
INTERNAL_EVENT,7045,45
INTERNAL_EVENT,7213,46
INTERNAL_EVENT,7382,47
MULTI_SEND,7550,48
INTERNAL_EVENT,7721,49
INTERNAL_EVENT,7893,50
RECEIVED,C,0,8061,52
INTERNAL_EVENT,8228,53
INTERNAL_EVENT,8400,54
INTERNAL_EVENT,8571,55
INTERNAL_EVENT,8743,56
INTERNAL_EVENT,8910,57
RECEIVED,C,0,9078,58
INTERNAL_EVENT,9249,59
INTERNAL_EVENT,9421,60
INTERNAL_EVENT,9593,61
INTERNAL_EVENT,9762,62
SINGLE_SEND,9934,63
INTERNAL_EVENT,10105,64
INTERNAL_EVENT,10273,65
SINGLE_SEND,10445,66
INTERNAL_EVENT,10614,67
INTERNAL_EVENT,10785,68
MULTI_SEND,10955,69
INTERNAL_EVENT,11127,70
MULTI_SEND,11294,71
INTERNAL_EVENT,11464,72
MULTI_SEND,11634,73
SINGLE_SEND,11805,74
MULTI_SEND,11975,75
INTERNAL_EVENT,12142,76
INTERNAL_EVENT,12310,77
INTERNAL_EVENT,12476,78
INTERNAL_EVENT,12643,79
SINGLE_SEND,12811,80
INTERNAL_EVENT,12978,81
INTERNAL_EVENT,13148,82
INTERNAL_EVENT,13320,83
INTERNAL_EVENT,13492,84
MULTI_SEND,13660,85
INTERNAL_EVENT,13827,86
MULTI_SEND,13999,87
INTERNAL_EVENT,14171,88
INTERNAL_EVENT,14343,89
MULTI_SEND,14511,90
SINGLE_SEND,14682,91
INTERNAL_EVENT,14854,92
INTERNAL_EVENT,15025,93
INTERNAL_EVENT,15194,94
RECEIVED,A,0,15362,95
INTERNAL_EVENT,15533,96
MULTI_SEND,15705,97
INTERNAL_EVENT,15877,98
INTERNAL_EVENT,16044,99
INTERNAL_EVENT,16212,100
RECEIVED,C,0,16379,102
SINGLE_SEND,16550,103
SINGLE_SEND,16721,104
MULTI_SEND,16894,105
MULTI_SEND,17060,106
INTERNAL_EVENT,17230,107
SINGLE_SEND,17401,108
INTERNAL_EVENT,17571,109
INTERNAL_EVENT,17743,110
SINGLE_SEND,17913,111
INTERNAL_EVENT,18084,112
SINGLE_SEND,18255,113
INTERNAL_EVENT,18427,114
SINGLE_SEND,18594,115
MULTI_SEND,18764,116
INTERNAL_EVENT,18931,117
INTERNAL_EVENT,19098,118
INTERNAL_EVENT,19267,119
RECEIVED,C,0,19434,121
INTERNAL_EVENT,19605,122
INTERNAL_EVENT,19777,123
RECEIVED,C,0,19945,124
MULTI_SEND,20112,125
SINGLE_SEND,20280,126
RECEIVED,C,0,20452,128
INTERNAL_EVENT,20623,129
SINGLE_SEND,20794,130
INTERNAL_EVENT,20965,131
INTERNAL_EVENT,21136,132
INTERNAL_EVENT,21305,133
RECEIVED,C,0,21477,135
INTERNAL_EVENT,21645,136
RECEIVED,C,0,21817,137
INTERNAL_EVENT,21986,138
RECEIVED,C,0,22155,139
INTERNAL_EVENT,22327,140
MULTI_SEND,22499,141
MULTI_SEND,22670,142
INTERNAL_EVENT,22843,143
INTERNAL_EVENT,23013,144
SINGLE_SEND,23182,145
INTERNAL_EVENT,23352,146
INTERNAL_EVENT,23522,147
INTERNAL_EVENT,23693,148
SINGLE_SEND,23861,149
MULTI_SEND,24027,150
INTERNAL_EVENT,24194,151
SINGLE_SEND,24366,152
INTERNAL_EVENT,24535,153
MULTI_SEND,24705,154
INTERNAL_EVENT,24877,155
INTERNAL_EVENT,25047,156
INTERNAL_EVENT,25218,157
INTERNAL_EVENT,25387,158
INTERNAL_EVENT,25556,159
RECEIVED,A,0,25728,160
INTERNAL_EVENT,25896,161
INTERNAL_EVENT,26066,162
INTERNAL_EVENT,26237,163
INTERNAL_EVENT,26405,164
INTERNAL_EVENT,26577,165
INTERNAL_EVENT,26744,166
SINGLE_SEND,26914,167
INTERNAL_EVENT,27081,168
INTERNAL_EVENT,27249,169
RECEIVED,A,0,27421,170
INTERNAL_EVENT,27593,171
RECEIVED,C,0,27760,173
INTERNAL_EVENT,27928,174
RECEIVED,C,0,28099,175
RECEIVED,C,0,28269,176
INTERNAL_EVENT,28440,177
INTERNAL_EVENT,28610,178
RECEIVED,A,0,28781,179
RECEIVED,C,0,28949,180
INTERNAL_EVENT,29119,181
SINGLE_SEND,29288,182
RECEIVED,C,0,29460,183
INTERNAL_EVENT,29627,184
INTERNAL_EVENT,29795,185
INTERNAL_EVENT,29967,186
INTERNAL_EVENT,30137,187
MULTI_SEND,30307,188
INTERNAL_EVENT,30477,189
INTERNAL_EVENT,30644,190
INTERNAL_EVENT,30816,191
INTERNAL_EVENT,30985,192
INTERNAL_EVENT,31155,193
INTERNAL_EVENT,31323,194
INTERNAL_EVENT,31493,195
SINGLE_SEND,31660,196
MULTI_SEND,31828,197
INTERNAL_EVENT,31999,198
INTERNAL_EVENT,32165,199
RECEIVED,C,0,32335,200
INTERNAL_EVENT,32505,201
INTERNAL_EVENT,32672,202
INTERNAL_EVENT,32843,203
INTERNAL_EVENT,33014,204
MULTI_SEND,33184,205
INTERNAL_EVENT,33355,206
INTERNAL_EVENT,33527,207
INTERNAL_EVENT,33696,208
INTERNAL_EVENT,33868,209
INTERNAL_EVENT,34037,210
INTERNAL_EVENT,34205,211
INTERNAL_EVENT,34376,212
RECEIVED,A,0,34544,213
INTERNAL_EVENT,34716,214
INTERNAL_EVENT,34887,215
INTERNAL_EVENT,35055,216
RECEIVED,C,0,35227,217
SINGLE_SEND,35399,218
RECEIVED,C,0,35571,219
INTERNAL_EVENT,35740,220
INTERNAL_EVENT,35910,221
INTERNAL_EVENT,36081,222
INTERNAL_EVENT,36251,223
RECEIVED,C,0,36422,224
INTERNAL_EVENT,36594,225
INTERNAL_EVENT,36761,226
INTERNAL_EVENT,36931,227
RECEIVED,C,0,37101,228
RECEIVED,C,0,37272,229
RECEIVED,C,0,37444,230
RECEIVED,A,0,37613,231
INTERNAL_EVENT,37785,232
MULTI_SEND,37957,233
INTERNAL_EVENT,38127,234
INTERNAL_EVENT,38296,235
SINGLE_SEND,38466,236
INTERNAL_EVENT,38637,237
MULTI_SEND,38806,238
SINGLE_SEND,38977,239
SINGLE_SEND,39145,240
INTERNAL_EVENT,39312,241
INTERNAL_EVENT,39482,242
INTERNAL_EVENT,39651,243
INTERNAL_EVENT,39822,244
INTERNAL_EVENT,39994,245
INTERNAL_EVENT,40166,246
INTERNAL_EVENT,40337,247
RECEIVED,A,0,40505,248
INTERNAL_EVENT,40677,249
SINGLE_SEND,40844,250
INTERNAL_EVENT,41012,251
INTERNAL_EVENT,41180,252
SINGLE_SEND,41350,253
INTERNAL_EVENT,41519,254
INTERNAL_EVENT,41687,255
INTERNAL_EVENT,41855,256
INTERNAL_EVENT,42027,257
SINGLE_SEND,42199,258
INTERNAL_EVENT,42371,259
RECEIVED,C,0,42539,261
INTERNAL_EVENT,42711,262
INTERNAL_EVENT,42880,263
RECEIVED,C,0,43047,264
RECEIVED,A,0,43215,265
INTERNAL_EVENT,43385,266
RECEIVED,A,0,43555,267
RECEIVED,C,0,43727,268
SINGLE_SEND,43895,269
RECEIVED,C,0,44067,270
INTERNAL_EVENT,44236,271
INTERNAL_EVENT,44405,272
INTERNAL_EVENT,44577,273
SINGLE_SEND,44745,274
INTERNAL_EVENT,44912,275
SINGLE_SEND,45080,276
RECEIVED,C,0,45247,277
INTERNAL_EVENT,45416,278
INTERNAL_EVENT,45588,279
INTERNAL_EVENT,45755,280
INTERNAL_EVENT,45923,281
SINGLE_SEND,46094,282
INTERNAL_EVENT,46265,283
INTERNAL_EVENT,46433,284
RECEIVED,C,0,46606,285
INTERNAL_EVENT,46777,286
INTERNAL_EVENT,46949,287
INTERNAL_EVENT,47117,288
RECEIVED,A,0,47288,289
SINGLE_SEND,47456,290
SINGLE_SEND,47627,291
INTERNAL_EVENT,47799,292
INTERNAL_EVENT,47970,293
RECEIVED,C,0,48142,295
RECEIVED,A,0,48311,296
INTERNAL_EVENT,48479,297
INTERNAL_EVENT,48649,298
INTERNAL_EVENT,48816,299
INTERNAL_EVENT,48983,300
RECEIVED,C,0,49154,301
INTERNAL_EVENT,49322,302
INTERNAL_EVENT,49494,303
INTERNAL_EVENT,49666,304
INTERNAL_EVENT,49833,305
SINGLE_SEND,50003,306
INTERNAL_EVENT,50172,307
INTERNAL_EVENT,50344,308
RECEIVED,C,0,50514,309
RECEIVED,A,0,50682,310
INTERNAL_EVENT,50852,311
INTERNAL_EVENT,51022,312
INTERNAL_EVENT,51194,313
RECEIVED,A,0,51363,314
INTERNAL_EVENT,51530,315
RECEIVED,C,0,51702,316
RECEIVED,C,0,51873,317
INTERNAL_EVENT,52044,318
INTERNAL_EVENT,52215,319
INTERNAL_EVENT,52387,320
RECEIVED,C,0,52556,321
MULTI_SEND,52727,322
INTERNAL_EVENT,52895,323
RECEIVED,C,0,53065,325
INTERNAL_EVENT,53237,326
SINGLE_SEND,53406,327
INTERNAL_EVENT,53578,328
SINGLE_SEND,53750,329
SINGLE_SEND,53922,330
INTERNAL_EVENT,54093,331
INTERNAL_EVENT,54262,332
SINGLE_SEND,54431,333
INTERNAL_EVENT,54599,334
INTERNAL_EVENT,54767,335
INTERNAL_EVENT,54937,336
INTERNAL_EVENT,55106,337
RECEIVED,C,0,55278,339
INTERNAL_EVENT,55446,340
SINGLE_SEND,55618,341
RECEIVED,C,0,55789,342
SINGLE_SEND,55958,343
SINGLE_SEND,56128,344
INTERNAL_EVENT,56297,345
RECEIVED,C,0,56466,347
INTERNAL_EVENT,56638,348
INTERNAL_EVENT,56806,349
INTERNAL_EVENT,56978,350
SINGLE_SEND,57149,351
INTERNAL_EVENT,57318,352
MULTI_SEND,57491,353
INTERNAL_EVENT,57658,354
INTERNAL_EVENT,57828,355
RECEIVED,C,0,58000,357
RECEIVED,A,0,58167,358
INTERNAL_EVENT,58337,359
RECEIVED,A,0,58506,360
RECEIVED,C,0,58678,361
SINGLE_SEND,58845,362
INTERNAL_EVENT,59013,363
RECEIVED,A,0,59183,364
INTERNAL_EVENT,59351,365
INTERNAL_EVENT,59522,366
SINGLE_SEND,59693,367
INTERNAL_EVENT,59863,368
INTERNAL_EVENT,60033,369
INTERNAL_EVENT,60201,370
INTERNAL_EVENT,60370,371
RECEIVED,C,0,60540,373
RECEIVED,C,0,60711,374
SINGLE_SEND,60883,375
INTERNAL_EVENT,61054,376
INTERNAL_EVENT,61222,377
INTERNAL_EVENT,61395,378
INTERNAL_EVENT,61561,379
MULTI_SEND,61729,380
INTERNAL_EVENT,61896,381
INTERNAL_EVENT,62064,382
RECEIVED,C,0,62235,384
RECEIVED,C,0,62407,385
INTERNAL_EVENT,62578,386
RECEIVED,A,0,62748,387
MULTI_SEND,62916,388
INTERNAL_EVENT,63086,389
INTERNAL_EVENT,63257,390
RECEIVED,C,0,63425,392
INTERNAL_EVENT,63595,393
INTERNAL_EVENT,63766,394
SINGLE_SEND,63936,395
INTERNAL_EVENT,64106,396
MULTI_SEND,64278,397
INTERNAL_EVENT,64449,398
MULTI_SEND,64619,399
INTERNAL_EVENT,64788,400
INTERNAL_EVENT,64956,401
INTERNAL_EVENT,65128,402
INTERNAL_EVENT,65297,403
RECEIVED,C,0,65467,405
RECEIVED,C,0,65635,406
RECEIVED,A,0,65806,407
INTERNAL_EVENT,65978,408
