INIT,B,6
SINGLE_SEND,72,1
SINGLE_SEND,244,2
INTERNAL_EVENT,415,3
INTERNAL_EVENT,584,4
SINGLE_SEND,755,5
INTERNAL_EVENT,927,6
RECEIVED,A,0,1095,9
RECEIVED,C,0,1261,10
SINGLE_SEND,1429,11
INTERNAL_EVENT,1595,12
SINGLE_SEND,1763,13
INTERNAL_EVENT,1935,14
INTERNAL_EVENT,2104,15
SINGLE_SEND,2275,16
RECEIVED,C,1,2443,17
RECEIVED,A,0,2612,18
SINGLE_SEND,2778,19
INTERNAL_EVENT,2949,20
INTERNAL_EVENT,3120,21
INTERNAL_EVENT,3288,22
RECEIVED,C,0,3458,23
INTERNAL_EVENT,3630,24
INTERNAL_EVENT,3799,25
INTERNAL_EVENT,3972,26
RECEIVED,A,0,4141,27
INTERNAL_EVENT,4310,28
INTERNAL_EVENT,4477,29
RECEIVED,A,0,4645,30
INTERNAL_EVENT,4815,31
INTERNAL_EVENT,4983,32
INTERNAL_EVENT,5154,33
MULTI_SEND,5325,34
INTERNAL_EVENT,5493,35
MULTI_SEND,5666,36
INTERNAL_EVENT,5838,37
SINGLE_SEND,6005,38
MULTI_SEND,6177,39
INTERNAL_EVENT,6347,40
SINGLE_SEND,6518,41
SINGLE_SEND,6689,42
RECEIVED,C,0,6861,44
SINGLE_SEND,7031,45
INTERNAL_EVENT,7202,46
INTERNAL_EVENT,7371,47
INTERNAL_EVENT,7543,48
RECEIVED,A,0,7711,49
INTERNAL_EVENT,7878,50
INTERNAL_EVENT,8047,51
RECEIVED,A,0,8219,52
INTERNAL_EVENT,8388,53
INTERNAL_EVENT,8560,54
RECEIVED,A,0,8728,55
INTERNAL_EVENT,8899,56
SINGLE_SEND,9068,57
INTERNAL_EVENT,9239,58
INTERNAL_EVENT,9407,59
INTERNAL_EVENT,9575,60
INTERNAL_EVENT,9744,61
SINGLE_SEND,9911,62
INTERNAL_EVENT,10083,63
RECEIVED,C,0,10254,64
INTERNAL_EVENT,10425,65
INTERNAL_EVENT,10592,66
INTERNAL_EVENT,10761,67
MULTI_SEND,10932,68
INTERNAL_EVENT,11099,69
INTERNAL_EVENT,11270,70
INTERNAL_EVENT,11438,71
INTERNAL_EVENT,11606,72
INTERNAL_EVENT,11777,73
SINGLE_SEND,11944,74
RECEIVED,A,0,12111,75
RECEIVED,A,0,12278,76
MULTI_SEND,12445,77
INTERNAL_EVENT,12616,78
INTERNAL_EVENT,12788,79
INTERNAL_EVENT,12955,80
INTERNAL_EVENT,13125,81
MULTI_SEND,13294,82
INTERNAL_EVENT,13462,83
INTERNAL_EVENT,13632,84
INTERNAL_EVENT,13804,85
SINGLE_SEND,13975,86
RECEIVED,C,0,14144,87
MULTI_SEND,14314,88
SINGLE_SEND,14480,89
INTERNAL_EVENT,14649,90
INTERNAL_EVENT,14820,91
RECEIVED,C,0,14989,92
RECEIVED,A,0,15161,93
SINGLE_SEND,15331,94
MULTI_SEND,15501,95
MULTI_SEND,15670,96
INTERNAL_EVENT,15840,97
INTERNAL_EVENT,16008,98
RECEIVED,C,0,16178,99
INTERNAL_EVENT,16348,100
INTERNAL_EVENT,16516,101
INTERNAL_EVENT,16688,102
INTERNAL_EVENT,16859,103
RECEIVED,C,0,17028,104
SINGLE_SEND,17195,105
INTERNAL_EVENT,17366,106
INTERNAL_EVENT,17538,107
INTERNAL_EVENT,17705,108
INTERNAL_EVENT,17875,109
INTERNAL_EVENT,18044,110
RECEIVED,C,0,18214,111
INTERNAL_EVENT,18382,112
INTERNAL_EVENT,18550,113
INTERNAL_EVENT,18719,114
RECEIVED,A,0,18889,115
INTERNAL_EVENT,19061,116
RECEIVED,C,0,19228,117
RECEIVED,A,0,19395,118
INTERNAL_EVENT,19564,119
RECEIVED,A,0,19731,120
SINGLE_SEND,19901,121
INTERNAL_EVENT,20072,122
INTERNAL_EVENT,20244,123
MULTI_SEND,20411,124
INTERNAL_EVENT,20583,125
INTERNAL_EVENT,20754,126
INTERNAL_EVENT,20925,127
RECEIVED,C,0,21094,128
RECEIVED,C,0,21264,129
INTERNAL_EVENT,21435,130
INTERNAL_EVENT,21604,131
INTERNAL_EVENT,21775,132
INTERNAL_EVENT,21944,133
SINGLE_SEND,22112,134
INTERNAL_EVENT,22280,135
SINGLE_SEND,22450,136
INTERNAL_EVENT,22619,137
INTERNAL_EVENT,22788,138
INTERNAL_EVENT,22957,139
INTERNAL_EVENT,23128,140
INTERNAL_EVENT,23295,141
RECEIVED,A,0,23466,142
INTERNAL_EVENT,23638,143
INTERNAL_EVENT,23805,144
RECEIVED,C,0,23975,145
INTERNAL_EVENT,24144,146
MULTI_SEND,24312,147
SINGLE_SEND,24483,148
INTERNAL_EVENT,24654,149
INTERNAL_EVENT,24825,150
SINGLE_SEND,24995,151
MULTI_SEND,25162,152
INTERNAL_EVENT,25333,153
SINGLE_SEND,25505,154
INTERNAL_EVENT,25676,155
INTERNAL_EVENT,25845,156
INTERNAL_EVENT,26015,157
MULTI_SEND,26185,158
INTERNAL_EVENT,26355,159
INTERNAL_EVENT,26526,160
INTERNAL_EVENT,26695,161
INTERNAL_EVENT,26865,162
RECEIVED,A,0,27034,163
INTERNAL_EVENT,27205,164
INTERNAL_EVENT,27376,165
INTERNAL_EVENT,27546,166
INTERNAL_EVENT,27718,167
INTERNAL_EVENT,27888,168
INTERNAL_EVENT,28058,169
INTERNAL_EVENT,28226,170
INTERNAL_EVENT,28395,171
INTERNAL_EVENT,28562,172
RECEIVED,A,0,28733,173
RECEIVED,C,0,28905,174
INTERNAL_EVENT,29076,175
SINGLE_SEND,29246,176
INTERNAL_EVENT,29416,177
INTERNAL_EVENT,29588,178
INTERNAL_EVENT,29759,179
SINGLE_SEND,29928,180
RECEIVED,C,0,30095,181
SINGLE_SEND,30267,182
RECEIVED,C,0,30438,183
INTERNAL_EVENT,30606,184
SINGLE_SEND,30778,185
INTERNAL_EVENT,30946,186
INTERNAL_EVENT,31115,187
RECEIVED,A,0,31286,188
INTERNAL_EVENT,31455,189
SINGLE_SEND,31626,190
RECEIVED,C,0,31795,191
SINGLE_SEND,31962,192
INTERNAL_EVENT,32129,193
SINGLE_SEND,32298,194
INTERNAL_EVENT,32466,195
SINGLE_SEND,32638,196
INTERNAL_EVENT,32810,197
INTERNAL_EVENT,32978,198
INTERNAL_EVENT,33148,199
INTERNAL_EVENT,33320,200
INTERNAL_EVENT,33488,201
INTERNAL_EVENT,33656,202
RECEIVED,A,0,33828,204
RECEIVED,A,0,33998,205
INTERNAL_EVENT,34166,206
INTERNAL_EVENT,34336,207
SINGLE_SEND,34505,208
INTERNAL_EVENT,34676,209
RECEIVED,C,0,34845,210
MULTI_SEND,35015,211
INTERNAL_EVENT,35187,212
INTERNAL_EVENT,35357,213
RECEIVED,C,0,35528,214
INTERNAL_EVENT,35697,215
RECEIVED,A,0,35868,216
RECEIVED,A,0,36038,217
INTERNAL_EVENT,36209,218
RECEIVED,C,0,36378,219
RECEIVED,C,0,36549,220
RECEIVED,C,0,36718,221
SINGLE_SEND,36888,222
RECEIVED,A,0,37059,223
SINGLE_SEND,37229,224
MULTI_SEND,37399,225
INTERNAL_EVENT,37572,226
INTERNAL_EVENT,37738,227
INTERNAL_EVENT,37910,228
RECEIVED,A,0,38078,229
INTERNAL_EVENT,38247,230
INTERNAL_EVENT,38418,231
INTERNAL_EVENT,38588,232
INTERNAL_EVENT,38760,233
INTERNAL_EVENT,38928,234
RECEIVED,C,1,39097,235
RECEIVED,A,0,39264,236
SINGLE_SEND,39432,237
RECEIVED,A,0,39601,238
SINGLE_SEND,39769,239
RECEIVED,A,0,39939,240
RECEIVED,A,0,40111,241
INTERNAL_EVENT,40283,242
INTERNAL_EVENT,40455,243
INTERNAL_EVENT,40626,244
RECEIVED,C,0,40795,245
INTERNAL_EVENT,40964,246
RECEIVED,A,0,41133,247
INTERNAL_EVENT,41305,248
INTERNAL_EVENT,41476,249
SINGLE_SEND,41643,250
SINGLE_SEND,41812,251
RECEIVED,C,0,41979,253
MULTI_SEND,42146,254
INTERNAL_EVENT,42315,255
INTERNAL_EVENT,42486,256
INTERNAL_EVENT,42656,257
MULTI_SEND,42828,258
INTERNAL_EVENT,42999,259
SINGLE_SEND,43167,260
RECEIVED,C,0,43338,261
MULTI_SEND,43511,262
SINGLE_SEND,43680,263
INTERNAL_EVENT,43848,264
INTERNAL_EVENT,44019,265
INTERNAL_EVENT,44188,266
INTERNAL_EVENT,44358,267
INTERNAL_EVENT,44529,268
RECEIVED,A,0,44699,269
RECEIVED,C,0,44871,270
SINGLE_SEND,45038,271
RECEIVED,C,0,45206,272
SINGLE_SEND,45376,273
INTERNAL_EVENT,45543,274
SINGLE_SEND,45713,275
SINGLE_SEND,45881,276
INTERNAL_EVENT,46053,277
INTERNAL_EVENT,46221,278
SINGLE_SEND,46393,279
RECEIVED,C,0,46561,280
INTERNAL_EVENT,46729,281
INTERNAL_EVENT,46899,282
SINGLE_SEND,47068,283
INTERNAL_EVENT,47238,284
INTERNAL_EVENT,47407,285
RECEIVED,C,0,47579,286
INTERNAL_EVENT,47748,287
RECEIVED,C,0,47915,288
INTERNAL_EVENT,48086,289
INTERNAL_EVENT,48255,290
RECEIVED,C,0,48426,291
INTERNAL_EVENT,48593,292
RECEIVED,C,0,48762,293
RECEIVED,C,0,48929,294
INTERNAL_EVENT,49101,295
INTERNAL_EVENT,49270,296
INTERNAL_EVENT,49440,297
SINGLE_SEND,49612,298
INTERNAL_EVENT,49779,299
INTERNAL_EVENT,49949,300
SINGLE_SEND,50118,301
SINGLE_SEND,50289,302
INTERNAL_EVENT,50455,303
INTERNAL_EVENT,50626,304
INTERNAL_EVENT,50795,305
INTERNAL_EVENT,50966,306
RECEIVED,C,0,51135,307
RECEIVED,C,0,51305,308
INTERNAL_EVENT,51476,309
RECEIVED,C,0,51646,310
MULTI_SEND,51818,311
INTERNAL_EVENT,51989,312
INTERNAL_EVENT,52157,313
INTERNAL_EVENT,52329,314
MULTI_SEND,52501,315
INTERNAL_EVENT,52670,316
INTERNAL_EVENT,52839,317
RECEIVED,A,0,53009,318
INTERNAL_EVENT,53179,319
RECEIVED,C,0,53350,320
INTERNAL_EVENT,53517,321
RECEIVED,C,0,53689,322
RECEIVED,C,0,53861,323
INTERNAL_EVENT,54030,324
INTERNAL_EVENT,54198,325
RECEIVED,A,0,54369,326
INTERNAL_EVENT,54539,327
INTERNAL_EVENT,54708,328
RECEIVED,C,0,54879,329
INTERNAL_EVENT,55050,330
SINGLE_SEND,55220,331
INTERNAL_EVENT,55389,332
SINGLE_SEND,55557,333
INTERNAL_EVENT,55729,334
RECEIVED,A,0,55899,335
INTERNAL_EVENT,56067,336
INTERNAL_EVENT,56239,337
INTERNAL_EVENT,56410,338
INTERNAL_EVENT,56579,339
INTERNAL_EVENT,56747,340
SINGLE_SEND,56917,341
INTERNAL_EVENT,57089,342
RECEIVED,C,0,57261,343
INTERNAL_EVENT,57429,344
INTERNAL_EVENT,57598,345
INTERNAL_EVENT,57769,346
INTERNAL_EVENT,57939,347
INTERNAL_EVENT,58107,348
RECEIVED,A,0,58276,349
SINGLE_SEND,58446,350
SINGLE_SEND,58615,351
INTERNAL_EVENT,58785,352
INTERNAL_EVENT,58955,353
SINGLE_SEND,59126,354
RECEIVED,C,0,59298,355
INTERNAL_EVENT,59467,356
INTERNAL_EVENT,59639,357
RECEIVED,A,0,59811,358
INTERNAL_EVENT,59982,359
RECEIVED,C,0,60151,360
MULTI_SEND,60320,361
MULTI_SEND,60492,362
SINGLE_SEND,60663,363
INTERNAL_EVENT,60831,364
MULTI_SEND,60999,365
RECEIVED,C,0,61169,366
SINGLE_SEND,61339,367
INTERNAL_EVENT,61506,368
INTERNAL_EVENT,61678,369
INTERNAL_EVENT,61846,370
RECEIVED,C,0,62016,371
SINGLE_SEND,62185,372
RECEIVED,C,0,62356,373
INTERNAL_EVENT,62527,374
INTERNAL_EVENT,62699,375
RECEIVED,A,0,62866,376
RECEIVED,C,0,63035,377
INTERNAL_EVENT,63205,378
RECEIVED,C,0,63377,379
SINGLE_SEND,63546,380
INTERNAL_EVENT,63713,381
INTERNAL_EVENT,63882,382
RECEIVED,C,0,64054,383
RECEIVED,C,0,64225,384
RECEIVED,C,0,64396,385
INTERNAL_EVENT,64566,386
INTERNAL_EVENT,64734,387
INTERNAL_EVENT,64905,388
INTERNAL_EVENT,65076,389
INTERNAL_EVENT,65245,390
RECEIVED,A,0,65415,391
MULTI_SEND,65587,392
INTERNAL_EVENT,65758,393
SINGLE_SEND,65929,394
