INIT,B,6
INTERNAL_EVENT,68,1
INTERNAL_EVENT,239,2
INTERNAL_EVENT,411,3
RECEIVED,A,0,582,5
INTERNAL_EVENT,754,6
INTERNAL_EVENT,924,7
RECEIVED,C,0,1092,8
SINGLE_SEND,1263,9
SINGLE_SEND,1431,10
INTERNAL_EVENT,1601,11
SINGLE_SEND,1771,12
MULTI_SEND,1942,13
INTERNAL_EVENT,2111,14
INTERNAL_EVENT,2282,15
RECEIVED,A,0,2454,16
INTERNAL_EVENT,2626,17
INTERNAL_EVENT,2794,18
INTERNAL_EVENT,2965,19
RECEIVED,C,0,3134,22
INTERNAL_EVENT,3304,23
INTERNAL_EVENT,3476,24
INTERNAL_EVENT,3645,25
RECEIVED,A,0,3817,26
INTERNAL_EVENT,3989,27
INTERNAL_EVENT,4161,28
INTERNAL_EVENT,4333,29
SINGLE_SEND,4504,30
INTERNAL_EVENT,4675,31
RECEIVED,C,0,4842,33
SINGLE_SEND,5011,34
RECEIVED,A,0,5179,35
RECEIVED,A,0,5351,36
INTERNAL_EVENT,5521,37
INTERNAL_EVENT,5692,38
MULTI_SEND,5861,39
INTERNAL_EVENT,6032,40
INTERNAL_EVENT,6204,41
RECEIVED,A,0,6376,43
INTERNAL_EVENT,6545,44
SINGLE_SEND,6712,45
SINGLE_SEND,6879,46
INTERNAL_EVENT,7049,47
INTERNAL_EVENT,7218,48
MULTI_SEND,7390,49
MULTI_SEND,7561,50
INTERNAL_EVENT,7729,51
INTERNAL_EVENT,7899,52
INTERNAL_EVENT,8071,53
MULTI_SEND,8242,54
INTERNAL_EVENT,8409,55
INTERNAL_EVENT,8581,56
MULTI_SEND,8749,57
INTERNAL_EVENT,8921,58
MULTI_SEND,9092,59
MULTI_SEND,9261,60
INTERNAL_EVENT,9429,61
RECEIVED,A,0,9602,63
INTERNAL_EVENT,9771,64
INTERNAL_EVENT,9942,65
INTERNAL_EVENT,10111,66
RECEIVED,C,0,10282,67
INTERNAL_EVENT,10454,68
RECEIVED,A,0,10622,69
INTERNAL_EVENT,10792,70
RECEIVED,A,0,10959,71
RECEIVED,A,0,11128,72
INTERNAL_EVENT,11298,73
INTERNAL_EVENT,11470,74
INTERNAL_EVENT,11642,75
INTERNAL_EVENT,11811,76
INTERNAL_EVENT,11979,77
RECEIVED,C,0,12150,79
INTERNAL_EVENT,12321,80
INTERNAL_EVENT,12493,81
RECEIVED,A,0,12661,82
SINGLE_SEND,12832,83
INTERNAL_EVENT,13001,84
INTERNAL_EVENT,13171,85
INTERNAL_EVENT,13342,86
INTERNAL_EVENT,13511,87
RECEIVED,C,0,13682,89
INTERNAL_EVENT,13852,90
RECEIVED,C,0,14021,91
MULTI_SEND,14192,92
SINGLE_SEND,14362,93
INTERNAL_EVENT,14528,94
RECEIVED,C,0,14699,96
INTERNAL_EVENT,14871,97
INTERNAL_EVENT,15042,98
SINGLE_SEND,15212,99
RECEIVED,A,0,15378,100
SINGLE_SEND,15545,101
SINGLE_SEND,15715,102
INTERNAL_EVENT,15884,103
INTERNAL_EVENT,16054,104
RECEIVED,A,0,16226,105
INTERNAL_EVENT,16395,106
INTERNAL_EVENT,16567,107
INTERNAL_EVENT,16735,108
SINGLE_SEND,16905,109
INTERNAL_EVENT,17072,110
SINGLE_SEND,17242,111
INTERNAL_EVENT,17414,112
RECEIVED,C,0,17584,113
INTERNAL_EVENT,17754,114
SINGLE_SEND,17923,115
SINGLE_SEND,18095,116
INTERNAL_EVENT,18265,117
INTERNAL_EVENT,18437,118
INTERNAL_EVENT,18605,119
RECEIVED,A,0,18774,120
INTERNAL_EVENT,18942,121
INTERNAL_EVENT,19112,122
MULTI_SEND,19280,123
MULTI_SEND,19451,124
INTERNAL_EVENT,19621,125
MULTI_SEND,19792,126
INTERNAL_EVENT,19962,127
INTERNAL_EVENT,20131,128
SINGLE_SEND,20301,129
INTERNAL_EVENT,20471,130
INTERNAL_EVENT,20642,131
RECEIVED,A,0,20812,132
INTERNAL_EVENT,20984,133
INTERNAL_EVENT,21155,134
RECEIVED,C,0,21327,135
INTERNAL_EVENT,21498,136
RECEIVED,A,0,21665,137
SINGLE_SEND,21832,138
INTERNAL_EVENT,22002,139
RECEIVED,A,0,22171,141
RECEIVED,C,0,22342,142
INTERNAL_EVENT,22509,143
INTERNAL_EVENT,22679,144
RECEIVED,A,0,22851,145
INTERNAL_EVENT,23019,146
INTERNAL_EVENT,23191,147
SINGLE_SEND,23362,148
RECEIVED,A,0,23532,149
INTERNAL_EVENT,23704,150
RECEIVED,C,1,23871,151
RECEIVED,A,0,24042,152
RECEIVED,A,0,24212,153
SINGLE_SEND,24383,154
INTERNAL_EVENT,24555,155
INTERNAL_EVENT,24727,156
INTERNAL_EVENT,24895,157
INTERNAL_EVENT,25062,158
SINGLE_SEND,25233,159
RECEIVED,C,0,25405,161
INTERNAL_EVENT,25573,162
SINGLE_SEND,25745,163
SINGLE_SEND,25912,164
INTERNAL_EVENT,26080,165
RECEIVED,C,0,26248,166
INTERNAL_EVENT,26418,167
RECEIVED,C,0,26587,169
RECEIVED,C,0,26758,170
INTERNAL_EVENT,26929,171
INTERNAL_EVENT,27100,172
SINGLE_SEND,27271,173
INTERNAL_EVENT,27442,174
INTERNAL_EVENT,27612,175
MULTI_SEND,27783,176
MULTI_SEND,27950,177
SINGLE_SEND,28119,178
SINGLE_SEND,28291,179
RECEIVED,C,0,28459,181
MULTI_SEND,28629,182
INTERNAL_EVENT,28799,183
RECEIVED,C,0,28967,185
INTERNAL_EVENT,29135,186
RECEIVED,A,0,29305,187
INTERNAL_EVENT,29477,188
RECEIVED,C,0,29645,190
INTERNAL_EVENT,29813,191
RECEIVED,C,0,29984,192
SINGLE_SEND,30155,193
INTERNAL_EVENT,30326,194
INTERNAL_EVENT,30495,195
INTERNAL_EVENT,30664,196
INTERNAL_EVENT,30837,197
INTERNAL_EVENT,31005,198
RECEIVED,C,0,31175,200
INTERNAL_EVENT,31346,201
MULTI_SEND,31518,202
INTERNAL_EVENT,31686,203
RECEIVED,C,0,31855,205
SINGLE_SEND,32024,206
INTERNAL_EVENT,32195,207
RECEIVED,A,0,32362,209
INTERNAL_EVENT,32534,210
RECEIVED,C,0,32705,211
INTERNAL_EVENT,32875,212
RECEIVED,A,0,33045,213
INTERNAL_EVENT,33213,214
INTERNAL_EVENT,33385,215
RECEIVED,A,0,33555,216
INTERNAL_EVENT,33723,217
INTERNAL_EVENT,33895,218
RECEIVED,A,1,34066,219
RECEIVED,C,0,34235,220
INTERNAL_EVENT,34405,221
INTERNAL_EVENT,34577,222
MULTI_SEND,34746,223
SINGLE_SEND,34917,224
SINGLE_SEND,35089,225
RECEIVED,C,0,35256,227
RECEIVED,C,0,35428,228
RECEIVED,C,0,35595,229
INTERNAL_EVENT,35763,230
INTERNAL_EVENT,35934,231
INTERNAL_EVENT,36105,232
INTERNAL_EVENT,36277,233
RECEIVED,A,0,36446,234
INTERNAL_EVENT,36617,235
RECEIVED,C,0,36789,237
RECEIVED,C,0,36957,238
INTERNAL_EVENT,37129,239
INTERNAL_EVENT,37296,240
INTERNAL_EVENT,37467,241
RECEIVED,A,0,37635,242
RECEIVED,A,0,37807,243
RECEIVED,A,0,37979,244
SINGLE_SEND,38148,245
INTERNAL_EVENT,38318,246
INTERNAL_EVENT,38485,247
INTERNAL_EVENT,38655,248
RECEIVED,A,0,38827,250
RECEIVED,A,0,38996,251
RECEIVED,C,0,39163,253
RECEIVED,C,0,39335,254
INTERNAL_EVENT,39505,255
INTERNAL_EVENT,39672,256
INTERNAL_EVENT,39842,257
INTERNAL_EVENT,40012,258
INTERNAL_EVENT,40179,259
INTERNAL_EVENT,40351,260
INTERNAL_EVENT,40521,261
INTERNAL_EVENT,40692,262
SINGLE_SEND,40860,263
SINGLE_SEND,41029,264
INTERNAL_EVENT,41201,265
MULTI_SEND,41372,266
INTERNAL_EVENT,41543,267
MULTI_SEND,41712,268
INTERNAL_EVENT,41884,269
RECEIVED,A,0,42055,271
INTERNAL_EVENT,42226,272
INTERNAL_EVENT,42396,273
RECEIVED,C,0,42568,274
INTERNAL_EVENT,42736,275
RECEIVED,C,0,42905,276
INTERNAL_EVENT,43073,277
RECEIVED,A,0,43243,278
INTERNAL_EVENT,43412,279
INTERNAL_EVENT,43581,280
INTERNAL_EVENT,43753,281
INTERNAL_EVENT,43922,282
INTERNAL_EVENT,44093,283
RECEIVED,A,0,44259,284
INTERNAL_EVENT,44429,285
RECEIVED,A,0,44599,286
RECEIVED,C,0,44767,287
SINGLE_SEND,44937,288
RECEIVED,A,0,45106,289
INTERNAL_EVENT,45274,290
MULTI_SEND,45446,291
INTERNAL_EVENT,45616,292
INTERNAL_EVENT,45788,293
MULTI_SEND,45960,294
INTERNAL_EVENT,46130,295
SINGLE_SEND,46301,296
MULTI_SEND,46473,297
INTERNAL_EVENT,46644,298
INTERNAL_EVENT,46813,299
RECEIVED,A,0,46981,300
SINGLE_SEND,47152,301
SINGLE_SEND,47322,302
INTERNAL_EVENT,47493,303
INTERNAL_EVENT,47662,304
RECEIVED,C,0,47829,307
INTERNAL_EVENT,48000,308
RECEIVED,A,0,48172,309
RECEIVED,A,0,48343,310
RECEIVED,A,0,48511,311
INTERNAL_EVENT,48679,312
SINGLE_SEND,48850,313
RECEIVED,A,0,49022,314
RECEIVED,A,0,49193,315
INTERNAL_EVENT,49363,316
MULTI_SEND,49535,317
INTERNAL_EVENT,49705,318
SINGLE_SEND,49876,319
INTERNAL_EVENT,50046,320
SINGLE_SEND,50218,321
INTERNAL_EVENT,50387,322
INTERNAL_EVENT,50555,323
RECEIVED,C,0,50727,325
INTERNAL_EVENT,50896,326
SINGLE_SEND,51065,327
INTERNAL_EVENT,51235,328
SINGLE_SEND,51405,329
INTERNAL_EVENT,51577,330
INTERNAL_EVENT,51746,331
INTERNAL_EVENT,51917,332
MULTI_SEND,52087,333
SINGLE_SEND,52256,334
SINGLE_SEND,52424,335
RECEIVED,A,0,52596,337
INTERNAL_EVENT,52767,338
INTERNAL_EVENT,52937,339
INTERNAL_EVENT,53106,340
INTERNAL_EVENT,53276,341
SINGLE_SEND,53446,342
MULTI_SEND,53617,343
INTERNAL_EVENT,53784,344
RECEIVED,C,0,53955,346
RECEIVED,A,0,54124,347
SINGLE_SEND,54293,348
INTERNAL_EVENT,54464,349
RECEIVED,A,0,54634,350
RECEIVED,C,0,54804,352
INTERNAL_EVENT,54975,353
INTERNAL_EVENT,55143,354
SINGLE_SEND,55313,355
INTERNAL_EVENT,55480,356
INTERNAL_EVENT,55651,357
MULTI_SEND,55822,358
INTERNAL_EVENT,55993,359
INTERNAL_EVENT,56161,360
INTERNAL_EVENT,56330,361
RECEIVED,A,0,56497,362
INTERNAL_EVENT,56665,363
RECEIVED,A,0,56835,364
RECEIVED,C,0,57005,365
INTERNAL_EVENT,57173,366
INTERNAL_EVENT,57343,367
INTERNAL_EVENT,57513,368
INTERNAL_EVENT,57680,369
INTERNAL_EVENT,57852,370
INTERNAL_EVENT,58022,371
RECEIVED,C,0,58193,373
INTERNAL_EVENT,58363,374
SINGLE_SEND,58533,375
INTERNAL_EVENT,58705,376
RECEIVED,A,0,58876,377
SINGLE_SEND,59046,378
SINGLE_SEND,59218,379
INTERNAL_EVENT,59386,380
RECEIVED,A,0,59555,382
SINGLE_SEND,59728,383
MULTI_SEND,59896,384
INTERNAL_EVENT,60068,385
MULTI_SEND,60240,386
INTERNAL_EVENT,60412,387
RECEIVED,A,0,60580,389
RECEIVED,A,0,60747,390
RECEIVED,A,0,60919,391
INTERNAL_EVENT,61088,392
RECEIVED,C,0,61257,393
INTERNAL_EVENT,61427,394
RECEIVED,C,0,61596,395
INTERNAL_EVENT,61767,396
INTERNAL_EVENT,61938,397
INTERNAL_EVENT,62105,398
MULTI_SEND,62278,399
INTERNAL_EVENT,62446,400
INTERNAL_EVENT,62614,401
INTERNAL_EVENT,62783,402
RECEIVED,A,0,62953,404
INTERNAL_EVENT,63121,405
SINGLE_SEND,63293,406
INTERNAL_EVENT,63463,407
INTERNAL_EVENT,63633,408
RECEIVED,C,0,63801,409
INTERNAL_EVENT,63969,410
MULTI_SEND,64138,411
INTERNAL_EVENT,64306,412
INTERNAL_EVENT,64476,413
INTERNAL_EVENT,64646,414
SINGLE_SEND,64815,415
INTERNAL_EVENT,64986,416
RECEIVED,C,0,65155,418
SINGLE_SEND,65328,419
INTERNAL_EVENT,65495,420
INTERNAL_EVENT,65663,421
RECEIVED,A,0,65835,423
