INIT,B,6
INTERNAL_EVENT,68,1
INTERNAL_EVENT,239,2
MULTI_SEND,407,3
SINGLE_SEND,577,4
INTERNAL_EVENT,747,5
RECEIVED,C,0,918,6
SINGLE_SEND,1089,7
INTERNAL_EVENT,1258,8
INTERNAL_EVENT,1427,9
INTERNAL_EVENT,1599,10
INTERNAL_EVENT,1769,11
INTERNAL_EVENT,1941,12
SINGLE_SEND,2113,13
SINGLE_SEND,2281,14
SINGLE_SEND,2447,15
INTERNAL_EVENT,2619,16
INTERNAL_EVENT,2789,17
INTERNAL_EVENT,2956,18
RECEIVED,C,0,3127,19
INTERNAL_EVENT,3294,20
INTERNAL_EVENT,3462,21
INTERNAL_EVENT,3629,22
RECEIVED,A,0,3801,24
INTERNAL_EVENT,3971,25
SINGLE_SEND,4139,26
RECEIVED,A,0,4308,27
MULTI_SEND,4477,28
RECEIVED,C,0,4647,29
INTERNAL_EVENT,4819,30
RECEIVED,C,0,4989,31
SINGLE_SEND,5156,32
RECEIVED,A,0,5327,33
INTERNAL_EVENT,5497,34
INTERNAL_EVENT,5664,35
RECEIVED,C,0,5832,37
RECEIVED,C,0,6003,38
INTERNAL_EVENT,6170,39
INTERNAL_EVENT,6339,40
INTERNAL_EVENT,6509,41
INTERNAL_EVENT,6681,42
RECEIVED,C,0,6849,43
SINGLE_SEND,7016,44
SINGLE_SEND,7187,45
INTERNAL_EVENT,7358,46
INTERNAL_EVENT,7527,47
MULTI_SEND,7698,48
MULTI_SEND,7865,49
INTERNAL_EVENT,8033,50
INTERNAL_EVENT,8204,51
INTERNAL_EVENT,8377,52
INTERNAL_EVENT,8544,53
MULTI_SEND,8715,54
INTERNAL_EVENT,8885,55
INTERNAL_EVENT,9054,56
RECEIVED,C,0,9225,58
RECEIVED,C,0,9397,59
RECEIVED,C,0,9565,60
INTERNAL_EVENT,9733,61
INTERNAL_EVENT,9905,62
INTERNAL_EVENT,10072,63
SINGLE_SEND,10240,64
INTERNAL_EVENT,10411,65
RECEIVED,C,0,10581,67
INTERNAL_EVENT,10749,68
RECEIVED,A,0,10920,69
SINGLE_SEND,11089,70
RECEIVED,C,0,11256,71
RECEIVED,A,0,11427,73
INTERNAL_EVENT,11598,74
RECEIVED,A,0,11768,75
SINGLE_SEND,11939,76
INTERNAL_EVENT,12106,77
SINGLE_SEND,12277,78
INTERNAL_EVENT,12448,79
INTERNAL_EVENT,12620,80
RECEIVED,A,0,12789,81
RECEIVED,A,0,12957,82
INTERNAL_EVENT,13127,83
INTERNAL_EVENT,13299,84
INTERNAL_EVENT,13469,85
RECEIVED,A,0,13639,86
INTERNAL_EVENT,13809,87
INTERNAL_EVENT,13981,88
SINGLE_SEND,14152,89
INTERNAL_EVENT,14321,90
INTERNAL_EVENT,14490,91
RECEIVED,C,0,14660,93
INTERNAL_EVENT,14831,94
RECEIVED,C,0,15003,95
RECEIVED,C,0,15174,96
RECEIVED,C,0,15345,97
INTERNAL_EVENT,15515,98
RECEIVED,A,0,15684,99
INTERNAL_EVENT,15851,100
INTERNAL_EVENT,16018,101
MULTI_SEND,16189,102
RECEIVED,C,0,16361,103
INTERNAL_EVENT,16531,104
INTERNAL_EVENT,16702,105
RECEIVED,A,2,16875,106
RECEIVED,C,1,17041,107
RECEIVED,C,0,17211,108
MULTI_SEND,17382,109
MULTI_SEND,17549,110
INTERNAL_EVENT,17717,111
INTERNAL_EVENT,17888,112
INTERNAL_EVENT,18056,113
INTERNAL_EVENT,18227,114
INTERNAL_EVENT,18398,115
INTERNAL_EVENT,18568,116
INTERNAL_EVENT,18739,117
RECEIVED,A,0,18909,118
SINGLE_SEND,19081,119
RECEIVED,A,0,19249,120
INTERNAL_EVENT,19418,121
RECEIVED,A,0,19589,122
SINGLE_SEND,19759,123
RECEIVED,C,0,19927,124
RECEIVED,C,0,20098,125
RECEIVED,A,0,20266,126
INTERNAL_EVENT,20438,127
RECEIVED,A,0,20605,128
MULTI_SEND,20777,129
INTERNAL_EVENT,20948,130
SINGLE_SEND,21116,131
RECEIVED,C,0,21283,132
MULTI_SEND,21454,133
SINGLE_SEND,21622,134
INTERNAL_EVENT,21789,135
INTERNAL_EVENT,21958,136
MULTI_SEND,22127,137
MULTI_SEND,22298,138
INTERNAL_EVENT,22469,139
INTERNAL_EVENT,22639,140
INTERNAL_EVENT,22806,141
RECEIVED,C,0,22978,142
RECEIVED,C,0,23149,143
INTERNAL_EVENT,23321,144
SINGLE_SEND,23490,145
RECEIVED,A,0,23661,146
INTERNAL_EVENT,23832,147
SINGLE_SEND,24002,148
RECEIVED,C,0,24173,149
INTERNAL_EVENT,24343,150
SINGLE_SEND,24515,151
INTERNAL_EVENT,24682,152
RECEIVED,C,0,24853,153
RECEIVED,C,0,25020,154
RECEIVED,A,1,25189,155
RECEIVED,C,0,25357,156
INTERNAL_EVENT,25527,157
MULTI_SEND,25698,158
SINGLE_SEND,25866,159
MULTI_SEND,26033,160
INTERNAL_EVENT,26204,161
SINGLE_SEND,26371,162
INTERNAL_EVENT,26541,163
SINGLE_SEND,26712,164
INTERNAL_EVENT,26882,165
SINGLE_SEND,27050,166
RECEIVED,C,0,27218,167
SINGLE_SEND,27390,168
SINGLE_SEND,27556,169
INTERNAL_EVENT,27727,170
MULTI_SEND,27900,171
SINGLE_SEND,28067,172
INTERNAL_EVENT,28234,173
RECEIVED,A,1,28401,174
RECEIVED,C,0,28569,175
SINGLE_SEND,28739,176
INTERNAL_EVENT,28909,177
RECEIVED,C,0,29080,179
SINGLE_SEND,29250,180
INTERNAL_EVENT,29421,181
SINGLE_SEND,29592,182
INTERNAL_EVENT,29762,183
RECEIVED,C,0,29933,185
INTERNAL_EVENT,30104,186
INTERNAL_EVENT,30271,187
INTERNAL_EVENT,30440,188
RECEIVED,C,0,30607,189
INTERNAL_EVENT,30777,190
RECEIVED,A,0,30948,191
INTERNAL_EVENT,31116,192
MULTI_SEND,31283,193
INTERNAL_EVENT,31455,194
SINGLE_SEND,31625,195
RECEIVED,A,0,31794,196
INTERNAL_EVENT,31965,197
INTERNAL_EVENT,32134,198
SINGLE_SEND,32301,199
INTERNAL_EVENT,32472,200
MULTI_SEND,32643,201
INTERNAL_EVENT,32815,202
INTERNAL_EVENT,32987,203
RECEIVED,A,0,33155,204
RECEIVED,C,0,33325,206
RECEIVED,A,0,33496,207
INTERNAL_EVENT,33664,208
INTERNAL_EVENT,33834,209
INTERNAL_EVENT,34001,210
RECEIVED,C,0,34169,211
INTERNAL_EVENT,34340,212
RECEIVED,A,0,34507,213
SINGLE_SEND,34677,214
SINGLE_SEND,34849,215
INTERNAL_EVENT,35017,216
SINGLE_SEND,35185,217
INTERNAL_EVENT,35352,218
INTERNAL_EVENT,35523,219
SINGLE_SEND,35690,220
MULTI_SEND,35858,221
SINGLE_SEND,36027,222
SINGLE_SEND,36199,223
INTERNAL_EVENT,36367,224
RECEIVED,C,0,36535,226
INTERNAL_EVENT,36706,227
INTERNAL_EVENT,36877,228
INTERNAL_EVENT,37049,229
INTERNAL_EVENT,37217,230
RECEIVED,C,0,37384,231
INTERNAL_EVENT,37552,232
INTERNAL_EVENT,37720,233
INTERNAL_EVENT,37890,234
SINGLE_SEND,38061,235
INTERNAL_EVENT,38232,236
INTERNAL_EVENT,38402,237
INTERNAL_EVENT,38573,238
INTERNAL_EVENT,38744,239
INTERNAL_EVENT,38915,240
INTERNAL_EVENT,39085,241
INTERNAL_EVENT,39256,242
RECEIVED,A,0,39427,243
RECEIVED,C,0,39599,244
RECEIVED,C,0,39768,245
INTERNAL_EVENT,39938,246
INTERNAL_EVENT,40109,247
RECEIVED,A,0,40278,248
INTERNAL_EVENT,40450,249
INTERNAL_EVENT,40621,250
MULTI_SEND,40792,251
RECEIVED,C,0,40962,253
SINGLE_SEND,41132,254
INTERNAL_EVENT,41300,255
SINGLE_SEND,41467,256
INTERNAL_EVENT,41636,257
SINGLE_SEND,41804,258
RECEIVED,A,0,41972,259
INTERNAL_EVENT,42141,260
MULTI_SEND,42312,261
INTERNAL_EVENT,42482,262
INTERNAL_EVENT,42650,263
SINGLE_SEND,42818,264
RECEIVED,A,1,42990,265
RECEIVED,C,0,43157,266
INTERNAL_EVENT,43327,267
INTERNAL_EVENT,43499,268
RECEIVED,A,0,43667,269
INTERNAL_EVENT,43834,270
MULTI_SEND,44002,271
INTERNAL_EVENT,44170,272
INTERNAL_EVENT,44340,273
SINGLE_SEND,44507,274
SINGLE_SEND,44677,275
INTERNAL_EVENT,44849,276
INTERNAL_EVENT,45018,277
RECEIVED,A,0,45190,278
SINGLE_SEND,45357,279
MULTI_SEND,45528,280
INTERNAL_EVENT,45700,281
SINGLE_SEND,45869,282
RECEIVED,A,0,46040,283
SINGLE_SEND,46210,284
INTERNAL_EVENT,46382,285
SINGLE_SEND,46557,286
MULTI_SEND,46727,287
MULTI_SEND,46899,288
INTERNAL_EVENT,47066,289
INTERNAL_EVENT,47234,290
RECEIVED,A,0,47405,291
INTERNAL_EVENT,47576,292
INTERNAL_EVENT,47747,293
INTERNAL_EVENT,47915,294
RECEIVED,A,0,48082,295
INTERNAL_EVENT,48251,296
RECEIVED,C,0,48418,297
INTERNAL_EVENT,48590,298
INTERNAL_EVENT,48760,299
SINGLE_SEND,48927,300
INTERNAL_EVENT,49099,301
INTERNAL_EVENT,49266,302
INTERNAL_EVENT,49433,303
SINGLE_SEND,49602,304
SINGLE_SEND,49773,305
RECEIVED,C,0,49944,306
SINGLE_SEND,50116,307
INTERNAL_EVENT,50283,308
SINGLE_SEND,50450,309
SINGLE_SEND,50619,310
INTERNAL_EVENT,50790,311
SINGLE_SEND,50962,312
INTERNAL_EVENT,51133,313
INTERNAL_EVENT,51300,314
RECEIVED,A,0,51468,315
INTERNAL_EVENT,51636,316
MULTI_SEND,51803,317
RECEIVED,C,0,51970,318
INTERNAL_EVENT,52141,319
MULTI_SEND,52312,320
RECEIVED,A,0,52482,321
INTERNAL_EVENT,52653,322
INTERNAL_EVENT,52824,323
INTERNAL_EVENT,52994,324
INTERNAL_EVENT,53162,325
SINGLE_SEND,53333,326
RECEIVED,C,0,53503,327
INTERNAL_EVENT,53671,328
SINGLE_SEND,53840,329
INTERNAL_EVENT,54011,330
INTERNAL_EVENT,54183,331
INTERNAL_EVENT,54353,332
RECEIVED,A,0,54522,333
SINGLE_SEND,54690,334
RECEIVED,C,0,54861,335
INTERNAL_EVENT,55033,336
RECEIVED,C,0,55205,337
RECEIVED,A,0,55374,338
RECEIVED,A,0,55543,339
SINGLE_SEND,55713,340
RECEIVED,C,0,55882,341
INTERNAL_EVENT,56053,342
INTERNAL_EVENT,56222,343
RECEIVED,A,0,56391,344
MULTI_SEND,56558,345
INTERNAL_EVENT,56729,346
INTERNAL_EVENT,56898,347
INTERNAL_EVENT,57069,348
RECEIVED,A,0,57240,349
INTERNAL_EVENT,57410,350
INTERNAL_EVENT,57582,351
INTERNAL_EVENT,57753,352
INTERNAL_EVENT,57925,353
RECEIVED,A,0,58093,354
RECEIVED,A,0,58264,355
INTERNAL_EVENT,58435,356
INTERNAL_EVENT,58605,357
INTERNAL_EVENT,58776,358
RECEIVED,C,0,58947,359
SINGLE_SEND,59115,360
SINGLE_SEND,59283,361
INTERNAL_EVENT,59454,362
INTERNAL_EVENT,59626,363
SINGLE_SEND,59794,364
INTERNAL_EVENT,59966,365
INTERNAL_EVENT,60137,366
RECEIVED,A,1,60306,367
RECEIVED,C,0,60478,368
MULTI_SEND,60649,369
RECEIVED,C,0,60818,370
INTERNAL_EVENT,60990,371
INTERNAL_EVENT,61160,372
INTERNAL_EVENT,61330,373
SINGLE_SEND,61500,374
INTERNAL_EVENT,61666,375
SINGLE_SEND,61835,376
RECEIVED,A,0,62006,377
INTERNAL_EVENT,62178,378
RECEIVED,A,0,62349,379
INTERNAL_EVENT,62518,380
RECEIVED,C,0,62690,382
INTERNAL_EVENT,62857,383
INTERNAL_EVENT,63028,384
INTERNAL_EVENT,63199,385
RECEIVED,A,0,63366,386
INTERNAL_EVENT,63534,387
INTERNAL_EVENT,63705,388
INTERNAL_EVENT,63877,389
RECEIVED,C,0,64049,390
SINGLE_SEND,64217,391
RECEIVED,A,0,64386,392
MULTI_SEND,64554,393
INTERNAL_EVENT,64722,394
INTERNAL_EVENT,64891,395
SINGLE_SEND,65058,396
INTERNAL_EVENT,65228,397
RECEIVED,C,0,65399,398
RECEIVED,C,0,65566,399
INTERNAL_EVENT,65737,400
SINGLE_SEND,65907,401
