INIT,B,1
MULTI_SEND,430,1
INTERNAL_EVENT,1434,2
SINGLE_SEND,2435,3
SINGLE_SEND,3436,4
INTERNAL_EVENT,4437,5
INTERNAL_EVENT,5437,6
MULTI_SEND,6438,7
INTERNAL_EVENT,7439,8
SINGLE_SEND,8440,9
MULTI_SEND,9440,10
RECEIVED,A,0,10441,30
RECEIVED,A,0,11442,33
RECEIVED,A,0,12443,36
RECEIVED,A,1,13444,39
RECEIVED,A,1,14444,40
RECEIVED,A,0,15445,43
SINGLE_SEND,16446,44
RECEIVED,A,0,17447,52
RECEIVED,A,0,18448,55
RECEIVED,A,0,19448,56
INTERNAL_EVENT,20449,57
INTERNAL_EVENT,21450,58
INTERNAL_EVENT,22450,59
SINGLE_SEND,23451,60
RECEIVED,A,0,24452,72
INTERNAL_EVENT,25453,73
RECEIVED,A,1,26453,78
RECEIVED,A,0,27454,79
RECEIVED,C,1,28455,81
RECEIVED,A,1,29455,84
RECEIVED,A,2,30457,86
RECEIVED,A,2,31457,89
RECEIVED,A,2,32458,90
RECEIVED,A,2,33459,94
RECEIVED,A,1,34460,97
RECEIVED,A,1,35461,100
RECEIVED,C,0,36462,102
INTERNAL_EVENT,37462,103
INTERNAL_EVENT,38463,104
RECEIVED,A,0,39464,117
RECEIVED,A,0,40464,120
INTERNAL_EVENT,41465,121
RECEIVED,A,0,42465,126
INTERNAL_EVENT,43466,127
INTERNAL_EVENT,44468,128
INTERNAL_EVENT,45468,129
RECEIVED,C,0,46469,130
RECEIVED,A,0,47469,141
RECEIVED,A,1,48470,144
RECEIVED,A,0,49470,145
RECEIVED,A,0,50472,151
RECEIVED,A,1,51472,152
RECEIVED,A,1,52473,154
RECEIVED,A,0,53473,155
INTERNAL_EVENT,54474,156
RECEIVED,A,0,55475,165
RECEIVED,A,0,56476,168
RECEIVED,A,0,57476,171
RECEIVED,A,0,58477,174
RECEIVED,A,0,59478,178
