INIT,B,5
INTERNAL_EVENT,80,1
SINGLE_SEND,283,2
INTERNAL_EVENT,487,3
MULTI_SEND,690,4
INTERNAL_EVENT,891,5
RECEIVED,A,0,1095,7
MULTI_SEND,1297,8
INTERNAL_EVENT,1497,9
RECEIVED,A,0,1700,11
RECEIVED,C,0,1903,13
SINGLE_SEND,2104,14
INTERNAL_EVENT,2307,15
SINGLE_SEND,2509,16
RECEIVED,C,0,2714,19
RECEIVED,C,1,2917,20
RECEIVED,A,1,3119,21
RECEIVED,A,0,3321,22
INTERNAL_EVENT,3524,23
SINGLE_SEND,3727,24
SINGLE_SEND,3931,25
INTERNAL_EVENT,4135,26
RECEIVED,C,1,4337,28
RECEIVED,C,1,4537,29
RECEIVED,C,1,4739,30
RECEIVED,C,1,4943,31
RECEIVED,C,2,5144,32
RECEIVED,C,1,5345,33
RECEIVED,A,0,5546,34
MULTI_SEND,5751,35
SINGLE_SEND,5953,36
RECEIVED,A,0,6155,38
INTERNAL_EVENT,6358,39
RECEIVED,C,0,6560,43
SINGLE_SEND,6764,44
RECEIVED,A,0,6968,45
MULTI_SEND,7172,46
SINGLE_SEND,7375,47
INTERNAL_EVENT,7576,48
RECEIVED,A,0,7781,49
MULTI_SEND,7984,50
MULTI_SEND,8187,51
SINGLE_SEND,8388,52
RECEIVED,C,0,8589,55
RECEIVED,C,0,8792,57
RECEIVED,C,0,8994,58
RECEIVED,C,0,9195,59
MULTI_SEND,9400,60
RECEIVED,C,0,9603,63
RECEIVED,C,0,9804,64
SINGLE_SEND,10004,65
RECEIVED,C,0,10205,66
SINGLE_SEND,10409,67
RECEIVED,C,0,10612,68
RECEIVED,C,0,10813,70
RECEIVED,C,0,11014,71
RECEIVED,C,0,11218,72
RECEIVED,C,0,11418,73
RECEIVED,A,0,11619,74
RECEIVED,A,0,11824,75
SINGLE_SEND,12027,76
INTERNAL_EVENT,12228,77
INTERNAL_EVENT,12428,78
RECEIVED,A,1,12633,79
RECEIVED,C,1,12837,80
RECEIVED,C,0,13037,81
RECEIVED,C,0,13241,84
SINGLE_SEND,13442,85
MULTI_SEND,13647,86
INTERNAL_EVENT,13852,87
RECEIVED,C,0,14057,90
SINGLE_SEND,14258,91
INTERNAL_EVENT,14458,92
MULTI_SEND,14661,93
INTERNAL_EVENT,14861,94
RECEIVED,C,0,15064,97
INTERNAL_EVENT,15268,98
INTERNAL_EVENT,15470,99
RECEIVED,A,0,15674,100
SINGLE_SEND,15877,101
RECEIVED,A,0,16080,102
INTERNAL_EVENT,16282,103
INTERNAL_EVENT,16487,104
SINGLE_SEND,16687,105
RECEIVED,C,1,16889,107
RECEIVED,C,0,17093,108
RECEIVED,C,0,17297,110
RECEIVED,C,0,17501,111
MULTI_SEND,17704,112
INTERNAL_EVENT,17907,113
SINGLE_SEND,18110,114
MULTI_SEND,18314,115
SINGLE_SEND,18516,116
MULTI_SEND,18719,117
RECEIVED,C,0,18924,121
MULTI_SEND,19124,122
MULTI_SEND,19326,123
INTERNAL_EVENT,19529,124
INTERNAL_EVENT,19729,125
RECEIVED,C,0,19930,127
SINGLE_SEND,20135,128
INTERNAL_EVENT,20337,129
RECEIVED,C,0,20538,131
RECEIVED,A,1,20739,132
RECEIVED,C,1,20939,133
RECEIVED,C,1,21139,134
RECEIVED,C,1,21340,135
RECEIVED,A,1,21540,136
RECEIVED,C,0,21741,137
RECEIVED,C,0,21941,139
MULTI_SEND,22146,140
INTERNAL_EVENT,22351,141
SINGLE_SEND,22553,142
MULTI_SEND,22755,143
SINGLE_SEND,22957,144
RECEIVED,A,0,23162,146
RECEIVED,C,0,23366,148
MULTI_SEND,23566,149
INTERNAL_EVENT,23768,150
SINGLE_SEND,23969,151
SINGLE_SEND,24174,152
MULTI_SEND,24374,153
SINGLE_SEND,24576,154
INTERNAL_EVENT,24780,155
RECEIVED,C,0,24980,158
RECEIVED,A,0,25181,159
RECEIVED,C,0,25385,161
SINGLE_SEND,25587,162
RECEIVED,C,0,25787,163
RECEIVED,A,0,25992,165
MULTI_SEND,26193,166
SINGLE_SEND,26394,167
INTERNAL_EVENT,26595,168
SINGLE_SEND,26798,169
SINGLE_SEND,27002,170
INTERNAL_EVENT,27206,171
RECEIVED,C,0,27411,174
RECEIVED,C,0,27613,176
RECEIVED,A,0,27813,177
INTERNAL_EVENT,28018,178
INTERNAL_EVENT,28220,179
RECEIVED,C,0,28424,180
RECEIVED,C,0,28625,182
RECEIVED,A,0,28825,183
RECEIVED,A,0,29028,184
MULTI_SEND,29233,185
INTERNAL_EVENT,29438,186
MULTI_SEND,29640,187
INTERNAL_EVENT,29842,188
MULTI_SEND,30045,189
INTERNAL_EVENT,30248,190
SINGLE_SEND,30448,191
INTERNAL_EVENT,30653,192
RECEIVED,C,0,30853,196
RECEIVED,A,0,31054,197
RECEIVED,C,0,31254,198
RECEIVED,C,0,31455,199
INTERNAL_EVENT,31655,200
RECEIVED,C,0,31859,202
MULTI_SEND,32062,203
SINGLE_SEND,32263,204
RECEIVED,C,0,32464,206
RECEIVED,C,0,32667,207
RECEIVED,C,1,32870,208
RECEIVED,C,0,33075,209
SINGLE_SEND,33276,210
INTERNAL_EVENT,33477,211
SINGLE_SEND,33682,212
RECEIVED,A,0,33881,214
MULTI_SEND,34086,215
SINGLE_SEND,34289,216
RECEIVED,A,0,34489,218
INTERNAL_EVENT,34690,219
RECEIVED,A,1,34889,220
RECEIVED,C,1,35089,221
RECEIVED,C,1,35293,223
RECEIVED,C,0,35496,224
RECEIVED,C,0,35699,226
RECEIVED,C,1,35904,227
RECEIVED,C,0,36104,228
RECEIVED,C,0,36305,230
SINGLE_SEND,36508,231
INTERNAL_EVENT,36709,232
INTERNAL_EVENT,36909,233
RECEIVED,C,1,37109,235
RECEIVED,A,0,37310,236
SINGLE_SEND,37512,237
RECEIVED,C,0,37713,239
RECEIVED,C,0,37917,240
SINGLE_SEND,38121,241
INTERNAL_EVENT,38326,242
INTERNAL_EVENT,38530,243
INTERNAL_EVENT,38731,244
RECEIVED,C,0,38932,246
RECEIVED,C,0,39137,247
SINGLE_SEND,39339,248
MULTI_SEND,39542,249
INTERNAL_EVENT,39745,250
INTERNAL_EVENT,39946,251
RECEIVED,C,0,40147,254
MULTI_SEND,40347,255
INTERNAL_EVENT,40547,256
RECEIVED,C,0,40752,258
SINGLE_SEND,40954,259
RECEIVED,C,0,41158,260
RECEIVED,C,0,41363,261
SINGLE_SEND,41563,262
RECEIVED,C,0,41764,264
RECEIVED,C,0,41964,265
INTERNAL_EVENT,42169,266
RECEIVED,C,0,42372,268
RECEIVED,C,1,42575,269
RECEIVED,A,0,42779,270
RECEIVED,A,0,42983,271
RECEIVED,C,0,43187,272
RECEIVED,C,0,43389,273
RECEIVED,A,0,43591,274
INTERNAL_EVENT,43795,275
SINGLE_SEND,44000,276
SINGLE_SEND,44204,277
SINGLE_SEND,44404,278
RECEIVED,A,0,44609,279
MULTI_SEND,44812,280
SINGLE_SEND,45013,281
INTERNAL_EVENT,45214,282
RECEIVED,C,0,45419,286
SINGLE_SEND,45619,287
INTERNAL_EVENT,45820,288
RECEIVED,C,0,46025,290
INTERNAL_EVENT,46227,291
RECEIVED,C,0,46429,292
SINGLE_SEND,46629,293
SINGLE_SEND,46830,294
SINGLE_SEND,47032,295
RECEIVED,C,0,47237,297
RECEIVED,C,0,47441,299
MULTI_SEND,47641,300
INTERNAL_EVENT,47841,301
RECEIVED,C,0,48041,303
RECEIVED,A,0,48242,304
RECEIVED,C,0,48442,305
INTERNAL_EVENT,48643,306
RECEIVED,C,0,48846,308
RECEIVED,A,1,49047,309
RECEIVED,C,0,49252,310
SINGLE_SEND,49455,311
MULTI_SEND,49656,312
SINGLE_SEND,49859,313
RECEIVED,C,0,50061,316
MULTI_SEND,50264,317
SINGLE_SEND,50464,318
RECEIVED,C,0,50669,320
SINGLE_SEND,50873,321
MULTI_SEND,51078,322
MULTI_SEND,51283,323
INTERNAL_EVENT,51487,324
MULTI_SEND,51688,325
SINGLE_SEND,51892,326
SINGLE_SEND,52095,327
INTERNAL_EVENT,52296,328
RECEIVED,C,1,52501,331
RECEIVED,A,1,52704,332
RECEIVED,C,0,52909,333
SINGLE_SEND,53110,334
INTERNAL_EVENT,53310,335
RECEIVED,C,0,53514,337
INTERNAL_EVENT,53715,338
RECEIVED,C,0,53917,341
RECEIVED,C,0,54117,342
SINGLE_SEND,54320,343
RECEIVED,C,0,54521,344
INTERNAL_EVENT,54725,345
RECEIVED,C,0,54927,347
SINGLE_SEND,55132,348
INTERNAL_EVENT,55337,349
RECEIVED,C,1,55540,350
RECEIVED,A,0,55741,351
SINGLE_SEND,55942,352
MULTI_SEND,56147,353
SINGLE_SEND,56351,354
MULTI_SEND,56556,355
INTERNAL_EVENT,56756,356
RECEIVED,C,1,56959,358
RECEIVED,A,0,57164,359
RECEIVED,A,1,57365,360
RECEIVED,C,1,57569,361
RECEIVED,C,1,57771,362
RECEIVED,A,0,57975,363
RECEIVED,C,0,58179,366
INTERNAL_EVENT,58378,367
SINGLE_SEND,58579,368
MULTI_SEND,58779,369
INTERNAL_EVENT,58983,370
MULTI_SEND,59187,371
SINGLE_SEND,59392,372
SINGLE_SEND,59594,373
INTERNAL_EVENT,59798,374
RECEIVED,C,1,59998,377
RECEIVED,C,0,60198,378
RECEIVED,A,0,60399,380
RECEIVED,A,0,60602,381
RECEIVED,C,0,60806,383
RECEIVED,C,0,61006,385
SINGLE_SEND,61207,386
RECEIVED,C,0,61407,387
SINGLE_SEND,61608,388
MULTI_SEND,61808,389
MULTI_SEND,62013,390
RECEIVED,C,0,62219,392
RECEIVED,C,0,62421,394
RECEIVED,C,0,62625,395
SINGLE_SEND,62826,396
SINGLE_SEND,63026,397
RECEIVED,C,0,63228,398
MULTI_SEND,63429,399
SINGLE_SEND,63634,400
SINGLE_SEND,63837,401
SINGLE_SEND,64040,402
INTERNAL_EVENT,64241,403
SINGLE_SEND,64442,404
MULTI_SEND,64647,405
SINGLE_SEND,64850,406
RECEIVED,C,0,65054,409
MULTI_SEND,65258,410
INTERNAL_EVENT,65462,411
INTERNAL_EVENT,65662,412
SINGLE_SEND,65863,413
