INIT,B,5
MULTI_SEND,76,1
SINGLE_SEND,280,2
RECEIVED,C,0,485,5
RECEIVED,C,0,690,6
SINGLE_SEND,894,7
SINGLE_SEND,1094,8
SINGLE_SEND,1296,9
SINGLE_SEND,1498,10
RECEIVED,A,0,1702,12
MULTI_SEND,1907,13
SINGLE_SEND,2109,14
SINGLE_SEND,2312,15
SINGLE_SEND,2515,16
MULTI_SEND,2717,17
MULTI_SEND,2921,18
RECEIVED,C,0,3124,22
RECEIVED,C,0,3330,23
MULTI_SEND,3533,24
SINGLE_SEND,3738,25
MULTI_SEND,3938,26
RECEIVED,C,0,4140,29
MULTI_SEND,4340,30
SINGLE_SEND,4541,31
MULTI_SEND,4744,32
SINGLE_SEND,4946,33
MULTI_SEND,5149,34
RECEIVED,C,0,5350,37
SINGLE_SEND,5551,38
SINGLE_SEND,5755,39
RECEIVED,C,0,5959,41
SINGLE_SEND,6159,42
RECEIVED,C,1,6363,43
RECEIVED,C,0,6568,44
RECEIVED,C,0,6771,46
RECEIVED,C,0,6976,47
RECEIVED,C,0,7176,48
RECEIVED,C,0,7377,49
RECEIVED,C,0,7578,51
RECEIVED,C,0,7778,52
RECEIVED,C,0,7979,53
SINGLE_SEND,8182,54
RECEIVED,C,1,8386,55
RECEIVED,C,1,8590,56
RECEIVED,C,1,8794,57
RECEIVED,C,1,8995,58
RECEIVED,C,1,9195,59
RECEIVED,C,1,9395,60
RECEIVED,C,2,9595,61
RECEIVED,C,2,9795,62
RECEIVED,C,2,9999,63
RECEIVED,C,2,10204,64
RECEIVED,C,2,10409,65
RECEIVED,C,3,10612,66
RECEIVED,C,3,10812,67
RECEIVED,C,3,11014,68
RECEIVED,C,3,11219,69
RECEIVED,C,3,11421,70
RECEIVED,C,3,11625,71
RECEIVED,C,2,11827,72
RECEIVED,C,2,12028,73
RECEIVED,C,1,12229,75
RECEIVED,C,1,12429,77
RECEIVED,C,2,12631,79
RECEIVED,C,2,12834,80
RECEIVED,C,2,13038,81
RECEIVED,C,1,13238,82
RECEIVED,C,1,13441,83
RECEIVED,C,1,13645,85
RECEIVED,C,1,13845,86
RECEIVED,C,0,14050,88
RECEIVED,C,0,14254,90
RECEIVED,C,0,14459,91
RECEIVED,C,1,14662,92
RECEIVED,C,1,14866,93
RECEIVED,C,1,15067,94
RECEIVED,A,0,15272,95
SINGLE_SEND,15476,96
RECEIVED,C,0,15678,99
RECEIVED,C,0,15883,100
SINGLE_SEND,16088,101
RECEIVED,C,0,16288,103
SINGLE_SEND,16491,104
SINGLE_SEND,16692,105
SINGLE_SEND,16894,106
RECEIVED,C,0,17095,109
RECEIVED,C,0,17300,110
MULTI_SEND,17500,111
MULTI_SEND,17704,112
SINGLE_SEND,17909,113
RECEIVED,C,0,18114,116
SINGLE_SEND,18316,117
SINGLE_SEND,18522,118
RECEIVED,C,0,18723,120
RECEIVED,C,0,18927,122
RECEIVED,C,0,19127,123
RECEIVED,C,0,19331,124
SINGLE_SEND,19533,125
RECEIVED,C,0,19732,126
RECEIVED,C,1,19936,127
RECEIVED,C,0,20139,128
RECEIVED,C,0,20342,130
MULTI_SEND,20547,131
SINGLE_SEND,20750,132
RECEIVED,C,0,20955,135
RECEIVED,C,0,21159,136
SINGLE_SEND,21361,137
MULTI_SEND,21562,138
MULTI_SEND,21763,139
SINGLE_SEND,21963,140
MULTI_SEND,22167,141
MULTI_SEND,22372,142
SINGLE_SEND,22571,143
RECEIVED,C,0,22775,146
SINGLE_SEND,22980,147
RECEIVED,C,0,23182,150
SINGLE_SEND,23384,151
RECEIVED,C,0,23588,152
RECEIVED,C,0,23789,153
RECEIVED,C,0,23990,154
RECEIVED,C,0,24190,156
MULTI_SEND,24392,157
SINGLE_SEND,24597,158
RECEIVED,C,0,24796,160
RECEIVED,C,0,24997,161
RECEIVED,C,0,25198,163
RECEIVED,C,0,25398,164
RECEIVED,C,0,25598,165
RECEIVED,C,0,25803,166
RECEIVED,C,0,26004,167
RECEIVED,C,0,26209,168
RECEIVED,C,0,26411,170
SINGLE_SEND,26616,171
SINGLE_SEND,26816,172
SINGLE_SEND,27017,173
RECEIVED,C,0,27222,176
RECEIVED,C,0,27424,177
RECEIVED,C,0,27625,178
RECEIVED,C,0,27827,179
RECEIVED,C,0,28028,180
RECEIVED,C,0,28231,181
RECEIVED,C,0,28435,183
SINGLE_SEND,28638,184
RECEIVED,C,0,28838,185
RECEIVED,C,0,29042,186
RECEIVED,C,0,29242,187
RECEIVED,C,1,29445,188
RECEIVED,C,1,29649,189
RECEIVED,C,0,29851,190
SINGLE_SEND,30053,191
RECEIVED,C,0,30253,193
RECEIVED,C,0,30455,194
MULTI_SEND,30659,195
SINGLE_SEND,30859,196
RECEIVED,C,0,31064,198
RECEIVED,C,0,31266,199
RECEIVED,C,0,31467,201
RECEIVED,C,0,31672,202
RECEIVED,C,0,31872,203
MULTI_SEND,32073,204
SINGLE_SEND,32276,205
SINGLE_SEND,32477,206
MULTI_SEND,32679,207
SINGLE_SEND,32879,208
SINGLE_SEND,33079,209
SINGLE_SEND,33280,210
MULTI_SEND,33482,211
RECEIVED,C,0,33685,215
RECEIVED,C,0,33888,216
MULTI_SEND,34091,217
SINGLE_SEND,34292,218
SINGLE_SEND,34494,219
SINGLE_SEND,34697,220
RECEIVED,C,0,34899,223
RECEIVED,C,0,35102,224
RECEIVED,C,0,35302,225
RECEIVED,C,0,35506,226
SINGLE_SEND,35709,227
MULTI_SEND,35915,228
MULTI_SEND,36115,229
SINGLE_SEND,36315,230
SINGLE_SEND,36515,231
RECEIVED,C,1,36719,233
RECEIVED,C,0,36922,234
RECEIVED,C,0,37122,236
RECEIVED,C,0,37322,237
RECEIVED,C,0,37522,238
RECEIVED,C,1,37723,239
RECEIVED,C,1,37926,240
RECEIVED,C,1,38126,241
RECEIVED,C,1,38326,242
RECEIVED,C,1,38527,243
RECEIVED,C,0,38727,244
RECEIVED,C,0,38930,246
RECEIVED,C,0,39135,248
RECEIVED,C,0,39338,249
RECEIVED,C,0,39542,250
RECEIVED,C,0,39745,251
RECEIVED,C,1,39946,252
RECEIVED,C,0,40147,253
RECEIVED,C,0,40348,255
MULTI_SEND,40548,256
SINGLE_SEND,40749,257
RECEIVED,C,1,40949,259
RECEIVED,C,1,41150,260
RECEIVED,C,1,41351,261
RECEIVED,C,1,41551,262
RECEIVED,C,1,41751,263
RECEIVED,C,0,41952,264
SINGLE_SEND,42152,265
RECEIVED,C,0,42352,268
RECEIVED,C,0,42553,269
RECEIVED,C,0,42753,270
RECEIVED,C,0,42955,271
MULTI_SEND,43159,272
SINGLE_SEND,43360,273
MULTI_SEND,43559,274
MULTI_SEND,43759,275
MULTI_SEND,43960,276
RECEIVED,C,0,44163,279
RECEIVED,C,0,44363,280
RECEIVED,C,0,44564,281
RECEIVED,C,0,44769,282
RECEIVED,C,0,44972,283
RECEIVED,C,0,45175,285
RECEIVED,C,0,45378,286
RECEIVED,C,0,45579,287
RECEIVED,C,0,45779,288
RECEIVED,C,0,45980,289
RECEIVED,C,1,46180,290
RECEIVED,C,0,46380,291
RECEIVED,C,0,46580,293
RECEIVED,C,0,46780,294
RECEIVED,C,0,46981,295
RECEIVED,C,0,47181,296
RECEIVED,C,1,47382,297
RECEIVED,C,0,47586,298
RECEIVED,C,0,47788,300
RECEIVED,C,0,47992,301
MULTI_SEND,48194,302
RECEIVED,C,0,48397,305
SINGLE_SEND,48598,306
MULTI_SEND,48803,307
MULTI_SEND,49004,308
MULTI_SEND,49207,309
RECEIVED,C,0,49412,312
RECEIVED,C,0,49613,313
MULTI_SEND,49818,314
SINGLE_SEND,50022,315
RECEIVED,C,0,50226,317
RECEIVED,C,0,50431,319
RECEIVED,C,0,50632,320
RECEIVED,C,0,50833,321
RECEIVED,C,0,51033,322
RECEIVED,C,0,51233,323
SINGLE_SEND,51437,324
RECEIVED,C,0,51638,326
RECEIVED,C,0,51839,327
SINGLE_SEND,52038,328
MULTI_SEND,52242,329
SINGLE_SEND,52441,330
RECEIVED,C,0,52641,333
RECEIVED,C,0,52844,334
SINGLE_SEND,53045,335
MULTI_SEND,53245,336
MULTI_SEND,53446,337
MULTI_SEND,53646,338
MULTI_SEND,53846,339
SINGLE_SEND,54047,340
SINGLE_SEND,54248,341
SINGLE_SEND,54448,342
SINGLE_SEND,54649,343
SINGLE_SEND,54850,344
RECEIVED,C,0,55054,348
RECEIVED,C,0,55254,349
RECEIVED,C,0,55459,350
RECEIVED,C,0,55664,352
RECEIVED,C,0,55864,353
RECEIVED,C,0,56068,354
MULTI_SEND,56272,355
SINGLE_SEND,56472,356
MULTI_SEND,56673,357
RECEIVED,C,0,56873,360
RECEIVED,C,0,57075,361
RECEIVED,C,0,57280,362
SINGLE_SEND,57480,363
SINGLE_SEND,57681,364
RECEIVED,C,0,57883,367
RECEIVED,C,0,58086,368
RECEIVED,C,0,58288,369
SINGLE_SEND,58489,370
RECEIVED,C,0,58691,371
RECEIVED,C,1,58892,372
RECEIVED,C,1,59097,373
RECEIVED,C,1,59299,374
RECEIVED,C,1,59499,375
RECEIVED,C,1,59702,376
RECEIVED,C,2,59904,377
RECEIVED,C,2,60105,378
RECEIVED,C,1,60309,379
RECEIVED,C,1,60510,380
RECEIVED,C,0,60710,382
MULTI_SEND,60913,383
SINGLE_SEND,61114,384
SINGLE_SEND,61316,385
RECEIVED,C,0,61518,388
SINGLE_SEND,61722,389
RECEIVED,C,0,61922,392
SINGLE_SEND,62127,393
SINGLE_SEND,62331,394
SINGLE_SEND,62532,395
RECEIVED,C,0,62734,397
RECEIVED,C,0,62939,398
RECEIVED,C,1,63143,399
RECEIVED,C,1,63345,400
RECEIVED,C,1,63545,401
RECEIVED,C,0,63750,402
RECEIVED,C,0,63954,404
RECEIVED,C,1,64159,405
RECEIVED,C,1,64360,406
RECEIVED,C,1,64561,407
RECEIVED,C,1,64762,408
RECEIVED,C,0,64963,409
RECEIVED,C,1,65164,411
RECEIVED,C,1,65365,412
RECEIVED,C,1,65566,413
RECEIVED,C,0,65767,414
SINGLE_SEND,65972,415
