INIT,B,5
INTERNAL_EVENT,73,1
INTERNAL_EVENT,273,2
INTERNAL_EVENT,474,3
INTERNAL_EVENT,679,4
INTERNAL_EVENT,881,5
INTERNAL_EVENT,1085,6
INTERNAL_EVENT,1286,7
INTERNAL_EVENT,1488,8
INTERNAL_EVENT,1692,9
INTERNAL_EVENT,1895,10
INTERNAL_EVENT,2098,11
RECEIVED,C,0,2298,15
RECEIVED,C,0,2500,16
SINGLE_SEND,2702,17
INTERNAL_EVENT,2905,18
INTERNAL_EVENT,3106,19
INTERNAL_EVENT,3309,20
INTERNAL_EVENT,3513,21
INTERNAL_EVENT,3717,22
INTERNAL_EVENT,3917,23
INTERNAL_EVENT,4120,24
INTERNAL_EVENT,4321,25
INTERNAL_EVENT,4525,26
INTERNAL_EVENT,4730,27
INTERNAL_EVENT,4932,28
RECEIVED,C,0,5135,32
INTERNAL_EVENT,5338,33
SINGLE_SEND,5539,34
INTERNAL_EVENT,5739,35
INTERNAL_EVENT,5944,36
INTERNAL_EVENT,6149,37
RECEIVED,C,0,6349,40
INTERNAL_EVENT,6550,41
INTERNAL_EVENT,6750,42
RECEIVED,A,0,6950,43
INTERNAL_EVENT,7152,44
INTERNAL_EVENT,7356,45
INTERNAL_EVENT,7557,46
INTERNAL_EVENT,7760,47
INTERNAL_EVENT,7964,48
SINGLE_SEND,8169,49
SINGLE_SEND,8371,50
INTERNAL_EVENT,8576,51
INTERNAL_EVENT,8779,52
INTERNAL_EVENT,8982,53
INTERNAL_EVENT,9183,54
INTERNAL_EVENT,9384,55
INTERNAL_EVENT,9588,56
RECEIVED,A,0,9793,57
INTERNAL_EVENT,9995,58
INTERNAL_EVENT,10199,59
INTERNAL_EVENT,10400,60
INTERNAL_EVENT,10602,61
INTERNAL_EVENT,10802,62
INTERNAL_EVENT,11004,63
INTERNAL_EVENT,11208,64
INTERNAL_EVENT,11411,65
INTERNAL_EVENT,11615,66
INTERNAL_EVENT,11815,67
INTERNAL_EVENT,12020,68
INTERNAL_EVENT,12224,69
INTERNAL_EVENT,12427,70
INTERNAL_EVENT,12632,71
RECEIVED,C,0,12834,78
SINGLE_SEND,13040,79
INTERNAL_EVENT,13242,80
INTERNAL_EVENT,13446,81
RECEIVED,C,0,13648,82
INTERNAL_EVENT,13850,83
INTERNAL_EVENT,14052,84
INTERNAL_EVENT,14254,85
SINGLE_SEND,14456,86
INTERNAL_EVENT,14656,87
INTERNAL_EVENT,14858,88
INTERNAL_EVENT,15058,89
INTERNAL_EVENT,15263,90
INTERNAL_EVENT,15465,91
INTERNAL_EVENT,15666,92
INTERNAL_EVENT,15869,93
MULTI_SEND,16070,94
INTERNAL_EVENT,16274,95
INTERNAL_EVENT,16476,96
INTERNAL_EVENT,16679,97
INTERNAL_EVENT,16883,98
INTERNAL_EVENT,17088,99
INTERNAL_EVENT,17290,100
INTERNAL_EVENT,17491,101
INTERNAL_EVENT,17691,102
INTERNAL_EVENT,17895,103
INTERNAL_EVENT,18098,104
INTERNAL_EVENT,18299,105
INTERNAL_EVENT,18503,106
RECEIVED,C,0,18705,112
INTERNAL_EVENT,18906,113
INTERNAL_EVENT,19111,114
MULTI_SEND,19315,115
INTERNAL_EVENT,19520,116
INTERNAL_EVENT,19723,117
INTERNAL_EVENT,19927,118
RECEIVED,C,0,20132,121
MULTI_SEND,20334,122
INTERNAL_EVENT,20534,123
INTERNAL_EVENT,20737,124
MULTI_SEND,20939,125
INTERNAL_EVENT,21142,126
RECEIVED,C,0,21347,129
INTERNAL_EVENT,21551,130
INTERNAL_EVENT,21756,131
INTERNAL_EVENT,21961,132
INTERNAL_EVENT,22165,133
INTERNAL_EVENT,22366,134
INTERNAL_EVENT,22568,135
INTERNAL_EVENT,22769,136
INTERNAL_EVENT,22974,137
INTERNAL_EVENT,23174,138
INTERNAL_EVENT,23378,139
INTERNAL_EVENT,23581,140
INTERNAL_EVENT,23781,141
INTERNAL_EVENT,23985,142
INTERNAL_EVENT,24189,143
INTERNAL_EVENT,24392,144
INTERNAL_EVENT,24596,145
INTERNAL_EVENT,24799,146
INTERNAL_EVENT,25004,147
INTERNAL_EVENT,25207,148
SINGLE_SEND,25411,149
INTERNAL_EVENT,25612,150
INTERNAL_EVENT,25813,151
INTERNAL_EVENT,26015,152
INTERNAL_EVENT,26215,153
INTERNAL_EVENT,26416,154
INTERNAL_EVENT,26616,155
INTERNAL_EVENT,26816,156
RECEIVED,A,0,27020,161
INTERNAL_EVENT,27222,162
INTERNAL_EVENT,27425,163
INTERNAL_EVENT,27629,164
INTERNAL_EVENT,27832,165
INTERNAL_EVENT,28033,166
RECEIVED,C,0,28233,170
INTERNAL_EVENT,28434,171
INTERNAL_EVENT,28637,172
INTERNAL_EVENT,28840,173
INTERNAL_EVENT,29041,174
INTERNAL_EVENT,29246,175
RECEIVED,C,0,29449,177
INTERNAL_EVENT,29650,178
RECEIVED,A,0,29850,179
INTERNAL_EVENT,30051,180
RECEIVED,A,0,30256,181
INTERNAL_EVENT,30456,182
INTERNAL_EVENT,30661,183
INTERNAL_EVENT,30865,184
INTERNAL_EVENT,31066,185
INTERNAL_EVENT,31270,186
INTERNAL_EVENT,31472,187
INTERNAL_EVENT,31676,188
RECEIVED,C,0,31879,191
INTERNAL_EVENT,32080,192
INTERNAL_EVENT,32283,193
INTERNAL_EVENT,32483,194
SINGLE_SEND,32683,195
INTERNAL_EVENT,32884,196
INTERNAL_EVENT,33088,197
INTERNAL_EVENT,33290,198
INTERNAL_EVENT,33495,199
INTERNAL_EVENT,33698,200
SINGLE_SEND,33899,201
INTERNAL_EVENT,34099,202
INTERNAL_EVENT,34301,203
INTERNAL_EVENT,34506,204
RECEIVED,C,0,34708,208
RECEIVED,C,0,34910,209
INTERNAL_EVENT,35112,210
INTERNAL_EVENT,35314,211
INTERNAL_EVENT,35515,212
INTERNAL_EVENT,35715,213
MULTI_SEND,35919,214
INTERNAL_EVENT,36124,215
INTERNAL_EVENT,36325,216
INTERNAL_EVENT,36530,217
INTERNAL_EVENT,36732,218
MULTI_SEND,36932,219
INTERNAL_EVENT,37137,220
INTERNAL_EVENT,37341,221
RECEIVED,C,0,37545,224
INTERNAL_EVENT,37748,225
INTERNAL_EVENT,37953,226
INTERNAL_EVENT,38154,227
INTERNAL_EVENT,38355,228
INTERNAL_EVENT,38555,229
RECEIVED,A,0,38760,230
INTERNAL_EVENT,38965,231
SINGLE_SEND,39169,232
INTERNAL_EVENT,39370,233
INTERNAL_EVENT,39572,234
INTERNAL_EVENT,39777,235
INTERNAL_EVENT,39980,236
INTERNAL_EVENT,40182,237
INTERNAL_EVENT,40384,238
INTERNAL_EVENT,40587,239
INTERNAL_EVENT,40792,240
INTERNAL_EVENT,40996,241
INTERNAL_EVENT,41198,242
INTERNAL_EVENT,41399,243
INTERNAL_EVENT,41602,244
INTERNAL_EVENT,41803,245
INTERNAL_EVENT,42005,246
INTERNAL_EVENT,42208,247
INTERNAL_EVENT,42412,248
INTERNAL_EVENT,42614,249
INTERNAL_EVENT,42816,250
INTERNAL_EVENT,43019,251
INTERNAL_EVENT,43224,252
RECEIVED,A,0,43424,253
INTERNAL_EVENT,43628,254
INTERNAL_EVENT,43832,255
INTERNAL_EVENT,44032,256
INTERNAL_EVENT,44233,257
INTERNAL_EVENT,44433,258
INTERNAL_EVENT,44633,259
INTERNAL_EVENT,44834,260
RECEIVED,C,0,45034,268
INTERNAL_EVENT,45234,269
INTERNAL_EVENT,45435,270
SINGLE_SEND,45640,271
INTERNAL_EVENT,45843,272
RECEIVED,A,0,46048,273
INTERNAL_EVENT,46249,274
INTERNAL_EVENT,46453,275
INTERNAL_EVENT,46655,276
INTERNAL_EVENT,46856,277
INTERNAL_EVENT,47058,278
INTERNAL_EVENT,47259,279
INTERNAL_EVENT,47464,280
INTERNAL_EVENT,47664,281
INTERNAL_EVENT,47868,282
INTERNAL_EVENT,48069,283
INTERNAL_EVENT,48271,284
INTERNAL_EVENT,48474,285
INTERNAL_EVENT,48675,286
SINGLE_SEND,48875,287
INTERNAL_EVENT,49080,288
INTERNAL_EVENT,49281,289
INTERNAL_EVENT,49482,290
INTERNAL_EVENT,49683,291
INTERNAL_EVENT,49883,292
INTERNAL_EVENT,50083,293
INTERNAL_EVENT,50283,294
RECEIVED,A,0,50488,296
SINGLE_SEND,50689,297
INTERNAL_EVENT,50890,298
INTERNAL_EVENT,51092,299
INTERNAL_EVENT,51296,300
INTERNAL_EVENT,51498,301
SINGLE_SEND,51699,302
INTERNAL_EVENT,51899,303
INTERNAL_EVENT,52102,304
INTERNAL_EVENT,52304,305
INTERNAL_EVENT,52508,306
INTERNAL_EVENT,52712,307
INTERNAL_EVENT,52915,308
INTERNAL_EVENT,53117,309
INTERNAL_EVENT,53321,310
INTERNAL_EVENT,53521,311
INTERNAL_EVENT,53722,312
INTERNAL_EVENT,53923,313
RECEIVED,A,0,54124,314
INTERNAL_EVENT,54324,315
INTERNAL_EVENT,54529,316
INTERNAL_EVENT,54732,317
INTERNAL_EVENT,54933,318
INTERNAL_EVENT,55136,319
INTERNAL_EVENT,55338,320
INTERNAL_EVENT,55540,321
RECEIVED,C,0,55743,332
INTERNAL_EVENT,55948,333
INTERNAL_EVENT,56149,334
INTERNAL_EVENT,56349,335
INTERNAL_EVENT,56550,336
INTERNAL_EVENT,56751,337
SINGLE_SEND,56951,338
INTERNAL_EVENT,57152,339
INTERNAL_EVENT,57354,340
INTERNAL_EVENT,57558,341
INTERNAL_EVENT,57760,342
INTERNAL_EVENT,57965,343
INTERNAL_EVENT,58165,344
INTERNAL_EVENT,58366,345
INTERNAL_EVENT,58571,346
SINGLE_SEND,58773,347
INTERNAL_EVENT,58974,348
INTERNAL_EVENT,59174,349
INTERNAL_EVENT,59378,350
INTERNAL_EVENT,59582,351
INTERNAL_EVENT,59782,352
INTERNAL_EVENT,59982,353
INTERNAL_EVENT,60185,354
MULTI_SEND,60386,355
INTERNAL_EVENT,60590,356
INTERNAL_EVENT,60793,357
INTERNAL_EVENT,60996,358
INTERNAL_EVENT,61200,359
INTERNAL_EVENT,61399,360
INTERNAL_EVENT,61599,361
INTERNAL_EVENT,61800,362
INTERNAL_EVENT,62005,363
INTERNAL_EVENT,62209,364
INTERNAL_EVENT,62413,365
INTERNAL_EVENT,62616,366
INTERNAL_EVENT,62817,367
INTERNAL_EVENT,63019,368
INTERNAL_EVENT,63222,369
INTERNAL_EVENT,63426,370
INTERNAL_EVENT,63630,371
INTERNAL_EVENT,63832,372
RECEIVED,A,0,64034,373
INTERNAL_EVENT,64239,374
INTERNAL_EVENT,64440,375
INTERNAL_EVENT,64645,376
INTERNAL_EVENT,64848,377
INTERNAL_EVENT,65050,378
INTERNAL_EVENT,65250,379
INTERNAL_EVENT,65453,380
INTERNAL_EVENT,65655,381
INTERNAL_EVENT,65856,382
