INIT,B,5
RECEIVED,A,0,66,2
INTERNAL_EVENT,271,3
INTERNAL_EVENT,474,4
INTERNAL_EVENT,679,5
INTERNAL_EVENT,881,6
INTERNAL_EVENT,1081,7
INTERNAL_EVENT,1284,8
INTERNAL_EVENT,1488,9
INTERNAL_EVENT,1693,10
INTERNAL_EVENT,1895,11
INTERNAL_EVENT,2100,12
INTERNAL_EVENT,2301,13
INTERNAL_EVENT,2503,14
INTERNAL_EVENT,2703,15
INTERNAL_EVENT,2903,16
INTERNAL_EVENT,3104,17
INTERNAL_EVENT,3307,18
INTERNAL_EVENT,3511,19
INTERNAL_EVENT,3714,20
INTERNAL_EVENT,3918,21
INTERNAL_EVENT,4121,22
INTERNAL_EVENT,4325,23
INTERNAL_EVENT,4527,24
INTERNAL_EVENT,4729,25
INTERNAL_EVENT,4932,26
INTERNAL_EVENT,5133,27
INTERNAL_EVENT,5338,28
INTERNAL_EVENT,5542,29
RECEIVED,A,0,5744,32
RECEIVED,A,0,5945,33
INTERNAL_EVENT,6147,34
INTERNAL_EVENT,6348,35
INTERNAL_EVENT,6551,36
INTERNAL_EVENT,6753,37
INTERNAL_EVENT,6955,38
SINGLE_SEND,7159,39
INTERNAL_EVENT,7362,40
INTERNAL_EVENT,7565,41
INTERNAL_EVENT,7769,42
INTERNAL_EVENT,7971,43
INTERNAL_EVENT,8175,44
INTERNAL_EVENT,8378,45
INTERNAL_EVENT,8582,46
INTERNAL_EVENT,8785,47
INTERNAL_EVENT,8988,48
INTERNAL_EVENT,9188,49
INTERNAL_EVENT,9390,50
SINGLE_SEND,9594,51
INTERNAL_EVENT,9794,52
INTERNAL_EVENT,9999,53
INTERNAL_EVENT,10199,54
INTERNAL_EVENT,10404,55
INTERNAL_EVENT,10605,56
INTERNAL_EVENT,10810,57
INTERNAL_EVENT,11010,58
INTERNAL_EVENT,11211,59
INTERNAL_EVENT,11413,60
INTERNAL_EVENT,11614,61
INTERNAL_EVENT,11814,62
INTERNAL_EVENT,12014,63
INTERNAL_EVENT,12218,64
INTERNAL_EVENT,12422,65
INTERNAL_EVENT,12624,66
INTERNAL_EVENT,12825,67
INTERNAL_EVENT,13028,68
INTERNAL_EVENT,13229,69
INTERNAL_EVENT,13429,70
INTERNAL_EVENT,13630,71
INTERNAL_EVENT,13834,72
INTERNAL_EVENT,14038,73
INTERNAL_EVENT,14238,74
INTERNAL_EVENT,14440,75
INTERNAL_EVENT,14645,76
RECEIVED,C,0,14845,90
INTERNAL_EVENT,15045,91
INTERNAL_EVENT,15246,92
INTERNAL_EVENT,15448,93
INTERNAL_EVENT,15651,94
INTERNAL_EVENT,15852,95
RECEIVED,C,0,16055,96
INTERNAL_EVENT,16259,97
INTERNAL_EVENT,16462,98
INTERNAL_EVENT,16665,99
INTERNAL_EVENT,16866,100
INTERNAL_EVENT,17066,101
INTERNAL_EVENT,17266,102
INTERNAL_EVENT,17471,103
INTERNAL_EVENT,17671,104
INTERNAL_EVENT,17874,105
INTERNAL_EVENT,18079,106
INTERNAL_EVENT,18280,107
INTERNAL_EVENT,18481,108
INTERNAL_EVENT,18685,109
INTERNAL_EVENT,18888,110
INTERNAL_EVENT,19093,111
INTERNAL_EVENT,19296,112
INTERNAL_EVENT,19496,113
INTERNAL_EVENT,19698,114
INTERNAL_EVENT,19898,115
INTERNAL_EVENT,20101,116
INTERNAL_EVENT,20303,117
INTERNAL_EVENT,20504,118
INTERNAL_EVENT,20709,119
INTERNAL_EVENT,20912,120
INTERNAL_EVENT,21113,121
INTERNAL_EVENT,21317,122
INTERNAL_EVENT,21521,123
INTERNAL_EVENT,21723,124
INTERNAL_EVENT,21923,125
INTERNAL_EVENT,22125,126
INTERNAL_EVENT,22328,127
INTERNAL_EVENT,22529,128
INTERNAL_EVENT,22732,129
INTERNAL_EVENT,22937,130
INTERNAL_EVENT,23141,131
INTERNAL_EVENT,23341,132
INTERNAL_EVENT,23543,133
INTERNAL_EVENT,23743,134
INTERNAL_EVENT,23948,135
INTERNAL_EVENT,24149,136
INTERNAL_EVENT,24351,137
INTERNAL_EVENT,24552,138
INTERNAL_EVENT,24753,139
INTERNAL_EVENT,24954,140
INTERNAL_EVENT,25159,141
INTERNAL_EVENT,25362,142
INTERNAL_EVENT,25564,143
INTERNAL_EVENT,25767,144
INTERNAL_EVENT,25971,145
INTERNAL_EVENT,26176,146
INTERNAL_EVENT,26376,147
INTERNAL_EVENT,26577,148
INTERNAL_EVENT,26780,149
MULTI_SEND,26980,150
SINGLE_SEND,27184,151
INTERNAL_EVENT,27386,152
INTERNAL_EVENT,27588,153
INTERNAL_EVENT,27790,154
INTERNAL_EVENT,27990,155
INTERNAL_EVENT,28191,156
INTERNAL_EVENT,28395,157
INTERNAL_EVENT,28596,158
INTERNAL_EVENT,28796,159
INTERNAL_EVENT,28998,160
INTERNAL_EVENT,29200,161
INTERNAL_EVENT,29404,162
INTERNAL_EVENT,29608,163
INTERNAL_EVENT,29812,164
RECEIVED,A,0,30013,165
INTERNAL_EVENT,30217,166
INTERNAL_EVENT,30422,167
INTERNAL_EVENT,30622,168
INTERNAL_EVENT,30823,169
RECEIVED,A,0,31025,185
INTERNAL_EVENT,31227,186
INTERNAL_EVENT,31431,187
INTERNAL_EVENT,31634,188
INTERNAL_EVENT,31838,189
INTERNAL_EVENT,32040,190
INTERNAL_EVENT,32240,191
RECEIVED,C,0,32445,193
MULTI_SEND,32645,194
INTERNAL_EVENT,32846,195
INTERNAL_EVENT,33047,196
INTERNAL_EVENT,33247,197
INTERNAL_EVENT,33447,198
INTERNAL_EVENT,33649,199
MULTI_SEND,33853,200
INTERNAL_EVENT,34057,201
INTERNAL_EVENT,34259,202
INTERNAL_EVENT,34459,203
INTERNAL_EVENT,34662,204
INTERNAL_EVENT,34863,205
INTERNAL_EVENT,35068,206
INTERNAL_EVENT,35273,207
RECEIVED,A,0,35473,208
INTERNAL_EVENT,35673,209
RECEIVED,A,0,35877,210
INTERNAL_EVENT,36080,211
INTERNAL_EVENT,36281,212
INTERNAL_EVENT,36481,213
INTERNAL_EVENT,36682,214
INTERNAL_EVENT,36887,215
INTERNAL_EVENT,37088,216
INTERNAL_EVENT,37289,217
RECEIVED,A,0,37491,218
INTERNAL_EVENT,37696,219
INTERNAL_EVENT,37900,220
INTERNAL_EVENT,38101,221
INTERNAL_EVENT,38304,222
INTERNAL_EVENT,38508,223
INTERNAL_EVENT,38709,224
INTERNAL_EVENT,38914,225
RECEIVED,C,0,39116,233
INTERNAL_EVENT,39315,234
INTERNAL_EVENT,39519,235
INTERNAL_EVENT,39722,236
INTERNAL_EVENT,39922,237
INTERNAL_EVENT,40126,238
INTERNAL_EVENT,40328,239
INTERNAL_EVENT,40529,240
INTERNAL_EVENT,40732,241
INTERNAL_EVENT,40937,242
INTERNAL_EVENT,41142,243
INTERNAL_EVENT,41342,244
INTERNAL_EVENT,41543,245
INTERNAL_EVENT,41746,246
INTERNAL_EVENT,41946,247
INTERNAL_EVENT,42148,248
INTERNAL_EVENT,42350,249
INTERNAL_EVENT,42553,250
INTERNAL_EVENT,42756,251
INTERNAL_EVENT,42959,252
INTERNAL_EVENT,43159,253
INTERNAL_EVENT,43363,254
INTERNAL_EVENT,43564,255
INTERNAL_EVENT,43765,256
INTERNAL_EVENT,43966,257
SINGLE_SEND,44170,258
INTERNAL_EVENT,44372,259
INTERNAL_EVENT,44573,260
INTERNAL_EVENT,44776,261
INTERNAL_EVENT,44979,262
INTERNAL_EVENT,45180,263
INTERNAL_EVENT,45380,264
RECEIVED,A,0,45579,265
MULTI_SEND,45783,266
INTERNAL_EVENT,45988,267
INTERNAL_EVENT,46193,268
INTERNAL_EVENT,46397,269
INTERNAL_EVENT,46600,270
INTERNAL_EVENT,46805,271
INTERNAL_EVENT,47009,272
INTERNAL_EVENT,47214,273
INTERNAL_EVENT,47418,274
INTERNAL_EVENT,47622,275
INTERNAL_EVENT,47824,276
INTERNAL_EVENT,48028,277
INTERNAL_EVENT,48231,278
INTERNAL_EVENT,48434,279
INTERNAL_EVENT,48639,280
INTERNAL_EVENT,48843,281
INTERNAL_EVENT,49047,282
RECEIVED,C,0,49251,292
INTERNAL_EVENT,49453,293
SINGLE_SEND,49656,294
MULTI_SEND,49859,295
INTERNAL_EVENT,50063,296
INTERNAL_EVENT,50264,297
INTERNAL_EVENT,50465,298
INTERNAL_EVENT,50668,299
INTERNAL_EVENT,50872,300
INTERNAL_EVENT,51072,301
INTERNAL_EVENT,51274,302
INTERNAL_EVENT,51479,303
INTERNAL_EVENT,51681,304
INTERNAL_EVENT,51885,305
INTERNAL_EVENT,52088,306
INTERNAL_EVENT,52293,307
INTERNAL_EVENT,52497,308
RECEIVED,C,0,52700,313
INTERNAL_EVENT,52900,314
INTERNAL_EVENT,53104,315
INTERNAL_EVENT,53306,316
INTERNAL_EVENT,53509,317
INTERNAL_EVENT,53713,318
INTERNAL_EVENT,53914,319
INTERNAL_EVENT,54117,320
INTERNAL_EVENT,54321,321
INTERNAL_EVENT,54522,322
INTERNAL_EVENT,54727,323
INTERNAL_EVENT,54931,324
RECEIVED,C,0,55134,327
INTERNAL_EVENT,55338,328
INTERNAL_EVENT,55539,329
INTERNAL_EVENT,55742,330
INTERNAL_EVENT,55946,331
INTERNAL_EVENT,56146,332
INTERNAL_EVENT,56347,333
INTERNAL_EVENT,56548,334
INTERNAL_EVENT,56748,335
INTERNAL_EVENT,56948,336
INTERNAL_EVENT,57152,337
MULTI_SEND,57357,338
MULTI_SEND,57561,339
INTERNAL_EVENT,57764,340
SINGLE_SEND,57965,341
INTERNAL_EVENT,58165,342
INTERNAL_EVENT,58365,343
INTERNAL_EVENT,58566,344
INTERNAL_EVENT,58766,345
INTERNAL_EVENT,58971,346
INTERNAL_EVENT,59175,347
RECEIVED,C,0,59376,352
INTERNAL_EVENT,59576,353
INTERNAL_EVENT,59780,354
INTERNAL_EVENT,59981,355
INTERNAL_EVENT,60182,356
INTERNAL_EVENT,60382,357
INTERNAL_EVENT,60582,358
RECEIVED,C,0,60783,360
RECEIVED,C,0,60983,361
INTERNAL_EVENT,61187,362
INTERNAL_EVENT,61391,363
INTERNAL_EVENT,61591,364
INTERNAL_EVENT,61796,365
INTERNAL_EVENT,62000,366
SINGLE_SEND,62201,367
INTERNAL_EVENT,62404,368
INTERNAL_EVENT,62606,369
INTERNAL_EVENT,62810,370
MULTI_SEND,63014,371
INTERNAL_EVENT,63217,372
INTERNAL_EVENT,63417,373
INTERNAL_EVENT,63622,374
INTERNAL_EVENT,63825,375
INTERNAL_EVENT,64028,376
INTERNAL_EVENT,64231,377
INTERNAL_EVENT,64432,378
INTERNAL_EVENT,64634,379
MULTI_SEND,64839,380
INTERNAL_EVENT,65040,381
INTERNAL_EVENT,65244,382
INTERNAL_EVENT,65448,383
INTERNAL_EVENT,65649,384
INTERNAL_EVENT,65849,385
