INIT,B,5
INTERNAL_EVENT,420,1
INTERNAL_EVENT,625,2
INTERNAL_EVENT,826,3
INTERNAL_EVENT,1026,4
INTERNAL_EVENT,1227,5
MULTI_SEND,1428,6
MULTI_SEND,1629,7
INTERNAL_EVENT,1830,8
SINGLE_SEND,2030,9
SINGLE_SEND,2231,10
MULTI_SEND,2432,11
SINGLE_SEND,2633,12
INTERNAL_EVENT,2834,13
INTERNAL_EVENT,3035,14
SINGLE_SEND,3236,15
INTERNAL_EVENT,3437,16
SINGLE_SEND,3637,17
INTERNAL_EVENT,3838,18
INTERNAL_EVENT,4038,19
INTERNAL_EVENT,4239,20
INTERNAL_EVENT,4442,21
MULTI_SEND,4642,22
SINGLE_SEND,4843,23
SINGLE_SEND,5044,24
SINGLE_SEND,5245,25
INTERNAL_EVENT,5446,26
INTERNAL_EVENT,5647,27
INTERNAL_EVENT,5848,28
INTERNAL_EVENT,6048,29
INTERNAL_EVENT,6249,30
SINGLE_SEND,6449,31
INTERNAL_EVENT,6650,32
INTERNAL_EVENT,6851,33
INTERNAL_EVENT,7052,34
INTERNAL_EVENT,7252,35
SINGLE_SEND,7453,36
MULTI_SEND,7654,37
INTERNAL_EVENT,7856,38
INTERNAL_EVENT,8056,39
INTERNAL_EVENT,8257,40
INTERNAL_EVENT,8458,41
INTERNAL_EVENT,8658,42
SINGLE_SEND,8859,43
INTERNAL_EVENT,9060,44
INTERNAL_EVENT,9261,45
SINGLE_SEND,9461,46
INTERNAL_EVENT,9662,47
SINGLE_SEND,9862,48
INTERNAL_EVENT,10063,49
INTERNAL_EVENT,10264,50
INTERNAL_EVENT,10465,51
INTERNAL_EVENT,10667,52
INTERNAL_EVENT,10868,53
SINGLE_SEND,11068,54
MULTI_SEND,11269,55
INTERNAL_EVENT,11470,56
INTERNAL_EVENT,11671,57
INTERNAL_EVENT,11871,58
INTERNAL_EVENT,12072,59
INTERNAL_EVENT,12273,60
INTERNAL_EVENT,12473,61
INTERNAL_EVENT,12674,62
INTERNAL_EVENT,12875,63
SINGLE_SEND,13075,64
MULTI_SEND,13276,65
INTERNAL_EVENT,13478,66
INTERNAL_EVENT,13679,67
MULTI_SEND,13879,68
MULTI_SEND,14080,69
INTERNAL_EVENT,14282,70
MULTI_SEND,14483,71
INTERNAL_EVENT,14684,72
INTERNAL_EVENT,14884,73
INTERNAL_EVENT,15085,74
INTERNAL_EVENT,15285,75
INTERNAL_EVENT,15486,76
SINGLE_SEND,15687,77
SINGLE_SEND,15887,78
SINGLE_SEND,16089,79
SINGLE_SEND,16290,80
INTERNAL_EVENT,16491,81
SINGLE_SEND,16692,82
SINGLE_SEND,16893,83
INTERNAL_EVENT,17094,84
INTERNAL_EVENT,17295,85
INTERNAL_EVENT,17496,86
MULTI_SEND,17697,87
INTERNAL_EVENT,17898,88
SINGLE_SEND,18099,89
INTERNAL_EVENT,18300,90
INTERNAL_EVENT,18500,91
SINGLE_SEND,18701,92
INTERNAL_EVENT,18901,93
INTERNAL_EVENT,19102,94
INTERNAL_EVENT,19303,95
INTERNAL_EVENT,19503,96
SINGLE_SEND,19705,97
INTERNAL_EVENT,19906,98
INTERNAL_EVENT,20106,99
INTERNAL_EVENT,20307,100
SINGLE_SEND,20507,101
INTERNAL_EVENT,20708,102
SINGLE_SEND,20909,103
INTERNAL_EVENT,21131,104
INTERNAL_EVENT,21336,105
INTERNAL_EVENT,21536,106
SINGLE_SEND,21736,107
INTERNAL_EVENT,21937,108
INTERNAL_EVENT,22138,109
INTERNAL_EVENT,22339,110
MULTI_SEND,22539,111
INTERNAL_EVENT,22740,112
INTERNAL_EVENT,22940,113
INTERNAL_EVENT,23141,114
INTERNAL_EVENT,23341,115
INTERNAL_EVENT,23543,116
INTERNAL_EVENT,23743,117
INTERNAL_EVENT,23945,118
INTERNAL_EVENT,24146,119
SINGLE_SEND,24350,120
INTERNAL_EVENT,24551,121
INTERNAL_EVENT,24752,122
INTERNAL_EVENT,24953,123
INTERNAL_EVENT,25153,124
INTERNAL_EVENT,25354,125
MULTI_SEND,25556,126
INTERNAL_EVENT,25756,127
SINGLE_SEND,25956,128
MULTI_SEND,26158,129
INTERNAL_EVENT,26359,130
INTERNAL_EVENT,26560,131
INTERNAL_EVENT,26760,132
SINGLE_SEND,26961,133
INTERNAL_EVENT,27162,134
SINGLE_SEND,27363,135
MULTI_SEND,27564,136
SINGLE_SEND,27765,137
INTERNAL_EVENT,27966,138
SINGLE_SEND,28167,139
INTERNAL_EVENT,28369,140
INTERNAL_EVENT,28570,141
MULTI_SEND,28770,142
MULTI_SEND,28971,143
SINGLE_SEND,29172,144
INTERNAL_EVENT,29373,145
SINGLE_SEND,29575,146
SINGLE_SEND,29776,147
INTERNAL_EVENT,29977,148
SINGLE_SEND,30178,149
SINGLE_SEND,30378,150
INTERNAL_EVENT,30579,151
INTERNAL_EVENT,30780,152
INTERNAL_EVENT,30980,153
SINGLE_SEND,31182,154
INTERNAL_EVENT,31383,155
INTERNAL_EVENT,31584,156
INTERNAL_EVENT,31785,157
INTERNAL_EVENT,31985,158
MULTI_SEND,32186,159
INTERNAL_EVENT,32387,160
INTERNAL_EVENT,32588,161
INTERNAL_EVENT,32789,162
INTERNAL_EVENT,32989,163
INTERNAL_EVENT,33190,164
INTERNAL_EVENT,33391,165
SINGLE_SEND,33592,166
INTERNAL_EVENT,33792,167
SINGLE_SEND,33993,168
INTERNAL_EVENT,34193,169
INTERNAL_EVENT,34395,170
INTERNAL_EVENT,34596,171
INTERNAL_EVENT,34796,172
INTERNAL_EVENT,34997,173
SINGLE_SEND,35197,174
INTERNAL_EVENT,35398,175
INTERNAL_EVENT,35599,176
INTERNAL_EVENT,35800,177
SINGLE_SEND,36001,178
INTERNAL_EVENT,36202,179
INTERNAL_EVENT,36403,180
INTERNAL_EVENT,36604,181
SINGLE_SEND,36804,182
SINGLE_SEND,37005,183
INTERNAL_EVENT,37206,184
SINGLE_SEND,37407,185
MULTI_SEND,37609,186
INTERNAL_EVENT,37810,187
SINGLE_SEND,38010,188
INTERNAL_EVENT,38211,189
INTERNAL_EVENT,38412,190
INTERNAL_EVENT,38612,191
MULTI_SEND,38813,192
INTERNAL_EVENT,39014,193
SINGLE_SEND,39215,194
INTERNAL_EVENT,39415,195
MULTI_SEND,39616,196
INTERNAL_EVENT,39818,197
INTERNAL_EVENT,40019,198
INTERNAL_EVENT,40220,199
INTERNAL_EVENT,40420,200
INTERNAL_EVENT,40621,201
INTERNAL_EVENT,40822,202
INTERNAL_EVENT,41022,203
SINGLE_SEND,41223,204
INTERNAL_EVENT,41424,205
INTERNAL_EVENT,41625,206
MULTI_SEND,41825,207
INTERNAL_EVENT,42028,208
MULTI_SEND,42229,209
SINGLE_SEND,42429,210
INTERNAL_EVENT,42630,211
INTERNAL_EVENT,42831,212
MULTI_SEND,43031,213
INTERNAL_EVENT,43232,214
INTERNAL_EVENT,43433,215
MULTI_SEND,43634,216
SINGLE_SEND,43835,217
SINGLE_SEND,44038,218
INTERNAL_EVENT,44239,219
INTERNAL_EVENT,44440,220
INTERNAL_EVENT,44640,221
INTERNAL_EVENT,44841,222
INTERNAL_EVENT,45042,223
INTERNAL_EVENT,45243,224
SINGLE_SEND,45443,225
INTERNAL_EVENT,45644,226
INTERNAL_EVENT,45845,227
MULTI_SEND,46046,228
INTERNAL_EVENT,46247,229
INTERNAL_EVENT,46449,230
INTERNAL_EVENT,46650,231
INTERNAL_EVENT,46850,232
INTERNAL_EVENT,47051,233
INTERNAL_EVENT,47252,234
INTERNAL_EVENT,47453,235
INTERNAL_EVENT,47653,236
SINGLE_SEND,47854,237
INTERNAL_EVENT,48055,238
INTERNAL_EVENT,48256,239
INTERNAL_EVENT,48456,240
INTERNAL_EVENT,48657,241
INTERNAL_EVENT,48858,242
INTERNAL_EVENT,49058,243
INTERNAL_EVENT,49259,244
INTERNAL_EVENT,49460,245
SINGLE_SEND,49661,246
SINGLE_SEND,49862,247
INTERNAL_EVENT,50062,248
INTERNAL_EVENT,50263,249
INTERNAL_EVENT,50463,250
INTERNAL_EVENT,50664,251
INTERNAL_EVENT,50874,252
INTERNAL_EVENT,51076,253
SINGLE_SEND,51276,254
INTERNAL_EVENT,51477,255
SINGLE_SEND,51678,256
SINGLE_SEND,51880,257
INTERNAL_EVENT,52081,258
INTERNAL_EVENT,52282,259
INTERNAL_EVENT,52483,260
INTERNAL_EVENT,52684,261
SINGLE_SEND,52885,262
SINGLE_SEND,53086,263
INTERNAL_EVENT,53287,264
INTERNAL_EVENT,53488,265
INTERNAL_EVENT,53689,266
INTERNAL_EVENT,53890,267
INTERNAL_EVENT,54091,268
MULTI_SEND,54292,269
INTERNAL_EVENT,54493,270
MULTI_SEND,54693,271
MULTI_SEND,54894,272
INTERNAL_EVENT,55095,273
INTERNAL_EVENT,55295,274
INTERNAL_EVENT,55496,275
INTERNAL_EVENT,55697,276
INTERNAL_EVENT,55897,277
INTERNAL_EVENT,56098,278
SINGLE_SEND,56298,279
INTERNAL_EVENT,56499,280
INTERNAL_EVENT,56700,281
MULTI_SEND,56900,282
SINGLE_SEND,57102,283
INTERNAL_EVENT,57302,284
MULTI_SEND,57503,285
SINGLE_SEND,57704,286
INTERNAL_EVENT,57905,287
INTERNAL_EVENT,58105,288
MULTI_SEND,58306,289
SINGLE_SEND,58507,290
INTERNAL_EVENT,58708,291
INTERNAL_EVENT,58909,292
INTERNAL_EVENT,59110,293
SINGLE_SEND,59310,294
INTERNAL_EVENT,59511,295
INTERNAL_EVENT,59711,296
INTERNAL_EVENT,59912,297
