INIT,B,3
INTERNAL_EVENT,477,1
SINGLE_SEND,813,2
SINGLE_SEND,1149,3
SINGLE_SEND,1483,4
INTERNAL_EVENT,1818,5
INTERNAL_EVENT,2153,6
SINGLE_SEND,2487,7
INTERNAL_EVENT,2822,8
RECEIVED,A,0,3191,12
RECEIVED,A,1,3526,13
RECEIVED,C,0,3860,14
RECEIVED,C,0,4195,15
RECEIVED,C,0,4529,16
INTERNAL_EVENT,4864,17
RECEIVED,A,0,5198,20
INTERNAL_EVENT,5533,21
INTERNAL_EVENT,5867,22
INTERNAL_EVENT,6201,23
MULTI_SEND,6536,24
INTERNAL_EVENT,6871,25
INTERNAL_EVENT,7205,26
RECEIVED,A,0,7540,29
MULTI_SEND,7875,30
INTERNAL_EVENT,8236,31
RECEIVED,A,0,8587,33
INTERNAL_EVENT,8921,34
INTERNAL_EVENT,9256,35
INTERNAL_EVENT,9590,36
RECEIVED,A,0,9925,39
INTERNAL_EVENT,10294,40
INTERNAL_EVENT,10631,41
MULTI_SEND,10966,42
SINGLE_SEND,11301,43
INTERNAL_EVENT,11642,44
SINGLE_SEND,11977,45
RECEIVED,C,0,12312,46
INTERNAL_EVENT,12646,47
INTERNAL_EVENT,12981,48
INTERNAL_EVENT,13348,49
RECEIVED,C,0,13690,50
INTERNAL_EVENT,14025,51
INTERNAL_EVENT,14360,52
INTERNAL_EVENT,14696,53
SINGLE_SEND,15031,54
INTERNAL_EVENT,15366,55
INTERNAL_EVENT,15702,56
SINGLE_SEND,16036,57
RECEIVED,C,0,16372,64
INTERNAL_EVENT,16706,65
INTERNAL_EVENT,17041,66
RECEIVED,C,0,17375,70
INTERNAL_EVENT,17710,71
RECEIVED,C,0,18044,72
RECEIVED,A,0,18379,73
INTERNAL_EVENT,18714,74
INTERNAL_EVENT,19049,75
INTERNAL_EVENT,19385,76
RECEIVED,A,0,19719,78
MULTI_SEND,20054,79
INTERNAL_EVENT,20388,80
RECEIVED,C,0,20723,82
SINGLE_SEND,21058,83
RECEIVED,A,0,21392,85
RECEIVED,A,0,21727,87
INTERNAL_EVENT,22062,88
INTERNAL_EVENT,22396,89
SINGLE_SEND,22731,90
RECEIVED,A,0,23066,92
INTERNAL_EVENT,23400,93
INTERNAL_EVENT,23735,94
RECEIVED,C,1,24070,95
RECEIVED,C,0,24405,96
RECEIVED,C,0,24739,97
SINGLE_SEND,25074,98
INTERNAL_EVENT,25409,99
INTERNAL_EVENT,25744,100
INTERNAL_EVENT,26078,101
SINGLE_SEND,26413,102
MULTI_SEND,26749,103
INTERNAL_EVENT,27084,104
INTERNAL_EVENT,27418,105
INTERNAL_EVENT,27753,106
RECEIVED,A,0,28087,112
RECEIVED,A,0,28454,113
INTERNAL_EVENT,28790,114
SINGLE_SEND,29125,115
RECEIVED,C,0,29459,117
SINGLE_SEND,29794,118
INTERNAL_EVENT,30128,119
INTERNAL_EVENT,30463,120
RECEIVED,A,0,30797,123
MULTI_SEND,31133,124
RECEIVED,A,0,31466,127
RECEIVED,C,0,31801,128
SINGLE_SEND,32135,129
SINGLE_SEND,32470,130
INTERNAL_EVENT,32805,131
INTERNAL_EVENT,33140,132
RECEIVED,C,1,33476,134
RECEIVED,A,0,33811,135
RECEIVED,C,0,34228,136
SINGLE_SEND,34563,137
INTERNAL_EVENT,34898,138
INTERNAL_EVENT,35232,139
RECEIVED,A,0,35567,143
INTERNAL_EVENT,35901,144
RECEIVED,C,0,36237,146
INTERNAL_EVENT,36571,147
SINGLE_SEND,36906,148
RECEIVED,C,0,37241,149
INTERNAL_EVENT,37575,150
SINGLE_SEND,37910,151
INTERNAL_EVENT,38245,152
SINGLE_SEND,38580,153
INTERNAL_EVENT,38915,154
RECEIVED,A,0,39249,158
INTERNAL_EVENT,39583,159
INTERNAL_EVENT,39918,160
INTERNAL_EVENT,40252,161
RECEIVED,A,0,40587,164
MULTI_SEND,40921,165
INTERNAL_EVENT,41258,166
INTERNAL_EVENT,41593,167
INTERNAL_EVENT,41930,168
RECEIVED,A,0,42265,172
SINGLE_SEND,42599,173
INTERNAL_EVENT,42934,174
INTERNAL_EVENT,43270,175
INTERNAL_EVENT,43607,176
INTERNAL_EVENT,43942,177
INTERNAL_EVENT,44276,178
INTERNAL_EVENT,44611,179
INTERNAL_EVENT,44946,180
RECEIVED,A,0,45280,183
INTERNAL_EVENT,45615,184
SINGLE_SEND,45949,185
INTERNAL_EVENT,46283,186
INTERNAL_EVENT,46618,187
SINGLE_SEND,46952,188
INTERNAL_EVENT,47287,189
SINGLE_SEND,47622,190
SINGLE_SEND,47956,191
INTERNAL_EVENT,48291,192
INTERNAL_EVENT,48625,193
INTERNAL_EVENT,48960,194
INTERNAL_EVENT,49295,195
RECEIVED,C,0,49629,200
INTERNAL_EVENT,49964,201
RECEIVED,C,0,50298,202
INTERNAL_EVENT,50632,203
INTERNAL_EVENT,50967,204
MULTI_SEND,51317,205
INTERNAL_EVENT,51652,206
INTERNAL_EVENT,51988,207
INTERNAL_EVENT,52323,208
INTERNAL_EVENT,52658,209
RECEIVED,C,0,52992,213
RECEIVED,A,0,53327,215
INTERNAL_EVENT,53661,216
RECEIVED,A,0,53996,218
SINGLE_SEND,54330,219
INTERNAL_EVENT,54665,220
INTERNAL_EVENT,55000,221
RECEIVED,A,0,55335,224
SINGLE_SEND,55669,225
INTERNAL_EVENT,56008,226
MULTI_SEND,56364,227
INTERNAL_EVENT,56709,228
INTERNAL_EVENT,57043,229
SINGLE_SEND,57378,230
INTERNAL_EVENT,57713,231
INTERNAL_EVENT,58047,232
INTERNAL_EVENT,58382,233
INTERNAL_EVENT,58717,234
SINGLE_SEND,59051,235
RECEIVED,C,0,59386,238
INTERNAL_EVENT,59721,239
