INIT,B,5
INTERNAL_EVENT,185,1
RECEIVED,A,0,393,3
MULTI_SEND,594,4
SINGLE_SEND,795,5
SINGLE_SEND,996,6
SINGLE_SEND,1196,7
INTERNAL_EVENT,1397,8
SINGLE_SEND,1598,9
SINGLE_SEND,1799,10
MULTI_SEND,1999,11
MULTI_SEND,2200,12
MULTI_SEND,2410,13
SINGLE_SEND,2611,14
MULTI_SEND,2812,15
SINGLE_SEND,3012,16
INTERNAL_EVENT,3213,17
RECEIVED,A,0,3414,19
INTERNAL_EVENT,3615,20
RECEIVED,A,0,3816,21
RECEIVED,A,0,4016,22
RECEIVED,A,0,4217,23
RECEIVED,A,0,4417,24
RECEIVED,A,0,4618,25
RECEIVED,A,0,4818,26
SINGLE_SEND,5019,27
RECEIVED,A,0,5219,28
RECEIVED,A,0,5420,29
SINGLE_SEND,5620,30
SINGLE_SEND,5821,31
SINGLE_SEND,6021,32
SINGLE_SEND,6224,33
SINGLE_SEND,6425,34
RECEIVED,A,0,6626,35
MULTI_SEND,6827,36
SINGLE_SEND,7027,37
SINGLE_SEND,7229,38
MULTI_SEND,7429,39
SINGLE_SEND,7631,40
MULTI_SEND,7832,41
INTERNAL_EVENT,8033,42
SINGLE_SEND,8234,43
RECEIVED,A,0,8434,44
INTERNAL_EVENT,8635,45
RECEIVED,A,0,8836,46
INTERNAL_EVENT,9036,47
INTERNAL_EVENT,9237,48
RECEIVED,A,0,9438,49
RECEIVED,A,0,9639,50
MULTI_SEND,9859,51
INTERNAL_EVENT,10060,52
INTERNAL_EVENT,10261,53
MULTI_SEND,10462,54
INTERNAL_EVENT,10663,55
INTERNAL_EVENT,10864,56
SINGLE_SEND,11064,57
RECEIVED,A,0,11265,59
INTERNAL_EVENT,11466,60
INTERNAL_EVENT,11668,61
MULTI_SEND,11869,62
SINGLE_SEND,12070,63
SINGLE_SEND,12270,64
INTERNAL_EVENT,12471,65
INTERNAL_EVENT,12672,66
INTERNAL_EVENT,12872,67
RECEIVED,A,0,13073,68
MULTI_SEND,13274,69
RECEIVED,A,0,13474,70
SINGLE_SEND,13675,71
RECEIVED,A,0,13875,72
RECEIVED,A,0,14076,73
SINGLE_SEND,14277,74
MULTI_SEND,14477,75
RECEIVED,A,0,14678,77
INTERNAL_EVENT,14879,78
SINGLE_SEND,15080,79
RECEIVED,A,0,15281,80
INTERNAL_EVENT,15482,81
RECEIVED,A,0,15683,82
SINGLE_SEND,15883,83
MULTI_SEND,16084,84
MULTI_SEND,16285,85
SINGLE_SEND,16486,86
INTERNAL_EVENT,16686,87
INTERNAL_EVENT,16887,88
SINGLE_SEND,17088,89
RECEIVED,A,0,17289,91
RECEIVED,A,0,17490,92
MULTI_SEND,17690,93
RECEIVED,A,0,17891,94
SINGLE_SEND,18092,95
RECEIVED,A,0,18293,96
MULTI_SEND,18493,97
RECEIVED,A,0,18695,98
SINGLE_SEND,18895,99
INTERNAL_EVENT,19096,100
SINGLE_SEND,19298,101
INTERNAL_EVENT,19497,102
SINGLE_SEND,19698,103
SINGLE_SEND,19899,104
INTERNAL_EVENT,20100,105
MULTI_SEND,20300,106
INTERNAL_EVENT,20501,107
SINGLE_SEND,20702,108
MULTI_SEND,20903,109
MULTI_SEND,21104,110
MULTI_SEND,21304,111
INTERNAL_EVENT,21505,112
SINGLE_SEND,21705,113
INTERNAL_EVENT,21906,114
INTERNAL_EVENT,22107,115
INTERNAL_EVENT,22307,116
SINGLE_SEND,22508,117
SINGLE_SEND,22709,118
SINGLE_SEND,22910,119
INTERNAL_EVENT,23111,120
SINGLE_SEND,23312,121
SINGLE_SEND,23512,122
INTERNAL_EVENT,23713,123
SINGLE_SEND,23914,124
INTERNAL_EVENT,24115,125
RECEIVED,A,0,24315,127
MULTI_SEND,24516,128
RECEIVED,A,0,24717,129
INTERNAL_EVENT,24917,130
INTERNAL_EVENT,25118,131
RECEIVED,A,0,25318,132
RECEIVED,A,0,25519,133
RECEIVED,A,0,25719,134
RECEIVED,A,0,25920,135
MULTI_SEND,26121,136
MULTI_SEND,26322,137
SINGLE_SEND,26523,138
INTERNAL_EVENT,26724,139
INTERNAL_EVENT,26925,140
INTERNAL_EVENT,27126,141
RECEIVED,A,0,27327,143
SINGLE_SEND,27528,144
INTERNAL_EVENT,27729,145
SINGLE_SEND,27929,146
MULTI_SEND,28131,147
MULTI_SEND,28333,148
MULTI_SEND,28533,149
SINGLE_SEND,28735,150
SINGLE_SEND,28935,151
SINGLE_SEND,29136,152
MULTI_SEND,29337,153
INTERNAL_EVENT,29538,154
MULTI_SEND,29739,155
INTERNAL_EVENT,29940,156
INTERNAL_EVENT,30141,157
RECEIVED,A,0,30341,160
INTERNAL_EVENT,30543,161
RECEIVED,A,0,30743,162
SINGLE_SEND,30944,163
RECEIVED,A,0,31145,164
INTERNAL_EVENT,31346,165
MULTI_SEND,31547,166
SINGLE_SEND,31748,167
MULTI_SEND,31949,168
SINGLE_SEND,32150,169
INTERNAL_EVENT,32351,170
RECEIVED,A,0,32551,172
RECEIVED,A,0,32752,173
RECEIVED,A,0,32953,174
SINGLE_SEND,33154,175
MULTI_SEND,33355,176
SINGLE_SEND,33556,177
MULTI_SEND,33757,178
INTERNAL_EVENT,33958,179
RECEIVED,A,0,34159,181
INTERNAL_EVENT,34360,182
MULTI_SEND,34561,183
INTERNAL_EVENT,34762,184
RECEIVED,A,0,34963,186
INTERNAL_EVENT,35164,187
RECEIVED,A,0,35365,188
SINGLE_SEND,35565,189
RECEIVED,A,0,35766,190
RECEIVED,A,0,35966,191
INTERNAL_EVENT,36167,192
SINGLE_SEND,36368,193
SINGLE_SEND,36569,194
SINGLE_SEND,36769,195
RECEIVED,A,0,36970,197
INTERNAL_EVENT,37170,198
SINGLE_SEND,37371,199
INTERNAL_EVENT,37572,200
SINGLE_SEND,37772,201
MULTI_SEND,37973,202
SINGLE_SEND,38176,203
INTERNAL_EVENT,38376,204
SINGLE_SEND,38578,205
INTERNAL_EVENT,38779,206
MULTI_SEND,38979,207
SINGLE_SEND,39180,208
INTERNAL_EVENT,39381,209
INTERNAL_EVENT,39582,210
RECEIVED,A,0,39782,212
SINGLE_SEND,39983,213
INTERNAL_EVENT,40184,214
INTERNAL_EVENT,40385,215
INTERNAL_EVENT,40585,216
SINGLE_SEND,40785,217
RECEIVED,A,0,40986,218
SINGLE_SEND,41186,219
RECEIVED,A,0,41387,220
MULTI_SEND,41588,221
INTERNAL_EVENT,41789,222
INTERNAL_EVENT,41990,223
RECEIVED,A,0,42191,224
MULTI_SEND,42391,225
SINGLE_SEND,42592,226
SINGLE_SEND,42794,227
INTERNAL_EVENT,42994,228
INTERNAL_EVENT,43195,229
RECEIVED,A,0,43396,230
RECEIVED,A,0,43596,231
MULTI_SEND,43797,232
INTERNAL_EVENT,43997,233
MULTI_SEND,44198,234
RECEIVED,A,0,44399,235
SINGLE_SEND,44600,236
SINGLE_SEND,44801,237
RECEIVED,A,0,45002,238
SINGLE_SEND,45203,239
MULTI_SEND,45404,240
INTERNAL_EVENT,45605,241
MULTI_SEND,45807,242
SINGLE_SEND,46005,243
SINGLE_SEND,46206,244
INTERNAL_EVENT,46407,245
RECEIVED,A,0,46608,247
MULTI_SEND,46808,248
INTERNAL_EVENT,47009,249
RECEIVED,A,0,47210,251
MULTI_SEND,47410,252
SINGLE_SEND,47611,253
INTERNAL_EVENT,47812,254
RECEIVED,A,0,48013,256
SINGLE_SEND,48214,257
SINGLE_SEND,48415,258
MULTI_SEND,48615,259
INTERNAL_EVENT,48817,260
SINGLE_SEND,49017,261
SINGLE_SEND,49219,262
MULTI_SEND,49419,263
SINGLE_SEND,49620,264
INTERNAL_EVENT,49822,265
RECEIVED,A,0,50022,267
RECEIVED,A,0,50223,269
MULTI_SEND,50424,270
SINGLE_SEND,50625,271
SINGLE_SEND,50827,272
SINGLE_SEND,51027,273
SINGLE_SEND,51228,274
RECEIVED,A,0,51429,275
SINGLE_SEND,51631,276
SINGLE_SEND,51831,277
SINGLE_SEND,52032,278
MULTI_SEND,52233,279
SINGLE_SEND,52434,280
MULTI_SEND,52635,281
RECEIVED,A,0,52836,282
SINGLE_SEND,53038,283
RECEIVED,A,0,53239,284
SINGLE_SEND,53440,285
RECEIVED,A,0,53641,286
INTERNAL_EVENT,53842,287
INTERNAL_EVENT,54042,288
RECEIVED,A,0,54243,289
RECEIVED,A,0,54443,290
SINGLE_SEND,54644,291
MULTI_SEND,54845,292
SINGLE_SEND,55046,293
SINGLE_SEND,55246,294
RECEIVED,A,0,55447,296
MULTI_SEND,55648,297
RECEIVED,A,0,55849,298
INTERNAL_EVENT,56050,299
MULTI_SEND,56250,300
INTERNAL_EVENT,56451,301
MULTI_SEND,56652,302
RECEIVED,A,0,56853,303
MULTI_SEND,57054,304
INTERNAL_EVENT,57255,305
INTERNAL_EVENT,57455,306
INTERNAL_EVENT,57656,307
MULTI_SEND,57857,308
RECEIVED,A,0,58058,309
MULTI_SEND,58258,310
SINGLE_SEND,58459,311
MULTI_SEND,58659,312
MULTI_SEND,58861,313
SINGLE_SEND,59062,314
RECEIVED,A,0,59262,316
SINGLE_SEND,59463,317
MULTI_SEND,59664,318
INTERNAL_EVENT,59865,319
INTERNAL_EVENT,60066,320
SINGLE_SEND,60266,321
INTERNAL_EVENT,60467,322
RECEIVED,A,0,60668,324
INTERNAL_EVENT,60868,325
RECEIVED,A,0,61069,326
RECEIVED,A,0,61270,327
INTERNAL_EVENT,61472,328
RECEIVED,A,0,61672,329
SINGLE_SEND,61873,330
INTERNAL_EVENT,62074,331
SINGLE_SEND,62275,332
RECEIVED,A,0,62475,334
SINGLE_SEND,62676,335
RECEIVED,A,0,62877,336
SINGLE_SEND,63078,337
INTERNAL_EVENT,63279,338
MULTI_SEND,63479,339
INTERNAL_EVENT,63680,340
RECEIVED,A,0,63881,342
MULTI_SEND,64082,343
SINGLE_SEND,64282,344
INTERNAL_EVENT,64483,345
INTERNAL_EVENT,64683,346
RECEIVED,A,0,64884,347
RECEIVED,A,0,65085,348
INTERNAL_EVENT,65286,349
RECEIVED,A,0,65487,350
SINGLE_SEND,65687,351
INTERNAL_EVENT,65888,352
