INIT,B,4
RECEIVED,A,0,688,3
RECEIVED,A,0,939,4
MULTI_SEND,1190,5
MULTI_SEND,1441,6
SINGLE_SEND,1692,7
MULTI_SEND,1943,8
SINGLE_SEND,2194,9
SINGLE_SEND,2445,10
INTERNAL_EVENT,2696,11
RECEIVED,C,0,2947,15
RECEIVED,C,0,3197,16
INTERNAL_EVENT,3448,17
SINGLE_SEND,3698,18
INTERNAL_EVENT,3949,19
INTERNAL_EVENT,4200,20
INTERNAL_EVENT,4450,21
RECEIVED,C,0,4701,23
RECEIVED,C,0,4952,25
RECEIVED,C,0,5203,26
RECEIVED,C,0,5453,27
RECEIVED,C,0,5704,28
RECEIVED,C,1,5956,29
RECEIVED,C,0,6207,30
RECEIVED,C,0,6458,32
RECEIVED,C,1,6708,33
RECEIVED,A,2,6959,34
RECEIVED,C,2,7210,35
RECEIVED,C,2,7461,36
RECEIVED,C,1,7712,37
RECEIVED,C,1,7962,38
RECEIVED,C,1,8213,39
RECEIVED,C,0,8464,41
RECEIVED,A,0,8714,43
RECEIVED,C,2,8965,44
RECEIVED,A,1,9216,45
RECEIVED,C,0,9467,46
RECEIVED,A,0,9718,47
RECEIVED,C,2,9968,49
RECEIVED,A,2,10219,50
RECEIVED,C,2,10470,51
RECEIVED,C,2,10721,52
RECEIVED,C,2,10972,53
RECEIVED,C,1,11222,54
RECEIVED,C,1,11473,55
RECEIVED,C,0,11724,57
RECEIVED,C,0,11975,59
INTERNAL_EVENT,12226,60
SINGLE_SEND,12477,61
RECEIVED,C,0,12727,63
RECEIVED,A,0,12978,64
INTERNAL_EVENT,13228,65
RECEIVED,A,0,13479,66
RECEIVED,C,0,13729,68
RECEIVED,C,0,13980,69
RECEIVED,C,0,14231,71
RECEIVED,C,0,14482,72
RECEIVED,A,0,14733,73
RECEIVED,C,1,14983,74
RECEIVED,C,1,15234,75
RECEIVED,C,1,15485,76
RECEIVED,C,0,15735,77
RECEIVED,C,0,15986,80
SINGLE_SEND,16237,81
MULTI_SEND,16487,82
INTERNAL_EVENT,16738,83
RECEIVED,C,0,16988,86
INTERNAL_EVENT,17239,87
SINGLE_SEND,17490,88
RECEIVED,C,0,17741,89
SINGLE_SEND,17991,90
SINGLE_SEND,18243,91
INTERNAL_EVENT,18494,92
MULTI_SEND,18745,93
SINGLE_SEND,18996,94
SINGLE_SEND,19247,95
SINGLE_SEND,19499,96
RECEIVED,A,0,19749,98
RECEIVED,C,0,20000,101
RECEIVED,C,0,20251,102
RECEIVED,C,0,20502,103
RECEIVED,C,0,20753,104
MULTI_SEND,21003,105
SINGLE_SEND,21254,106
INTERNAL_EVENT,21505,107
RECEIVED,C,0,21756,109
RECEIVED,C,0,22007,111
SINGLE_SEND,22261,112
SINGLE_SEND,22512,113
SINGLE_SEND,22762,114
RECEIVED,C,1,23013,115
RECEIVED,C,0,23264,116
RECEIVED,C,0,23515,118
MULTI_SEND,23766,119
SINGLE_SEND,24017,120
MULTI_SEND,24268,121
INTERNAL_EVENT,24519,122
SINGLE_SEND,24769,123
SINGLE_SEND,25020,124
MULTI_SEND,25271,125
SINGLE_SEND,25522,126
MULTI_SEND,25773,127
SINGLE_SEND,26025,128
MULTI_SEND,26275,129
INTERNAL_EVENT,26526,130
INTERNAL_EVENT,26777,131
SINGLE_SEND,27028,132
RECEIVED,C,0,27278,138
SINGLE_SEND,27529,139
INTERNAL_EVENT,27779,140
RECEIVED,C,1,28030,142
RECEIVED,C,0,28281,143
RECEIVED,C,0,28532,145
SINGLE_SEND,28782,146
INTERNAL_EVENT,29033,147
MULTI_SEND,29284,148
SINGLE_SEND,29535,149
INTERNAL_EVENT,29785,150
SINGLE_SEND,30036,151
SINGLE_SEND,30287,152
RECEIVED,C,0,30538,156
MULTI_SEND,30788,157
SINGLE_SEND,31039,158
SINGLE_SEND,31290,159
MULTI_SEND,31542,160
MULTI_SEND,31793,161
RECEIVED,C,0,32044,165
SINGLE_SEND,32294,166
INTERNAL_EVENT,32546,167
INTERNAL_EVENT,32796,168
RECEIVED,C,1,33047,170
RECEIVED,C,0,33298,171
SINGLE_SEND,33549,172
SINGLE_SEND,33799,173
RECEIVED,C,0,34050,176
RECEIVED,C,0,34301,177
RECEIVED,C,0,34552,178
MULTI_SEND,34802,179
INTERNAL_EVENT,35054,180
SINGLE_SEND,35304,181
INTERNAL_EVENT,35556,182
RECEIVED,C,0,35806,185
INTERNAL_EVENT,36057,186
RECEIVED,C,0,36308,188
MULTI_SEND,36559,189
SINGLE_SEND,36810,190
INTERNAL_EVENT,37061,191
INTERNAL_EVENT,37312,192
INTERNAL_EVENT,37562,193
SINGLE_SEND,37813,194
INTERNAL_EVENT,38064,195
INTERNAL_EVENT,38315,196
INTERNAL_EVENT,38566,197
SINGLE_SEND,38816,198
INTERNAL_EVENT,39067,199
RECEIVED,C,0,39318,204
INTERNAL_EVENT,39569,205
RECEIVED,C,0,39819,206
RECEIVED,C,0,40070,207
SINGLE_SEND,40328,208
INTERNAL_EVENT,40579,209
SINGLE_SEND,40830,210
SINGLE_SEND,41081,211
MULTI_SEND,41332,212
MULTI_SEND,41583,213
INTERNAL_EVENT,41834,214
RECEIVED,C,0,42086,217
RECEIVED,C,0,42335,219
RECEIVED,A,0,42586,220
INTERNAL_EVENT,42837,221
RECEIVED,C,0,43088,222
RECEIVED,C,0,43339,224
INTERNAL_EVENT,43590,225
RECEIVED,A,0,43840,226
RECEIVED,C,0,44091,228
INTERNAL_EVENT,44342,229
RECEIVED,C,0,44593,230
MULTI_SEND,44843,231
SINGLE_SEND,45094,232
SINGLE_SEND,45345,233
SINGLE_SEND,45596,234
SINGLE_SEND,45847,235
INTERNAL_EVENT,46098,236
MULTI_SEND,46349,237
SINGLE_SEND,46600,238
INTERNAL_EVENT,46850,239
RECEIVED,C,0,47101,244
RECEIVED,C,0,47352,245
INTERNAL_EVENT,47602,246
RECEIVED,C,0,47853,247
RECEIVED,C,0,48104,249
RECEIVED,C,0,48354,250
RECEIVED,C,0,48606,251
INTERNAL_EVENT,48856,252
RECEIVED,C,1,49107,253
RECEIVED,C,0,49359,254
INTERNAL_EVENT,49609,255
SINGLE_SEND,49859,256
RECEIVED,A,0,50110,259
INTERNAL_EVENT,50361,260
RECEIVED,C,0,50612,262
SINGLE_SEND,50863,263
INTERNAL_EVENT,51114,264
SINGLE_SEND,51365,265
INTERNAL_EVENT,51616,266
SINGLE_SEND,51866,267
INTERNAL_EVENT,52117,268
INTERNAL_EVENT,52368,269
MULTI_SEND,52619,270
SINGLE_SEND,52874,271
RECEIVED,C,0,53125,276
SINGLE_SEND,53376,277
RECEIVED,C,0,53627,278
INTERNAL_EVENT,53878,279
RECEIVED,C,0,54128,280
INTERNAL_EVENT,54379,281
SINGLE_SEND,54630,282
SINGLE_SEND,54880,283
RECEIVED,C,0,55131,285
SINGLE_SEND,55381,286
RECEIVED,C,0,55632,288
INTERNAL_EVENT,55883,289
RECEIVED,C,0,56134,290
RECEIVED,C,0,56384,292
MULTI_SEND,56636,293
INTERNAL_EVENT,56887,294
RECEIVED,C,1,57138,296
RECEIVED,C,0,57388,297
INTERNAL_EVENT,57639,298
RECEIVED,C,0,57889,300
INTERNAL_EVENT,58140,301
MULTI_SEND,58391,302
INTERNAL_EVENT,58642,303
RECEIVED,C,0,58892,305
INTERNAL_EVENT,59143,306
RECEIVED,C,0,59393,308
RECEIVED,C,0,59644,309
RECEIVED,C,0,59895,310
RECEIVED,C,1,60145,311
RECEIVED,C,0,60396,312
MULTI_SEND,60647,313
SINGLE_SEND,60898,314
SINGLE_SEND,61150,315
MULTI_SEND,61401,316
MULTI_SEND,61652,317
INTERNAL_EVENT,61903,318
RECEIVED,C,0,62154,322
RECEIVED,C,0,62405,323
RECEIVED,C,0,62656,324
MULTI_SEND,62906,325
SINGLE_SEND,63158,326
INTERNAL_EVENT,63409,327
SINGLE_SEND,63659,328
SINGLE_SEND,63911,329
RECEIVED,A,0,64162,330
INTERNAL_EVENT,64413,331
MULTI_SEND,64664,332
SINGLE_SEND,64915,333
INTERNAL_EVENT,65166,334
SINGLE_SEND,65416,335
MULTI_SEND,65668,336
INTERNAL_EVENT,65918,337
