INIT,B,5
RECEIVED,A,0,183,2
MULTI_SEND,387,3
MULTI_SEND,588,4
MULTI_SEND,789,5
INTERNAL_EVENT,990,6
SINGLE_SEND,1190,7
INTERNAL_EVENT,1391,8
INTERNAL_EVENT,1592,9
SINGLE_SEND,1792,10
SINGLE_SEND,1993,11
INTERNAL_EVENT,2194,12
SINGLE_SEND,2394,13
SINGLE_SEND,2595,14
SINGLE_SEND,2796,15
MULTI_SEND,2997,16
SINGLE_SEND,3198,17
INTERNAL_EVENT,3399,18
SINGLE_SEND,3599,19
INTERNAL_EVENT,3800,20
SINGLE_SEND,4001,21
INTERNAL_EVENT,4202,22
SINGLE_SEND,4402,23
INTERNAL_EVENT,4603,24
SINGLE_SEND,4803,25
SINGLE_SEND,5005,26
RECEIVED,C,0,5206,27
INTERNAL_EVENT,5406,28
MULTI_SEND,5607,29
SINGLE_SEND,5807,30
MULTI_SEND,6008,31
SINGLE_SEND,6209,32
MULTI_SEND,6410,33
INTERNAL_EVENT,6611,34
SINGLE_SEND,6812,35
SINGLE_SEND,7012,36
MULTI_SEND,7213,37
MULTI_SEND,7414,38
MULTI_SEND,7615,39
MULTI_SEND,7816,40
SINGLE_SEND,8017,41
MULTI_SEND,8218,42
INTERNAL_EVENT,8419,43
SINGLE_SEND,8620,44
INTERNAL_EVENT,8821,45
SINGLE_SEND,9021,46
MULTI_SEND,9222,47
INTERNAL_EVENT,9423,48
SINGLE_SEND,9624,49
INTERNAL_EVENT,9825,50
MULTI_SEND,10025,51
SINGLE_SEND,10226,52
SINGLE_SEND,10427,53
SINGLE_SEND,10628,54
MULTI_SEND,10828,55
MULTI_SEND,11029,56
INTERNAL_EVENT,11230,57
MULTI_SEND,11430,58
INTERNAL_EVENT,11631,59
INTERNAL_EVENT,11831,60
SINGLE_SEND,12032,61
SINGLE_SEND,12233,62
SINGLE_SEND,12434,63
INTERNAL_EVENT,12635,64
SINGLE_SEND,12836,65
MULTI_SEND,13037,66
INTERNAL_EVENT,13238,67
SINGLE_SEND,13439,68
INTERNAL_EVENT,13639,69
INTERNAL_EVENT,13840,70
SINGLE_SEND,14041,71
MULTI_SEND,14242,72
SINGLE_SEND,14443,73
SINGLE_SEND,14643,74
SINGLE_SEND,14844,75
INTERNAL_EVENT,15045,76
SINGLE_SEND,15246,77
INTERNAL_EVENT,15447,78
INTERNAL_EVENT,15648,79
SINGLE_SEND,15849,80
INTERNAL_EVENT,16049,81
MULTI_SEND,16250,82
SINGLE_SEND,16451,83
INTERNAL_EVENT,16652,84
MULTI_SEND,16853,85
INTERNAL_EVENT,17054,86
MULTI_SEND,17255,87
MULTI_SEND,17456,88
MULTI_SEND,17657,89
INTERNAL_EVENT,17858,90
INTERNAL_EVENT,18058,91
SINGLE_SEND,18259,92
MULTI_SEND,18460,93
INTERNAL_EVENT,18662,94
MULTI_SEND,18862,95
INTERNAL_EVENT,19065,96
SINGLE_SEND,19266,97
SINGLE_SEND,19467,98
INTERNAL_EVENT,19668,99
MULTI_SEND,19870,100
SINGLE_SEND,20071,101
SINGLE_SEND,20272,102
INTERNAL_EVENT,20473,103
INTERNAL_EVENT,20674,104
INTERNAL_EVENT,20874,105
INTERNAL_EVENT,21076,106
MULTI_SEND,21278,107
SINGLE_SEND,21479,108
INTERNAL_EVENT,21680,109
INTERNAL_EVENT,21881,110
SINGLE_SEND,22082,111
INTERNAL_EVENT,22283,112
SINGLE_SEND,22484,113
MULTI_SEND,22685,114
MULTI_SEND,22886,115
INTERNAL_EVENT,23087,116
INTERNAL_EVENT,23287,117
SINGLE_SEND,23488,118
MULTI_SEND,23689,119
INTERNAL_EVENT,23890,120
SINGLE_SEND,24091,121
SINGLE_SEND,24298,122
INTERNAL_EVENT,24499,123
MULTI_SEND,24699,124
MULTI_SEND,24900,125
MULTI_SEND,25101,126
INTERNAL_EVENT,25302,127
INTERNAL_EVENT,25502,128
SINGLE_SEND,25703,129
SINGLE_SEND,25904,130
SINGLE_SEND,26104,131
SINGLE_SEND,26305,132
SINGLE_SEND,26506,133
INTERNAL_EVENT,26708,134
INTERNAL_EVENT,26909,135
INTERNAL_EVENT,27109,136
SINGLE_SEND,27310,137
SINGLE_SEND,27512,138
SINGLE_SEND,27712,139
MULTI_SEND,27912,140
INTERNAL_EVENT,28114,141
SINGLE_SEND,28315,142
MULTI_SEND,28516,143
INTERNAL_EVENT,28716,144
MULTI_SEND,28917,145
INTERNAL_EVENT,29118,146
MULTI_SEND,29319,147
SINGLE_SEND,29520,148
SINGLE_SEND,29720,149
SINGLE_SEND,29921,150
MULTI_SEND,30122,151
SINGLE_SEND,30322,152
SINGLE_SEND,30525,153
MULTI_SEND,30726,154
INTERNAL_EVENT,30927,155
INTERNAL_EVENT,31128,156
MULTI_SEND,31330,157
MULTI_SEND,31529,158
SINGLE_SEND,31734,159
INTERNAL_EVENT,31937,160
SINGLE_SEND,32138,161
MULTI_SEND,32339,162
MULTI_SEND,32540,163
MULTI_SEND,32741,164
MULTI_SEND,32942,165
INTERNAL_EVENT,33143,166
SINGLE_SEND,33344,167
INTERNAL_EVENT,33545,168
SINGLE_SEND,33746,169
SINGLE_SEND,33946,170
MULTI_SEND,34147,171
SINGLE_SEND,34348,172
INTERNAL_EVENT,34549,173
MULTI_SEND,34749,174
SINGLE_SEND,34950,175
SINGLE_SEND,35204,176
SINGLE_SEND,35407,177
INTERNAL_EVENT,35608,178
SINGLE_SEND,35808,179
SINGLE_SEND,36009,180
SINGLE_SEND,36210,181
INTERNAL_EVENT,36411,182
SINGLE_SEND,36611,183
INTERNAL_EVENT,36812,184
SINGLE_SEND,37013,185
INTERNAL_EVENT,37213,186
INTERNAL_EVENT,37414,187
MULTI_SEND,37614,188
SINGLE_SEND,37815,189
SINGLE_SEND,38016,190
SINGLE_SEND,38217,191
SINGLE_SEND,38418,192
SINGLE_SEND,38618,193
MULTI_SEND,38819,194
SINGLE_SEND,39020,195
INTERNAL_EVENT,39221,196
MULTI_SEND,39423,197
MULTI_SEND,39623,198
INTERNAL_EVENT,39824,199
INTERNAL_EVENT,40024,200
INTERNAL_EVENT,40225,201
SINGLE_SEND,40425,202
SINGLE_SEND,40626,203
SINGLE_SEND,40828,204
SINGLE_SEND,41028,205
SINGLE_SEND,41229,206
INTERNAL_EVENT,41430,207
SINGLE_SEND,41630,208
SINGLE_SEND,41831,209
SINGLE_SEND,42032,210
SINGLE_SEND,42233,211
SINGLE_SEND,42434,212
INTERNAL_EVENT,42635,213
INTERNAL_EVENT,42836,214
INTERNAL_EVENT,43037,215
MULTI_SEND,43238,216
MULTI_SEND,43438,217
INTERNAL_EVENT,43641,218
SINGLE_SEND,43842,219
MULTI_SEND,44043,220
INTERNAL_EVENT,44244,221
SINGLE_SEND,44445,222
INTERNAL_EVENT,44645,223
INTERNAL_EVENT,44846,224
SINGLE_SEND,45047,225
INTERNAL_EVENT,45248,226
INTERNAL_EVENT,45449,227
SINGLE_SEND,45649,228
INTERNAL_EVENT,45850,229
SINGLE_SEND,46051,230
INTERNAL_EVENT,46253,231
SINGLE_SEND,46453,232
SINGLE_SEND,46654,233
INTERNAL_EVENT,46855,234
SINGLE_SEND,47056,235
INTERNAL_EVENT,47257,236
SINGLE_SEND,47457,237
SINGLE_SEND,47658,238
INTERNAL_EVENT,47859,239
MULTI_SEND,48060,240
MULTI_SEND,48262,241
SINGLE_SEND,48463,242
MULTI_SEND,48664,243
SINGLE_SEND,48866,244
SINGLE_SEND,49067,245
SINGLE_SEND,49268,246
SINGLE_SEND,49469,247
INTERNAL_EVENT,49670,248
INTERNAL_EVENT,49871,249
SINGLE_SEND,50072,250
SINGLE_SEND,50273,251
SINGLE_SEND,50473,252
INTERNAL_EVENT,50674,253
MULTI_SEND,50875,254
SINGLE_SEND,51076,255
MULTI_SEND,51277,256
MULTI_SEND,51477,257
SINGLE_SEND,51678,258
INTERNAL_EVENT,51879,259
MULTI_SEND,52080,260
INTERNAL_EVENT,52280,261
INTERNAL_EVENT,52481,262
SINGLE_SEND,52681,263
INTERNAL_EVENT,52882,264
MULTI_SEND,53082,265
SINGLE_SEND,53284,266
MULTI_SEND,53485,267
SINGLE_SEND,53686,268
MULTI_SEND,53887,269
INTERNAL_EVENT,54089,270
SINGLE_SEND,54289,271
INTERNAL_EVENT,54490,272
SINGLE_SEND,54691,273
SINGLE_SEND,54891,274
INTERNAL_EVENT,55092,275
MULTI_SEND,55293,276
INTERNAL_EVENT,55494,277
INTERNAL_EVENT,55695,278
SINGLE_SEND,55895,279
SINGLE_SEND,56096,280
MULTI_SEND,56296,281
SINGLE_SEND,56497,282
INTERNAL_EVENT,56698,283
MULTI_SEND,56898,284
SINGLE_SEND,57099,285
SINGLE_SEND,57301,286
SINGLE_SEND,57502,287
SINGLE_SEND,57702,288
SINGLE_SEND,57903,289
SINGLE_SEND,58104,290
INTERNAL_EVENT,58305,291
SINGLE_SEND,58505,292
INTERNAL_EVENT,58706,293
INTERNAL_EVENT,58907,294
INTERNAL_EVENT,59108,295
INTERNAL_EVENT,59308,296
SINGLE_SEND,59509,297
MULTI_SEND,59709,298
SINGLE_SEND,59910,299
SINGLE_SEND,60112,300
SINGLE_SEND,60312,301
INTERNAL_EVENT,60513,302
SINGLE_SEND,60714,303
SINGLE_SEND,60915,304
SINGLE_SEND,61115,305
SINGLE_SEND,61317,306
MULTI_SEND,61518,307
MULTI_SEND,61719,308
SINGLE_SEND,61920,309
INTERNAL_EVENT,62121,310
SINGLE_SEND,62323,311
INTERNAL_EVENT,62523,312
SINGLE_SEND,62724,313
MULTI_SEND,62925,314
INTERNAL_EVENT,63126,315
INTERNAL_EVENT,63327,316
SINGLE_SEND,63528,317
INTERNAL_EVENT,63729,318
SINGLE_SEND,63929,319
INTERNAL_EVENT,64130,320
INTERNAL_EVENT,64331,321
INTERNAL_EVENT,64531,322
SINGLE_SEND,64731,323
INTERNAL_EVENT,64932,324
INTERNAL_EVENT,65133,325
SINGLE_SEND,65334,326
INTERNAL_EVENT,65535,327
INTERNAL_EVENT,65735,328
MULTI_SEND,65936,329
