INIT,B,1
SINGLE_SEND,173,1
RECEIVED,C,0,1181,5
RECEIVED,C,1,2182,7
RECEIVED,A,1,3182,10
RECEIVED,A,0,4183,13
RECEIVED,A,1,5184,23
RECEIVED,C,2,6184,24
RECEIVED,A,2,7185,29
RECEIVED,A,2,8186,30
RECEIVED,A,2,9186,36
RECEIVED,A,2,10187,38
RECEIVED,A,2,11188,44
RECEIVED,C,4,12188,50
RECEIVED,A,4,13189,54
RECEIVED,C,4,14189,59
RECEIVED,A,5,15191,61
RECEIVED,A,5,16191,62
RECEIVED,A,5,17192,64
RECEIVED,A,4,18193,68
RECEIVED,A,5,19193,73
RECEIVED,A,4,20194,75
RECEIVED,A,5,21195,78
RECEIVED,C,4,22195,85
RECEIVED,A,3,23196,94
RECEIVED,C,4,24197,95
RECEIVED,C,5,25198,99
RECEIVED,A,7,26198,107
RECEIVED,A,8,27199,118
RECEIVED,C,7,28199,119
RECEIVED,A,8,29200,124
RECEIVED,C,10,30201,125
RECEIVED,A,11,31201,128
RECEIVED,A,13,32202,129
RECEIVED,A,12,33203,131
RECEIVED,A,15,34203,134
RECEIVED,A,15,35204,136
RECEIVED,A,16,36205,145
RECEIVED,A,17,37206,146
RECEIVED,A,17,38207,148
RECEIVED,A,17,39208,151
RECEIVED,A,19,40208,152
RECEIVED,C,19,41209,154
RECEIVED,A,19,42210,157
RECEIVED,A,19,43210,158
RECEIVED,A,22,44211,159
RECEIVED,A,22,45212,162
RECEIVED,A,23,46213,169
RECEIVED,C,25,47213,170
RECEIVED,A,25,48214,171
RECEIVED,C,25,49214,172
RECEIVED,C,25,50215,174
RECEIVED,A,25,51216,181
RECEIVED,A,25,52216,182
RECEIVED,A,25,53217,183
RECEIVED,A,26,54218,187
RECEIVED,A,27,55218,191
RECEIVED,A,27,56219,195
RECEIVED,A,28,57220,198
RECEIVED,A,29,58220,201
RECEIVED,A,30,59221,202
