INIT,B,6
RECEIVED,A,0,198,2
INTERNAL_EVENT,367,3
INTERNAL_EVENT,534,4
SINGLE_SEND,701,5
MULTI_SEND,869,6
SINGLE_SEND,1037,7
INTERNAL_EVENT,1205,8
SINGLE_SEND,1373,9
INTERNAL_EVENT,1540,10
INTERNAL_EVENT,1708,11
SINGLE_SEND,1876,12
INTERNAL_EVENT,2044,13
INTERNAL_EVENT,2212,14
INTERNAL_EVENT,2380,15
SINGLE_SEND,2548,16
RECEIVED,A,0,2715,17
INTERNAL_EVENT,2884,18
INTERNAL_EVENT,3051,19
RECEIVED,C,0,3219,20
INTERNAL_EVENT,3397,21
SINGLE_SEND,3567,22
SINGLE_SEND,3735,23
RECEIVED,C,0,3903,24
INTERNAL_EVENT,4071,25
SINGLE_SEND,4238,26
INTERNAL_EVENT,4406,27
MULTI_SEND,4574,28
SINGLE_SEND,4742,29
INTERNAL_EVENT,4909,30
INTERNAL_EVENT,5078,31
RECEIVED,A,0,5247,33
SINGLE_SEND,5414,34
INTERNAL_EVENT,5582,35
RECEIVED,C,0,5749,36
INTERNAL_EVENT,5917,37
RECEIVED,A,1,6085,39
RECEIVED,C,1,6253,40
RECEIVED,A,0,6420,41
INTERNAL_EVENT,6587,42
INTERNAL_EVENT,6755,43
RECEIVED,C,0,6923,44
INTERNAL_EVENT,7091,45
INTERNAL_EVENT,7258,46
RECEIVED,C,1,7426,47
RECEIVED,A,0,7593,48
INTERNAL_EVENT,7761,49
INTERNAL_EVENT,7928,50
INTERNAL_EVENT,8096,51
RECEIVED,C,0,8264,52
INTERNAL_EVENT,8431,53
INTERNAL_EVENT,8599,54
SINGLE_SEND,8766,55
MULTI_SEND,8934,56
MULTI_SEND,9102,57
INTERNAL_EVENT,9270,58
INTERNAL_EVENT,9437,59
INTERNAL_EVENT,9605,60
RECEIVED,A,0,9772,61
INTERNAL_EVENT,9939,62
SINGLE_SEND,10108,63
INTERNAL_EVENT,10274,64
SINGLE_SEND,10442,65
MULTI_SEND,10611,66
INTERNAL_EVENT,10778,67
MULTI_SEND,10946,68
INTERNAL_EVENT,11113,69
INTERNAL_EVENT,11281,70
INTERNAL_EVENT,11449,71
SINGLE_SEND,11616,72
INTERNAL_EVENT,11784,73
INTERNAL_EVENT,11951,74
SINGLE_SEND,12119,75
INTERNAL_EVENT,12287,76
INTERNAL_EVENT,12454,77
INTERNAL_EVENT,12622,78
RECEIVED,C,0,12789,79
INTERNAL_EVENT,12956,80
INTERNAL_EVENT,13124,81
INTERNAL_EVENT,13292,82
INTERNAL_EVENT,13459,83
INTERNAL_EVENT,13628,84
RECEIVED,A,0,13795,85
INTERNAL_EVENT,13963,86
RECEIVED,C,0,14132,87
INTERNAL_EVENT,14300,88
RECEIVED,A,0,14468,89
INTERNAL_EVENT,14635,90
MULTI_SEND,14803,91
INTERNAL_EVENT,14971,92
INTERNAL_EVENT,15138,93
RECEIVED,A,0,15305,95
RECEIVED,A,0,15473,96
INTERNAL_EVENT,15641,97
RECEIVED,A,0,15810,98
RECEIVED,C,0,15977,99
INTERNAL_EVENT,16146,100
INTERNAL_EVENT,16314,101
INTERNAL_EVENT,16482,102
MULTI_SEND,16649,103
INTERNAL_EVENT,16817,104
SINGLE_SEND,16984,105
INTERNAL_EVENT,17152,106
RECEIVED,C,0,17320,108
RECEIVED,C,0,17487,109
INTERNAL_EVENT,17655,110
INTERNAL_EVENT,17823,111
INTERNAL_EVENT,17991,112
SINGLE_SEND,18158,113
INTERNAL_EVENT,18326,114
INTERNAL_EVENT,18494,115
INTERNAL_EVENT,18661,116
RECEIVED,C,0,18828,117
RECEIVED,C,0,18996,118
INTERNAL_EVENT,19164,119
SINGLE_SEND,19331,120
INTERNAL_EVENT,19499,121
INTERNAL_EVENT,19666,122
INTERNAL_EVENT,19834,123
RECEIVED,A,0,20001,124
SINGLE_SEND,20169,125
INTERNAL_EVENT,20337,126
INTERNAL_EVENT,20505,127
INTERNAL_EVENT,20673,128
INTERNAL_EVENT,20840,129
RECEIVED,A,0,21008,130
INTERNAL_EVENT,21176,131
RECEIVED,A,0,21344,132
RECEIVED,C,0,21511,133
INTERNAL_EVENT,21679,134
INTERNAL_EVENT,21846,135
INTERNAL_EVENT,22013,136
INTERNAL_EVENT,22181,137
RECEIVED,A,0,22349,138
INTERNAL_EVENT,22517,139
RECEIVED,C,0,22684,140
INTERNAL_EVENT,22852,141
SINGLE_SEND,23019,142
INTERNAL_EVENT,23187,143
INTERNAL_EVENT,23355,144
RECEIVED,A,0,23522,146
INTERNAL_EVENT,23690,147
INTERNAL_EVENT,23858,148
INTERNAL_EVENT,24025,149
MULTI_SEND,24193,150
INTERNAL_EVENT,24361,151
RECEIVED,A,0,24528,153
INTERNAL_EVENT,24696,154
INTERNAL_EVENT,24863,155
INTERNAL_EVENT,25031,156
SINGLE_SEND,25200,157
SINGLE_SEND,25367,158
INTERNAL_EVENT,25536,159
MULTI_SEND,25703,160
MULTI_SEND,25871,161
INTERNAL_EVENT,26039,162
RECEIVED,C,1,26207,164
RECEIVED,A,1,26374,165
RECEIVED,C,1,26542,166
RECEIVED,C,0,26710,167
INTERNAL_EVENT,26878,168
INTERNAL_EVENT,27045,169
INTERNAL_EVENT,27213,170
RECEIVED,A,1,27380,171
RECEIVED,C,1,27548,172
RECEIVED,C,0,27716,173
INTERNAL_EVENT,27884,174
INTERNAL_EVENT,28052,175
INTERNAL_EVENT,28219,176
INTERNAL_EVENT,28387,177
INTERNAL_EVENT,28556,178
INTERNAL_EVENT,28724,179
RECEIVED,A,0,28892,180
INTERNAL_EVENT,29059,181
SINGLE_SEND,29227,182
INTERNAL_EVENT,29396,183
MULTI_SEND,29563,184
INTERNAL_EVENT,29731,185
SINGLE_SEND,29899,186
SINGLE_SEND,30067,187
RECEIVED,A,0,30235,188
SINGLE_SEND,30402,189
INTERNAL_EVENT,30570,190
SINGLE_SEND,30738,191
INTERNAL_EVENT,30906,192
INTERNAL_EVENT,31073,193
RECEIVED,A,0,31240,195
SINGLE_SEND,31408,196
SINGLE_SEND,31576,197
INTERNAL_EVENT,31744,198
INTERNAL_EVENT,31911,199
RECEIVED,A,0,32079,200
INTERNAL_EVENT,32247,201
MULTI_SEND,32414,202
INTERNAL_EVENT,32582,203
INTERNAL_EVENT,32750,204
INTERNAL_EVENT,32918,205
MULTI_SEND,33085,206
INTERNAL_EVENT,33253,207
INTERNAL_EVENT,33421,208
INTERNAL_EVENT,33588,209
INTERNAL_EVENT,33756,210
INTERNAL_EVENT,33923,211
INTERNAL_EVENT,34097,212
SINGLE_SEND,34266,213
SINGLE_SEND,34433,214
INTERNAL_EVENT,34601,215
INTERNAL_EVENT,34769,216
INTERNAL_EVENT,34936,217
INTERNAL_EVENT,35104,218
RECEIVED,A,0,35271,219
INTERNAL_EVENT,35439,220
INTERNAL_EVENT,35606,221
SINGLE_SEND,35774,222
RECEIVED,C,0,35942,223
INTERNAL_EVENT,36110,224
SINGLE_SEND,36278,225
INTERNAL_EVENT,36445,226
INTERNAL_EVENT,36613,227
INTERNAL_EVENT,36781,228
INTERNAL_EVENT,36948,229
INTERNAL_EVENT,37116,230
INTERNAL_EVENT,37283,231
RECEIVED,A,0,37451,232
SINGLE_SEND,37618,233
INTERNAL_EVENT,37786,234
SINGLE_SEND,37954,235
INTERNAL_EVENT,38122,236
INTERNAL_EVENT,38290,237
INTERNAL_EVENT,38458,238
RECEIVED,C,0,38625,239
RECEIVED,C,0,38793,240
INTERNAL_EVENT,38961,241
RECEIVED,A,0,39128,242
MULTI_SEND,39296,243
SINGLE_SEND,39464,244
MULTI_SEND,39632,245
INTERNAL_EVENT,39800,246
INTERNAL_EVENT,39967,247
INTERNAL_EVENT,40135,248
RECEIVED,A,0,40303,249
INTERNAL_EVENT,40471,250
RECEIVED,A,0,40638,251
RECEIVED,C,0,40806,253
MULTI_SEND,40973,254
SINGLE_SEND,41141,255
MULTI_SEND,41309,256
INTERNAL_EVENT,41476,257
INTERNAL_EVENT,41644,258
SINGLE_SEND,41812,259
INTERNAL_EVENT,41980,260
SINGLE_SEND,42147,261
INTERNAL_EVENT,42314,262
INTERNAL_EVENT,42482,263
INTERNAL_EVENT,42650,264
RECEIVED,A,0,42818,266
SINGLE_SEND,42985,267
INTERNAL_EVENT,43153,268
INTERNAL_EVENT,43321,269
MULTI_SEND,43489,270
INTERNAL_EVENT,43657,271
INTERNAL_EVENT,43825,272
INTERNAL_EVENT,43992,273
SINGLE_SEND,44160,274
INTERNAL_EVENT,44328,275
INTERNAL_EVENT,44495,276
RECEIVED,C,0,44663,278
INTERNAL_EVENT,44830,279
MULTI_SEND,44998,280
INTERNAL_EVENT,45166,281
MULTI_SEND,45334,282
INTERNAL_EVENT,45501,283
RECEIVED,C,0,45669,285
INTERNAL_EVENT,45837,286
INTERNAL_EVENT,46004,287
INTERNAL_EVENT,46172,288
RECEIVED,A,0,46340,289
SINGLE_SEND,46508,290
INTERNAL_EVENT,46675,291
RECEIVED,C,0,46843,293
INTERNAL_EVENT,47011,294
RECEIVED,C,0,47178,295
MULTI_SEND,47346,296
INTERNAL_EVENT,47514,297
RECEIVED,A,1,47681,299
RECEIVED,C,0,47849,300
INTERNAL_EVENT,48017,301
INTERNAL_EVENT,48186,302
RECEIVED,A,0,48354,303
RECEIVED,A,0,48521,304
RECEIVED,A,0,48689,305
RECEIVED,A,0,48857,306
SINGLE_SEND,49024,307
SINGLE_SEND,49192,308
INTERNAL_EVENT,49360,309
INTERNAL_EVENT,49528,310
RECEIVED,C,0,49695,312
INTERNAL_EVENT,49863,313
INTERNAL_EVENT,50031,314
INTERNAL_EVENT,50198,315
SINGLE_SEND,50365,316
INTERNAL_EVENT,50534,317
RECEIVED,C,0,50702,318
INTERNAL_EVENT,50869,319
RECEIVED,C,0,51037,321
INTERNAL_EVENT,51204,322
SINGLE_SEND,51372,323
RECEIVED,A,0,51540,324
INTERNAL_EVENT,51708,325
RECEIVED,A,0,51875,326
INTERNAL_EVENT,52043,327
SINGLE_SEND,52211,328
INTERNAL_EVENT,52379,329
INTERNAL_EVENT,52547,330
RECEIVED,A,0,52715,332
INTERNAL_EVENT,52883,333
INTERNAL_EVENT,53050,334
INTERNAL_EVENT,53218,335
INTERNAL_EVENT,53385,336
RECEIVED,A,0,53553,337
SINGLE_SEND,53720,338
INTERNAL_EVENT,53888,339
RECEIVED,C,0,54055,341
INTERNAL_EVENT,54223,342
RECEIVED,C,0,54390,343
SINGLE_SEND,54558,344
RECEIVED,A,0,54726,345
INTERNAL_EVENT,54894,346
INTERNAL_EVENT,55061,347
INTERNAL_EVENT,55228,348
INTERNAL_EVENT,55396,349
INTERNAL_EVENT,55564,350
RECEIVED,A,0,55732,351
INTERNAL_EVENT,55899,352
MULTI_SEND,56068,353
INTERNAL_EVENT,56235,354
INTERNAL_EVENT,56403,355
RECEIVED,A,0,56570,356
RECEIVED,A,0,56738,357
RECEIVED,C,0,56906,358
SINGLE_SEND,57073,359
SINGLE_SEND,57243,360
INTERNAL_EVENT,57412,361
INTERNAL_EVENT,57579,362
INTERNAL_EVENT,57753,363
SINGLE_SEND,57921,364
INTERNAL_EVENT,58089,365
INTERNAL_EVENT,58257,366
INTERNAL_EVENT,58424,367
RECEIVED,C,0,58592,368
INTERNAL_EVENT,58760,369
INTERNAL_EVENT,58927,370
INTERNAL_EVENT,59095,371
INTERNAL_EVENT,59263,372
INTERNAL_EVENT,59430,373
INTERNAL_EVENT,59598,374
SINGLE_SEND,59766,375
INTERNAL_EVENT,59934,376
INTERNAL_EVENT,60101,377
INTERNAL_EVENT,60269,378
INTERNAL_EVENT,60437,379
RECEIVED,A,0,60605,380
SINGLE_SEND,60773,381
SINGLE_SEND,60940,382
SINGLE_SEND,61108,383
INTERNAL_EVENT,61276,384
INTERNAL_EVENT,61444,385
MULTI_SEND,61611,386
SINGLE_SEND,61780,387
INTERNAL_EVENT,61948,388
INTERNAL_EVENT,62116,389
RECEIVED,C,0,62283,390
INTERNAL_EVENT,62451,391
RECEIVED,C,0,62618,392
RECEIVED,A,0,62786,393
SINGLE_SEND,62954,394
INTERNAL_EVENT,63122,395
INTERNAL_EVENT,63292,396
INTERNAL_EVENT,63460,397
INTERNAL_EVENT,63627,398
INTERNAL_EVENT,63795,399
RECEIVED,A,0,63963,400
INTERNAL_EVENT,64131,401
MULTI_SEND,64298,402
MULTI_SEND,64466,403
INTERNAL_EVENT,64633,404
RECEIVED,C,0,64801,406
INTERNAL_EVENT,64968,407
INTERNAL_EVENT,65136,408
SINGLE_SEND,65304,409
INTERNAL_EVENT,65472,410
INTERNAL_EVENT,65639,411
RECEIVED,A,0,65807,413
SINGLE_SEND,65974,414
