INIT,B,5
INTERNAL_EVENT,190,1
RECEIVED,C,0,394,3
INTERNAL_EVENT,594,4
INTERNAL_EVENT,806,5
INTERNAL_EVENT,1009,6
INTERNAL_EVENT,1210,7
INTERNAL_EVENT,1410,8
INTERNAL_EVENT,1610,9
MULTI_SEND,1811,10
SINGLE_SEND,2012,11
MULTI_SEND,2213,12
SINGLE_SEND,2414,13
RECEIVED,C,0,2614,17
INTERNAL_EVENT,2815,18
INTERNAL_EVENT,3016,19
INTERNAL_EVENT,3217,20
RECEIVED,C,0,3418,21
RECEIVED,A,0,3618,23
MULTI_SEND,3819,24
INTERNAL_EVENT,4020,25
INTERNAL_EVENT,4221,26
RECEIVED,C,1,4422,28
RECEIVED,C,0,4623,29
INTERNAL_EVENT,4823,30
INTERNAL_EVENT,5024,31
INTERNAL_EVENT,5225,32
RECEIVED,A,0,5425,35
INTERNAL_EVENT,5626,36
INTERNAL_EVENT,5826,37
INTERNAL_EVENT,6027,38
INTERNAL_EVENT,6228,39
INTERNAL_EVENT,6428,40
INTERNAL_EVENT,6629,41
RECEIVED,C,1,6830,44
RECEIVED,A,0,7031,45
INTERNAL_EVENT,7232,46
RECEIVED,A,0,7432,48
RECEIVED,C,0,7633,50
RECEIVED,C,0,7834,51
RECEIVED,A,0,8036,53
INTERNAL_EVENT,8240,54
INTERNAL_EVENT,8440,55
RECEIVED,C,0,8641,56
SINGLE_SEND,8842,57
INTERNAL_EVENT,9043,58
INTERNAL_EVENT,9244,59
RECEIVED,A,0,9445,61
INTERNAL_EVENT,9645,62
INTERNAL_EVENT,9846,63
RECEIVED,C,0,10047,65
RECEIVED,A,0,10247,66
INTERNAL_EVENT,10448,67
INTERNAL_EVENT,10649,68
MULTI_SEND,10850,69
INTERNAL_EVENT,11051,70
RECEIVED,A,0,11252,73
INTERNAL_EVENT,11453,74
RECEIVED,C,0,11653,75
SINGLE_SEND,11854,76
INTERNAL_EVENT,12055,77
RECEIVED,C,0,12256,79
RECEIVED,A,0,12457,81
SINGLE_SEND,12658,82
RECEIVED,C,0,12858,83
INTERNAL_EVENT,13059,84
RECEIVED,C,0,13260,85
INTERNAL_EVENT,13460,86
MULTI_SEND,13661,87
INTERNAL_EVENT,13862,88
INTERNAL_EVENT,14063,89
RECEIVED,A,0,14264,91
RECEIVED,A,0,14464,92
INTERNAL_EVENT,14665,93
INTERNAL_EVENT,14866,94
INTERNAL_EVENT,15066,95
RECEIVED,C,0,15267,98
INTERNAL_EVENT,15468,99
INTERNAL_EVENT,15668,100
INTERNAL_EVENT,15869,101
INTERNAL_EVENT,16069,102
INTERNAL_EVENT,16270,103
INTERNAL_EVENT,16471,104
RECEIVED,A,0,16671,106
MULTI_SEND,16872,107
INTERNAL_EVENT,17073,108
RECEIVED,A,0,17273,110
RECEIVED,A,0,17475,111
RECEIVED,A,0,17676,112
INTERNAL_EVENT,17876,113
INTERNAL_EVENT,18077,114
SINGLE_SEND,18277,115
SINGLE_SEND,18478,116
RECEIVED,C,0,18679,118
INTERNAL_EVENT,18880,119
RECEIVED,A,0,19081,121
RECEIVED,A,0,19281,122
SINGLE_SEND,19482,123
INTERNAL_EVENT,19683,124
RECEIVED,C,0,19884,127
INTERNAL_EVENT,20084,128
INTERNAL_EVENT,20285,129
INTERNAL_EVENT,20485,130
RECEIVED,C,0,20686,132
MULTI_SEND,20887,133
SINGLE_SEND,21088,134
INTERNAL_EVENT,21289,135
INTERNAL_EVENT,21489,136
INTERNAL_EVENT,21690,137
RECEIVED,C,0,21891,140
INTERNAL_EVENT,22091,141
SINGLE_SEND,22292,142
INTERNAL_EVENT,22493,143
RECEIVED,A,0,22694,145
RECEIVED,A,0,22894,146
SINGLE_SEND,23095,147
SINGLE_SEND,23296,148
RECEIVED,C,0,23497,150
INTERNAL_EVENT,23697,151
RECEIVED,C,0,23898,153
SINGLE_SEND,24099,154
MULTI_SEND,24299,155
SINGLE_SEND,24501,156
INTERNAL_EVENT,24701,157
RECEIVED,A,0,24902,159
RECEIVED,C,0,25103,161
INTERNAL_EVENT,25303,162
INTERNAL_EVENT,25504,163
INTERNAL_EVENT,25704,164
INTERNAL_EVENT,25905,165
RECEIVED,C,1,26105,166
RECEIVED,A,0,26306,167
INTERNAL_EVENT,26507,168
SINGLE_SEND,26707,169
SINGLE_SEND,26908,170
SINGLE_SEND,27108,171
SINGLE_SEND,27309,172
RECEIVED,C,0,27510,175
RECEIVED,C,1,27710,176
RECEIVED,A,0,27911,177
RECEIVED,C,0,28112,179
INTERNAL_EVENT,28312,180
RECEIVED,A,0,28513,182
INTERNAL_EVENT,28713,183
RECEIVED,A,1,28914,184
RECEIVED,A,1,29114,185
RECEIVED,C,0,29315,186
RECEIVED,C,0,29516,188
RECEIVED,C,0,29717,189
INTERNAL_EVENT,29917,190
INTERNAL_EVENT,30118,191
RECEIVED,A,0,30318,193
INTERNAL_EVENT,30520,194
RECEIVED,C,0,30721,195
RECEIVED,A,0,30921,196
INTERNAL_EVENT,31122,197
RECEIVED,C,0,31323,199
INTERNAL_EVENT,31523,200
INTERNAL_EVENT,31724,201
INTERNAL_EVENT,31925,202
INTERNAL_EVENT,32125,203
INTERNAL_EVENT,32326,204
INTERNAL_EVENT,32527,205
MULTI_SEND,32728,206
INTERNAL_EVENT,32930,207
RECEIVED,C,1,33130,209
RECEIVED,A,0,33331,210
RECEIVED,C,0,33531,212
RECEIVED,A,0,33732,214
INTERNAL_EVENT,33932,215
INTERNAL_EVENT,34133,216
INTERNAL_EVENT,34333,217
INTERNAL_EVENT,34534,218
SINGLE_SEND,34734,219
INTERNAL_EVENT,34935,220
INTERNAL_EVENT,35136,221
INTERNAL_EVENT,35336,222
RECEIVED,C,0,35536,224
INTERNAL_EVENT,35737,225
RECEIVED,C,0,35937,226
MULTI_SEND,36138,227
INTERNAL_EVENT,36339,228
SINGLE_SEND,36540,229
INTERNAL_EVENT,36740,230
INTERNAL_EVENT,36941,231
MULTI_SEND,37141,232
SINGLE_SEND,37342,233
INTERNAL_EVENT,37544,234
INTERNAL_EVENT,37744,235
RECEIVED,A,0,37944,237
RECEIVED,C,0,38145,239
RECEIVED,C,1,38345,240
RECEIVED,A,0,38546,241
RECEIVED,C,1,38746,243
RECEIVED,A,0,38947,244
RECEIVED,C,0,39147,245
MULTI_SEND,39348,246
INTERNAL_EVENT,39549,247
SINGLE_SEND,39750,248
INTERNAL_EVENT,39951,249
INTERNAL_EVENT,40151,250
RECEIVED,A,1,40352,251
RECEIVED,C,0,40552,253
SINGLE_SEND,40754,254
INTERNAL_EVENT,40954,255
INTERNAL_EVENT,41155,256
RECEIVED,C,1,41355,258
RECEIVED,C,1,41557,259
RECEIVED,C,0,41759,260
INTERNAL_EVENT,41959,261
INTERNAL_EVENT,42159,262
RECEIVED,C,0,42360,264
INTERNAL_EVENT,42561,265
INTERNAL_EVENT,42762,266
INTERNAL_EVENT,42962,267
RECEIVED,A,0,43163,269
RECEIVED,C,0,43363,271
RECEIVED,A,0,43564,272
INTERNAL_EVENT,43765,273
RECEIVED,A,0,43966,274
INTERNAL_EVENT,44167,275
RECEIVED,C,0,44368,277
INTERNAL_EVENT,44569,278
RECEIVED,C,0,44769,280
RECEIVED,C,0,44970,281
SINGLE_SEND,45171,282
RECEIVED,C,0,45371,285
INTERNAL_EVENT,45572,286
INTERNAL_EVENT,45773,287
INTERNAL_EVENT,45973,288
INTERNAL_EVENT,46174,289
MULTI_SEND,46374,290
INTERNAL_EVENT,46575,291
RECEIVED,A,0,46775,293
INTERNAL_EVENT,46976,294
INTERNAL_EVENT,47176,295
INTERNAL_EVENT,47377,296
INTERNAL_EVENT,47578,297
MULTI_SEND,47779,298
MULTI_SEND,47981,299
SINGLE_SEND,48181,300
INTERNAL_EVENT,48383,301
INTERNAL_EVENT,48583,302
INTERNAL_EVENT,48783,303
RECEIVED,C,0,48984,307
INTERNAL_EVENT,49185,308
INTERNAL_EVENT,49385,309
RECEIVED,C,0,49586,310
INTERNAL_EVENT,49787,311
INTERNAL_EVENT,49988,312
INTERNAL_EVENT,50188,313
INTERNAL_EVENT,50389,314
INTERNAL_EVENT,50589,315
RECEIVED,C,0,50790,318
INTERNAL_EVENT,50990,319
RECEIVED,A,0,51191,320
INTERNAL_EVENT,51392,321
INTERNAL_EVENT,51593,322
RECEIVED,C,0,51794,325
INTERNAL_EVENT,51994,326
INTERNAL_EVENT,52195,327
RECEIVED,A,0,52396,328
SINGLE_SEND,52598,329
INTERNAL_EVENT,52798,330
INTERNAL_EVENT,52999,331
INTERNAL_EVENT,53200,332
INTERNAL_EVENT,53402,333
INTERNAL_EVENT,53602,334
RECEIVED,C,0,53803,338
SINGLE_SEND,54004,339
INTERNAL_EVENT,54205,340
INTERNAL_EVENT,54405,341
RECEIVED,A,0,54606,342
SINGLE_SEND,54807,343
INTERNAL_EVENT,55007,344
SINGLE_SEND,55208,345
INTERNAL_EVENT,55409,346
SINGLE_SEND,55610,347
RECEIVED,A,0,55811,350
INTERNAL_EVENT,56011,351
INTERNAL_EVENT,56212,352
INTERNAL_EVENT,56412,353
INTERNAL_EVENT,56613,354
INTERNAL_EVENT,56814,355
RECEIVED,A,0,57014,359
INTERNAL_EVENT,57215,360
RECEIVED,A,0,57415,361
SINGLE_SEND,57616,362
MULTI_SEND,57817,363
INTERNAL_EVENT,58018,364
INTERNAL_EVENT,58218,365
INTERNAL_EVENT,58419,366
RECEIVED,C,0,58620,369
RECEIVED,C,0,58821,371
RECEIVED,C,0,59022,372
INTERNAL_EVENT,59223,373
RECEIVED,C,0,59423,374
RECEIVED,C,0,59624,375
RECEIVED,C,0,59825,376
INTERNAL_EVENT,60025,377
RECEIVED,A,1,60226,379
RECEIVED,C,0,60426,380
RECEIVED,A,0,60627,381
RECEIVED,A,0,60828,382
MULTI_SEND,61028,383
INTERNAL_EVENT,61229,384
RECEIVED,C,0,61431,387
INTERNAL_EVENT,61631,388
INTERNAL_EVENT,61832,389
RECEIVED,A,0,62033,390
INTERNAL_EVENT,62234,391
INTERNAL_EVENT,62434,392
RECEIVED,A,0,62635,393
MULTI_SEND,62836,394
INTERNAL_EVENT,63037,395
INTERNAL_EVENT,63237,396
INTERNAL_EVENT,63438,397
INTERNAL_EVENT,63639,398
RECEIVED,A,0,63839,399
MULTI_SEND,64040,400
SINGLE_SEND,64242,401
INTERNAL_EVENT,64444,402
SINGLE_SEND,64644,403
RECEIVED,C,0,64845,408
RECEIVED,A,0,65046,410
MULTI_SEND,65246,411
INTERNAL_EVENT,65447,412
INTERNAL_EVENT,65648,413
RECEIVED,C,0,65848,415
