INIT,B,5
SINGLE_SEND,183,1
RECEIVED,C,0,388,3
MULTI_SEND,588,4
INTERNAL_EVENT,802,5
INTERNAL_EVENT,1004,6
RECEIVED,C,0,1204,8
INTERNAL_EVENT,1405,9
RECEIVED,A,0,1605,11
SINGLE_SEND,1806,12
SINGLE_SEND,2007,13
RECEIVED,C,0,2208,15
INTERNAL_EVENT,2408,16
INTERNAL_EVENT,2609,17
RECEIVED,A,0,2810,19
SINGLE_SEND,3011,20
RECEIVED,A,0,3212,21
INTERNAL_EVENT,3412,22
RECEIVED,A,0,3613,24
RECEIVED,A,0,3814,25
RECEIVED,A,0,4015,26
INTERNAL_EVENT,4216,27
RECEIVED,C,0,4416,30
INTERNAL_EVENT,4617,31
INTERNAL_EVENT,4818,32
INTERNAL_EVENT,5019,33
INTERNAL_EVENT,5220,34
RECEIVED,A,0,5420,37
INTERNAL_EVENT,5621,38
INTERNAL_EVENT,5822,39
INTERNAL_EVENT,6029,40
INTERNAL_EVENT,6230,41
INTERNAL_EVENT,6431,42
INTERNAL_EVENT,6632,43
MULTI_SEND,6832,44
SINGLE_SEND,7034,45
INTERNAL_EVENT,7235,46
RECEIVED,C,1,7436,49
RECEIVED,A,0,7636,51
INTERNAL_EVENT,7837,52
INTERNAL_EVENT,8039,53
INTERNAL_EVENT,8239,54
INTERNAL_EVENT,8440,55
RECEIVED,A,0,8641,58
INTERNAL_EVENT,8842,59
INTERNAL_EVENT,9043,60
RECEIVED,A,0,9243,61
INTERNAL_EVENT,9444,62
INTERNAL_EVENT,9644,63
INTERNAL_EVENT,9845,64
RECEIVED,A,0,10046,66
INTERNAL_EVENT,10247,67
RECEIVED,A,0,10448,69
INTERNAL_EVENT,10648,70
SINGLE_SEND,10849,71
INTERNAL_EVENT,11049,72
INTERNAL_EVENT,11250,73
RECEIVED,C,0,11450,75
RECEIVED,C,0,11651,76
RECEIVED,C,0,11852,77
RECEIVED,C,0,12052,78
INTERNAL_EVENT,12253,79
INTERNAL_EVENT,12454,80
INTERNAL_EVENT,12654,81
RECEIVED,A,0,12855,84
INTERNAL_EVENT,13056,85
INTERNAL_EVENT,13257,86
RECEIVED,A,0,13458,88
MULTI_SEND,13658,89
INTERNAL_EVENT,13858,90
INTERNAL_EVENT,14059,91
INTERNAL_EVENT,14260,92
RECEIVED,A,0,14460,94
RECEIVED,C,0,14661,96
INTERNAL_EVENT,14862,97
SINGLE_SEND,15063,98
INTERNAL_EVENT,15264,99
INTERNAL_EVENT,15464,100
INTERNAL_EVENT,15665,101
INTERNAL_EVENT,15865,102
RECEIVED,C,0,16066,105
RECEIVED,C,0,16267,106
MULTI_SEND,16467,107
INTERNAL_EVENT,16668,108
INTERNAL_EVENT,16869,109
INTERNAL_EVENT,17069,110
MULTI_SEND,17271,111
MULTI_SEND,17471,112
MULTI_SEND,17672,113
SINGLE_SEND,17873,114
SINGLE_SEND,18074,115
SINGLE_SEND,18275,116
MULTI_SEND,18477,117
INTERNAL_EVENT,18677,118
RECEIVED,A,0,18878,122
SINGLE_SEND,19078,123
INTERNAL_EVENT,19279,124
RECEIVED,A,0,19479,126
RECEIVED,A,0,19680,127
INTERNAL_EVENT,19880,128
INTERNAL_EVENT,20081,129
INTERNAL_EVENT,20281,130
INTERNAL_EVENT,20482,131
SINGLE_SEND,20682,132
INTERNAL_EVENT,20883,133
INTERNAL_EVENT,21084,134
INTERNAL_EVENT,21285,135
RECEIVED,A,0,21485,138
RECEIVED,A,0,21686,140
INTERNAL_EVENT,21886,141
MULTI_SEND,22087,142
INTERNAL_EVENT,22288,143
RECEIVED,A,0,22489,145
RECEIVED,A,0,22690,146
RECEIVED,A,0,22890,148
INTERNAL_EVENT,23091,149
RECEIVED,A,0,23291,150
INTERNAL_EVENT,23492,151
RECEIVED,A,0,23693,152
INTERNAL_EVENT,23893,153
INTERNAL_EVENT,24094,154
RECEIVED,A,1,24296,156
RECEIVED,C,0,24496,157
INTERNAL_EVENT,24697,158
SINGLE_SEND,24897,159
MULTI_SEND,25100,160
SINGLE_SEND,25302,161
INTERNAL_EVENT,25503,162
RECEIVED,C,0,25704,165
RECEIVED,A,0,25905,166
RECEIVED,A,0,26106,167
SINGLE_SEND,26306,168
INTERNAL_EVENT,26507,169
INTERNAL_EVENT,26708,170
RECEIVED,A,0,26909,173
INTERNAL_EVENT,27109,174
RECEIVED,A,0,27310,175
MULTI_SEND,27511,176
INTERNAL_EVENT,27712,177
INTERNAL_EVENT,27913,178
MULTI_SEND,28114,179
MULTI_SEND,28315,180
MULTI_SEND,28516,181
RECEIVED,C,0,28717,185
INTERNAL_EVENT,28918,186
MULTI_SEND,29118,187
SINGLE_SEND,29319,188
INTERNAL_EVENT,29520,189
SINGLE_SEND,29721,190
RECEIVED,C,0,29921,193
RECEIVED,C,0,30122,194
INTERNAL_EVENT,30323,195
SINGLE_SEND,30524,196
INTERNAL_EVENT,30725,197
INTERNAL_EVENT,30926,198
INTERNAL_EVENT,31127,199
RECEIVED,C,0,31327,201
INTERNAL_EVENT,31528,202
INTERNAL_EVENT,31729,203
RECEIVED,A,1,31930,205
RECEIVED,A,0,32130,206
RECEIVED,C,0,32331,208
SINGLE_SEND,32532,209
INTERNAL_EVENT,32733,210
INTERNAL_EVENT,32938,211
INTERNAL_EVENT,33141,212
INTERNAL_EVENT,33342,213
RECEIVED,C,0,33542,215
INTERNAL_EVENT,33743,216
RECEIVED,A,0,33943,218
INTERNAL_EVENT,34144,219
SINGLE_SEND,34344,220
RECEIVED,A,0,34545,222
INTERNAL_EVENT,34751,223
INTERNAL_EVENT,34952,224
RECEIVED,A,1,35152,226
RECEIVED,C,0,35352,227
INTERNAL_EVENT,35553,228
INTERNAL_EVENT,35754,229
INTERNAL_EVENT,35954,230
INTERNAL_EVENT,36155,231
INTERNAL_EVENT,36355,232
RECEIVED,A,0,36555,234
INTERNAL_EVENT,36756,235
MULTI_SEND,36956,236
INTERNAL_EVENT,37157,237
INTERNAL_EVENT,37358,238
INTERNAL_EVENT,37559,239
INTERNAL_EVENT,37760,240
INTERNAL_EVENT,37960,241
INTERNAL_EVENT,38160,242
INTERNAL_EVENT,38361,243
INTERNAL_EVENT,38562,244
INTERNAL_EVENT,38762,245
RECEIVED,A,0,38962,249
RECEIVED,A,0,39163,252
INTERNAL_EVENT,39364,253
RECEIVED,C,0,39564,254
MULTI_SEND,39765,255
MULTI_SEND,39966,256
INTERNAL_EVENT,40167,257
RECEIVED,C,0,40368,260
INTERNAL_EVENT,40570,261
INTERNAL_EVENT,40770,262
RECEIVED,C,0,40970,264
RECEIVED,A,0,41171,265
INTERNAL_EVENT,41372,266
RECEIVED,C,0,41573,268
INTERNAL_EVENT,41773,269
INTERNAL_EVENT,41974,270
SINGLE_SEND,42174,271
INTERNAL_EVENT,42375,272
INTERNAL_EVENT,42576,273
INTERNAL_EVENT,42777,274
INTERNAL_EVENT,42977,275
INTERNAL_EVENT,43178,276
RECEIVED,A,0,43379,279
RECEIVED,C,0,43580,281
SINGLE_SEND,43781,282
INTERNAL_EVENT,43981,283
INTERNAL_EVENT,44182,284
RECEIVED,C,0,44383,286
RECEIVED,A,0,44583,288
RECEIVED,A,0,44784,289
RECEIVED,C,0,44985,291
RECEIVED,A,0,45185,292
RECEIVED,A,0,45386,293
INTERNAL_EVENT,45587,294
INTERNAL_EVENT,45788,295
INTERNAL_EVENT,45988,296
RECEIVED,A,0,46189,297
INTERNAL_EVENT,46390,298
RECEIVED,C,0,46590,301
INTERNAL_EVENT,46792,302
RECEIVED,C,0,46993,303
RECEIVED,C,0,47193,305
INTERNAL_EVENT,47394,306
INTERNAL_EVENT,47595,307
INTERNAL_EVENT,47796,308
RECEIVED,A,0,47996,309
INTERNAL_EVENT,48197,310
INTERNAL_EVENT,48397,311
INTERNAL_EVENT,48598,312
INTERNAL_EVENT,48799,313
INTERNAL_EVENT,49000,314
SINGLE_SEND,49201,315
INTERNAL_EVENT,49401,316
SINGLE_SEND,49602,317
INTERNAL_EVENT,49803,318
SINGLE_SEND,50003,319
RECEIVED,C,0,50204,324
RECEIVED,A,0,50405,325
INTERNAL_EVENT,50606,326
RECEIVED,C,0,50806,327
INTERNAL_EVENT,51006,328
INTERNAL_EVENT,51208,329
INTERNAL_EVENT,51408,330
INTERNAL_EVENT,51608,331
RECEIVED,A,0,51809,334
MULTI_SEND,52010,335
INTERNAL_EVENT,52210,336
INTERNAL_EVENT,52411,337
INTERNAL_EVENT,52611,338
RECEIVED,C,0,52813,341
INTERNAL_EVENT,53013,342
RECEIVED,C,1,53214,343
RECEIVED,A,0,53415,344
SINGLE_SEND,53617,345
INTERNAL_EVENT,53818,346
RECEIVED,A,0,54018,348
RECEIVED,A,0,54219,350
RECEIVED,A,0,54420,351
INTERNAL_EVENT,54620,352
SINGLE_SEND,54820,353
MULTI_SEND,55021,354
INTERNAL_EVENT,55222,355
RECEIVED,A,0,55422,358
RECEIVED,C,0,55623,359
RECEIVED,C,0,55823,360
INTERNAL_EVENT,56024,361
RECEIVED,A,0,56226,362
RECEIVED,A,1,56426,364
RECEIVED,C,0,56627,365
RECEIVED,A,0,56829,366
MULTI_SEND,57030,367
INTERNAL_EVENT,57231,368
INTERNAL_EVENT,57431,369
RECEIVED,A,0,57632,372
RECEIVED,A,0,57832,373
INTERNAL_EVENT,58033,374
INTERNAL_EVENT,58234,375
RECEIVED,C,0,58436,378
INTERNAL_EVENT,58637,379
INTERNAL_EVENT,58838,380
MULTI_SEND,59038,381
INTERNAL_EVENT,59239,382
RECEIVED,A,0,59440,384
RECEIVED,C,0,59641,386
INTERNAL_EVENT,59842,387
MULTI_SEND,60042,388
INTERNAL_EVENT,60243,389
SINGLE_SEND,60443,390
SINGLE_SEND,60644,391
INTERNAL_EVENT,60846,392
INTERNAL_EVENT,61047,393
INTERNAL_EVENT,61247,394
RECEIVED,A,0,61448,397
INTERNAL_EVENT,61648,398
RECEIVED,A,0,61849,400
INTERNAL_EVENT,62050,401
RECEIVED,C,0,62251,403
RECEIVED,A,0,62451,405
INTERNAL_EVENT,62652,406
MULTI_SEND,62852,407
INTERNAL_EVENT,63053,408
INTERNAL_EVENT,63254,409
INTERNAL_EVENT,63454,410
INTERNAL_EVENT,63655,411
SINGLE_SEND,63856,412
RECEIVED,A,0,64057,415
RECEIVED,A,0,64257,416
INTERNAL_EVENT,64457,417
SINGLE_SEND,64659,418
INTERNAL_EVENT,64860,419
RECEIVED,C,0,65061,421
SINGLE_SEND,65261,422
INTERNAL_EVENT,65462,423
INTERNAL_EVENT,65663,424
RECEIVED,C,0,65864,428
