INIT,C,5
INTERNAL_EVENT,155,1
INTERNAL_EVENT,355,2
INTERNAL_EVENT,560,3
INTERNAL_EVENT,761,4
MULTI_SEND,966,5
INTERNAL_EVENT,1168,6
INTERNAL_EVENT,1373,7
INTERNAL_EVENT,1574,8
INTERNAL_EVENT,1776,9
MULTI_SEND,1981,10
INTERNAL_EVENT,2183,11
INTERNAL_EVENT,2385,12
INTERNAL_EVENT,2590,13
SINGLE_SEND,2793,14
SINGLE_SEND,2998,15
INTERNAL_EVENT,3202,16
INTERNAL_EVENT,3403,17
INTERNAL_EVENT,3608,18
INTERNAL_EVENT,3809,19
INTERNAL_EVENT,4011,20
MULTI_SEND,4215,21
INTERNAL_EVENT,4414,22
INTERNAL_EVENT,4617,23
INTERNAL_EVENT,4818,24
MULTI_SEND,5023,25
INTERNAL_EVENT,5227,26
INTERNAL_EVENT,5429,27
INTERNAL_EVENT,5631,28
SINGLE_SEND,5831,29
INTERNAL_EVENT,6035,30
INTERNAL_EVENT,6240,31
INTERNAL_EVENT,6442,32
INTERNAL_EVENT,6643,33
INTERNAL_EVENT,6848,34
INTERNAL_EVENT,7053,35
INTERNAL_EVENT,7254,36
INTERNAL_EVENT,7456,37
INTERNAL_EVENT,7657,38
MULTI_SEND,7857,39
SINGLE_SEND,8060,40
INTERNAL_EVENT,8265,41
INTERNAL_EVENT,8465,42
INTERNAL_EVENT,8671,43
INTERNAL_EVENT,8874,44
INTERNAL_EVENT,9074,45
SINGLE_SEND,9279,46
SINGLE_SEND,9479,47
SINGLE_SEND,9681,48
INTERNAL_EVENT,9886,49
