INIT,C,6
INTERNAL_EVENT,67,1
INTERNAL_EVENT,236,2
INTERNAL_EVENT,408,3
MULTI_SEND,578,4
SINGLE_SEND,749,5
SINGLE_SEND,918,6
INTERNAL_EVENT,1090,7
RECEIVED,B,0,1260,8
INTERNAL_EVENT,1428,9
INTERNAL_EVENT,1597,10
SINGLE_SEND,1766,11
SINGLE_SEND,1935,12
SINGLE_SEND,2104,13
INTERNAL_EVENT,2275,14
SINGLE_SEND,2445,15
SINGLE_SEND,2616,16
INTERNAL_EVENT,2786,17
INTERNAL_EVENT,2957,18
RECEIVED,B,0,3128,19
RECEIVED,B,0,3298,20
RECEIVED,B,0,3469,21
INTERNAL_EVENT,3640,22
INTERNAL_EVENT,3811,23
RECEIVED,B,0,3980,24
RECEIVED,B,0,4150,25
INTERNAL_EVENT,4318,26
INTERNAL_EVENT,4489,27
MULTI_SEND,4661,28
INTERNAL_EVENT,4828,29
INTERNAL_EVENT,4995,30
INTERNAL_EVENT,5166,31
INTERNAL_EVENT,5333,32
MULTI_SEND,5504,33
INTERNAL_EVENT,5672,34
INTERNAL_EVENT,5844,35
INTERNAL_EVENT,6016,36
INTERNAL_EVENT,6184,37
MULTI_SEND,6352,38
INTERNAL_EVENT,6524,39
INTERNAL_EVENT,6695,40
INTERNAL_EVENT,6866,41
SINGLE_SEND,7038,42
MULTI_SEND,7207,43
INTERNAL_EVENT,7378,44
INTERNAL_EVENT,7546,45
INTERNAL_EVENT,7716,46
SINGLE_SEND,7884,47
RECEIVED,B,0,8053,48
INTERNAL_EVENT,8225,49
INTERNAL_EVENT,8396,50
INTERNAL_EVENT,8566,51
INTERNAL_EVENT,8738,52
INTERNAL_EVENT,8908,53
SINGLE_SEND,9079,54
INTERNAL_EVENT,9245,55
INTERNAL_EVENT,9417,56
RECEIVED,B,0,9587,57
INTERNAL_EVENT,9759,58
RECEIVED,B,0,9928,59
RECEIVED,B,0,10096,60
MULTI_SEND,10267,61
RECEIVED,B,0,10438,62
INTERNAL_EVENT,10610,63
INTERNAL_EVENT,10778,64
INTERNAL_EVENT,10946,65
INTERNAL_EVENT,11116,66
INTERNAL_EVENT,11283,67
INTERNAL_EVENT,11454,68
RECEIVED,B,0,11626,69
RECEIVED,B,0,11795,70
INTERNAL_EVENT,11966,71
RECEIVED,B,0,12134,72
RECEIVED,B,0,12302,73
MULTI_SEND,12470,74
SINGLE_SEND,12642,75
INTERNAL_EVENT,12812,76
INTERNAL_EVENT,12979,77
INTERNAL_EVENT,13148,78
RECEIVED,B,0,13316,79
INTERNAL_EVENT,13484,80
SINGLE_SEND,13655,81
INTERNAL_EVENT,13827,82
RECEIVED,B,0,13995,83
SINGLE_SEND,14166,84
INTERNAL_EVENT,14335,85
SINGLE_SEND,14506,86
RECEIVED,B,0,14672,87
INTERNAL_EVENT,14842,88
INTERNAL_EVENT,15012,89
INTERNAL_EVENT,15181,90
RECEIVED,B,0,15349,91
MULTI_SEND,15519,92
RECEIVED,B,0,15689,93
INTERNAL_EVENT,15857,94
INTERNAL_EVENT,16029,95
INTERNAL_EVENT,16197,96
INTERNAL_EVENT,16366,97
INTERNAL_EVENT,16536,98
INTERNAL_EVENT,16706,99
INTERNAL_EVENT,16878,100
INTERNAL_EVENT,17046,101
INTERNAL_EVENT,17216,102
INTERNAL_EVENT,17385,103
RECEIVED,B,0,17556,104
INTERNAL_EVENT,17728,105
INTERNAL_EVENT,17900,106
SINGLE_SEND,18070,107
MULTI_SEND,18242,108
SINGLE_SEND,18412,109
INTERNAL_EVENT,18579,110
INTERNAL_EVENT,18750,111
INTERNAL_EVENT,18922,112
INTERNAL_EVENT,19094,113
RECEIVED,B,0,19266,115
INTERNAL_EVENT,19433,116
INTERNAL_EVENT,19604,117
INTERNAL_EVENT,19776,118
INTERNAL_EVENT,19945,119
INTERNAL_EVENT,20116,120
RECEIVED,B,0,20284,121
MULTI_SEND,20457,122
INTERNAL_EVENT,20625,123
INTERNAL_EVENT,20793,124
INTERNAL_EVENT,20963,125
RECEIVED,B,0,21135,127
SINGLE_SEND,21306,128
MULTI_SEND,21478,129
INTERNAL_EVENT,21646,130
INTERNAL_EVENT,21816,131
INTERNAL_EVENT,21987,132
RECEIVED,B,0,22157,134
RECEIVED,B,0,22328,135
INTERNAL_EVENT,22496,136
INTERNAL_EVENT,22666,137
MULTI_SEND,22838,138
INTERNAL_EVENT,23006,139
INTERNAL_EVENT,23179,140
SINGLE_SEND,23346,141
MULTI_SEND,23517,142
SINGLE_SEND,23684,143
MULTI_SEND,23852,144
MULTI_SEND,24021,145
INTERNAL_EVENT,24192,146
RECEIVED,B,0,24362,148
SINGLE_SEND,24529,149
INTERNAL_EVENT,24699,150
RECEIVED,B,0,24867,152
INTERNAL_EVENT,25035,153
INTERNAL_EVENT,25206,154
INTERNAL_EVENT,25378,155
RECEIVED,B,0,25549,156
INTERNAL_EVENT,25720,157
INTERNAL_EVENT,25892,158
RECEIVED,B,0,26062,159
INTERNAL_EVENT,26233,160
SINGLE_SEND,26401,161
INTERNAL_EVENT,26568,162
INTERNAL_EVENT,26736,163
RECEIVED,B,0,26907,164
SINGLE_SEND,27079,165
MULTI_SEND,27247,166
SINGLE_SEND,27416,167
INTERNAL_EVENT,27584,168
INTERNAL_EVENT,27754,169
SINGLE_SEND,27923,170
INTERNAL_EVENT,28095,171
SINGLE_SEND,28267,172
INTERNAL_EVENT,28434,173
INTERNAL_EVENT,28603,174
MULTI_SEND,28770,175
INTERNAL_EVENT,28941,176
RECEIVED,B,0,29112,178
INTERNAL_EVENT,29281,179
SINGLE_SEND,29449,180
INTERNAL_EVENT,29616,181
INTERNAL_EVENT,29787,182
INTERNAL_EVENT,29955,183
SINGLE_SEND,30122,184
INTERNAL_EVENT,30292,185
MULTI_SEND,30462,186
SINGLE_SEND,30634,187
INTERNAL_EVENT,30804,188
SINGLE_SEND,30974,189
INTERNAL_EVENT,31142,190
INTERNAL_EVENT,31312,191
SINGLE_SEND,31482,192
INTERNAL_EVENT,31652,193
INTERNAL_EVENT,31822,194
RECEIVED,B,0,31992,196
INTERNAL_EVENT,32160,197
RECEIVED,B,0,32330,198
MULTI_SEND,32502,199
INTERNAL_EVENT,32671,200
RECEIVED,B,0,32842,202
MULTI_SEND,33012,203
INTERNAL_EVENT,33183,204
RECEIVED,B,0,33352,206
INTERNAL_EVENT,33520,207
INTERNAL_EVENT,33691,208
INTERNAL_EVENT,33860,209
MULTI_SEND,34029,210
MULTI_SEND,34197,211
MULTI_SEND,34367,212
MULTI_SEND,34533,213
INTERNAL_EVENT,34704,214
INTERNAL_EVENT,34874,215
INTERNAL_EVENT,35046,216
MULTI_SEND,35217,217
INTERNAL_EVENT,35384,218
INTERNAL_EVENT,35556,219
INTERNAL_EVENT,35728,220
RECEIVED,B,0,35896,222
INTERNAL_EVENT,36067,223
INTERNAL_EVENT,36233,224
INTERNAL_EVENT,36402,225
INTERNAL_EVENT,36570,226
INTERNAL_EVENT,36742,227
INTERNAL_EVENT,36912,228
MULTI_SEND,37080,229
SINGLE_SEND,37251,230
RECEIVED,B,0,37420,232
SINGLE_SEND,37592,233
INTERNAL_EVENT,37762,234
INTERNAL_EVENT,37931,235
INTERNAL_EVENT,38101,236
SINGLE_SEND,38269,237
RECEIVED,B,0,38438,239
INTERNAL_EVENT,38610,240
INTERNAL_EVENT,38779,241
MULTI_SEND,38949,242
INTERNAL_EVENT,39118,243
INTERNAL_EVENT,39290,244
SINGLE_SEND,39462,245
INTERNAL_EVENT,39629,246
INTERNAL_EVENT,39799,247
INTERNAL_EVENT,39971,248
INTERNAL_EVENT,40142,249
RECEIVED,B,0,40312,251
INTERNAL_EVENT,40484,252
INTERNAL_EVENT,40653,253
INTERNAL_EVENT,40821,254
INTERNAL_EVENT,40992,255
INTERNAL_EVENT,41162,256
INTERNAL_EVENT,41334,257
SINGLE_SEND,41505,258
INTERNAL_EVENT,41673,259
SINGLE_SEND,41845,260
INTERNAL_EVENT,42017,261
MULTI_SEND,42186,262
SINGLE_SEND,42356,263
SINGLE_SEND,42525,264
SINGLE_SEND,42696,265
INTERNAL_EVENT,42867,266
RECEIVED,B,0,43038,267
INTERNAL_EVENT,43209,268
INTERNAL_EVENT,43380,269
RECEIVED,B,0,43548,270
MULTI_SEND,43719,271
SINGLE_SEND,43891,272
MULTI_SEND,44063,273
INTERNAL_EVENT,44234,274
INTERNAL_EVENT,44401,275
INTERNAL_EVENT,44572,276
INTERNAL_EVENT,44742,277
INTERNAL_EVENT,44911,278
INTERNAL_EVENT,45082,279
INTERNAL_EVENT,45254,280
INTERNAL_EVENT,45424,281
INTERNAL_EVENT,45595,282
INTERNAL_EVENT,45767,283
MULTI_SEND,45934,284
INTERNAL_EVENT,46106,285
INTERNAL_EVENT,46274,286
SINGLE_SEND,46445,287
RECEIVED,B,0,46617,288
INTERNAL_EVENT,46788,289
SINGLE_SEND,46960,290
INTERNAL_EVENT,47129,291
SINGLE_SEND,47297,292
SINGLE_SEND,47468,293
INTERNAL_EVENT,47636,294
INTERNAL_EVENT,47803,295
INTERNAL_EVENT,47973,296
RECEIVED,B,0,48145,297
MULTI_SEND,48317,298
SINGLE_SEND,48485,299
INTERNAL_EVENT,48653,300
INTERNAL_EVENT,48823,301
INTERNAL_EVENT,48992,302
SINGLE_SEND,49162,303
INTERNAL_EVENT,49333,304
INTERNAL_EVENT,49505,305
MULTI_SEND,49673,306
INTERNAL_EVENT,49845,307
MULTI_SEND,50016,308
INTERNAL_EVENT,50186,309
MULTI_SEND,50355,310
INTERNAL_EVENT,50523,311
SINGLE_SEND,50693,312
INTERNAL_EVENT,50863,313
INTERNAL_EVENT,51031,314
SINGLE_SEND,51203,315
RECEIVED,B,0,51370,316
INTERNAL_EVENT,51542,317
SINGLE_SEND,51710,318
SINGLE_SEND,51879,319
INTERNAL_EVENT,52048,320
SINGLE_SEND,52219,321
RECEIVED,B,0,52390,322
RECEIVED,B,0,52562,323
MULTI_SEND,52729,324
INTERNAL_EVENT,52897,325
SINGLE_SEND,53067,326
MULTI_SEND,53234,327
SINGLE_SEND,53404,328
MULTI_SEND,53572,329
INTERNAL_EVENT,53743,330
INTERNAL_EVENT,53910,331
SINGLE_SEND,54079,332
INTERNAL_EVENT,54247,333
INTERNAL_EVENT,54418,334
INTERNAL_EVENT,54587,335
INTERNAL_EVENT,54755,336
SINGLE_SEND,54923,337
MULTI_SEND,55093,338
INTERNAL_EVENT,55263,339
SINGLE_SEND,55433,340
RECEIVED,B,0,55605,342
INTERNAL_EVENT,55776,343
INTERNAL_EVENT,55945,344
INTERNAL_EVENT,56117,345
INTERNAL_EVENT,56285,346
INTERNAL_EVENT,56454,347
INTERNAL_EVENT,56624,348
INTERNAL_EVENT,56796,349
RECEIVED,B,0,56967,350
INTERNAL_EVENT,57139,351
INTERNAL_EVENT,57306,352
INTERNAL_EVENT,57475,353
INTERNAL_EVENT,57646,354
SINGLE_SEND,57817,355
INTERNAL_EVENT,57989,356
MULTI_SEND,58159,357
INTERNAL_EVENT,58330,358
RECEIVED,B,0,58499,360
INTERNAL_EVENT,58667,361
INTERNAL_EVENT,58839,362
INTERNAL_EVENT,59008,363
INTERNAL_EVENT,59180,364
INTERNAL_EVENT,59347,365
INTERNAL_EVENT,59518,366
MULTI_SEND,59687,367
RECEIVED,B,0,59858,368
INTERNAL_EVENT,60030,369
MULTI_SEND,60198,370
INTERNAL_EVENT,60367,371
MULTI_SEND,60538,372
INTERNAL_EVENT,60707,373
INTERNAL_EVENT,60879,374
INTERNAL_EVENT,61048,375
MULTI_SEND,61220,376
INTERNAL_EVENT,61390,377
INTERNAL_EVENT,61557,378
RECEIVED,B,0,61726,379
INTERNAL_EVENT,61897,380
MULTI_SEND,62067,381
INTERNAL_EVENT,62235,382
SINGLE_SEND,62406,383
INTERNAL_EVENT,62578,384
INTERNAL_EVENT,62746,385
INTERNAL_EVENT,62917,386
INTERNAL_EVENT,63088,387
INTERNAL_EVENT,63259,388
INTERNAL_EVENT,63430,389
INTERNAL_EVENT,63597,390
SINGLE_SEND,63768,391
INTERNAL_EVENT,63935,392
INTERNAL_EVENT,64105,393
RECEIVED,B,0,64275,394
INTERNAL_EVENT,64446,395
INTERNAL_EVENT,64617,396
INTERNAL_EVENT,64784,397
RECEIVED,B,0,64955,398
INTERNAL_EVENT,65123,399
SINGLE_SEND,65295,400
RECEIVED,B,0,65461,401
INTERNAL_EVENT,65630,402
RECEIVED,B,0,65801,403
SINGLE_SEND,65969,404
