INIT,C,6
SINGLE_SEND,72,1
INTERNAL_EVENT,242,2
INTERNAL_EVENT,413,3
INTERNAL_EVENT,582,4
INTERNAL_EVENT,752,5
INTERNAL_EVENT,921,6
INTERNAL_EVENT,1091,7
INTERNAL_EVENT,1258,8
SINGLE_SEND,1427,9
INTERNAL_EVENT,1597,10
SINGLE_SEND,1769,11
INTERNAL_EVENT,1937,12
INTERNAL_EVENT,2106,13
INTERNAL_EVENT,2274,14
RECEIVED,B,0,2446,15
INTERNAL_EVENT,2613,16
INTERNAL_EVENT,2786,17
INTERNAL_EVENT,2954,18
INTERNAL_EVENT,3125,19
SINGLE_SEND,3295,20
INTERNAL_EVENT,3464,21
INTERNAL_EVENT,3636,22
INTERNAL_EVENT,3803,23
SINGLE_SEND,3974,24
INTERNAL_EVENT,4141,25
INTERNAL_EVENT,4310,26
RECEIVED,B,0,4480,27
INTERNAL_EVENT,4648,28
INTERNAL_EVENT,4815,29
INTERNAL_EVENT,4986,30
INTERNAL_EVENT,5156,31
INTERNAL_EVENT,5328,32
RECEIVED,B,0,5500,34
INTERNAL_EVENT,5672,35
INTERNAL_EVENT,5844,36
INTERNAL_EVENT,6013,37
INTERNAL_EVENT,6185,38
INTERNAL_EVENT,6352,39
INTERNAL_EVENT,6524,40
INTERNAL_EVENT,6692,41
INTERNAL_EVENT,6859,42
INTERNAL_EVENT,7028,43
INTERNAL_EVENT,7196,44
INTERNAL_EVENT,7363,45
SINGLE_SEND,7534,46
RECEIVED,B,0,7705,47
SINGLE_SEND,7877,48
MULTI_SEND,8049,49
INTERNAL_EVENT,8218,50
INTERNAL_EVENT,8387,51
INTERNAL_EVENT,8556,52
SINGLE_SEND,8726,53
MULTI_SEND,8897,54
INTERNAL_EVENT,9065,55
INTERNAL_EVENT,9237,56
SINGLE_SEND,9409,57
MULTI_SEND,9576,58
MULTI_SEND,9748,59
INTERNAL_EVENT,9916,60
INTERNAL_EVENT,10083,61
INTERNAL_EVENT,10252,62
INTERNAL_EVENT,10422,63
RECEIVED,B,0,10592,64
INTERNAL_EVENT,10759,65
INTERNAL_EVENT,10928,66
SINGLE_SEND,11098,67
INTERNAL_EVENT,11265,68
INTERNAL_EVENT,11433,69
INTERNAL_EVENT,11605,70
RECEIVED,B,0,11777,71
RECEIVED,B,0,11947,72
INTERNAL_EVENT,12115,73
MULTI_SEND,12282,74
MULTI_SEND,12450,75
SINGLE_SEND,12620,76
INTERNAL_EVENT,12791,77
INTERNAL_EVENT,12958,78
INTERNAL_EVENT,13127,79
INTERNAL_EVENT,13296,80
MULTI_SEND,13464,81
INTERNAL_EVENT,13637,82
RECEIVED,B,0,13804,84
MULTI_SEND,13973,85
INTERNAL_EVENT,14145,86
SINGLE_SEND,14314,87
SINGLE_SEND,14485,88
SINGLE_SEND,14657,89
INTERNAL_EVENT,14825,90
RECEIVED,B,0,14997,92
INTERNAL_EVENT,15166,93
INTERNAL_EVENT,15336,94
INTERNAL_EVENT,15505,95
MULTI_SEND,15673,96
INTERNAL_EVENT,15843,97
RECEIVED,B,0,16012,99
INTERNAL_EVENT,16180,100
INTERNAL_EVENT,16348,101
SINGLE_SEND,16515,102
SINGLE_SEND,16686,103
INTERNAL_EVENT,16855,104
SINGLE_SEND,17022,105
SINGLE_SEND,17194,106
INTERNAL_EVENT,17365,107
SINGLE_SEND,17534,108
INTERNAL_EVENT,17705,109
SINGLE_SEND,17876,110
MULTI_SEND,18048,111
SINGLE_SEND,18217,112
INTERNAL_EVENT,18386,113
INTERNAL_EVENT,18553,114
INTERNAL_EVENT,18722,115
SINGLE_SEND,18895,116
INTERNAL_EVENT,19061,117
INTERNAL_EVENT,19234,118
INTERNAL_EVENT,19404,119
INTERNAL_EVENT,19573,120
RECEIVED,B,0,19740,122
INTERNAL_EVENT,19912,123
INTERNAL_EVENT,20082,124
INTERNAL_EVENT,20250,125
MULTI_SEND,20421,126
INTERNAL_EVENT,20593,127
INTERNAL_EVENT,20763,128
INTERNAL_EVENT,20935,129
INTERNAL_EVENT,21104,130
MULTI_SEND,21275,131
INTERNAL_EVENT,21445,132
INTERNAL_EVENT,21612,133
RECEIVED,B,0,21781,135
RECEIVED,B,0,21953,136
INTERNAL_EVENT,22123,137
RECEIVED,B,0,22293,138
INTERNAL_EVENT,22465,139
RECEIVED,B,0,22636,140
MULTI_SEND,22803,141
SINGLE_SEND,22975,142
INTERNAL_EVENT,23145,143
SINGLE_SEND,23315,144
INTERNAL_EVENT,23487,145
SINGLE_SEND,23657,146
SINGLE_SEND,23829,147
SINGLE_SEND,24001,148
SINGLE_SEND,24171,149
INTERNAL_EVENT,24342,150
INTERNAL_EVENT,24514,151
SINGLE_SEND,24684,152
INTERNAL_EVENT,24853,153
RECEIVED,B,0,25025,155
INTERNAL_EVENT,25193,156
INTERNAL_EVENT,25364,157
MULTI_SEND,25535,158
MULTI_SEND,25706,159
MULTI_SEND,25877,160
INTERNAL_EVENT,26044,161
INTERNAL_EVENT,26214,162
INTERNAL_EVENT,26382,163
INTERNAL_EVENT,26554,164
RECEIVED,B,0,26722,166
RECEIVED,B,0,26890,167
RECEIVED,B,0,27061,168
INTERNAL_EVENT,27232,169
RECEIVED,B,0,27399,170
INTERNAL_EVENT,27571,171
MULTI_SEND,27743,172
INTERNAL_EVENT,27911,173
INTERNAL_EVENT,28079,174
INTERNAL_EVENT,28247,175
RECEIVED,B,0,28415,177
INTERNAL_EVENT,28586,178
RECEIVED,B,0,28757,179
INTERNAL_EVENT,28928,180
SINGLE_SEND,29095,181
INTERNAL_EVENT,29265,182
SINGLE_SEND,29435,183
INTERNAL_EVENT,29603,184
INTERNAL_EVENT,29772,185
SINGLE_SEND,29941,186
INTERNAL_EVENT,30110,187
INTERNAL_EVENT,30278,188
RECEIVED,B,0,30444,190
RECEIVED,B,0,30613,191
RECEIVED,B,0,30785,192
MULTI_SEND,30954,193
INTERNAL_EVENT,31125,194
INTERNAL_EVENT,31297,195
RECEIVED,B,0,31465,197
INTERNAL_EVENT,31632,198
INTERNAL_EVENT,31800,199
RECEIVED,B,0,31971,200
MULTI_SEND,32138,201
INTERNAL_EVENT,32310,202
RECEIVED,B,0,32478,204
INTERNAL_EVENT,32645,205
RECEIVED,B,0,32815,206
INTERNAL_EVENT,32982,207
RECEIVED,B,0,33149,208
MULTI_SEND,33320,209
INTERNAL_EVENT,33491,210
SINGLE_SEND,33662,211
RECEIVED,B,0,33833,213
INTERNAL_EVENT,34002,214
RECEIVED,B,0,34172,215
SINGLE_SEND,34344,216
INTERNAL_EVENT,34513,217
INTERNAL_EVENT,34684,218
SINGLE_SEND,34853,219
INTERNAL_EVENT,35025,220
INTERNAL_EVENT,35193,221
INTERNAL_EVENT,35362,222
MULTI_SEND,35532,223
INTERNAL_EVENT,35699,224
RECEIVED,B,0,35870,226
SINGLE_SEND,36041,227
SINGLE_SEND,36211,228
INTERNAL_EVENT,36383,229
SINGLE_SEND,36554,230
INTERNAL_EVENT,36723,231
INTERNAL_EVENT,36894,232
INTERNAL_EVENT,37061,233
INTERNAL_EVENT,37233,234
INTERNAL_EVENT,37401,235
MULTI_SEND,37568,236
INTERNAL_EVENT,37735,237
INTERNAL_EVENT,37907,238
MULTI_SEND,38078,239
SINGLE_SEND,38250,240
MULTI_SEND,38419,241
INTERNAL_EVENT,38591,242
INTERNAL_EVENT,38761,243
RECEIVED,B,0,38933,245
MULTI_SEND,39103,246
SINGLE_SEND,39274,247
INTERNAL_EVENT,39440,248
SINGLE_SEND,39609,249
INTERNAL_EVENT,39779,250
INTERNAL_EVENT,39950,251
INTERNAL_EVENT,40120,252
MULTI_SEND,40291,253
INTERNAL_EVENT,40462,254
SINGLE_SEND,40633,255
INTERNAL_EVENT,40803,256
RECEIVED,B,0,40970,258
INTERNAL_EVENT,41140,259
MULTI_SEND,41312,260
INTERNAL_EVENT,41482,261
SINGLE_SEND,41653,262
INTERNAL_EVENT,41823,263
RECEIVED,B,0,41991,265
SINGLE_SEND,42160,266
MULTI_SEND,42326,267
SINGLE_SEND,42499,268
SINGLE_SEND,42666,269
INTERNAL_EVENT,42834,270
INTERNAL_EVENT,43003,271
SINGLE_SEND,43172,272
INTERNAL_EVENT,43342,273
INTERNAL_EVENT,43513,274
INTERNAL_EVENT,43684,275
SINGLE_SEND,43853,276
INTERNAL_EVENT,44025,277
SINGLE_SEND,44195,278
SINGLE_SEND,44365,279
SINGLE_SEND,44533,280
INTERNAL_EVENT,44703,281
INTERNAL_EVENT,44870,282
RECEIVED,B,0,45041,284
INTERNAL_EVENT,45212,285
INTERNAL_EVENT,45381,286
INTERNAL_EVENT,45552,287
INTERNAL_EVENT,45722,288
SINGLE_SEND,45891,289
RECEIVED,B,0,46059,290
MULTI_SEND,46227,291
INTERNAL_EVENT,46397,292
SINGLE_SEND,46569,293
INTERNAL_EVENT,46739,294
INTERNAL_EVENT,46911,295
INTERNAL_EVENT,47078,296
MULTI_SEND,47251,297
SINGLE_SEND,47419,298
INTERNAL_EVENT,47587,299
INTERNAL_EVENT,47754,300
INTERNAL_EVENT,47924,301
INTERNAL_EVENT,48095,302
INTERNAL_EVENT,48266,303
INTERNAL_EVENT,48436,304
INTERNAL_EVENT,48606,305
INTERNAL_EVENT,48778,306
RECEIVED,B,0,48949,308
INTERNAL_EVENT,49119,309
SINGLE_SEND,49290,310
SINGLE_SEND,49460,311
INTERNAL_EVENT,49632,312
INTERNAL_EVENT,49802,313
RECEIVED,B,0,49970,315
RECEIVED,B,0,50139,316
RECEIVED,B,0,50309,317
INTERNAL_EVENT,50477,318
INTERNAL_EVENT,50648,319
RECEIVED,B,0,50818,320
INTERNAL_EVENT,50989,321
RECEIVED,B,0,51160,322
INTERNAL_EVENT,51332,323
INTERNAL_EVENT,51502,324
SINGLE_SEND,51674,325
SINGLE_SEND,51846,326
INTERNAL_EVENT,52017,327
INTERNAL_EVENT,52185,328
INTERNAL_EVENT,52356,329
MULTI_SEND,52528,330
MULTI_SEND,52697,331
INTERNAL_EVENT,52869,332
SINGLE_SEND,53040,333
SINGLE_SEND,53211,334
INTERNAL_EVENT,53378,335
INTERNAL_EVENT,53548,336
INTERNAL_EVENT,53719,337
SINGLE_SEND,53886,338
INTERNAL_EVENT,54055,339
SINGLE_SEND,54222,340
INTERNAL_EVENT,54393,341
INTERNAL_EVENT,54560,342
RECEIVED,B,0,54732,344
RECEIVED,B,0,54900,345
SINGLE_SEND,55069,346
INTERNAL_EVENT,55236,347
INTERNAL_EVENT,55405,348
SINGLE_SEND,55576,349
INTERNAL_EVENT,55745,350
RECEIVED,B,0,55915,352
RECEIVED,B,0,56086,353
MULTI_SEND,56257,354
INTERNAL_EVENT,56429,355
RECEIVED,B,0,56601,357
SINGLE_SEND,56769,358
INTERNAL_EVENT,56939,359
INTERNAL_EVENT,57108,360
SINGLE_SEND,57281,361
INTERNAL_EVENT,57449,362
MULTI_SEND,57620,363
INTERNAL_EVENT,57790,364
SINGLE_SEND,57960,365
INTERNAL_EVENT,58131,366
INTERNAL_EVENT,58301,367
SINGLE_SEND,58471,368
INTERNAL_EVENT,58643,369
INTERNAL_EVENT,58810,370
SINGLE_SEND,58979,371
INTERNAL_EVENT,59151,372
INTERNAL_EVENT,59320,373
MULTI_SEND,59490,374
MULTI_SEND,59661,375
MULTI_SEND,59830,376
INTERNAL_EVENT,60002,377
INTERNAL_EVENT,60170,378
RECEIVED,B,0,60341,380
INTERNAL_EVENT,60511,381
MULTI_SEND,60682,382
MULTI_SEND,60852,383
INTERNAL_EVENT,61022,384
INTERNAL_EVENT,61194,385
INTERNAL_EVENT,61364,386
RECEIVED,B,0,61536,388
INTERNAL_EVENT,61702,389
RECEIVED,B,0,61870,390
SINGLE_SEND,62040,391
MULTI_SEND,62210,392
INTERNAL_EVENT,62378,393
INTERNAL_EVENT,62548,394
INTERNAL_EVENT,62719,395
SINGLE_SEND,62887,396
INTERNAL_EVENT,63057,397
INTERNAL_EVENT,63225,398
INTERNAL_EVENT,63395,399
INTERNAL_EVENT,63565,400
INTERNAL_EVENT,63737,401
INTERNAL_EVENT,63908,402
INTERNAL_EVENT,64076,403
INTERNAL_EVENT,64244,404
MULTI_SEND,64415,405
INTERNAL_EVENT,64585,406
MULTI_SEND,64757,407
INTERNAL_EVENT,64926,408
INTERNAL_EVENT,65096,409
MULTI_SEND,65268,410
INTERNAL_EVENT,65437,411
MULTI_SEND,65604,412
INTERNAL_EVENT,65774,413
INTERNAL_EVENT,65945,414
