INIT,C,6
RECEIVED,A,0,72,2
INTERNAL_EVENT,241,3
INTERNAL_EVENT,412,4
INTERNAL_EVENT,583,5
RECEIVED,B,0,754,6
RECEIVED,B,0,923,7
MULTI_SEND,1092,8
RECEIVED,B,0,1262,9
INTERNAL_EVENT,1433,10
RECEIVED,B,0,1603,11
SINGLE_SEND,1773,12
RECEIVED,B,0,1942,13
SINGLE_SEND,2115,14
INTERNAL_EVENT,2285,15
INTERNAL_EVENT,2456,16
RECEIVED,B,0,2624,17
INTERNAL_EVENT,2793,18
RECEIVED,B,0,2964,19
INTERNAL_EVENT,3135,20
SINGLE_SEND,3307,21
INTERNAL_EVENT,3476,22
INTERNAL_EVENT,3644,23
RECEIVED,B,0,3814,24
INTERNAL_EVENT,3982,25
INTERNAL_EVENT,4152,26
RECEIVED,B,0,4323,27
RECEIVED,B,0,4493,28
RECEIVED,A,0,4662,29
INTERNAL_EVENT,4829,30
INTERNAL_EVENT,4996,31
RECEIVED,B,0,5166,32
MULTI_SEND,5337,33
INTERNAL_EVENT,5507,34
MULTI_SEND,5677,35
INTERNAL_EVENT,5847,36
INTERNAL_EVENT,6018,37
RECEIVED,B,0,6190,38
SINGLE_SEND,6358,39
SINGLE_SEND,6527,40
INTERNAL_EVENT,6696,41
INTERNAL_EVENT,6864,42
SINGLE_SEND,7035,43
INTERNAL_EVENT,7207,44
INTERNAL_EVENT,7374,45
INTERNAL_EVENT,7542,46
RECEIVED,B,0,7712,47
MULTI_SEND,7880,48
INTERNAL_EVENT,8050,49
INTERNAL_EVENT,8218,50
INTERNAL_EVENT,8390,51
SINGLE_SEND,8557,52
INTERNAL_EVENT,8726,53
INTERNAL_EVENT,8892,54
SINGLE_SEND,9062,55
INTERNAL_EVENT,9231,56
INTERNAL_EVENT,9402,57
INTERNAL_EVENT,9573,58
INTERNAL_EVENT,9741,59
MULTI_SEND,9911,60
RECEIVED,B,0,10080,61
SINGLE_SEND,10248,62
INTERNAL_EVENT,10416,63
INTERNAL_EVENT,10588,64
MULTI_SEND,10755,65
RECEIVED,B,0,10925,66
SINGLE_SEND,11093,67
INTERNAL_EVENT,11261,68
MULTI_SEND,11428,69
RECEIVED,B,0,11596,70
INTERNAL_EVENT,11766,71
RECEIVED,B,0,11937,72
INTERNAL_EVENT,12106,73
INTERNAL_EVENT,12277,74
INTERNAL_EVENT,12449,75
INTERNAL_EVENT,12617,76
RECEIVED,B,0,12786,77
INTERNAL_EVENT,12958,78
INTERNAL_EVENT,13127,79
INTERNAL_EVENT,13295,80
INTERNAL_EVENT,13465,81
RECEIVED,B,0,13634,82
MULTI_SEND,13803,83
SINGLE_SEND,13971,84
INTERNAL_EVENT,14138,85
INTERNAL_EVENT,14310,86
INTERNAL_EVENT,14481,87
INTERNAL_EVENT,14652,88
RECEIVED,B,0,14822,89
SINGLE_SEND,14990,90
INTERNAL_EVENT,15158,91
MULTI_SEND,15329,92
INTERNAL_EVENT,15500,93
INTERNAL_EVENT,15668,94
RECEIVED,B,0,15838,95
INTERNAL_EVENT,16006,96
INTERNAL_EVENT,16178,97
RECEIVED,B,0,16349,98
INTERNAL_EVENT,16519,99
MULTI_SEND,16691,100
INTERNAL_EVENT,16863,101
SINGLE_SEND,17034,102
INTERNAL_EVENT,17203,103
SINGLE_SEND,17373,104
INTERNAL_EVENT,17544,105
INTERNAL_EVENT,17714,106
INTERNAL_EVENT,17885,107
MULTI_SEND,18057,108
MULTI_SEND,18226,109
INTERNAL_EVENT,18397,110
INTERNAL_EVENT,18565,111
INTERNAL_EVENT,18737,112
INTERNAL_EVENT,18908,113
INTERNAL_EVENT,19076,114
INTERNAL_EVENT,19249,115
INTERNAL_EVENT,19420,116
SINGLE_SEND,19590,117
INTERNAL_EVENT,19762,118
SINGLE_SEND,19934,119
INTERNAL_EVENT,20106,120
SINGLE_SEND,20277,121
INTERNAL_EVENT,20448,122
INTERNAL_EVENT,20620,123
RECEIVED,B,0,20790,125
INTERNAL_EVENT,20960,126
MULTI_SEND,21130,127
MULTI_SEND,21300,128
MULTI_SEND,21471,129
INTERNAL_EVENT,21639,130
INTERNAL_EVENT,21810,131
RECEIVED,B,0,21977,132
INTERNAL_EVENT,22146,133
INTERNAL_EVENT,22318,134
INTERNAL_EVENT,22488,135
SINGLE_SEND,22658,136
INTERNAL_EVENT,22830,137
INTERNAL_EVENT,23002,138
SINGLE_SEND,23171,139
INTERNAL_EVENT,23343,140
SINGLE_SEND,23514,141
INTERNAL_EVENT,23683,142
SINGLE_SEND,23855,143
INTERNAL_EVENT,24027,144
SINGLE_SEND,24197,145
INTERNAL_EVENT,24367,146
MULTI_SEND,24537,147
SINGLE_SEND,24703,148
INTERNAL_EVENT,24871,149
RECEIVED,B,0,25043,151
RECEIVED,B,0,25215,152
INTERNAL_EVENT,25382,153
SINGLE_SEND,25550,154
INTERNAL_EVENT,25718,155
RECEIVED,B,0,25889,156
INTERNAL_EVENT,26058,157
SINGLE_SEND,26228,158
SINGLE_SEND,26398,159
SINGLE_SEND,26565,160
MULTI_SEND,26738,161
INTERNAL_EVENT,26907,162
SINGLE_SEND,27078,163
INTERNAL_EVENT,27250,164
INTERNAL_EVENT,27418,165
RECEIVED,B,0,27585,167
SINGLE_SEND,27757,168
MULTI_SEND,27926,169
INTERNAL_EVENT,28098,170
INTERNAL_EVENT,28270,171
RECEIVED,B,0,28441,173
INTERNAL_EVENT,28611,174
INTERNAL_EVENT,28778,175
RECEIVED,B,0,28950,176
INTERNAL_EVENT,29117,177
INTERNAL_EVENT,29287,178
INTERNAL_EVENT,29454,179
SINGLE_SEND,29626,180
INTERNAL_EVENT,29792,181
INTERNAL_EVENT,29961,182
SINGLE_SEND,30130,183
INTERNAL_EVENT,30301,184
SINGLE_SEND,30469,185
INTERNAL_EVENT,30641,186
INTERNAL_EVENT,30811,187
RECEIVED,B,0,30983,189
INTERNAL_EVENT,31152,190
INTERNAL_EVENT,31324,191
RECEIVED,B,0,31495,192
INTERNAL_EVENT,31664,193
INTERNAL_EVENT,31835,194
RECEIVED,B,0,32002,195
RECEIVED,B,0,32175,196
INTERNAL_EVENT,32346,197
INTERNAL_EVENT,32518,198
INTERNAL_EVENT,32690,199
RECEIVED,B,0,32862,200
INTERNAL_EVENT,33031,201
RECEIVED,B,0,33201,202
INTERNAL_EVENT,33371,203
INTERNAL_EVENT,33539,204
INTERNAL_EVENT,33711,205
INTERNAL_EVENT,33881,206
INTERNAL_EVENT,34050,207
SINGLE_SEND,34219,208
RECEIVED,A,0,34387,209
INTERNAL_EVENT,34558,210
SINGLE_SEND,34726,211
RECEIVED,A,0,34898,212
SINGLE_SEND,35065,213
SINGLE_SEND,35233,214
INTERNAL_EVENT,35401,215
RECEIVED,B,0,35569,217
INTERNAL_EVENT,35736,218
MULTI_SEND,35907,219
INTERNAL_EVENT,36076,220
INTERNAL_EVENT,36246,221
SINGLE_SEND,36418,222
INTERNAL_EVENT,36585,223
INTERNAL_EVENT,36757,224
INTERNAL_EVENT,36929,225
SINGLE_SEND,37101,226
INTERNAL_EVENT,37273,227
INTERNAL_EVENT,37442,228
SINGLE_SEND,37613,229
INTERNAL_EVENT,37781,230
INTERNAL_EVENT,37949,231
RECEIVED,B,0,38118,233
RECEIVED,B,0,38290,234
RECEIVED,B,0,38462,235
INTERNAL_EVENT,38631,236
INTERNAL_EVENT,38798,237
INTERNAL_EVENT,38969,238
SINGLE_SEND,39142,239
INTERNAL_EVENT,39313,240
INTERNAL_EVENT,39485,241
INTERNAL_EVENT,39657,242
INTERNAL_EVENT,39827,243
INTERNAL_EVENT,39994,244
INTERNAL_EVENT,40166,245
INTERNAL_EVENT,40334,246
RECEIVED,B,0,40503,247
INTERNAL_EVENT,40672,248
INTERNAL_EVENT,40844,249
INTERNAL_EVENT,41011,250
INTERNAL_EVENT,41183,251
INTERNAL_EVENT,41351,252
INTERNAL_EVENT,41521,253
RECEIVED,B,0,41693,254
SINGLE_SEND,41862,255
RECEIVED,B,0,42034,256
SINGLE_SEND,42201,257
MULTI_SEND,42372,258
SINGLE_SEND,42544,259
INTERNAL_EVENT,42713,260
INTERNAL_EVENT,42882,261
INTERNAL_EVENT,43053,262
INTERNAL_EVENT,43222,263
RECEIVED,B,0,43390,265
INTERNAL_EVENT,43559,266
INTERNAL_EVENT,43730,267
SINGLE_SEND,43902,268
INTERNAL_EVENT,44073,269
INTERNAL_EVENT,44242,270
MULTI_SEND,44410,271
INTERNAL_EVENT,44579,272
MULTI_SEND,44751,273
SINGLE_SEND,44922,274
INTERNAL_EVENT,45094,275
SINGLE_SEND,45265,276
INTERNAL_EVENT,45437,277
INTERNAL_EVENT,45605,278
MULTI_SEND,45777,279
INTERNAL_EVENT,45949,280
INTERNAL_EVENT,46119,281
SINGLE_SEND,46287,282
INTERNAL_EVENT,46455,283
INTERNAL_EVENT,46623,284
INTERNAL_EVENT,46792,285
RECEIVED,B,0,46962,287
INTERNAL_EVENT,47133,288
INTERNAL_EVENT,47305,289
INTERNAL_EVENT,47475,290
RECEIVED,B,0,47644,291
RECEIVED,B,0,47815,292
INTERNAL_EVENT,47982,293
SINGLE_SEND,48152,294
INTERNAL_EVENT,48322,295
SINGLE_SEND,48494,296
INTERNAL_EVENT,48664,297
INTERNAL_EVENT,48835,298
INTERNAL_EVENT,49006,299
INTERNAL_EVENT,49174,300
RECEIVED,B,0,49346,302
INTERNAL_EVENT,49513,303
INTERNAL_EVENT,49682,304
INTERNAL_EVENT,49855,305
INTERNAL_EVENT,50025,306
SINGLE_SEND,50197,307
RECEIVED,A,0,50364,308
INTERNAL_EVENT,50536,309
SINGLE_SEND,50706,310
RECEIVED,B,0,50879,312
INTERNAL_EVENT,51047,313
INTERNAL_EVENT,51214,314
INTERNAL_EVENT,51383,315
RECEIVED,B,0,51551,316
INTERNAL_EVENT,51722,317
INTERNAL_EVENT,51890,318
RECEIVED,B,0,52058,319
INTERNAL_EVENT,52226,320
INTERNAL_EVENT,52399,321
INTERNAL_EVENT,52567,322
RECEIVED,B,0,52734,323
INTERNAL_EVENT,52902,324
INTERNAL_EVENT,53072,325
RECEIVED,B,0,53242,326
SINGLE_SEND,53413,327
INTERNAL_EVENT,53580,328
INTERNAL_EVENT,53752,329
INTERNAL_EVENT,53919,330
MULTI_SEND,54087,331
INTERNAL_EVENT,54254,332
INTERNAL_EVENT,54421,333
INTERNAL_EVENT,54589,334
INTERNAL_EVENT,54757,335
MULTI_SEND,54926,336
INTERNAL_EVENT,55093,337
RECEIVED,B,0,55264,339
INTERNAL_EVENT,55433,340
RECEIVED,B,0,55600,341
INTERNAL_EVENT,55772,342
MULTI_SEND,55944,343
INTERNAL_EVENT,56114,344
INTERNAL_EVENT,56283,345
INTERNAL_EVENT,56454,346
RECEIVED,B,0,56626,348
RECEIVED,B,0,56795,349
SINGLE_SEND,56963,350
INTERNAL_EVENT,57135,351
INTERNAL_EVENT,57306,352
INTERNAL_EVENT,57475,353
INTERNAL_EVENT,57647,354
INTERNAL_EVENT,57819,355
INTERNAL_EVENT,57988,356
SINGLE_SEND,58160,357
SINGLE_SEND,58332,358
INTERNAL_EVENT,58503,359
INTERNAL_EVENT,58675,360
INTERNAL_EVENT,58847,361
INTERNAL_EVENT,59018,362
INTERNAL_EVENT,59187,363
RECEIVED,B,0,59359,365
INTERNAL_EVENT,59527,366
RECEIVED,B,0,59698,367
INTERNAL_EVENT,59869,368
RECEIVED,B,0,60039,369
SINGLE_SEND,60208,370
SINGLE_SEND,60380,371
MULTI_SEND,60547,372
INTERNAL_EVENT,60719,373
INTERNAL_EVENT,60889,374
MULTI_SEND,61058,375
INTERNAL_EVENT,61226,376
INTERNAL_EVENT,61395,377
INTERNAL_EVENT,61567,378
RECEIVED,B,0,61738,380
RECEIVED,B,0,61905,381
INTERNAL_EVENT,62073,382
INTERNAL_EVENT,62240,383
INTERNAL_EVENT,62411,384
INTERNAL_EVENT,62580,385
INTERNAL_EVENT,62751,386
INTERNAL_EVENT,62922,387
INTERNAL_EVENT,63089,388
SINGLE_SEND,63260,389
RECEIVED,B,0,63430,390
INTERNAL_EVENT,63601,391
SINGLE_SEND,63773,392
INTERNAL_EVENT,63941,393
SINGLE_SEND,64111,394
INTERNAL_EVENT,64283,395
RECEIVED,B,0,64455,397
INTERNAL_EVENT,64627,398
INTERNAL_EVENT,64794,399
RECEIVED,B,0,64961,400
INTERNAL_EVENT,65131,401
RECEIVED,B,0,65302,402
INTERNAL_EVENT,65474,403
INTERNAL_EVENT,65641,404
INTERNAL_EVENT,65809,405
INTERNAL_EVENT,65977,406
