INIT,C,6
SINGLE_SEND,74,1
SINGLE_SEND,245,2
INTERNAL_EVENT,417,3
INTERNAL_EVENT,584,4
RECEIVED,A,0,751,5
MULTI_SEND,920,6
SINGLE_SEND,1090,7
INTERNAL_EVENT,1257,8
INTERNAL_EVENT,1425,9
MULTI_SEND,1596,10
SINGLE_SEND,1767,11
INTERNAL_EVENT,1935,12
RECEIVED,A,0,2107,13
SINGLE_SEND,2275,14
RECEIVED,A,0,2446,15
MULTI_SEND,2617,16
SINGLE_SEND,2785,17
SINGLE_SEND,2952,18
INTERNAL_EVENT,3119,19
INTERNAL_EVENT,3289,20
RECEIVED,B,0,3457,21
INTERNAL_EVENT,3625,22
RECEIVED,B,0,3796,23
INTERNAL_EVENT,3968,24
INTERNAL_EVENT,4137,25
RECEIVED,B,0,4304,26
SINGLE_SEND,4472,27
INTERNAL_EVENT,4640,28
INTERNAL_EVENT,4807,29
SINGLE_SEND,4974,30
SINGLE_SEND,5142,31
INTERNAL_EVENT,5311,32
INTERNAL_EVENT,5483,33
SINGLE_SEND,5655,34
INTERNAL_EVENT,5822,35
INTERNAL_EVENT,5990,36
INTERNAL_EVENT,6162,37
INTERNAL_EVENT,6333,38
INTERNAL_EVENT,6502,39
RECEIVED,B,0,6671,41
RECEIVED,A,0,6841,42
INTERNAL_EVENT,7009,43
INTERNAL_EVENT,7177,44
SINGLE_SEND,7345,45
INTERNAL_EVENT,7517,46
SINGLE_SEND,7685,47
INTERNAL_EVENT,7855,48
MULTI_SEND,8023,49
INTERNAL_EVENT,8192,50
INTERNAL_EVENT,8360,51
INTERNAL_EVENT,8529,52
INTERNAL_EVENT,8699,53
SINGLE_SEND,8867,54
INTERNAL_EVENT,9039,55
SINGLE_SEND,9208,56
INTERNAL_EVENT,9378,57
INTERNAL_EVENT,9549,58
INTERNAL_EVENT,9716,59
INTERNAL_EVENT,9888,60
INTERNAL_EVENT,10056,61
INTERNAL_EVENT,10226,62
SINGLE_SEND,10394,63
SINGLE_SEND,10564,64
INTERNAL_EVENT,10732,65
INTERNAL_EVENT,10901,66
INTERNAL_EVENT,11072,67
SINGLE_SEND,11242,68
INTERNAL_EVENT,11410,69
INTERNAL_EVENT,11581,70
MULTI_SEND,11750,71
SINGLE_SEND,11916,72
RECEIVED,B,0,12083,74
RECEIVED,B,0,12253,75
INTERNAL_EVENT,12421,76
INTERNAL_EVENT,12593,77
INTERNAL_EVENT,12765,78
INTERNAL_EVENT,12935,79
INTERNAL_EVENT,13104,80
INTERNAL_EVENT,13272,81
RECEIVED,B,0,13439,82
INTERNAL_EVENT,13611,83
INTERNAL_EVENT,13783,84
RECEIVED,A,0,13951,85
INTERNAL_EVENT,14118,86
INTERNAL_EVENT,14289,87
INTERNAL_EVENT,14457,88
INTERNAL_EVENT,14624,89
RECEIVED,B,0,14791,90
INTERNAL_EVENT,14961,91
RECEIVED,B,0,15132,92
INTERNAL_EVENT,15302,93
INTERNAL_EVENT,15472,94
INTERNAL_EVENT,15644,95
INTERNAL_EVENT,15812,96
RECEIVED,A,0,15983,97
SINGLE_SEND,16151,98
RECEIVED,B,0,16318,99
RECEIVED,B,0,16487,100
INTERNAL_EVENT,16657,101
RECEIVED,B,0,16826,102
INTERNAL_EVENT,16998,103
INTERNAL_EVENT,17167,104
INTERNAL_EVENT,17339,105
RECEIVED,B,0,17511,106
SINGLE_SEND,17680,107
INTERNAL_EVENT,17847,108
RECEIVED,B,0,18017,110
SINGLE_SEND,18188,111
SINGLE_SEND,18358,112
MULTI_SEND,18527,113
INTERNAL_EVENT,18698,114
INTERNAL_EVENT,18866,115
INTERNAL_EVENT,19037,116
MULTI_SEND,19208,117
INTERNAL_EVENT,19377,118
SINGLE_SEND,19549,119
MULTI_SEND,19720,120
SINGLE_SEND,19889,121
INTERNAL_EVENT,20060,122
RECEIVED,B,0,20231,124
INTERNAL_EVENT,20403,125
INTERNAL_EVENT,20575,126
INTERNAL_EVENT,20746,127
INTERNAL_EVENT,20916,128
INTERNAL_EVENT,21084,129
INTERNAL_EVENT,21255,130
INTERNAL_EVENT,21427,131
SINGLE_SEND,21598,132
RECEIVED,B,0,21766,133
INTERNAL_EVENT,21937,134
SINGLE_SEND,22110,135
INTERNAL_EVENT,22280,136
INTERNAL_EVENT,22451,137
INTERNAL_EVENT,22621,138
INTERNAL_EVENT,22790,139
RECEIVED,B,0,22959,140
INTERNAL_EVENT,23131,141
INTERNAL_EVENT,23299,142
INTERNAL_EVENT,23467,143
RECEIVED,B,0,23638,144
RECEIVED,B,0,23807,145
SINGLE_SEND,23975,146
INTERNAL_EVENT,24146,147
RECEIVED,B,0,24316,148
INTERNAL_EVENT,24486,149
INTERNAL_EVENT,24658,150
RECEIVED,B,0,24829,151
INTERNAL_EVENT,24999,152
SINGLE_SEND,25167,153
INTERNAL_EVENT,25334,154
INTERNAL_EVENT,25506,155
SINGLE_SEND,25673,156
INTERNAL_EVENT,25843,157
SINGLE_SEND,26014,158
INTERNAL_EVENT,26182,159
INTERNAL_EVENT,26353,160
INTERNAL_EVENT,26524,161
INTERNAL_EVENT,26694,162
INTERNAL_EVENT,26864,163
SINGLE_SEND,27032,164
SINGLE_SEND,27201,165
SINGLE_SEND,27369,166
INTERNAL_EVENT,27539,167
INTERNAL_EVENT,27708,168
RECEIVED,B,0,27877,170
INTERNAL_EVENT,28049,171
INTERNAL_EVENT,28216,172
INTERNAL_EVENT,28385,173
INTERNAL_EVENT,28554,174
RECEIVED,A,0,28726,175
INTERNAL_EVENT,28898,176
SINGLE_SEND,29065,177
INTERNAL_EVENT,29234,178
INTERNAL_EVENT,29406,179
SINGLE_SEND,29577,180
RECEIVED,A,0,29749,181
INTERNAL_EVENT,29921,182
INTERNAL_EVENT,30092,183
SINGLE_SEND,30263,184
INTERNAL_EVENT,30431,185
SINGLE_SEND,30600,186
INTERNAL_EVENT,30767,187
INTERNAL_EVENT,30934,188
INTERNAL_EVENT,31105,189
SINGLE_SEND,31273,190
MULTI_SEND,31442,191
INTERNAL_EVENT,31614,192
INTERNAL_EVENT,31786,193
SINGLE_SEND,31957,194
SINGLE_SEND,32128,195
INTERNAL_EVENT,32299,196
RECEIVED,B,0,32466,198
MULTI_SEND,32637,199
INTERNAL_EVENT,32803,200
INTERNAL_EVENT,32971,201
RECEIVED,B,0,33138,203
INTERNAL_EVENT,33311,204
RECEIVED,B,0,33481,205
RECEIVED,B,0,33651,206
INTERNAL_EVENT,33822,207
INTERNAL_EVENT,33994,208
SINGLE_SEND,34164,209
RECEIVED,B,0,34332,210
INTERNAL_EVENT,34503,211
INTERNAL_EVENT,34675,212
SINGLE_SEND,34846,213
INTERNAL_EVENT,35014,214
RECEIVED,B,0,35184,215
INTERNAL_EVENT,35356,216
RECEIVED,B,0,35525,217
INTERNAL_EVENT,35697,218
INTERNAL_EVENT,35869,219
INTERNAL_EVENT,36040,220
SINGLE_SEND,36210,221
INTERNAL_EVENT,36381,222
INTERNAL_EVENT,36550,223
SINGLE_SEND,36720,224
RECEIVED,B,0,36889,225
INTERNAL_EVENT,37061,226
INTERNAL_EVENT,37231,227
INTERNAL_EVENT,37399,228
RECEIVED,B,1,37570,229
RECEIVED,A,0,37739,230
MULTI_SEND,37910,231
INTERNAL_EVENT,38081,232
INTERNAL_EVENT,38250,233
INTERNAL_EVENT,38421,234
MULTI_SEND,38592,235
SINGLE_SEND,38762,236
INTERNAL_EVENT,38931,237
INTERNAL_EVENT,39098,238
INTERNAL_EVENT,39266,239
RECEIVED,B,0,39436,241
INTERNAL_EVENT,39607,242
SINGLE_SEND,39776,243
INTERNAL_EVENT,39948,244
INTERNAL_EVENT,40116,245
INTERNAL_EVENT,40285,246
SINGLE_SEND,40457,247
INTERNAL_EVENT,40625,248
INTERNAL_EVENT,40797,249
SINGLE_SEND,40967,250
SINGLE_SEND,41138,251
INTERNAL_EVENT,41309,252
INTERNAL_EVENT,41481,253
SINGLE_SEND,41649,254
SINGLE_SEND,41818,255
INTERNAL_EVENT,41986,256
INTERNAL_EVENT,42156,257
INTERNAL_EVENT,42326,258
INTERNAL_EVENT,42497,259
SINGLE_SEND,42666,260
RECEIVED,B,0,42833,262
RECEIVED,A,0,43004,263
INTERNAL_EVENT,43175,264
RECEIVED,B,0,43345,265
INTERNAL_EVENT,43515,266
INTERNAL_EVENT,43683,267
RECEIVED,B,0,43852,268
RECEIVED,B,0,44023,269
RECEIVED,B,0,44194,270
RECEIVED,B,0,44364,271
INTERNAL_EVENT,44534,272
INTERNAL_EVENT,44705,273
RECEIVED,A,0,44877,274
INTERNAL_EVENT,45046,275
RECEIVED,A,0,45214,276
INTERNAL_EVENT,45385,277
SINGLE_SEND,45555,278
RECEIVED,B,0,45724,279
INTERNAL_EVENT,45896,280
SINGLE_SEND,46066,281
SINGLE_SEND,46233,282
SINGLE_SEND,46405,283
INTERNAL_EVENT,46577,284
INTERNAL_EVENT,46747,285
SINGLE_SEND,46918,286
INTERNAL_EVENT,47088,287
SINGLE_SEND,47258,288
INTERNAL_EVENT,47429,289
INTERNAL_EVENT,47599,290
SINGLE_SEND,47766,291
INTERNAL_EVENT,47936,292
SINGLE_SEND,48107,293
INTERNAL_EVENT,48278,294
MULTI_SEND,48448,295
INTERNAL_EVENT,48615,296
INTERNAL_EVENT,48786,297
INTERNAL_EVENT,48956,298
INTERNAL_EVENT,49128,299
INTERNAL_EVENT,49298,300
RECEIVED,B,0,49465,301
RECEIVED,B,0,49632,302
MULTI_SEND,49805,303
INTERNAL_EVENT,49976,304
SINGLE_SEND,50148,305
INTERNAL_EVENT,50315,306
INTERNAL_EVENT,50484,307
INTERNAL_EVENT,50656,308
INTERNAL_EVENT,50828,309
INTERNAL_EVENT,50998,310
RECEIVED,B,0,51165,311
INTERNAL_EVENT,51336,312
INTERNAL_EVENT,51507,313
INTERNAL_EVENT,51678,314
SINGLE_SEND,51848,315
RECEIVED,A,0,52015,316
RECEIVED,B,0,52183,318
INTERNAL_EVENT,52352,319
INTERNAL_EVENT,52522,320
INTERNAL_EVENT,52690,321
INTERNAL_EVENT,52857,322
INTERNAL_EVENT,53025,323
INTERNAL_EVENT,53196,324
INTERNAL_EVENT,53364,325
INTERNAL_EVENT,53532,326
RECEIVED,B,0,53703,327
SINGLE_SEND,53874,328
INTERNAL_EVENT,54045,329
INTERNAL_EVENT,54214,330
SINGLE_SEND,54386,331
INTERNAL_EVENT,54556,332
INTERNAL_EVENT,54725,333
INTERNAL_EVENT,54897,334
INTERNAL_EVENT,55065,335
INTERNAL_EVENT,55237,336
INTERNAL_EVENT,55406,337
INTERNAL_EVENT,55576,338
INTERNAL_EVENT,55744,339
SINGLE_SEND,55914,340
MULTI_SEND,56082,341
SINGLE_SEND,56253,342
INTERNAL_EVENT,56421,343
SINGLE_SEND,56591,344
INTERNAL_EVENT,56763,345
RECEIVED,B,0,56933,346
RECEIVED,B,0,57102,347
INTERNAL_EVENT,57274,348
INTERNAL_EVENT,57444,349
RECEIVED,B,0,57614,350
INTERNAL_EVENT,57782,351
MULTI_SEND,57952,352
SINGLE_SEND,58124,353
INTERNAL_EVENT,58296,354
SINGLE_SEND,58467,355
INTERNAL_EVENT,58633,356
INTERNAL_EVENT,58800,357
INTERNAL_EVENT,58972,358
RECEIVED,B,0,59141,359
INTERNAL_EVENT,59313,360
INTERNAL_EVENT,59484,361
INTERNAL_EVENT,59651,362
MULTI_SEND,59823,363
MULTI_SEND,59995,364
INTERNAL_EVENT,60164,365
MULTI_SEND,60333,366
INTERNAL_EVENT,60502,367
INTERNAL_EVENT,60671,368
INTERNAL_EVENT,60838,369
INTERNAL_EVENT,61009,370
INTERNAL_EVENT,61181,371
INTERNAL_EVENT,61348,372
INTERNAL_EVENT,61517,373
INTERNAL_EVENT,61689,374
SINGLE_SEND,61858,375
RECEIVED,B,0,62029,376
INTERNAL_EVENT,62201,377
INTERNAL_EVENT,62373,378
RECEIVED,B,0,62541,379
INTERNAL_EVENT,62710,380
INTERNAL_EVENT,62881,381
INTERNAL_EVENT,63049,382
SINGLE_SEND,63221,383
RECEIVED,B,0,63390,384
SINGLE_SEND,63560,385
SINGLE_SEND,63731,386
INTERNAL_EVENT,63900,387
SINGLE_SEND,64072,388
SINGLE_SEND,64239,389
INTERNAL_EVENT,64408,390
SINGLE_SEND,64576,391
INTERNAL_EVENT,64744,392
INTERNAL_EVENT,64914,393
INTERNAL_EVENT,65083,394
INTERNAL_EVENT,65254,395
RECEIVED,B,0,65424,396
MULTI_SEND,65596,397
RECEIVED,B,0,65765,398
INTERNAL_EVENT,65936,399
