INIT,C,6
INTERNAL_EVENT,71,1
RECEIVED,B,0,242,2
SINGLE_SEND,412,3
INTERNAL_EVENT,583,4
INTERNAL_EVENT,755,5
INTERNAL_EVENT,927,6
RECEIVED,A,0,1095,7
MULTI_SEND,1265,8
INTERNAL_EVENT,1435,9
INTERNAL_EVENT,1606,10
INTERNAL_EVENT,1773,11
INTERNAL_EVENT,1942,12
INTERNAL_EVENT,2112,13
RECEIVED,B,0,2281,15
SINGLE_SEND,2453,16
SINGLE_SEND,2621,17
INTERNAL_EVENT,2792,18
INTERNAL_EVENT,2962,19
INTERNAL_EVENT,3130,20
RECEIVED,B,0,3297,21
SINGLE_SEND,3464,22
INTERNAL_EVENT,3631,23
INTERNAL_EVENT,3802,24
SINGLE_SEND,3969,25
SINGLE_SEND,4139,26
INTERNAL_EVENT,4310,27
RECEIVED,A,0,4478,28
SINGLE_SEND,4646,29
SINGLE_SEND,4813,30
INTERNAL_EVENT,4984,31
INTERNAL_EVENT,5152,32
INTERNAL_EVENT,5322,33
RECEIVED,B,0,5491,35
INTERNAL_EVENT,5662,36
INTERNAL_EVENT,5830,37
INTERNAL_EVENT,5997,38
SINGLE_SEND,6164,39
INTERNAL_EVENT,6335,40
INTERNAL_EVENT,6503,41
INTERNAL_EVENT,6672,42
MULTI_SEND,6844,43
INTERNAL_EVENT,7015,44
INTERNAL_EVENT,7184,45
INTERNAL_EVENT,7352,46
INTERNAL_EVENT,7520,47
INTERNAL_EVENT,7692,48
INTERNAL_EVENT,7859,49
INTERNAL_EVENT,8029,50
SINGLE_SEND,8196,51
RECEIVED,B,0,8364,53
SINGLE_SEND,8531,54
INTERNAL_EVENT,8700,55
RECEIVED,B,0,8870,57
RECEIVED,B,0,9041,58
RECEIVED,B,0,9212,59
INTERNAL_EVENT,9381,60
INTERNAL_EVENT,9553,61
INTERNAL_EVENT,9725,62
INTERNAL_EVENT,9895,63
INTERNAL_EVENT,10065,64
SINGLE_SEND,10234,65
MULTI_SEND,10403,66
SINGLE_SEND,10572,67
INTERNAL_EVENT,10741,68
INTERNAL_EVENT,10912,69
RECEIVED,A,0,11079,70
MULTI_SEND,11251,71
SINGLE_SEND,11422,72
INTERNAL_EVENT,11591,73
INTERNAL_EVENT,11761,74
INTERNAL_EVENT,11928,75
INTERNAL_EVENT,12099,76
INTERNAL_EVENT,12268,77
INTERNAL_EVENT,12438,78
RECEIVED,B,0,12606,80
RECEIVED,A,0,12775,81
SINGLE_SEND,12944,82
INTERNAL_EVENT,13114,83
INTERNAL_EVENT,13281,84
RECEIVED,B,0,13449,85
INTERNAL_EVENT,13618,86
SINGLE_SEND,13789,87
INTERNAL_EVENT,13958,88
INTERNAL_EVENT,14130,89
INTERNAL_EVENT,14302,90
RECEIVED,B,0,14470,92
SINGLE_SEND,14639,93
INTERNAL_EVENT,14810,94
INTERNAL_EVENT,14978,95
SINGLE_SEND,15146,96
INTERNAL_EVENT,15317,97
INTERNAL_EVENT,15483,98
INTERNAL_EVENT,15653,99
MULTI_SEND,15822,100
INTERNAL_EVENT,15989,101
INTERNAL_EVENT,16161,102
SINGLE_SEND,16332,103
INTERNAL_EVENT,16500,104
SINGLE_SEND,16670,105
INTERNAL_EVENT,16837,106
INTERNAL_EVENT,17005,107
INTERNAL_EVENT,17177,108
RECEIVED,A,0,17345,110
RECEIVED,A,0,17517,111
INTERNAL_EVENT,17687,112
SINGLE_SEND,17855,113
INTERNAL_EVENT,18027,114
INTERNAL_EVENT,18196,115
RECEIVED,B,0,18363,117
RECEIVED,B,0,18531,118
INTERNAL_EVENT,18703,119
INTERNAL_EVENT,18871,120
SINGLE_SEND,19041,121
INTERNAL_EVENT,19211,122
INTERNAL_EVENT,19383,123
RECEIVED,B,0,19552,124
INTERNAL_EVENT,19720,125
INTERNAL_EVENT,19891,126
INTERNAL_EVENT,20063,127
INTERNAL_EVENT,20230,128
MULTI_SEND,20399,129
INTERNAL_EVENT,20566,130
MULTI_SEND,20735,131
MULTI_SEND,20903,132
INTERNAL_EVENT,21072,133
MULTI_SEND,21241,134
SINGLE_SEND,21411,135
INTERNAL_EVENT,21579,136
INTERNAL_EVENT,21746,137
RECEIVED,A,0,21917,138
RECEIVED,A,0,22084,139
SINGLE_SEND,22253,140
INTERNAL_EVENT,22422,141
INTERNAL_EVENT,22592,142
INTERNAL_EVENT,22763,143
INTERNAL_EVENT,22935,144
INTERNAL_EVENT,23104,145
RECEIVED,B,0,23272,147
INTERNAL_EVENT,23440,148
INTERNAL_EVENT,23610,149
INTERNAL_EVENT,23779,150
INTERNAL_EVENT,23949,151
RECEIVED,B,0,24117,152
MULTI_SEND,24285,153
SINGLE_SEND,24454,154
INTERNAL_EVENT,24624,155
INTERNAL_EVENT,24796,156
INTERNAL_EVENT,24963,157
INTERNAL_EVENT,25135,158
INTERNAL_EVENT,25302,159
INTERNAL_EVENT,25469,160
INTERNAL_EVENT,25637,161
RECEIVED,B,0,25808,163
INTERNAL_EVENT,25976,164
INTERNAL_EVENT,26147,165
INTERNAL_EVENT,26318,166
INTERNAL_EVENT,26486,167
INTERNAL_EVENT,26656,168
INTERNAL_EVENT,26823,169
INTERNAL_EVENT,26995,170
INTERNAL_EVENT,27162,171
INTERNAL_EVENT,27334,172
INTERNAL_EVENT,27502,173
SINGLE_SEND,27673,174
INTERNAL_EVENT,27840,175
INTERNAL_EVENT,28012,176
MULTI_SEND,28182,177
INTERNAL_EVENT,28352,178
RECEIVED,B,0,28523,180
INTERNAL_EVENT,28694,181
MULTI_SEND,28866,182
INTERNAL_EVENT,29034,183
RECEIVED,B,1,29206,185
RECEIVED,A,0,29374,186
INTERNAL_EVENT,29544,187
RECEIVED,B,0,29712,188
MULTI_SEND,29882,189
INTERNAL_EVENT,30052,190
RECEIVED,B,0,30223,192
SINGLE_SEND,30391,193
RECEIVED,B,0,30562,194
SINGLE_SEND,30730,195
INTERNAL_EVENT,30896,196
INTERNAL_EVENT,31068,197
RECEIVED,B,0,31240,199
INTERNAL_EVENT,31410,200
INTERNAL_EVENT,31579,201
RECEIVED,B,0,31748,202
RECEIVED,B,0,31918,203
SINGLE_SEND,32090,204
SINGLE_SEND,32261,205
INTERNAL_EVENT,32429,206
RECEIVED,B,0,32598,208
INTERNAL_EVENT,32768,209
SINGLE_SEND,32940,210
MULTI_SEND,33110,211
INTERNAL_EVENT,33282,212
INTERNAL_EVENT,33449,213
SINGLE_SEND,33618,214
RECEIVED,B,0,33786,216
SINGLE_SEND,33956,217
INTERNAL_EVENT,34128,218
SINGLE_SEND,34296,219
SINGLE_SEND,34464,220
INTERNAL_EVENT,34635,221
INTERNAL_EVENT,34806,222
RECEIVED,B,0,34977,224
RECEIVED,B,0,35147,225
INTERNAL_EVENT,35317,226
MULTI_SEND,35484,227
INTERNAL_EVENT,35651,228
INTERNAL_EVENT,35823,229
INTERNAL_EVENT,35990,230
INTERNAL_EVENT,36158,231
RECEIVED,B,0,36329,233
INTERNAL_EVENT,36500,234
INTERNAL_EVENT,36668,235
RECEIVED,A,0,36840,236
INTERNAL_EVENT,37008,237
INTERNAL_EVENT,37179,238
SINGLE_SEND,37350,239
SINGLE_SEND,37519,240
SINGLE_SEND,37691,241
INTERNAL_EVENT,37859,242
RECEIVED,A,0,38028,244
INTERNAL_EVENT,38198,245
INTERNAL_EVENT,38368,246
INTERNAL_EVENT,38536,247
RECEIVED,B,0,38706,248
INTERNAL_EVENT,38878,249
MULTI_SEND,39046,250
INTERNAL_EVENT,39213,251
INTERNAL_EVENT,39385,252
RECEIVED,B,0,39555,254
SINGLE_SEND,39723,255
INTERNAL_EVENT,39890,256
INTERNAL_EVENT,40061,257
SINGLE_SEND,40230,258
INTERNAL_EVENT,40400,259
INTERNAL_EVENT,40569,260
INTERNAL_EVENT,40736,261
RECEIVED,B,0,40906,263
INTERNAL_EVENT,41075,264
INTERNAL_EVENT,41246,265
INTERNAL_EVENT,41413,266
INTERNAL_EVENT,41585,267
SINGLE_SEND,41757,268
MULTI_SEND,41927,269
INTERNAL_EVENT,42098,270
RECEIVED,B,0,42267,272
INTERNAL_EVENT,42434,273
INTERNAL_EVENT,42603,274
SINGLE_SEND,42774,275
INTERNAL_EVENT,42945,276
INTERNAL_EVENT,43112,277
INTERNAL_EVENT,43281,278
INTERNAL_EVENT,43451,279
INTERNAL_EVENT,43623,280
MULTI_SEND,43792,281
INTERNAL_EVENT,43958,282
SINGLE_SEND,44127,283
INTERNAL_EVENT,44297,284
INTERNAL_EVENT,44467,285
RECEIVED,B,0,44635,287
INTERNAL_EVENT,44802,288
INTERNAL_EVENT,44973,289
INTERNAL_EVENT,45140,290
SINGLE_SEND,45307,291
INTERNAL_EVENT,45478,292
INTERNAL_EVENT,45648,293
MULTI_SEND,45818,294
INTERNAL_EVENT,45990,295
INTERNAL_EVENT,46159,296
RECEIVED,B,0,46331,298
INTERNAL_EVENT,46500,299
INTERNAL_EVENT,46668,300
INTERNAL_EVENT,46835,301
INTERNAL_EVENT,47006,302
SINGLE_SEND,47178,303
RECEIVED,B,0,47350,304
SINGLE_SEND,47519,305
INTERNAL_EVENT,47690,306
INTERNAL_EVENT,47857,307
INTERNAL_EVENT,48024,308
RECEIVED,B,0,48192,310
INTERNAL_EVENT,48363,311
INTERNAL_EVENT,48534,312
RECEIVED,B,0,48701,313
INTERNAL_EVENT,48873,314
INTERNAL_EVENT,49040,315
INTERNAL_EVENT,49212,316
INTERNAL_EVENT,49382,317
INTERNAL_EVENT,49551,318
RECEIVED,B,0,49721,319
RECEIVED,B,0,49888,320
INTERNAL_EVENT,50056,321
RECEIVED,B,0,50224,322
RECEIVED,B,0,50395,323
INTERNAL_EVENT,50565,324
INTERNAL_EVENT,50732,325
INTERNAL_EVENT,50900,326
INTERNAL_EVENT,51071,327
RECEIVED,A,0,51240,328
SINGLE_SEND,51410,329
INTERNAL_EVENT,51581,330
RECEIVED,B,0,51751,332
RECEIVED,A,0,51920,333
SINGLE_SEND,52090,334
INTERNAL_EVENT,52259,335
SINGLE_SEND,52430,336
INTERNAL_EVENT,52601,337
INTERNAL_EVENT,52773,338
INTERNAL_EVENT,52942,339
INTERNAL_EVENT,53109,340
INTERNAL_EVENT,53278,341
INTERNAL_EVENT,53446,342
SINGLE_SEND,53617,343
RECEIVED,A,0,53786,344
INTERNAL_EVENT,53956,345
SINGLE_SEND,54124,346
INTERNAL_EVENT,54292,347
SINGLE_SEND,54462,348
INTERNAL_EVENT,54632,349
INTERNAL_EVENT,54802,350
MULTI_SEND,54973,351
SINGLE_SEND,55142,352
INTERNAL_EVENT,55312,353
INTERNAL_EVENT,55484,354
MULTI_SEND,55655,355
INTERNAL_EVENT,55824,356
INTERNAL_EVENT,55994,357
INTERNAL_EVENT,56165,358
INTERNAL_EVENT,56335,359
INTERNAL_EVENT,56506,360
RECEIVED,B,0,56677,362
INTERNAL_EVENT,56848,363
INTERNAL_EVENT,57017,364
RECEIVED,B,0,57184,365
INTERNAL_EVENT,57353,366
MULTI_SEND,57523,367
INTERNAL_EVENT,57691,368
SINGLE_SEND,57859,369
INTERNAL_EVENT,58026,370
INTERNAL_EVENT,58196,371
RECEIVED,B,0,58364,373
INTERNAL_EVENT,58534,374
RECEIVED,A,0,58706,375
INTERNAL_EVENT,58876,376
INTERNAL_EVENT,59047,377
INTERNAL_EVENT,59217,378
INTERNAL_EVENT,59384,379
SINGLE_SEND,59556,380
INTERNAL_EVENT,59728,381
RECEIVED,B,0,59897,382
INTERNAL_EVENT,60067,383
INTERNAL_EVENT,60238,384
RECEIVED,B,0,60408,385
SINGLE_SEND,60576,386
MULTI_SEND,60746,387
MULTI_SEND,60917,388
SINGLE_SEND,61090,389
INTERNAL_EVENT,61257,390
SINGLE_SEND,61426,391
INTERNAL_EVENT,61595,392
INTERNAL_EVENT,61765,393
RECEIVED,B,0,61933,395
INTERNAL_EVENT,62104,396
SINGLE_SEND,62273,397
RECEIVED,B,0,62443,398
INTERNAL_EVENT,62613,399
SINGLE_SEND,62783,400
INTERNAL_EVENT,62954,401
INTERNAL_EVENT,63121,402
RECEIVED,B,0,63290,404
INTERNAL_EVENT,63458,405
RECEIVED,B,0,63626,406
RECEIVED,B,0,63795,407
INTERNAL_EVENT,63967,408
INTERNAL_EVENT,64138,409
RECEIVED,A,0,64309,410
INTERNAL_EVENT,64475,411
RECEIVED,A,0,64647,412
RECEIVED,B,0,64815,413
SINGLE_SEND,64984,414
RECEIVED,B,0,65156,415
SINGLE_SEND,65325,416
INTERNAL_EVENT,65492,417
SINGLE_SEND,65661,418
INTERNAL_EVENT,65831,419
