INIT,C,6
INTERNAL_EVENT,65,1
INTERNAL_EVENT,235,2
INTERNAL_EVENT,403,3
RECEIVED,A,0,573,4
RECEIVED,A,0,742,5
INTERNAL_EVENT,911,6
RECEIVED,A,0,1082,7
INTERNAL_EVENT,1251,8
SINGLE_SEND,1422,9
RECEIVED,A,0,1592,10
INTERNAL_EVENT,1760,11
INTERNAL_EVENT,1930,12
SINGLE_SEND,2101,13
SINGLE_SEND,2273,14
INTERNAL_EVENT,2441,15
INTERNAL_EVENT,2613,16
INTERNAL_EVENT,2784,17
SINGLE_SEND,2956,18
MULTI_SEND,3128,19
INTERNAL_EVENT,3297,20
RECEIVED,B,0,3468,22
INTERNAL_EVENT,3638,23
RECEIVED,A,0,3809,24
INTERNAL_EVENT,3976,25
RECEIVED,A,0,4148,26
INTERNAL_EVENT,4318,27
INTERNAL_EVENT,4490,28
INTERNAL_EVENT,4661,29
INTERNAL_EVENT,4830,30
RECEIVED,A,1,5001,31
RECEIVED,B,0,5172,32
RECEIVED,B,0,5344,34
INTERNAL_EVENT,5515,35
INTERNAL_EVENT,5685,36
RECEIVED,B,0,5855,37
RECEIVED,A,0,6025,38
INTERNAL_EVENT,6192,39
INTERNAL_EVENT,6360,40
SINGLE_SEND,6530,41
INTERNAL_EVENT,6701,42
SINGLE_SEND,6872,43
RECEIVED,B,0,7043,44
SINGLE_SEND,7211,45
INTERNAL_EVENT,7381,46
INTERNAL_EVENT,7550,47
INTERNAL_EVENT,7720,48
SINGLE_SEND,7889,49
RECEIVED,B,0,8056,50
INTERNAL_EVENT,8224,51
SINGLE_SEND,8393,52
INTERNAL_EVENT,8560,53
INTERNAL_EVENT,8731,54
RECEIVED,A,0,8898,55
INTERNAL_EVENT,9068,56
INTERNAL_EVENT,9235,57
RECEIVED,A,0,9407,58
INTERNAL_EVENT,9577,59
INTERNAL_EVENT,9745,60
INTERNAL_EVENT,9913,61
INTERNAL_EVENT,10081,62
RECEIVED,B,1,10250,63
RECEIVED,A,0,10422,64
RECEIVED,B,0,10593,65
SINGLE_SEND,10760,66
INTERNAL_EVENT,10930,67
INTERNAL_EVENT,11100,68
MULTI_SEND,11272,69
INTERNAL_EVENT,11444,70
MULTI_SEND,11613,71
SINGLE_SEND,11781,72
RECEIVED,A,0,11949,74
INTERNAL_EVENT,12119,75
INTERNAL_EVENT,12289,76
INTERNAL_EVENT,12457,77
RECEIVED,B,0,12627,78
INTERNAL_EVENT,12798,79
INTERNAL_EVENT,12970,80
SINGLE_SEND,13139,81
INTERNAL_EVENT,13310,82
INTERNAL_EVENT,13481,83
INTERNAL_EVENT,13648,84
INTERNAL_EVENT,13817,85
RECEIVED,B,0,13985,86
MULTI_SEND,14155,87
SINGLE_SEND,14326,88
INTERNAL_EVENT,14496,89
INTERNAL_EVENT,14666,90
RECEIVED,A,0,14838,91
RECEIVED,A,0,15008,92
INTERNAL_EVENT,15180,93
RECEIVED,A,0,15349,94
INTERNAL_EVENT,15520,95
RECEIVED,B,0,15692,96
INTERNAL_EVENT,15865,97
SINGLE_SEND,16032,98
INTERNAL_EVENT,16202,99
INTERNAL_EVENT,16372,100
RECEIVED,B,0,16541,101
MULTI_SEND,16714,102
INTERNAL_EVENT,16885,103
SINGLE_SEND,17054,104
RECEIVED,B,0,17222,105
INTERNAL_EVENT,17390,106
MULTI_SEND,17561,107
RECEIVED,B,0,17729,108
INTERNAL_EVENT,17897,109
INTERNAL_EVENT,18065,110
INTERNAL_EVENT,18235,111
MULTI_SEND,18407,112
INTERNAL_EVENT,18577,113
SINGLE_SEND,18749,114
INTERNAL_EVENT,18921,115
INTERNAL_EVENT,19092,116
INTERNAL_EVENT,19260,117
INTERNAL_EVENT,19430,118
INTERNAL_EVENT,19601,119
INTERNAL_EVENT,19768,120
INTERNAL_EVENT,19937,121
RECEIVED,B,0,20106,122
INTERNAL_EVENT,20278,123
INTERNAL_EVENT,20446,124
MULTI_SEND,20618,125
INTERNAL_EVENT,20790,126
INTERNAL_EVENT,20957,127
RECEIVED,A,0,21125,128
RECEIVED,A,0,21294,129
SINGLE_SEND,21464,130
INTERNAL_EVENT,21636,131
INTERNAL_EVENT,21806,132
RECEIVED,B,0,21977,133
INTERNAL_EVENT,22149,134
INTERNAL_EVENT,22319,135
INTERNAL_EVENT,22491,136
INTERNAL_EVENT,22660,137
RECEIVED,A,0,22831,138
INTERNAL_EVENT,22998,139
INTERNAL_EVENT,23166,140
RECEIVED,B,0,23337,141
SINGLE_SEND,23507,142
INTERNAL_EVENT,23674,143
RECEIVED,B,0,23842,144
RECEIVED,A,0,24010,146
INTERNAL_EVENT,24180,147
RECEIVED,B,0,24349,148
RECEIVED,B,0,24521,149
SINGLE_SEND,24693,150
INTERNAL_EVENT,24864,151
SINGLE_SEND,25036,152
INTERNAL_EVENT,25202,153
RECEIVED,A,0,25373,154
SINGLE_SEND,25542,155
RECEIVED,B,0,25710,157
RECEIVED,A,0,25879,158
RECEIVED,B,0,26049,159
RECEIVED,B,0,26221,160
RECEIVED,B,0,26387,161
SINGLE_SEND,26555,162
INTERNAL_EVENT,26726,163
SINGLE_SEND,26894,164
RECEIVED,B,0,27066,165
RECEIVED,B,0,27238,166
INTERNAL_EVENT,27409,167
INTERNAL_EVENT,27578,168
INTERNAL_EVENT,27747,169
INTERNAL_EVENT,27919,170
INTERNAL_EVENT,28087,171
RECEIVED,B,0,28255,172
RECEIVED,A,0,28427,173
INTERNAL_EVENT,28599,174
RECEIVED,A,0,28769,175
RECEIVED,B,0,28941,177
RECEIVED,B,0,29113,178
RECEIVED,A,0,29285,179
INTERNAL_EVENT,29455,180
INTERNAL_EVENT,29626,181
SINGLE_SEND,29799,182
INTERNAL_EVENT,29966,183
INTERNAL_EVENT,30134,184
INTERNAL_EVENT,30304,185
SINGLE_SEND,30474,186
RECEIVED,B,0,30643,188
INTERNAL_EVENT,30813,189
RECEIVED,A,0,30980,191
INTERNAL_EVENT,31153,192
RECEIVED,B,0,31321,193
MULTI_SEND,31489,194
INTERNAL_EVENT,31657,195
INTERNAL_EVENT,31826,196
MULTI_SEND,31994,197
SINGLE_SEND,32165,198
INTERNAL_EVENT,32333,199
RECEIVED,B,0,32501,201
INTERNAL_EVENT,32673,202
INTERNAL_EVENT,32840,203
RECEIVED,B,0,33012,204
RECEIVED,A,0,33183,205
INTERNAL_EVENT,33350,206
RECEIVED,A,0,33518,207
INTERNAL_EVENT,33686,208
RECEIVED,A,0,33854,209
RECEIVED,A,0,34024,210
RECEIVED,B,1,34194,211
RECEIVED,A,0,34364,212
RECEIVED,B,0,34534,213
SINGLE_SEND,34703,214
INTERNAL_EVENT,34871,215
INTERNAL_EVENT,35038,216
RECEIVED,A,0,35207,217
INTERNAL_EVENT,35379,218
RECEIVED,B,0,35550,219
RECEIVED,B,0,35719,220
RECEIVED,B,0,35886,221
RECEIVED,A,0,36054,222
RECEIVED,A,0,36223,223
SINGLE_SEND,36393,224
RECEIVED,A,0,36564,225
MULTI_SEND,36735,226
INTERNAL_EVENT,36906,227
INTERNAL_EVENT,37075,228
INTERNAL_EVENT,37247,229
INTERNAL_EVENT,37417,230
INTERNAL_EVENT,37584,231
INTERNAL_EVENT,37754,232
INTERNAL_EVENT,37925,233
INTERNAL_EVENT,38092,234
MULTI_SEND,38264,235
INTERNAL_EVENT,38431,236
RECEIVED,A,0,38599,238
MULTI_SEND,38770,239
INTERNAL_EVENT,38938,240
RECEIVED,B,0,39108,242
MULTI_SEND,39277,243
INTERNAL_EVENT,39447,244
INTERNAL_EVENT,39619,245
MULTI_SEND,39791,246
INTERNAL_EVENT,39959,247
RECEIVED,A,0,40127,249
SINGLE_SEND,40295,250
INTERNAL_EVENT,40465,251
INTERNAL_EVENT,40636,252
SINGLE_SEND,40808,253
INTERNAL_EVENT,40976,254
RECEIVED,B,0,41147,256
RECEIVED,B,0,41317,257
INTERNAL_EVENT,41488,258
SINGLE_SEND,41659,259
INTERNAL_EVENT,41828,260
INTERNAL_EVENT,41998,261
INTERNAL_EVENT,42168,262
RECEIVED,B,0,42338,264
RECEIVED,B,0,42506,265
SINGLE_SEND,42673,266
INTERNAL_EVENT,42843,267
SINGLE_SEND,43011,268
INTERNAL_EVENT,43180,269
SINGLE_SEND,43352,270
INTERNAL_EVENT,43519,271
RECEIVED,B,0,43688,273
SINGLE_SEND,43858,274
INTERNAL_EVENT,44026,275
INTERNAL_EVENT,44196,276
INTERNAL_EVENT,44365,277
MULTI_SEND,44537,278
INTERNAL_EVENT,44705,279
INTERNAL_EVENT,44873,280
RECEIVED,B,0,45044,282
INTERNAL_EVENT,45216,283
INTERNAL_EVENT,45384,284
SINGLE_SEND,45554,285
INTERNAL_EVENT,45725,286
INTERNAL_EVENT,45897,287
INTERNAL_EVENT,46067,288
INTERNAL_EVENT,46238,289
RECEIVED,A,0,46406,290
INTERNAL_EVENT,46573,291
SINGLE_SEND,46741,292
INTERNAL_EVENT,46913,293
INTERNAL_EVENT,47084,294
RECEIVED,A,0,47256,295
RECEIVED,B,0,47426,297
SINGLE_SEND,47594,298
INTERNAL_EVENT,47766,299
INTERNAL_EVENT,47934,300
RECEIVED,B,1,48103,302
RECEIVED,A,0,48271,303
RECEIVED,B,0,48440,304
INTERNAL_EVENT,48609,305
INTERNAL_EVENT,48781,306
INTERNAL_EVENT,48952,307
SINGLE_SEND,49120,308
INTERNAL_EVENT,49286,309
MULTI_SEND,49454,310
INTERNAL_EVENT,49620,311
INTERNAL_EVENT,49789,312
RECEIVED,A,0,49956,315
INTERNAL_EVENT,50123,316
SINGLE_SEND,50291,317
INTERNAL_EVENT,50459,318
INTERNAL_EVENT,50630,319
RECEIVED,B,0,50798,320
SINGLE_SEND,50968,321
INTERNAL_EVENT,51140,322
MULTI_SEND,51310,323
SINGLE_SEND,51481,324
MULTI_SEND,51651,325
INTERNAL_EVENT,51818,326
INTERNAL_EVENT,51990,327
INTERNAL_EVENT,52162,328
INTERNAL_EVENT,52332,329
INTERNAL_EVENT,52501,330
SINGLE_SEND,52673,331
SINGLE_SEND,52840,332
INTERNAL_EVENT,53012,333
INTERNAL_EVENT,53182,334
INTERNAL_EVENT,53353,335
INTERNAL_EVENT,53522,336
SINGLE_SEND,53691,337
RECEIVED,B,0,53858,339
INTERNAL_EVENT,54030,340
RECEIVED,A,0,54201,341
INTERNAL_EVENT,54371,342
INTERNAL_EVENT,54539,343
RECEIVED,A,0,54708,344
INTERNAL_EVENT,54878,345
INTERNAL_EVENT,55047,346
RECEIVED,B,0,55216,347
RECEIVED,B,0,55384,348
INTERNAL_EVENT,55554,349
INTERNAL_EVENT,55725,350
RECEIVED,B,0,55898,351
INTERNAL_EVENT,56065,352
INTERNAL_EVENT,56236,353
RECEIVED,B,0,56403,354
INTERNAL_EVENT,56575,355
RECEIVED,B,0,56746,356
MULTI_SEND,56913,357
INTERNAL_EVENT,57082,358
INTERNAL_EVENT,57253,359
INTERNAL_EVENT,57423,360
RECEIVED,B,0,57591,362
INTERNAL_EVENT,57758,363
INTERNAL_EVENT,57929,364
INTERNAL_EVENT,58101,365
INTERNAL_EVENT,58273,366
INTERNAL_EVENT,58440,367
RECEIVED,B,0,58607,368
INTERNAL_EVENT,58776,369
INTERNAL_EVENT,58946,370
RECEIVED,B,0,59115,371
INTERNAL_EVENT,59282,372
RECEIVED,B,0,59454,373
RECEIVED,B,0,59625,374
SINGLE_SEND,59797,375
RECEIVED,B,0,59965,376
RECEIVED,A,0,60132,378
RECEIVED,B,0,60304,379
RECEIVED,B,0,60474,380
INTERNAL_EVENT,60646,381
INTERNAL_EVENT,60818,382
SINGLE_SEND,60985,383
INTERNAL_EVENT,61155,384
INTERNAL_EVENT,61326,385
INTERNAL_EVENT,61496,386
SINGLE_SEND,61668,387
SINGLE_SEND,61836,388
INTERNAL_EVENT,62005,389
INTERNAL_EVENT,62171,390
INTERNAL_EVENT,62341,391
INTERNAL_EVENT,62512,392
RECEIVED,A,0,62684,394
INTERNAL_EVENT,62852,395
INTERNAL_EVENT,63021,396
RECEIVED,B,0,63193,397
RECEIVED,B,0,63362,398
INTERNAL_EVENT,63533,399
RECEIVED,A,0,63703,401
SINGLE_SEND,63871,402
RECEIVED,B,0,64040,403
RECEIVED,A,0,64210,405
INTERNAL_EVENT,64382,406
INTERNAL_EVENT,64551,407
SINGLE_SEND,64723,408
INTERNAL_EVENT,64890,409
INTERNAL_EVENT,65060,410
INTERNAL_EVENT,65232,411
INTERNAL_EVENT,65401,412
INTERNAL_EVENT,65568,413
INTERNAL_EVENT,65740,414
SINGLE_SEND,65912,415
