INIT,C,6
INTERNAL_EVENT,73,1
INTERNAL_EVENT,244,2
INTERNAL_EVENT,415,3
INTERNAL_EVENT,586,4
INTERNAL_EVENT,753,5
INTERNAL_EVENT,921,6
INTERNAL_EVENT,1092,7
INTERNAL_EVENT,1260,8
SINGLE_SEND,1431,9
INTERNAL_EVENT,1602,10
INTERNAL_EVENT,1773,11
INTERNAL_EVENT,1940,12
INTERNAL_EVENT,2112,13
SINGLE_SEND,2282,14
RECEIVED,A,0,2451,15
MULTI_SEND,2622,16
SINGLE_SEND,2788,17
INTERNAL_EVENT,2959,18
RECEIVED,B,1,3131,19
RECEIVED,B,0,3300,20
RECEIVED,B,0,3471,22
MULTI_SEND,3642,23
INTERNAL_EVENT,3813,24
INTERNAL_EVENT,3984,25
INTERNAL_EVENT,4154,26
INTERNAL_EVENT,4325,27
RECEIVED,B,0,4495,29
SINGLE_SEND,4668,30
SINGLE_SEND,4836,31
INTERNAL_EVENT,5004,32
SINGLE_SEND,5172,33
INTERNAL_EVENT,5340,34
INTERNAL_EVENT,5509,35
INTERNAL_EVENT,5679,36
RECEIVED,A,0,5850,37
RECEIVED,B,0,6018,39
SINGLE_SEND,6187,40
INTERNAL_EVENT,6356,41
RECEIVED,A,0,6525,42
INTERNAL_EVENT,6695,43
INTERNAL_EVENT,6862,44
RECEIVED,B,0,7034,46
INTERNAL_EVENT,7203,47
INTERNAL_EVENT,7372,48
INTERNAL_EVENT,7541,49
INTERNAL_EVENT,7713,50
SINGLE_SEND,7884,51
INTERNAL_EVENT,8054,52
INTERNAL_EVENT,8223,53
INTERNAL_EVENT,8391,54
INTERNAL_EVENT,8562,55
INTERNAL_EVENT,8730,56
RECEIVED,B,0,8901,58
RECEIVED,A,0,9072,60
RECEIVED,B,1,9244,61
RECEIVED,A,0,9414,62
INTERNAL_EVENT,9584,63
SINGLE_SEND,9754,64
RECEIVED,A,0,9926,65
INTERNAL_EVENT,10096,66
INTERNAL_EVENT,10268,67
SINGLE_SEND,10439,68
INTERNAL_EVENT,10608,69
SINGLE_SEND,10777,70
RECEIVED,B,0,10949,71
RECEIVED,B,0,11119,72
RECEIVED,A,0,11289,73
INTERNAL_EVENT,11457,74
RECEIVED,B,0,11625,75
INTERNAL_EVENT,11794,76
INTERNAL_EVENT,11965,77
MULTI_SEND,12137,78
SINGLE_SEND,12306,79
INTERNAL_EVENT,12473,80
RECEIVED,B,0,12641,81
RECEIVED,A,0,12812,82
INTERNAL_EVENT,12979,83
RECEIVED,B,0,13150,84
SINGLE_SEND,13320,85
INTERNAL_EVENT,13491,86
RECEIVED,A,0,13660,87
SINGLE_SEND,13830,88
MULTI_SEND,14001,89
MULTI_SEND,14168,90
INTERNAL_EVENT,14338,91
INTERNAL_EVENT,14507,92
INTERNAL_EVENT,14678,93
INTERNAL_EVENT,14849,94
RECEIVED,B,0,15019,95
INTERNAL_EVENT,15191,96
INTERNAL_EVENT,15360,97
INTERNAL_EVENT,15530,98
RECEIVED,A,0,15701,99
INTERNAL_EVENT,15873,100
RECEIVED,B,0,16044,101
RECEIVED,A,0,16216,102
INTERNAL_EVENT,16386,103
SINGLE_SEND,16553,104
INTERNAL_EVENT,16723,105
INTERNAL_EVENT,16891,106
INTERNAL_EVENT,17061,107
MULTI_SEND,17228,108
RECEIVED,B,0,17400,109
INTERNAL_EVENT,17572,110
SINGLE_SEND,17744,111
INTERNAL_EVENT,17913,112
RECEIVED,A,0,18084,113
INTERNAL_EVENT,18253,114
INTERNAL_EVENT,18420,115
RECEIVED,A,0,18590,116
RECEIVED,A,0,18761,117
INTERNAL_EVENT,18929,118
SINGLE_SEND,19100,119
MULTI_SEND,19270,120
SINGLE_SEND,19441,121
RECEIVED,A,0,19610,123
INTERNAL_EVENT,19781,124
INTERNAL_EVENT,19951,125
INTERNAL_EVENT,20119,126
RECEIVED,A,0,20291,127
RECEIVED,A,0,20459,128
INTERNAL_EVENT,20630,129
RECEIVED,A,0,20802,130
SINGLE_SEND,20971,131
SINGLE_SEND,21141,132
SINGLE_SEND,21312,133
INTERNAL_EVENT,21481,134
MULTI_SEND,21653,135
SINGLE_SEND,21824,136
SINGLE_SEND,21996,137
MULTI_SEND,22163,138
INTERNAL_EVENT,22332,139
INTERNAL_EVENT,22502,140
RECEIVED,A,0,22671,141
RECEIVED,A,1,22841,142
RECEIVED,B,0,23008,143
RECEIVED,B,0,23179,145
INTERNAL_EVENT,23349,146
INTERNAL_EVENT,23516,147
INTERNAL_EVENT,23686,148
RECEIVED,B,0,23857,149
INTERNAL_EVENT,24029,150
INTERNAL_EVENT,24199,151
INTERNAL_EVENT,24368,152
RECEIVED,B,0,24536,153
INTERNAL_EVENT,24703,154
RECEIVED,A,0,24875,155
MULTI_SEND,25042,156
INTERNAL_EVENT,25210,157
RECEIVED,A,0,25380,159
RECEIVED,A,0,25551,160
INTERNAL_EVENT,25719,161
SINGLE_SEND,25888,162
INTERNAL_EVENT,26056,163
SINGLE_SEND,26224,164
INTERNAL_EVENT,26390,165
RECEIVED,B,0,26559,166
RECEIVED,B,0,26728,167
INTERNAL_EVENT,26899,168
MULTI_SEND,27067,169
INTERNAL_EVENT,27235,170
INTERNAL_EVENT,27404,171
INTERNAL_EVENT,27572,172
INTERNAL_EVENT,27742,173
RECEIVED,B,0,27910,175
INTERNAL_EVENT,28081,176
INTERNAL_EVENT,28250,177
INTERNAL_EVENT,28418,178
RECEIVED,A,0,28588,179
INTERNAL_EVENT,28760,180
INTERNAL_EVENT,28931,181
SINGLE_SEND,29102,182
RECEIVED,B,0,29270,183
RECEIVED,B,0,29437,184
MULTI_SEND,29608,185
INTERNAL_EVENT,29777,186
INTERNAL_EVENT,29949,187
SINGLE_SEND,30118,188
INTERNAL_EVENT,30286,189
RECEIVED,A,0,30458,191
INTERNAL_EVENT,30628,192
RECEIVED,A,0,30799,193
RECEIVED,A,0,30967,194
SINGLE_SEND,31138,195
INTERNAL_EVENT,31305,196
SINGLE_SEND,31473,197
INTERNAL_EVENT,31642,198
INTERNAL_EVENT,31813,199
RECEIVED,B,0,31984,200
RECEIVED,A,0,32152,202
RECEIVED,A,0,32320,203
RECEIVED,B,0,32489,204
INTERNAL_EVENT,32656,205
INTERNAL_EVENT,32824,206
INTERNAL_EVENT,32993,207
RECEIVED,B,1,33163,208
RECEIVED,A,0,33335,209
INTERNAL_EVENT,33506,210
SINGLE_SEND,33675,211
RECEIVED,B,0,33847,212
INTERNAL_EVENT,34018,213
INTERNAL_EVENT,34186,214
RECEIVED,B,0,34358,215
MULTI_SEND,34530,216
INTERNAL_EVENT,34700,217
INTERNAL_EVENT,34869,218
RECEIVED,A,0,35041,220
SINGLE_SEND,35209,221
INTERNAL_EVENT,35381,222
RECEIVED,B,0,35551,223
RECEIVED,A,0,35718,224
INTERNAL_EVENT,35887,225
MULTI_SEND,36059,226
INTERNAL_EVENT,36229,227
RECEIVED,A,0,36399,229
INTERNAL_EVENT,36571,230
RECEIVED,B,0,36739,231
SINGLE_SEND,36910,232
INTERNAL_EVENT,37081,233
MULTI_SEND,37248,234
RECEIVED,B,0,37415,235
INTERNAL_EVENT,37585,236
INTERNAL_EVENT,37758,237
INTERNAL_EVENT,37929,238
INTERNAL_EVENT,38100,239
SINGLE_SEND,38271,240
INTERNAL_EVENT,38443,241
RECEIVED,B,0,38612,242
INTERNAL_EVENT,38784,243
RECEIVED,A,0,38953,245
SINGLE_SEND,39124,246
RECEIVED,B,0,39295,247
INTERNAL_EVENT,39465,248
INTERNAL_EVENT,39637,249
INTERNAL_EVENT,39808,250
MULTI_SEND,39978,251
RECEIVED,A,0,40149,253
MULTI_SEND,40321,254
INTERNAL_EVENT,40489,255
RECEIVED,B,0,40661,257
RECEIVED,A,0,40831,258
INTERNAL_EVENT,41001,259
INTERNAL_EVENT,41172,260
INTERNAL_EVENT,41343,261
INTERNAL_EVENT,41513,262
INTERNAL_EVENT,41680,263
INTERNAL_EVENT,41851,264
INTERNAL_EVENT,42022,265
INTERNAL_EVENT,42189,266
MULTI_SEND,42357,267
INTERNAL_EVENT,42529,268
SINGLE_SEND,42696,269
INTERNAL_EVENT,42868,270
INTERNAL_EVENT,43039,271
RECEIVED,A,0,43206,272
RECEIVED,A,0,43375,273
INTERNAL_EVENT,43546,274
SINGLE_SEND,43716,275
INTERNAL_EVENT,43888,276
RECEIVED,B,0,44058,277
RECEIVED,A,0,44228,278
RECEIVED,A,0,44398,279
RECEIVED,A,0,44564,280
RECEIVED,A,0,44736,281
INTERNAL_EVENT,44905,282
INTERNAL_EVENT,45075,283
SINGLE_SEND,45245,284
INTERNAL_EVENT,45416,285
SINGLE_SEND,45587,286
INTERNAL_EVENT,45757,287
INTERNAL_EVENT,45924,288
MULTI_SEND,46092,289
RECEIVED,B,0,46258,290
INTERNAL_EVENT,46425,291
RECEIVED,B,0,46593,292
INTERNAL_EVENT,46764,293
RECEIVED,A,0,46936,294
INTERNAL_EVENT,47105,295
INTERNAL_EVENT,47273,296
INTERNAL_EVENT,47441,297
RECEIVED,A,0,47609,298
INTERNAL_EVENT,47777,299
RECEIVED,A,0,47946,300
INTERNAL_EVENT,48114,301
RECEIVED,A,0,48281,302
MULTI_SEND,48449,303
INTERNAL_EVENT,48619,304
INTERNAL_EVENT,48791,305
SINGLE_SEND,48963,306
INTERNAL_EVENT,49131,307
RECEIVED,A,0,49300,309
INTERNAL_EVENT,49471,310
MULTI_SEND,49641,311
MULTI_SEND,49813,312
INTERNAL_EVENT,49980,313
SINGLE_SEND,50152,314
INTERNAL_EVENT,50320,315
RECEIVED,B,0,50490,317
SINGLE_SEND,50660,318
RECEIVED,B,0,50830,319
RECEIVED,B,0,51001,320
SINGLE_SEND,51170,321
INTERNAL_EVENT,51336,322
INTERNAL_EVENT,51503,323
INTERNAL_EVENT,51674,324
RECEIVED,B,0,51844,326
INTERNAL_EVENT,52014,327
RECEIVED,A,0,52182,328
INTERNAL_EVENT,52350,329
SINGLE_SEND,52521,330
SINGLE_SEND,52691,331
INTERNAL_EVENT,52861,332
INTERNAL_EVENT,53032,333
INTERNAL_EVENT,53201,334
RECEIVED,A,0,53370,336
RECEIVED,B,0,53540,337
RECEIVED,B,0,53710,338
INTERNAL_EVENT,53878,339
INTERNAL_EVENT,54044,340
RECEIVED,A,0,54214,341
SINGLE_SEND,54384,342
INTERNAL_EVENT,54554,343
SINGLE_SEND,54726,344
INTERNAL_EVENT,54894,345
RECEIVED,A,0,55061,346
RECEIVED,A,0,55231,347
MULTI_SEND,55400,348
INTERNAL_EVENT,55570,349
RECEIVED,A,0,55741,351
RECEIVED,A,0,55908,352
RECEIVED,A,0,56079,353
INTERNAL_EVENT,56247,354
RECEIVED,B,0,56414,355
SINGLE_SEND,56583,356
RECEIVED,B,0,56751,357
RECEIVED,B,0,56923,358
SINGLE_SEND,57095,359
INTERNAL_EVENT,57266,360
SINGLE_SEND,57435,361
RECEIVED,B,0,57607,363
INTERNAL_EVENT,57778,364
INTERNAL_EVENT,57946,365
INTERNAL_EVENT,58114,366
MULTI_SEND,58283,367
INTERNAL_EVENT,58455,368
INTERNAL_EVENT,58622,369
INTERNAL_EVENT,58793,370
RECEIVED,A,0,58962,372
INTERNAL_EVENT,59129,373
INTERNAL_EVENT,59300,374
RECEIVED,B,0,59471,375
INTERNAL_EVENT,59642,376
INTERNAL_EVENT,59811,377
RECEIVED,B,0,59979,378
RECEIVED,B,0,60146,379
MULTI_SEND,60317,380
SINGLE_SEND,60486,381
INTERNAL_EVENT,60655,382
RECEIVED,B,0,60824,384
RECEIVED,B,0,60995,385
MULTI_SEND,61162,386
INTERNAL_EVENT,61329,387
INTERNAL_EVENT,61500,388
RECEIVED,B,0,61670,390
RECEIVED,B,0,61840,391
INTERNAL_EVENT,62011,392
RECEIVED,B,0,62181,393
INTERNAL_EVENT,62352,394
RECEIVED,B,0,62523,395
INTERNAL_EVENT,62694,396
RECEIVED,A,0,62863,397
INTERNAL_EVENT,63030,398
RECEIVED,B,0,63202,399
RECEIVED,B,0,63369,400
RECEIVED,B,0,63537,401
INTERNAL_EVENT,63707,402
INTERNAL_EVENT,63878,403
SINGLE_SEND,64047,404
INTERNAL_EVENT,64216,405
INTERNAL_EVENT,64383,406
RECEIVED,A,1,64552,408
RECEIVED,B,0,64724,409
INTERNAL_EVENT,64895,410
INTERNAL_EVENT,65065,411
RECEIVED,B,0,65234,412
INTERNAL_EVENT,65403,413
SINGLE_SEND,65574,414
SINGLE_SEND,65744,415
RECEIVED,B,0,65915,417
