INIT,C,6
RECEIVED,A,0,70,2
INTERNAL_EVENT,241,3
INTERNAL_EVENT,411,4
INTERNAL_EVENT,580,5
MULTI_SEND,752,6
RECEIVED,B,0,924,7
INTERNAL_EVENT,1095,8
INTERNAL_EVENT,1263,9
INTERNAL_EVENT,1435,10
RECEIVED,A,0,1606,11
MULTI_SEND,1777,12
RECEIVED,B,0,1948,13
INTERNAL_EVENT,2116,14
INTERNAL_EVENT,2287,15
RECEIVED,B,0,2458,16
SINGLE_SEND,2627,17
INTERNAL_EVENT,2795,18
INTERNAL_EVENT,2967,19
INTERNAL_EVENT,3139,20
INTERNAL_EVENT,3308,21
MULTI_SEND,3477,22
INTERNAL_EVENT,3645,23
INTERNAL_EVENT,3813,24
INTERNAL_EVENT,3982,25
RECEIVED,B,1,4151,26
RECEIVED,A,0,4319,27
INTERNAL_EVENT,4489,28
SINGLE_SEND,4658,29
INTERNAL_EVENT,4827,30
INTERNAL_EVENT,4996,31
INTERNAL_EVENT,5164,32
INTERNAL_EVENT,5333,33
INTERNAL_EVENT,5502,34
RECEIVED,B,1,5674,35
RECEIVED,A,0,5842,36
SINGLE_SEND,6010,37
RECEIVED,B,0,6180,38
INTERNAL_EVENT,6346,39
INTERNAL_EVENT,6516,40
RECEIVED,A,0,6685,41
INTERNAL_EVENT,6857,42
INTERNAL_EVENT,7027,43
SINGLE_SEND,7197,44
SINGLE_SEND,7365,45
INTERNAL_EVENT,7532,46
INTERNAL_EVENT,7704,47
INTERNAL_EVENT,7875,48
SINGLE_SEND,8043,49
INTERNAL_EVENT,8212,50
INTERNAL_EVENT,8384,51
MULTI_SEND,8556,52
INTERNAL_EVENT,8727,53
INTERNAL_EVENT,8894,54
MULTI_SEND,9065,55
SINGLE_SEND,9235,56
INTERNAL_EVENT,9407,57
INTERNAL_EVENT,9579,58
SINGLE_SEND,9746,59
RECEIVED,B,0,9918,60
SINGLE_SEND,10089,61
INTERNAL_EVENT,10261,62
INTERNAL_EVENT,10429,63
SINGLE_SEND,10600,64
RECEIVED,B,0,10772,65
INTERNAL_EVENT,10939,66
SINGLE_SEND,11107,67
INTERNAL_EVENT,11277,68
INTERNAL_EVENT,11444,69
RECEIVED,B,0,11613,70
INTERNAL_EVENT,11785,71
INTERNAL_EVENT,11956,72
SINGLE_SEND,12127,73
INTERNAL_EVENT,12295,74
MULTI_SEND,12465,75
MULTI_SEND,12633,76
SINGLE_SEND,12805,77
INTERNAL_EVENT,12974,78
SINGLE_SEND,13141,79
MULTI_SEND,13309,80
INTERNAL_EVENT,13479,81
INTERNAL_EVENT,13646,82
INTERNAL_EVENT,13818,83
INTERNAL_EVENT,13989,84
INTERNAL_EVENT,14160,85
SINGLE_SEND,14327,86
INTERNAL_EVENT,14495,87
INTERNAL_EVENT,14666,88
SINGLE_SEND,14836,89
INTERNAL_EVENT,15006,90
INTERNAL_EVENT,15177,91
SINGLE_SEND,15347,92
INTERNAL_EVENT,15518,93
INTERNAL_EVENT,15689,94
INTERNAL_EVENT,15858,95
INTERNAL_EVENT,16027,96
INTERNAL_EVENT,16199,97
INTERNAL_EVENT,16366,98
INTERNAL_EVENT,16534,99
SINGLE_SEND,16706,100
MULTI_SEND,16877,101
MULTI_SEND,17049,102
INTERNAL_EVENT,17218,103
RECEIVED,B,0,17389,105
RECEIVED,B,0,17558,106
RECEIVED,B,0,17727,107
MULTI_SEND,17894,108
SINGLE_SEND,18064,109
INTERNAL_EVENT,18234,110
MULTI_SEND,18406,111
SINGLE_SEND,18577,112
INTERNAL_EVENT,18748,113
INTERNAL_EVENT,18916,114
RECEIVED,B,0,19088,115
RECEIVED,B,0,19258,116
INTERNAL_EVENT,19430,117
MULTI_SEND,19598,118
INTERNAL_EVENT,19764,119
INTERNAL_EVENT,19934,120
RECEIVED,B,0,20106,121
SINGLE_SEND,20277,122
INTERNAL_EVENT,20446,123
INTERNAL_EVENT,20616,124
INTERNAL_EVENT,20784,125
INTERNAL_EVENT,20951,126
INTERNAL_EVENT,21119,127
INTERNAL_EVENT,21289,128
INTERNAL_EVENT,21460,129
SINGLE_SEND,21629,130
SINGLE_SEND,21798,131
INTERNAL_EVENT,21966,132
RECEIVED,B,0,22135,133
RECEIVED,B,0,22306,134
MULTI_SEND,22478,135
SINGLE_SEND,22645,136
SINGLE_SEND,22812,137
INTERNAL_EVENT,22980,138
INTERNAL_EVENT,23149,139
MULTI_SEND,23317,140
INTERNAL_EVENT,23485,141
INTERNAL_EVENT,23657,142
MULTI_SEND,23827,143
INTERNAL_EVENT,23998,144
INTERNAL_EVENT,24165,145
INTERNAL_EVENT,24335,146
RECEIVED,B,0,24506,147
MULTI_SEND,24677,148
INTERNAL_EVENT,24848,149
INTERNAL_EVENT,25017,150
INTERNAL_EVENT,25189,151
RECEIVED,B,0,25358,152
INTERNAL_EVENT,25528,153
SINGLE_SEND,25698,154
INTERNAL_EVENT,25865,155
INTERNAL_EVENT,26033,156
RECEIVED,B,0,26204,157
INTERNAL_EVENT,26375,158
INTERNAL_EVENT,26542,159
RECEIVED,B,0,26711,160
INTERNAL_EVENT,26883,161
INTERNAL_EVENT,27055,162
INTERNAL_EVENT,27225,163
SINGLE_SEND,27393,164
INTERNAL_EVENT,27565,165
MULTI_SEND,27734,166
INTERNAL_EVENT,27900,167
INTERNAL_EVENT,28072,168
RECEIVED,B,0,28242,169
SINGLE_SEND,28414,170
INTERNAL_EVENT,28581,171
MULTI_SEND,28752,172
RECEIVED,B,0,28922,173
INTERNAL_EVENT,29092,174
INTERNAL_EVENT,29260,175
INTERNAL_EVENT,29430,176
INTERNAL_EVENT,29601,177
INTERNAL_EVENT,29773,178
INTERNAL_EVENT,29942,179
INTERNAL_EVENT,30113,180
SINGLE_SEND,30283,181
INTERNAL_EVENT,30451,182
INTERNAL_EVENT,30619,183
INTERNAL_EVENT,30790,184
INTERNAL_EVENT,30959,185
MULTI_SEND,31127,186
INTERNAL_EVENT,31299,187
SINGLE_SEND,31471,188
INTERNAL_EVENT,31642,189
RECEIVED,B,0,31810,190
INTERNAL_EVENT,31980,191
SINGLE_SEND,32150,192
RECEIVED,B,0,32321,193
INTERNAL_EVENT,32492,194
INTERNAL_EVENT,32660,195
INTERNAL_EVENT,32829,196
SINGLE_SEND,32997,197
RECEIVED,B,0,33167,198
INTERNAL_EVENT,33338,199
INTERNAL_EVENT,33509,200
INTERNAL_EVENT,33680,201
RECEIVED,B,0,33851,202
RECEIVED,B,0,34021,203
INTERNAL_EVENT,34192,204
INTERNAL_EVENT,34362,205
SINGLE_SEND,34530,206
INTERNAL_EVENT,34701,207
RECEIVED,B,0,34871,208
INTERNAL_EVENT,35040,209
INTERNAL_EVENT,35209,210
RECEIVED,B,0,35381,211
RECEIVED,B,0,35552,212
INTERNAL_EVENT,35719,213
MULTI_SEND,35890,214
INTERNAL_EVENT,36062,215
INTERNAL_EVENT,36233,216
MULTI_SEND,36402,217
INTERNAL_EVENT,36569,218
INTERNAL_EVENT,36740,219
RECEIVED,B,0,36909,220
INTERNAL_EVENT,37078,221
INTERNAL_EVENT,37248,222
RECEIVED,B,0,37419,223
INTERNAL_EVENT,37590,224
SINGLE_SEND,37759,225
INTERNAL_EVENT,37929,226
INTERNAL_EVENT,38101,227
RECEIVED,B,0,38269,228
MULTI_SEND,38440,229
INTERNAL_EVENT,38609,230
SINGLE_SEND,38777,231
INTERNAL_EVENT,38945,232
INTERNAL_EVENT,39116,233
RECEIVED,B,0,39284,234
RECEIVED,B,0,39452,235
MULTI_SEND,39623,236
INTERNAL_EVENT,39795,237
INTERNAL_EVENT,39965,238
INTERNAL_EVENT,40132,239
INTERNAL_EVENT,40303,240
INTERNAL_EVENT,40475,241
RECEIVED,B,0,40643,242
MULTI_SEND,40810,243
INTERNAL_EVENT,40982,244
INTERNAL_EVENT,41150,245
RECEIVED,B,0,41320,246
INTERNAL_EVENT,41492,247
INTERNAL_EVENT,41659,248
MULTI_SEND,41829,249
RECEIVED,B,0,41997,250
INTERNAL_EVENT,42169,251
INTERNAL_EVENT,42341,252
INTERNAL_EVENT,42509,253
INTERNAL_EVENT,42679,254
INTERNAL_EVENT,42851,255
INTERNAL_EVENT,43022,256
INTERNAL_EVENT,43192,257
INTERNAL_EVENT,43361,258
RECEIVED,B,0,43528,259
SINGLE_SEND,43700,260
INTERNAL_EVENT,43872,261
MULTI_SEND,44040,262
INTERNAL_EVENT,44209,263
INTERNAL_EVENT,44377,264
MULTI_SEND,44546,265
SINGLE_SEND,44717,266
INTERNAL_EVENT,44885,267
INTERNAL_EVENT,45056,268
INTERNAL_EVENT,45227,269
RECEIVED,B,0,45399,271
RECEIVED,B,0,45568,272
RECEIVED,B,0,45740,273
SINGLE_SEND,45909,274
RECEIVED,B,0,46079,275
INTERNAL_EVENT,46251,276
RECEIVED,B,0,46420,277
MULTI_SEND,46590,278
INTERNAL_EVENT,46759,279
SINGLE_SEND,46930,280
MULTI_SEND,47099,281
INTERNAL_EVENT,47266,282
INTERNAL_EVENT,47437,283
INTERNAL_EVENT,47606,284
INTERNAL_EVENT,47777,285
INTERNAL_EVENT,47945,286
INTERNAL_EVENT,48114,287
INTERNAL_EVENT,48281,288
RECEIVED,B,0,48448,290
INTERNAL_EVENT,48615,291
SINGLE_SEND,48787,292
INTERNAL_EVENT,48957,293
INTERNAL_EVENT,49127,294
RECEIVED,B,0,49295,295
MULTI_SEND,49462,296
INTERNAL_EVENT,49633,297
INTERNAL_EVENT,49800,298
SINGLE_SEND,49970,299
SINGLE_SEND,50140,300
INTERNAL_EVENT,50311,301
MULTI_SEND,50481,302
SINGLE_SEND,50648,303
INTERNAL_EVENT,50816,304
INTERNAL_EVENT,50987,305
INTERNAL_EVENT,51159,306
RECEIVED,B,0,51328,308
INTERNAL_EVENT,51495,309
INTERNAL_EVENT,51664,310
MULTI_SEND,51835,311
INTERNAL_EVENT,52006,312
INTERNAL_EVENT,52177,313
INTERNAL_EVENT,52344,314
INTERNAL_EVENT,52514,315
MULTI_SEND,52684,316
INTERNAL_EVENT,52855,317
INTERNAL_EVENT,53026,318
RECEIVED,B,0,53195,320
SINGLE_SEND,53364,321
INTERNAL_EVENT,53531,322
INTERNAL_EVENT,53698,323
INTERNAL_EVENT,53869,324
RECEIVED,B,0,54040,326
INTERNAL_EVENT,54209,327
INTERNAL_EVENT,54380,328
MULTI_SEND,54549,329
INTERNAL_EVENT,54715,330
INTERNAL_EVENT,54882,331
MULTI_SEND,55054,332
INTERNAL_EVENT,55224,333
RECEIVED,B,0,55393,335
MULTI_SEND,55560,336
INTERNAL_EVENT,55732,337
MULTI_SEND,55901,338
MULTI_SEND,56070,339
INTERNAL_EVENT,56240,340
RECEIVED,B,0,56410,342
INTERNAL_EVENT,56578,343
MULTI_SEND,56750,344
INTERNAL_EVENT,56921,345
SINGLE_SEND,57090,346
SINGLE_SEND,57259,347
SINGLE_SEND,57430,348
INTERNAL_EVENT,57598,349
INTERNAL_EVENT,57766,350
INTERNAL_EVENT,57941,351
SINGLE_SEND,58112,352
RECEIVED,B,0,58283,353
MULTI_SEND,58454,354
INTERNAL_EVENT,58626,355
INTERNAL_EVENT,58796,356
INTERNAL_EVENT,58965,357
RECEIVED,B,0,59137,358
INTERNAL_EVENT,59309,359
INTERNAL_EVENT,59478,360
SINGLE_SEND,59646,361
INTERNAL_EVENT,59818,362
INTERNAL_EVENT,59986,363
INTERNAL_EVENT,60154,364
INTERNAL_EVENT,60326,365
RECEIVED,B,0,60498,366
INTERNAL_EVENT,60667,367
RECEIVED,B,0,60834,368
INTERNAL_EVENT,61005,369
RECEIVED,B,0,61175,370
RECEIVED,B,0,61343,371
INTERNAL_EVENT,61511,372
RECEIVED,B,0,61681,373
SINGLE_SEND,61848,374
INTERNAL_EVENT,62018,375
INTERNAL_EVENT,62190,376
INTERNAL_EVENT,62360,377
RECEIVED,B,0,62530,378
RECEIVED,B,0,62698,379
RECEIVED,B,0,62869,380
SINGLE_SEND,63040,381
INTERNAL_EVENT,63207,382
INTERNAL_EVENT,63378,383
SINGLE_SEND,63549,384
MULTI_SEND,63720,385
INTERNAL_EVENT,63890,386
INTERNAL_EVENT,64059,387
INTERNAL_EVENT,64230,388
MULTI_SEND,64399,389
SINGLE_SEND,64570,390
INTERNAL_EVENT,64741,391
INTERNAL_EVENT,64910,392
MULTI_SEND,65078,393
INTERNAL_EVENT,65246,394
INTERNAL_EVENT,65413,395
INTERNAL_EVENT,65581,396
INTERNAL_EVENT,65753,397
INTERNAL_EVENT,65925,398
