INIT,C,6
INTERNAL_EVENT,72,1
INTERNAL_EVENT,241,2
RECEIVED,A,0,409,3
INTERNAL_EVENT,576,4
INTERNAL_EVENT,743,5
INTERNAL_EVENT,914,6
INTERNAL_EVENT,1085,7
INTERNAL_EVENT,1255,8
INTERNAL_EVENT,1426,9
INTERNAL_EVENT,1597,10
INTERNAL_EVENT,1764,11
INTERNAL_EVENT,1936,12
RECEIVED,A,0,2107,13
INTERNAL_EVENT,2274,14
RECEIVED,B,0,2443,15
INTERNAL_EVENT,2610,16
INTERNAL_EVENT,2781,17
INTERNAL_EVENT,2951,18
INTERNAL_EVENT,3122,19
INTERNAL_EVENT,3293,20
INTERNAL_EVENT,3464,21
INTERNAL_EVENT,3634,22
INTERNAL_EVENT,3804,23
INTERNAL_EVENT,3972,24
INTERNAL_EVENT,4143,25
INTERNAL_EVENT,4312,26
INTERNAL_EVENT,4482,27
INTERNAL_EVENT,4651,28
INTERNAL_EVENT,4823,29
INTERNAL_EVENT,4991,30
SINGLE_SEND,5160,31
INTERNAL_EVENT,5327,32
INTERNAL_EVENT,5499,33
INTERNAL_EVENT,5671,34
INTERNAL_EVENT,5843,35
INTERNAL_EVENT,6011,36
INTERNAL_EVENT,6179,37
INTERNAL_EVENT,6351,38
INTERNAL_EVENT,6521,39
INTERNAL_EVENT,6689,40
INTERNAL_EVENT,6859,41
INTERNAL_EVENT,7027,42
INTERNAL_EVENT,7193,43
INTERNAL_EVENT,7360,44
INTERNAL_EVENT,7528,45
INTERNAL_EVENT,7699,46
INTERNAL_EVENT,7867,47
INTERNAL_EVENT,8039,48
INTERNAL_EVENT,8209,49
INTERNAL_EVENT,8381,50
SINGLE_SEND,8550,51
INTERNAL_EVENT,8717,52
INTERNAL_EVENT,8886,53
INTERNAL_EVENT,9056,54
RECEIVED,B,0,9227,56
INTERNAL_EVENT,9395,57
INTERNAL_EVENT,9563,58
INTERNAL_EVENT,9735,59
INTERNAL_EVENT,9907,60
INTERNAL_EVENT,10075,61
INTERNAL_EVENT,10244,62
MULTI_SEND,10410,63
INTERNAL_EVENT,10582,64
RECEIVED,A,0,10749,66
SINGLE_SEND,10922,67
MULTI_SEND,11093,68
INTERNAL_EVENT,11260,69
INTERNAL_EVENT,11433,70
INTERNAL_EVENT,11602,71
INTERNAL_EVENT,11774,72
INTERNAL_EVENT,11943,73
INTERNAL_EVENT,12110,74
INTERNAL_EVENT,12277,75
INTERNAL_EVENT,12448,76
INTERNAL_EVENT,12618,77
INTERNAL_EVENT,12791,78
INTERNAL_EVENT,12962,79
INTERNAL_EVENT,13129,80
INTERNAL_EVENT,13299,81
INTERNAL_EVENT,13468,82
MULTI_SEND,13640,83
INTERNAL_EVENT,13810,84
INTERNAL_EVENT,13981,85
INTERNAL_EVENT,14152,86
SINGLE_SEND,14323,87
INTERNAL_EVENT,14493,88
INTERNAL_EVENT,14660,89
INTERNAL_EVENT,14827,90
INTERNAL_EVENT,14999,91
INTERNAL_EVENT,15168,92
INTERNAL_EVENT,15339,93
INTERNAL_EVENT,15508,94
INTERNAL_EVENT,15680,95
INTERNAL_EVENT,15847,96
INTERNAL_EVENT,16018,97
INTERNAL_EVENT,16189,98
INTERNAL_EVENT,16359,99
INTERNAL_EVENT,16526,100
INTERNAL_EVENT,16698,101
INTERNAL_EVENT,16870,102
INTERNAL_EVENT,17043,103
INTERNAL_EVENT,17210,104
INTERNAL_EVENT,17379,105
INTERNAL_EVENT,17550,106
INTERNAL_EVENT,17722,107
INTERNAL_EVENT,17892,108
INTERNAL_EVENT,18061,109
INTERNAL_EVENT,18232,110
INTERNAL_EVENT,18401,111
INTERNAL_EVENT,18573,112
INTERNAL_EVENT,18742,113
INTERNAL_EVENT,18909,114
INTERNAL_EVENT,19080,115
INTERNAL_EVENT,19249,116
INTERNAL_EVENT,19419,117
INTERNAL_EVENT,19589,118
INTERNAL_EVENT,19759,119
INTERNAL_EVENT,19926,120
INTERNAL_EVENT,20094,121
INTERNAL_EVENT,20261,122
INTERNAL_EVENT,20432,123
INTERNAL_EVENT,20599,124
INTERNAL_EVENT,20771,125
INTERNAL_EVENT,20943,126
INTERNAL_EVENT,21112,127
INTERNAL_EVENT,21281,128
INTERNAL_EVENT,21450,129
INTERNAL_EVENT,21618,130
INTERNAL_EVENT,21788,131
RECEIVED,A,0,21958,132
SINGLE_SEND,22125,133
INTERNAL_EVENT,22293,134
INTERNAL_EVENT,22461,135
INTERNAL_EVENT,22634,136
INTERNAL_EVENT,22806,137
INTERNAL_EVENT,22975,138
INTERNAL_EVENT,23146,139
INTERNAL_EVENT,23318,140
INTERNAL_EVENT,23488,141
INTERNAL_EVENT,23658,142
INTERNAL_EVENT,23826,143
INTERNAL_EVENT,23995,144
INTERNAL_EVENT,24167,145
INTERNAL_EVENT,24339,146
INTERNAL_EVENT,24509,147
INTERNAL_EVENT,24679,148
INTERNAL_EVENT,24851,149
INTERNAL_EVENT,25023,150
INTERNAL_EVENT,25191,151
INTERNAL_EVENT,25359,152
INTERNAL_EVENT,25526,153
INTERNAL_EVENT,25698,154
INTERNAL_EVENT,25865,155
INTERNAL_EVENT,26032,156
INTERNAL_EVENT,26201,157
INTERNAL_EVENT,26371,158
INTERNAL_EVENT,26543,159
INTERNAL_EVENT,26710,160
INTERNAL_EVENT,26878,161
INTERNAL_EVENT,27045,162
INTERNAL_EVENT,27216,163
INTERNAL_EVENT,27388,164
INTERNAL_EVENT,27559,165
INTERNAL_EVENT,27730,166
INTERNAL_EVENT,27898,167
INTERNAL_EVENT,28069,168
INTERNAL_EVENT,28238,169
INTERNAL_EVENT,28409,170
INTERNAL_EVENT,28577,171
INTERNAL_EVENT,28745,172
INTERNAL_EVENT,28912,173
INTERNAL_EVENT,29083,174
INTERNAL_EVENT,29255,175
INTERNAL_EVENT,29422,176
INTERNAL_EVENT,29592,177
INTERNAL_EVENT,29760,178
INTERNAL_EVENT,29931,179
INTERNAL_EVENT,30099,180
INTERNAL_EVENT,30270,181
INTERNAL_EVENT,30441,182
INTERNAL_EVENT,30609,183
INTERNAL_EVENT,30777,184
INTERNAL_EVENT,30949,185
INTERNAL_EVENT,31120,186
INTERNAL_EVENT,31291,187
RECEIVED,B,0,31461,188
INTERNAL_EVENT,31633,189
INTERNAL_EVENT,31805,190
INTERNAL_EVENT,31976,191
INTERNAL_EVENT,32144,192
INTERNAL_EVENT,32315,193
RECEIVED,B,0,32482,194
INTERNAL_EVENT,32652,195
INTERNAL_EVENT,32824,196
INTERNAL_EVENT,32993,197
INTERNAL_EVENT,33160,198
INTERNAL_EVENT,33327,199
INTERNAL_EVENT,33496,200
MULTI_SEND,33665,201
INTERNAL_EVENT,33834,202
SINGLE_SEND,34002,203
INTERNAL_EVENT,34171,204
INTERNAL_EVENT,34342,205
INTERNAL_EVENT,34511,206
INTERNAL_EVENT,34678,207
INTERNAL_EVENT,34848,208
INTERNAL_EVENT,35017,209
INTERNAL_EVENT,35187,210
INTERNAL_EVENT,35357,211
INTERNAL_EVENT,35526,212
INTERNAL_EVENT,35694,213
MULTI_SEND,35866,214
INTERNAL_EVENT,36035,215
INTERNAL_EVENT,36206,216
INTERNAL_EVENT,36374,217
INTERNAL_EVENT,36542,218
INTERNAL_EVENT,36711,219
INTERNAL_EVENT,36883,220
INTERNAL_EVENT,37050,221
INTERNAL_EVENT,37219,222
INTERNAL_EVENT,37389,223
INTERNAL_EVENT,37559,224
INTERNAL_EVENT,37727,225
INTERNAL_EVENT,37897,226
INTERNAL_EVENT,38068,227
INTERNAL_EVENT,38237,228
INTERNAL_EVENT,38407,229
INTERNAL_EVENT,38576,230
INTERNAL_EVENT,38747,231
INTERNAL_EVENT,38915,232
INTERNAL_EVENT,39084,233
INTERNAL_EVENT,39251,234
INTERNAL_EVENT,39419,235
RECEIVED,B,0,39588,236
INTERNAL_EVENT,39755,237
INTERNAL_EVENT,39926,238
INTERNAL_EVENT,40097,239
INTERNAL_EVENT,40268,240
INTERNAL_EVENT,40436,241
INTERNAL_EVENT,40607,242
INTERNAL_EVENT,40776,243
INTERNAL_EVENT,40945,244
INTERNAL_EVENT,41115,245
RECEIVED,B,0,41283,246
INTERNAL_EVENT,41451,247
INTERNAL_EVENT,41623,248
INTERNAL_EVENT,41793,249
SINGLE_SEND,41963,250
INTERNAL_EVENT,42135,251
INTERNAL_EVENT,42304,252
SINGLE_SEND,42475,253
INTERNAL_EVENT,42643,254
INTERNAL_EVENT,42815,255
INTERNAL_EVENT,42982,256
INTERNAL_EVENT,43152,257
MULTI_SEND,43324,258
INTERNAL_EVENT,43492,259
INTERNAL_EVENT,43661,260
INTERNAL_EVENT,43828,261
INTERNAL_EVENT,43996,262
INTERNAL_EVENT,44164,263
INTERNAL_EVENT,44332,264
INTERNAL_EVENT,44500,265
INTERNAL_EVENT,44672,266
INTERNAL_EVENT,44842,267
INTERNAL_EVENT,45013,268
INTERNAL_EVENT,45183,269
INTERNAL_EVENT,45354,270
INTERNAL_EVENT,45526,271
SINGLE_SEND,45694,272
INTERNAL_EVENT,45861,273
INTERNAL_EVENT,46028,274
INTERNAL_EVENT,46197,275
INTERNAL_EVENT,46366,276
INTERNAL_EVENT,46538,277
MULTI_SEND,46706,278
INTERNAL_EVENT,46876,279
INTERNAL_EVENT,47048,280
INTERNAL_EVENT,47216,281
INTERNAL_EVENT,47389,282
INTERNAL_EVENT,47559,283
INTERNAL_EVENT,47727,284
INTERNAL_EVENT,47899,285
INTERNAL_EVENT,48066,286
INTERNAL_EVENT,48235,287
INTERNAL_EVENT,48404,288
INTERNAL_EVENT,48576,289
INTERNAL_EVENT,48745,290
INTERNAL_EVENT,48915,291
INTERNAL_EVENT,49087,292
INTERNAL_EVENT,49255,293
INTERNAL_EVENT,49427,294
INTERNAL_EVENT,49596,295
INTERNAL_EVENT,49768,296
INTERNAL_EVENT,49936,297
INTERNAL_EVENT,50107,298
INTERNAL_EVENT,50276,299
INTERNAL_EVENT,50446,300
INTERNAL_EVENT,50618,301
INTERNAL_EVENT,50785,302
INTERNAL_EVENT,50955,303
INTERNAL_EVENT,51126,304
INTERNAL_EVENT,51296,305
INTERNAL_EVENT,51466,306
INTERNAL_EVENT,51633,307
INTERNAL_EVENT,51805,308
INTERNAL_EVENT,51976,309
INTERNAL_EVENT,52144,310
INTERNAL_EVENT,52314,311
INTERNAL_EVENT,52485,312
INTERNAL_EVENT,52652,313
INTERNAL_EVENT,52824,314
INTERNAL_EVENT,52992,315
INTERNAL_EVENT,53163,316
INTERNAL_EVENT,53331,317
INTERNAL_EVENT,53501,318
INTERNAL_EVENT,53672,319
INTERNAL_EVENT,53842,320
SINGLE_SEND,54013,321
SINGLE_SEND,54181,322
INTERNAL_EVENT,54353,323
INTERNAL_EVENT,54524,324
INTERNAL_EVENT,54693,325
RECEIVED,B,0,54861,326
INTERNAL_EVENT,55031,327
INTERNAL_EVENT,55200,328
INTERNAL_EVENT,55369,329
INTERNAL_EVENT,55538,330
INTERNAL_EVENT,55709,331
INTERNAL_EVENT,55880,332
INTERNAL_EVENT,56048,333
INTERNAL_EVENT,56216,334
INTERNAL_EVENT,56388,335
INTERNAL_EVENT,56559,336
INTERNAL_EVENT,56726,337
INTERNAL_EVENT,56897,338
INTERNAL_EVENT,57069,339
INTERNAL_EVENT,57240,340
RECEIVED,A,0,57410,341
INTERNAL_EVENT,57578,342
INTERNAL_EVENT,57747,343
INTERNAL_EVENT,57917,344
INTERNAL_EVENT,58086,345
SINGLE_SEND,58257,346
INTERNAL_EVENT,58426,347
INTERNAL_EVENT,58593,348
INTERNAL_EVENT,58761,349
INTERNAL_EVENT,58929,350
INTERNAL_EVENT,59096,351
INTERNAL_EVENT,59266,352
INTERNAL_EVENT,59435,353
INTERNAL_EVENT,59606,354
INTERNAL_EVENT,59776,355
MULTI_SEND,59945,356
INTERNAL_EVENT,60113,357
INTERNAL_EVENT,60283,358
INTERNAL_EVENT,60456,359
INTERNAL_EVENT,60626,360
INTERNAL_EVENT,60796,361
INTERNAL_EVENT,60964,362
RECEIVED,B,0,61135,363
INTERNAL_EVENT,61306,364
INTERNAL_EVENT,61478,365
INTERNAL_EVENT,61645,366
SINGLE_SEND,61814,367
INTERNAL_EVENT,61985,368
INTERNAL_EVENT,62153,369
INTERNAL_EVENT,62323,370
INTERNAL_EVENT,62495,371
INTERNAL_EVENT,62667,372
INTERNAL_EVENT,62839,373
INTERNAL_EVENT,63009,374
RECEIVED,B,0,63179,375
INTERNAL_EVENT,63347,376
INTERNAL_EVENT,63517,377
INTERNAL_EVENT,63688,378
INTERNAL_EVENT,63859,379
INTERNAL_EVENT,64029,380
INTERNAL_EVENT,64199,381
RECEIVED,B,0,64367,382
INTERNAL_EVENT,64539,383
INTERNAL_EVENT,64709,384
INTERNAL_EVENT,64877,385
INTERNAL_EVENT,65045,386
INTERNAL_EVENT,65215,387
INTERNAL_EVENT,65386,388
INTERNAL_EVENT,65557,389
INTERNAL_EVENT,65728,390
INTERNAL_EVENT,65894,391
