INIT,C,6
RECEIVED,A,0,74,2
SINGLE_SEND,243,3
RECEIVED,B,0,410,4
INTERNAL_EVENT,581,5
INTERNAL_EVENT,753,6
INTERNAL_EVENT,924,7
RECEIVED,B,0,1095,8
INTERNAL_EVENT,1264,9
INTERNAL_EVENT,1430,10
SINGLE_SEND,1598,11
INTERNAL_EVENT,1765,12
INTERNAL_EVENT,1936,13
INTERNAL_EVENT,2106,14
INTERNAL_EVENT,2276,15
RECEIVED,A,0,2445,16
INTERNAL_EVENT,2613,17
RECEIVED,B,0,2784,18
SINGLE_SEND,2955,19
SINGLE_SEND,3126,20
INTERNAL_EVENT,3294,21
INTERNAL_EVENT,3464,22
INTERNAL_EVENT,3637,23
INTERNAL_EVENT,3807,24
INTERNAL_EVENT,3976,25
RECEIVED,A,0,4144,26
INTERNAL_EVENT,4316,27
RECEIVED,B,0,4487,29
SINGLE_SEND,4657,30
SINGLE_SEND,4826,31
SINGLE_SEND,4995,32
INTERNAL_EVENT,5164,33
INTERNAL_EVENT,5333,34
SINGLE_SEND,5505,35
SINGLE_SEND,5676,36
INTERNAL_EVENT,5844,37
INTERNAL_EVENT,6012,38
RECEIVED,A,0,6182,39
SINGLE_SEND,6352,40
INTERNAL_EVENT,6521,41
INTERNAL_EVENT,6693,42
RECEIVED,B,0,6861,44
INTERNAL_EVENT,7029,45
SINGLE_SEND,7200,46
INTERNAL_EVENT,7366,47
INTERNAL_EVENT,7534,48
RECEIVED,B,0,7705,49
INTERNAL_EVENT,7877,50
SINGLE_SEND,8044,51
INTERNAL_EVENT,8216,52
INTERNAL_EVENT,8387,53
INTERNAL_EVENT,8555,54
INTERNAL_EVENT,8727,55
INTERNAL_EVENT,8894,56
MULTI_SEND,9061,57
INTERNAL_EVENT,9228,58
INTERNAL_EVENT,9400,59
SINGLE_SEND,9571,60
SINGLE_SEND,9743,61
SINGLE_SEND,9911,62
RECEIVED,B,0,10081,64
INTERNAL_EVENT,10250,65
INTERNAL_EVENT,10421,66
RECEIVED,B,0,10593,67
INTERNAL_EVENT,10761,68
INTERNAL_EVENT,10930,69
RECEIVED,B,0,11097,70
INTERNAL_EVENT,11268,71
RECEIVED,B,0,11436,72
INTERNAL_EVENT,11606,73
RECEIVED,B,0,11776,74
INTERNAL_EVENT,11948,75
RECEIVED,B,0,12116,76
INTERNAL_EVENT,12283,77
INTERNAL_EVENT,12455,78
SINGLE_SEND,12627,79
INTERNAL_EVENT,12794,80
RECEIVED,B,0,12963,81
INTERNAL_EVENT,13135,82
INTERNAL_EVENT,13305,83
INTERNAL_EVENT,13477,84
INTERNAL_EVENT,13644,85
RECEIVED,B,0,13815,86
INTERNAL_EVENT,13985,87
RECEIVED,B,0,14155,88
INTERNAL_EVENT,14327,89
INTERNAL_EVENT,14494,90
RECEIVED,B,0,14665,91
INTERNAL_EVENT,14837,92
INTERNAL_EVENT,15006,93
INTERNAL_EVENT,15176,94
INTERNAL_EVENT,15345,95
INTERNAL_EVENT,15513,96
INTERNAL_EVENT,15683,97
RECEIVED,B,0,15852,98
INTERNAL_EVENT,16021,99
INTERNAL_EVENT,16193,100
MULTI_SEND,16363,101
INTERNAL_EVENT,16534,102
SINGLE_SEND,16700,103
RECEIVED,B,0,16871,105
RECEIVED,B,0,17043,106
RECEIVED,B,0,17215,107
SINGLE_SEND,17383,108
INTERNAL_EVENT,17550,109
INTERNAL_EVENT,17721,110
INTERNAL_EVENT,17893,111
INTERNAL_EVENT,18064,112
INTERNAL_EVENT,18232,113
SINGLE_SEND,18404,114
SINGLE_SEND,18576,115
RECEIVED,B,0,18744,116
RECEIVED,B,0,18911,117
INTERNAL_EVENT,19080,118
INTERNAL_EVENT,19248,119
SINGLE_SEND,19417,120
INTERNAL_EVENT,19586,121
INTERNAL_EVENT,19755,122
MULTI_SEND,19927,123
INTERNAL_EVENT,20098,124
RECEIVED,B,0,20269,126
SINGLE_SEND,20438,127
INTERNAL_EVENT,20606,128
INTERNAL_EVENT,20777,129
RECEIVED,B,0,20948,131
INTERNAL_EVENT,21120,132
INTERNAL_EVENT,21291,133
MULTI_SEND,21458,134
INTERNAL_EVENT,21630,135
SINGLE_SEND,21800,136
INTERNAL_EVENT,21972,137
SINGLE_SEND,22143,138
RECEIVED,A,0,22311,139
INTERNAL_EVENT,22482,140
RECEIVED,B,0,22654,142
RECEIVED,B,0,22825,143
SINGLE_SEND,22993,144
INTERNAL_EVENT,23164,145
RECEIVED,B,0,23333,146
INTERNAL_EVENT,23505,147
SINGLE_SEND,23677,148
SINGLE_SEND,23845,149
RECEIVED,B,0,24015,150
RECEIVED,B,0,24185,151
INTERNAL_EVENT,24355,152
RECEIVED,B,0,24527,153
INTERNAL_EVENT,24698,154
RECEIVED,B,0,24870,155
INTERNAL_EVENT,25037,156
INTERNAL_EVENT,25206,157
INTERNAL_EVENT,25378,158
INTERNAL_EVENT,25549,159
INTERNAL_EVENT,25722,160
INTERNAL_EVENT,25893,161
INTERNAL_EVENT,26061,162
INTERNAL_EVENT,26229,163
INTERNAL_EVENT,26396,164
INTERNAL_EVENT,26567,165
SINGLE_SEND,26734,166
INTERNAL_EVENT,26906,167
RECEIVED,B,0,27075,168
INTERNAL_EVENT,27244,169
INTERNAL_EVENT,27414,170
INTERNAL_EVENT,27582,171
MULTI_SEND,27754,172
INTERNAL_EVENT,27922,173
SINGLE_SEND,28093,174
MULTI_SEND,28262,175
INTERNAL_EVENT,28432,176
INTERNAL_EVENT,28605,177
INTERNAL_EVENT,28777,178
MULTI_SEND,28945,179
SINGLE_SEND,29115,180
INTERNAL_EVENT,29283,181
SINGLE_SEND,29450,182
INTERNAL_EVENT,29622,183
SINGLE_SEND,29793,184
INTERNAL_EVENT,29961,185
INTERNAL_EVENT,30129,186
INTERNAL_EVENT,30301,187
RECEIVED,B,0,30472,189
INTERNAL_EVENT,30643,190
INTERNAL_EVENT,30810,191
INTERNAL_EVENT,30979,192
SINGLE_SEND,31151,193
INTERNAL_EVENT,31322,194
INTERNAL_EVENT,31493,195
SINGLE_SEND,31660,196
RECEIVED,B,0,31828,197
RECEIVED,B,0,31999,198
SINGLE_SEND,32166,199
INTERNAL_EVENT,32335,200
INTERNAL_EVENT,32505,201
INTERNAL_EVENT,32677,202
INTERNAL_EVENT,32847,203
SINGLE_SEND,33014,204
INTERNAL_EVENT,33184,205
RECEIVED,B,0,33355,206
INTERNAL_EVENT,33527,207
INTERNAL_EVENT,33696,208
INTERNAL_EVENT,33868,209
INTERNAL_EVENT,34037,210
INTERNAL_EVENT,34205,211
INTERNAL_EVENT,34376,212
INTERNAL_EVENT,34544,213
INTERNAL_EVENT,34716,214
INTERNAL_EVENT,34887,215
SINGLE_SEND,35055,216
INTERNAL_EVENT,35227,217
SINGLE_SEND,35399,218
RECEIVED,B,0,35571,219
INTERNAL_EVENT,35740,220
INTERNAL_EVENT,35910,221
SINGLE_SEND,36081,222
MULTI_SEND,36251,223
INTERNAL_EVENT,36422,224
INTERNAL_EVENT,36594,225
INTERNAL_EVENT,36761,226
MULTI_SEND,36931,227
SINGLE_SEND,37101,228
SINGLE_SEND,37272,229
INTERNAL_EVENT,37444,230
SINGLE_SEND,37613,231
INTERNAL_EVENT,37785,232
INTERNAL_EVENT,37956,233
RECEIVED,B,0,38127,234
INTERNAL_EVENT,38296,235
INTERNAL_EVENT,38466,236
INTERNAL_EVENT,38637,237
INTERNAL_EVENT,38806,238
RECEIVED,B,0,38977,239
RECEIVED,B,0,39145,240
RECEIVED,B,0,39312,241
INTERNAL_EVENT,39482,242
INTERNAL_EVENT,39651,243
RECEIVED,A,0,39822,244
INTERNAL_EVENT,39994,245
RECEIVED,A,0,40166,246
INTERNAL_EVENT,40337,247
RECEIVED,A,0,40505,248
INTERNAL_EVENT,40677,249
INTERNAL_EVENT,40844,250
RECEIVED,B,0,41012,251
INTERNAL_EVENT,41180,252
INTERNAL_EVENT,41350,253
RECEIVED,B,0,41519,254
SINGLE_SEND,41687,255
SINGLE_SEND,41856,256
INTERNAL_EVENT,42026,257
INTERNAL_EVENT,42195,258
INTERNAL_EVENT,42363,259
SINGLE_SEND,42533,260
INTERNAL_EVENT,42705,261
INTERNAL_EVENT,42877,262
SINGLE_SEND,43046,263
RECEIVED,A,0,43215,264
INTERNAL_EVENT,43385,265
SINGLE_SEND,43555,266
INTERNAL_EVENT,43727,267
SINGLE_SEND,43895,268
INTERNAL_EVENT,44067,269
INTERNAL_EVENT,44236,270
SINGLE_SEND,44405,271
SINGLE_SEND,44577,272
INTERNAL_EVENT,44745,273
RECEIVED,B,0,44912,275
SINGLE_SEND,45080,276
RECEIVED,B,0,45247,277
SINGLE_SEND,45416,278
INTERNAL_EVENT,45588,279
INTERNAL_EVENT,45756,280
SINGLE_SEND,45923,281
INTERNAL_EVENT,46094,282
RECEIVED,B,0,46265,283
SINGLE_SEND,46434,284
INTERNAL_EVENT,46601,285
INTERNAL_EVENT,46772,286
RECEIVED,A,0,46944,287
INTERNAL_EVENT,47111,288
RECEIVED,A,0,47279,289
INTERNAL_EVENT,47446,290
RECEIVED,B,0,47614,291
INTERNAL_EVENT,47786,292
INTERNAL_EVENT,47956,293
SINGLE_SEND,48127,294
INTERNAL_EVENT,48295,295
INTERNAL_EVENT,48466,296
INTERNAL_EVENT,48633,297
INTERNAL_EVENT,48802,298
INTERNAL_EVENT,48972,299
SINGLE_SEND,49144,300
SINGLE_SEND,49311,301
SINGLE_SEND,49481,302
INTERNAL_EVENT,49653,303
INTERNAL_EVENT,49822,304
INTERNAL_EVENT,49994,305
INTERNAL_EVENT,50162,306
INTERNAL_EVENT,50334,307
SINGLE_SEND,50506,308
RECEIVED,A,0,50677,309
INTERNAL_EVENT,50845,310
INTERNAL_EVENT,51016,311
INTERNAL_EVENT,51186,312
RECEIVED,A,0,51356,313
INTERNAL_EVENT,51523,314
MULTI_SEND,51693,315
MULTI_SEND,51862,316
INTERNAL_EVENT,52029,317
INTERNAL_EVENT,52202,318
INTERNAL_EVENT,52372,319
SINGLE_SEND,52544,320
INTERNAL_EVENT,52714,321
RECEIVED,B,0,52883,323
SINGLE_SEND,53055,324
INTERNAL_EVENT,53223,325
INTERNAL_EVENT,53393,326
INTERNAL_EVENT,53563,327
SINGLE_SEND,53734,328
INTERNAL_EVENT,53906,329
RECEIVED,B,0,54078,331
INTERNAL_EVENT,54248,332
INTERNAL_EVENT,54420,333
INTERNAL_EVENT,54590,334
INTERNAL_EVENT,54761,335
INTERNAL_EVENT,54930,336
INTERNAL_EVENT,55098,337
MULTI_SEND,55266,338
INTERNAL_EVENT,55437,339
INTERNAL_EVENT,55607,340
MULTI_SEND,55778,341
INTERNAL_EVENT,55946,342
INTERNAL_EVENT,56118,343
RECEIVED,B,0,56288,345
SINGLE_SEND,56456,346
INTERNAL_EVENT,56628,347
RECEIVED,A,0,56797,348
INTERNAL_EVENT,56967,349
INTERNAL_EVENT,57136,350
INTERNAL_EVENT,57306,351
INTERNAL_EVENT,57478,352
RECEIVED,B,0,57647,354
INTERNAL_EVENT,57818,355
SINGLE_SEND,57987,356
INTERNAL_EVENT,58156,357
INTERNAL_EVENT,58328,358
RECEIVED,A,0,58499,359
SINGLE_SEND,58666,360
INTERNAL_EVENT,58833,361
RECEIVED,B,0,59005,363
INTERNAL_EVENT,59172,364
INTERNAL_EVENT,59344,365
INTERNAL_EVENT,59511,366
INTERNAL_EVENT,59682,367
RECEIVED,B,0,59854,368
INTERNAL_EVENT,60022,369
INTERNAL_EVENT,60193,370
INTERNAL_EVENT,60361,371
MULTI_SEND,60528,372
MULTI_SEND,60696,373
INTERNAL_EVENT,60868,374
RECEIVED,B,0,61037,376
INTERNAL_EVENT,61208,377
INTERNAL_EVENT,61378,378
INTERNAL_EVENT,61549,379
INTERNAL_EVENT,61716,380
RECEIVED,B,0,61886,381
INTERNAL_EVENT,62056,382
SINGLE_SEND,62226,383
SINGLE_SEND,62395,384
INTERNAL_EVENT,62566,385
INTERNAL_EVENT,62734,386
INTERNAL_EVENT,62906,387
RECEIVED,B,0,63078,389
INTERNAL_EVENT,63248,390
SINGLE_SEND,63415,391
INTERNAL_EVENT,63584,392
INTERNAL_EVENT,63756,393
INTERNAL_EVENT,63928,394
INTERNAL_EVENT,64095,395
INTERNAL_EVENT,64266,396
RECEIVED,B,0,64435,398
INTERNAL_EVENT,64606,399
RECEIVED,B,0,64778,400
INTERNAL_EVENT,64945,401
SINGLE_SEND,65116,402
INTERNAL_EVENT,65286,403
SINGLE_SEND,65456,404
SINGLE_SEND,65628,405
INTERNAL_EVENT,65796,406
INTERNAL_EVENT,65965,407
