INIT,C,6
INTERNAL_EVENT,72,1
RECEIVED,B,0,244,2
INTERNAL_EVENT,415,3
RECEIVED,A,0,584,5
SINGLE_SEND,755,6
RECEIVED,B,0,927,7
MULTI_SEND,1095,8
INTERNAL_EVENT,1261,9
SINGLE_SEND,1429,10
INTERNAL_EVENT,1595,11
INTERNAL_EVENT,1763,12
RECEIVED,B,0,1935,14
INTERNAL_EVENT,2104,15
SINGLE_SEND,2275,16
RECEIVED,B,0,2443,17
INTERNAL_EVENT,2611,18
INTERNAL_EVENT,2783,19
INTERNAL_EVENT,2954,20
INTERNAL_EVENT,3126,21
SINGLE_SEND,3295,22
SINGLE_SEND,3461,23
INTERNAL_EVENT,3630,24
INTERNAL_EVENT,3799,25
RECEIVED,A,0,3972,26
INTERNAL_EVENT,4141,27
INTERNAL_EVENT,4310,28
RECEIVED,A,0,4477,29
INTERNAL_EVENT,4645,30
INTERNAL_EVENT,4815,31
INTERNAL_EVENT,4983,32
INTERNAL_EVENT,5154,33
INTERNAL_EVENT,5325,34
RECEIVED,B,0,5493,35
RECEIVED,A,0,5666,37
RECEIVED,B,0,5838,38
INTERNAL_EVENT,6005,39
RECEIVED,B,0,6177,40
RECEIVED,B,0,6347,41
INTERNAL_EVENT,6518,42
MULTI_SEND,6690,43
RECEIVED,B,0,6861,44
INTERNAL_EVENT,7031,45
INTERNAL_EVENT,7202,46
INTERNAL_EVENT,7371,47
INTERNAL_EVENT,7543,48
RECEIVED,A,0,7711,49
INTERNAL_EVENT,7878,50
INTERNAL_EVENT,8047,51
INTERNAL_EVENT,8219,52
INTERNAL_EVENT,8388,53
INTERNAL_EVENT,8560,54
RECEIVED,A,0,8728,55
INTERNAL_EVENT,8899,56
INTERNAL_EVENT,9068,57
RECEIVED,B,0,9239,58
INTERNAL_EVENT,9407,59
RECEIVED,A,0,9575,60
INTERNAL_EVENT,9744,61
INTERNAL_EVENT,9911,62
MULTI_SEND,10084,63
SINGLE_SEND,10254,64
SINGLE_SEND,10425,65
INTERNAL_EVENT,10592,66
INTERNAL_EVENT,10761,67
INTERNAL_EVENT,10932,68
RECEIVED,B,0,11099,69
INTERNAL_EVENT,11270,70
INTERNAL_EVENT,11438,71
INTERNAL_EVENT,11606,72
INTERNAL_EVENT,11777,73
INTERNAL_EVENT,11944,74
RECEIVED,B,0,12111,75
RECEIVED,A,0,12278,76
INTERNAL_EVENT,12445,77
RECEIVED,B,0,12616,78
INTERNAL_EVENT,12788,79
INTERNAL_EVENT,12955,80
INTERNAL_EVENT,13125,81
INTERNAL_EVENT,13294,82
RECEIVED,B,0,13462,83
INTERNAL_EVENT,13632,84
INTERNAL_EVENT,13804,85
MULTI_SEND,13975,86
INTERNAL_EVENT,14144,87
SINGLE_SEND,14314,88
RECEIVED,B,0,14480,89
RECEIVED,B,0,14649,90
SINGLE_SEND,14820,91
INTERNAL_EVENT,14989,92
RECEIVED,A,0,15161,93
INTERNAL_EVENT,15331,94
INTERNAL_EVENT,15501,95
RECEIVED,B,0,15670,96
RECEIVED,B,0,15840,97
MULTI_SEND,16008,98
INTERNAL_EVENT,16178,99
INTERNAL_EVENT,16348,100
INTERNAL_EVENT,16516,101
INTERNAL_EVENT,16688,102
MULTI_SEND,16860,103
INTERNAL_EVENT,17028,104
INTERNAL_EVENT,17195,105
INTERNAL_EVENT,17366,106
INTERNAL_EVENT,17538,107
INTERNAL_EVENT,17705,108
INTERNAL_EVENT,17875,109
MULTI_SEND,18045,110
SINGLE_SEND,18214,111
INTERNAL_EVENT,18382,112
INTERNAL_EVENT,18550,113
INTERNAL_EVENT,18719,114
INTERNAL_EVENT,18889,115
SINGLE_SEND,19061,116
INTERNAL_EVENT,19228,117
RECEIVED,A,0,19395,118
INTERNAL_EVENT,19564,119
RECEIVED,A,0,19731,120
SINGLE_SEND,19901,121
RECEIVED,B,0,20072,122
INTERNAL_EVENT,20244,123
INTERNAL_EVENT,20411,124
RECEIVED,B,0,20583,125
INTERNAL_EVENT,20754,126
SINGLE_SEND,20926,127
MULTI_SEND,21095,128
INTERNAL_EVENT,21264,129
INTERNAL_EVENT,21435,130
INTERNAL_EVENT,21604,131
INTERNAL_EVENT,21775,132
INTERNAL_EVENT,21944,133
SINGLE_SEND,22112,134
INTERNAL_EVENT,22280,135
INTERNAL_EVENT,22450,136
RECEIVED,B,0,22619,137
INTERNAL_EVENT,22788,138
INTERNAL_EVENT,22957,139
RECEIVED,A,0,23128,140
INTERNAL_EVENT,23295,141
RECEIVED,A,0,23466,142
INTERNAL_EVENT,23638,143
MULTI_SEND,23805,144
INTERNAL_EVENT,23975,145
INTERNAL_EVENT,24144,146
INTERNAL_EVENT,24312,147
RECEIVED,B,0,24483,148
INTERNAL_EVENT,24654,149
INTERNAL_EVENT,24825,150
INTERNAL_EVENT,24995,151
RECEIVED,B,0,25162,152
RECEIVED,B,0,25333,153
INTERNAL_EVENT,25505,154
SINGLE_SEND,25676,155
SINGLE_SEND,25845,156
INTERNAL_EVENT,26015,157
INTERNAL_EVENT,26185,158
RECEIVED,B,0,26355,159
INTERNAL_EVENT,26526,160
INTERNAL_EVENT,26695,161
INTERNAL_EVENT,26865,162
RECEIVED,A,0,27034,163
INTERNAL_EVENT,27205,164
SINGLE_SEND,27376,165
SINGLE_SEND,27546,166
INTERNAL_EVENT,27718,167
INTERNAL_EVENT,27888,168
INTERNAL_EVENT,28058,169
RECEIVED,A,0,28226,170
INTERNAL_EVENT,28395,171
INTERNAL_EVENT,28562,172
MULTI_SEND,28733,173
INTERNAL_EVENT,28905,174
SINGLE_SEND,29076,175
INTERNAL_EVENT,29246,176
RECEIVED,B,0,29416,177
INTERNAL_EVENT,29588,178
SINGLE_SEND,29759,179
SINGLE_SEND,29928,180
RECEIVED,B,0,30095,181
SINGLE_SEND,30267,182
INTERNAL_EVENT,30438,183
INTERNAL_EVENT,30606,184
INTERNAL_EVENT,30778,185
INTERNAL_EVENT,30946,186
INTERNAL_EVENT,31115,187
INTERNAL_EVENT,31286,188
INTERNAL_EVENT,31455,189
SINGLE_SEND,31626,190
RECEIVED,B,0,31795,191
INTERNAL_EVENT,31962,192
INTERNAL_EVENT,32129,193
INTERNAL_EVENT,32298,194
RECEIVED,B,0,32466,195
INTERNAL_EVENT,32638,196
INTERNAL_EVENT,32810,197
RECEIVED,A,0,32978,199
SINGLE_SEND,33148,200
INTERNAL_EVENT,33320,201
INTERNAL_EVENT,33488,202
INTERNAL_EVENT,33656,203
RECEIVED,A,0,33828,204
RECEIVED,A,0,33998,205
INTERNAL_EVENT,34166,206
INTERNAL_EVENT,34336,207
INTERNAL_EVENT,34505,208
SINGLE_SEND,34676,209
SINGLE_SEND,34845,210
INTERNAL_EVENT,35015,211
RECEIVED,B,0,35187,212
MULTI_SEND,35357,213
INTERNAL_EVENT,35528,214
INTERNAL_EVENT,35697,215
RECEIVED,A,0,35868,216
RECEIVED,A,0,36038,217
MULTI_SEND,36209,218
SINGLE_SEND,36378,219
SINGLE_SEND,36549,220
INTERNAL_EVENT,36718,221
INTERNAL_EVENT,36888,222
RECEIVED,B,1,37059,223
RECEIVED,A,0,37229,224
INTERNAL_EVENT,37399,225
RECEIVED,B,0,37572,226
INTERNAL_EVENT,37738,227
INTERNAL_EVENT,37910,228
RECEIVED,A,0,38078,229
INTERNAL_EVENT,38247,230
SINGLE_SEND,38418,231
INTERNAL_EVENT,38588,232
INTERNAL_EVENT,38760,233
SINGLE_SEND,38928,234
RECEIVED,A,0,39097,235
INTERNAL_EVENT,39264,236
INTERNAL_EVENT,39432,237
RECEIVED,B,0,39601,238
INTERNAL_EVENT,39769,239
RECEIVED,B,0,39939,240
RECEIVED,A,0,40111,241
SINGLE_SEND,40283,242
INTERNAL_EVENT,40455,243
MULTI_SEND,40626,244
INTERNAL_EVENT,40795,245
INTERNAL_EVENT,40964,246
RECEIVED,A,0,41133,247
INTERNAL_EVENT,41305,248
RECEIVED,A,0,41476,249
SINGLE_SEND,41643,250
RECEIVED,B,0,41812,251
MULTI_SEND,41979,252
INTERNAL_EVENT,42146,253
RECEIVED,B,0,42315,255
INTERNAL_EVENT,42486,256
INTERNAL_EVENT,42656,257
INTERNAL_EVENT,42828,258
RECEIVED,B,0,42999,259
SINGLE_SEND,43167,260
INTERNAL_EVENT,43338,261
INTERNAL_EVENT,43511,262
RECEIVED,B,0,43680,263
RECEIVED,B,0,43848,264
INTERNAL_EVENT,44019,265
INTERNAL_EVENT,44188,266
INTERNAL_EVENT,44358,267
INTERNAL_EVENT,44529,268
SINGLE_SEND,44699,269
INTERNAL_EVENT,44871,270
MULTI_SEND,45038,271
RECEIVED,B,0,45206,272
SINGLE_SEND,45376,273
RECEIVED,B,0,45543,274
INTERNAL_EVENT,45713,275
RECEIVED,B,1,45881,276
RECEIVED,A,0,46053,277
INTERNAL_EVENT,46221,278
MULTI_SEND,46393,279
RECEIVED,B,0,46561,280
SINGLE_SEND,46729,281
INTERNAL_EVENT,46899,282
INTERNAL_EVENT,47068,283
INTERNAL_EVENT,47238,284
MULTI_SEND,47407,285
INTERNAL_EVENT,47579,286
MULTI_SEND,47748,287
INTERNAL_EVENT,47915,288
SINGLE_SEND,48086,289
MULTI_SEND,48255,290
INTERNAL_EVENT,48426,291
SINGLE_SEND,48593,292
SINGLE_SEND,48762,293
INTERNAL_EVENT,48929,294
INTERNAL_EVENT,49101,295
INTERNAL_EVENT,49270,296
INTERNAL_EVENT,49440,297
INTERNAL_EVENT,49612,298
RECEIVED,B,0,49779,299
INTERNAL_EVENT,49949,300
INTERNAL_EVENT,50118,301
RECEIVED,B,0,50289,302
INTERNAL_EVENT,50455,303
INTERNAL_EVENT,50626,304
INTERNAL_EVENT,50795,305
SINGLE_SEND,50966,306
SINGLE_SEND,51135,307
INTERNAL_EVENT,51305,308
SINGLE_SEND,51476,309
INTERNAL_EVENT,51646,310
SINGLE_SEND,51818,311
RECEIVED,B,0,51989,312
INTERNAL_EVENT,52157,313
INTERNAL_EVENT,52329,314
INTERNAL_EVENT,52501,315
RECEIVED,B,0,52670,316
INTERNAL_EVENT,52839,317
RECEIVED,A,0,53009,318
MULTI_SEND,53179,319
INTERNAL_EVENT,53350,320
SINGLE_SEND,53518,321
SINGLE_SEND,53689,322
INTERNAL_EVENT,53861,323
INTERNAL_EVENT,54030,324
INTERNAL_EVENT,54198,325
RECEIVED,A,0,54369,326
INTERNAL_EVENT,54539,327
SINGLE_SEND,54708,328
RECEIVED,A,0,54879,329
SINGLE_SEND,55050,330
SINGLE_SEND,55220,331
RECEIVED,B,0,55389,332
INTERNAL_EVENT,55557,333
RECEIVED,B,0,55729,334
RECEIVED,A,0,55899,335
SINGLE_SEND,56067,336
INTERNAL_EVENT,56239,337
INTERNAL_EVENT,56410,338
INTERNAL_EVENT,56579,339
INTERNAL_EVENT,56747,340
INTERNAL_EVENT,56917,341
MULTI_SEND,57089,342
INTERNAL_EVENT,57261,343
INTERNAL_EVENT,57429,344
INTERNAL_EVENT,57598,345
INTERNAL_EVENT,57769,346
INTERNAL_EVENT,57939,347
INTERNAL_EVENT,58107,348
RECEIVED,A,0,58276,349
INTERNAL_EVENT,58446,350
INTERNAL_EVENT,58615,351
INTERNAL_EVENT,58785,352
INTERNAL_EVENT,58955,353
SINGLE_SEND,59126,354
RECEIVED,B,0,59298,355
INTERNAL_EVENT,59467,356
INTERNAL_EVENT,59639,357
RECEIVED,A,0,59811,358
SINGLE_SEND,59982,359
INTERNAL_EVENT,60151,360
RECEIVED,A,0,60320,361
RECEIVED,B,0,60492,362
RECEIVED,B,0,60663,363
RECEIVED,B,0,60831,364
MULTI_SEND,60999,365
RECEIVED,B,0,61169,366
INTERNAL_EVENT,61339,367
RECEIVED,B,0,61506,368
INTERNAL_EVENT,61678,369
MULTI_SEND,61846,370
INTERNAL_EVENT,62016,371
MULTI_SEND,62186,372
RECEIVED,B,0,62356,373
INTERNAL_EVENT,62527,374
INTERNAL_EVENT,62699,375
MULTI_SEND,62866,376
SINGLE_SEND,63035,377
MULTI_SEND,63205,378
INTERNAL_EVENT,63377,379
INTERNAL_EVENT,63546,380
INTERNAL_EVENT,63713,381
SINGLE_SEND,63882,382
MULTI_SEND,64054,383
MULTI_SEND,64225,384
INTERNAL_EVENT,64396,385
SINGLE_SEND,64566,386
INTERNAL_EVENT,64734,387
SINGLE_SEND,64905,388
INTERNAL_EVENT,65076,389
INTERNAL_EVENT,65245,390
INTERNAL_EVENT,65415,391
INTERNAL_EVENT,65587,392
RECEIVED,B,0,65758,393
MULTI_SEND,65930,394
