INIT,C,6
INTERNAL_EVENT,68,1
SINGLE_SEND,239,2
INTERNAL_EVENT,411,3
RECEIVED,A,0,582,5
RECEIVED,A,0,754,6
SINGLE_SEND,924,7
INTERNAL_EVENT,1092,8
INTERNAL_EVENT,1263,9
RECEIVED,B,0,1431,10
INTERNAL_EVENT,1601,11
RECEIVED,A,0,1771,13
RECEIVED,B,0,1942,14
RECEIVED,B,0,2111,15
INTERNAL_EVENT,2282,16
INTERNAL_EVENT,2450,17
RECEIVED,A,0,2621,18
INTERNAL_EVENT,2793,19
INTERNAL_EVENT,2961,20
SINGLE_SEND,3131,21
INTERNAL_EVENT,3304,22
INTERNAL_EVENT,3471,23
RECEIVED,A,0,3642,24
INTERNAL_EVENT,3811,25
RECEIVED,A,0,3983,26
INTERNAL_EVENT,4154,27
INTERNAL_EVENT,4325,28
INTERNAL_EVENT,4493,29
RECEIVED,B,0,4661,31
SINGLE_SEND,4832,32
INTERNAL_EVENT,5000,33
RECEIVED,B,0,5171,35
INTERNAL_EVENT,5342,36
INTERNAL_EVENT,5511,37
INTERNAL_EVENT,5679,38
INTERNAL_EVENT,5849,39
RECEIVED,B,0,6021,40
RECEIVED,A,0,6192,42
INTERNAL_EVENT,6361,43
INTERNAL_EVENT,6533,44
INTERNAL_EVENT,6705,45
INTERNAL_EVENT,6876,46
RECEIVED,B,1,7046,47
RECEIVED,A,0,7212,48
INTERNAL_EVENT,7379,49
RECEIVED,B,0,7550,50
RECEIVED,B,0,7721,51
INTERNAL_EVENT,7892,52
INTERNAL_EVENT,8061,53
INTERNAL_EVENT,8232,54
RECEIVED,B,0,8399,55
INTERNAL_EVENT,8571,56
RECEIVED,A,0,8742,57
RECEIVED,B,0,8911,58
INTERNAL_EVENT,9082,59
RECEIVED,B,0,9254,60
RECEIVED,B,0,9422,61
INTERNAL_EVENT,9592,62
INTERNAL_EVENT,9761,63
INTERNAL_EVENT,9933,64
INTERNAL_EVENT,10104,65
MULTI_SEND,10272,66
INTERNAL_EVENT,10442,67
RECEIVED,A,0,10612,69
INTERNAL_EVENT,10779,70
RECEIVED,A,0,10949,71
INTERNAL_EVENT,11121,72
INTERNAL_EVENT,11292,73
RECEIVED,A,0,11459,74
INTERNAL_EVENT,11628,75
SINGLE_SEND,11800,76
INTERNAL_EVENT,11971,77
MULTI_SEND,12143,78
INTERNAL_EVENT,12311,79
INTERNAL_EVENT,12483,80
INTERNAL_EVENT,12654,81
INTERNAL_EVENT,12822,82
RECEIVED,B,0,12992,84
INTERNAL_EVENT,13161,85
INTERNAL_EVENT,13334,86
INTERNAL_EVENT,13504,87
SINGLE_SEND,13675,88
RECEIVED,A,0,13845,89
MULTI_SEND,14013,90
INTERNAL_EVENT,14182,91
RECEIVED,B,0,14351,93
RECEIVED,B,0,14521,94
MULTI_SEND,14692,95
INTERNAL_EVENT,14861,96
INTERNAL_EVENT,15034,97
INTERNAL_EVENT,15204,98
RECEIVED,B,1,15376,100
RECEIVED,A,0,15545,101
INTERNAL_EVENT,15715,102
RECEIVED,B,0,15884,103
INTERNAL_EVENT,16056,104
INTERNAL_EVENT,16226,105
INTERNAL_EVENT,16395,106
INTERNAL_EVENT,16567,107
INTERNAL_EVENT,16735,108
SINGLE_SEND,16905,109
SINGLE_SEND,17072,110
INTERNAL_EVENT,17242,111
MULTI_SEND,17414,112
INTERNAL_EVENT,17584,113
INTERNAL_EVENT,17754,114
SINGLE_SEND,17923,115
RECEIVED,B,0,18095,116
RECEIVED,B,0,18262,117
INTERNAL_EVENT,18434,118
RECEIVED,A,0,18605,119
INTERNAL_EVENT,18771,120
INTERNAL_EVENT,18942,121
SINGLE_SEND,19112,122
INTERNAL_EVENT,19280,123
RECEIVED,B,0,19451,124
RECEIVED,B,0,19621,125
INTERNAL_EVENT,19792,126
RECEIVED,B,0,19962,127
INTERNAL_EVENT,20131,128
INTERNAL_EVENT,20301,129
RECEIVED,B,1,20471,130
RECEIVED,A,0,20642,131
INTERNAL_EVENT,20812,132
INTERNAL_EVENT,20984,133
SINGLE_SEND,21155,134
INTERNAL_EVENT,21321,135
INTERNAL_EVENT,21492,136
SINGLE_SEND,21662,137
INTERNAL_EVENT,21832,138
INTERNAL_EVENT,22002,139
MULTI_SEND,22171,140
INTERNAL_EVENT,22342,141
INTERNAL_EVENT,22509,142
INTERNAL_EVENT,22679,143
INTERNAL_EVENT,22851,144
INTERNAL_EVENT,23021,145
INTERNAL_EVENT,23192,146
INTERNAL_EVENT,23362,147
RECEIVED,B,0,23532,149
SINGLE_SEND,23704,150
RECEIVED,A,0,23871,151
INTERNAL_EVENT,24040,152
INTERNAL_EVENT,24208,153
INTERNAL_EVENT,24378,154
INTERNAL_EVENT,24546,155
INTERNAL_EVENT,24718,156
INTERNAL_EVENT,24887,157
INTERNAL_EVENT,25057,158
INTERNAL_EVENT,25228,159
MULTI_SEND,25400,160
INTERNAL_EVENT,25571,161
INTERNAL_EVENT,25742,162
INTERNAL_EVENT,25912,163
SINGLE_SEND,26080,164
RECEIVED,A,0,26252,167
MULTI_SEND,26421,168
SINGLE_SEND,26592,169
INTERNAL_EVENT,26762,170
INTERNAL_EVENT,26931,171
RECEIVED,A,0,27100,172
SINGLE_SEND,27271,173
RECEIVED,B,0,27437,174
INTERNAL_EVENT,27605,175
RECEIVED,A,0,27774,176
RECEIVED,B,0,27945,177
RECEIVED,B,0,28112,178
INTERNAL_EVENT,28281,179
SINGLE_SEND,28448,180
INTERNAL_EVENT,28617,181
RECEIVED,B,0,28786,183
SINGLE_SEND,28955,184
INTERNAL_EVENT,29122,185
RECEIVED,A,0,29292,187
SINGLE_SEND,29462,188
MULTI_SEND,29631,189
INTERNAL_EVENT,29801,190
SINGLE_SEND,29971,191
INTERNAL_EVENT,30142,192
RECEIVED,B,0,30312,194
INTERNAL_EVENT,30483,195
INTERNAL_EVENT,30655,196
INTERNAL_EVENT,30827,197
INTERNAL_EVENT,30995,198
SINGLE_SEND,31167,199
RECEIVED,A,0,31336,200
INTERNAL_EVENT,31505,201
RECEIVED,B,0,31675,203
SINGLE_SEND,31842,204
RECEIVED,A,0,32012,205
INTERNAL_EVENT,32179,206
INTERNAL_EVENT,32349,207
INTERNAL_EVENT,32518,208
SINGLE_SEND,32687,209
INTERNAL_EVENT,32855,210
INTERNAL_EVENT,33026,211
INTERNAL_EVENT,33195,212
RECEIVED,A,0,33363,214
RECEIVED,A,0,33529,215
INTERNAL_EVENT,33696,216
INTERNAL_EVENT,33864,217
SINGLE_SEND,34037,218
INTERNAL_EVENT,34205,219
INTERNAL_EVENT,34376,220
INTERNAL_EVENT,34544,221
INTERNAL_EVENT,34712,222
RECEIVED,B,0,34884,224
RECEIVED,B,0,35054,225
MULTI_SEND,35221,226
MULTI_SEND,35394,227
SINGLE_SEND,35562,228
INTERNAL_EVENT,35729,229
INTERNAL_EVENT,35897,230
SINGLE_SEND,36066,231
INTERNAL_EVENT,36238,232
RECEIVED,A,0,36410,234
INTERNAL_EVENT,36579,235
SINGLE_SEND,36751,236
MULTI_SEND,36922,237
INTERNAL_EVENT,37092,238
INTERNAL_EVENT,37262,239
INTERNAL_EVENT,37433,240
RECEIVED,A,0,37605,242
RECEIVED,A,0,37776,243
INTERNAL_EVENT,37946,244
INTERNAL_EVENT,38118,245
INTERNAL_EVENT,38285,246
INTERNAL_EVENT,38455,247
INTERNAL_EVENT,38626,248
RECEIVED,A,0,38796,250
INTERNAL_EVENT,38965,251
SINGLE_SEND,39137,252
SINGLE_SEND,39305,253
SINGLE_SEND,39472,254
INTERNAL_EVENT,39642,255
INTERNAL_EVENT,39812,256
INTERNAL_EVENT,39983,257
SINGLE_SEND,40155,258
SINGLE_SEND,40326,259
INTERNAL_EVENT,40496,260
INTERNAL_EVENT,40668,261
SINGLE_SEND,40840,262
RECEIVED,B,0,41008,264
RECEIVED,B,0,41179,265
SINGLE_SEND,41351,266
RECEIVED,B,0,41521,267
INTERNAL_EVENT,41692,268
RECEIVED,B,0,41862,269
INTERNAL_EVENT,42032,270
INTERNAL_EVENT,42201,271
SINGLE_SEND,42372,272
SINGLE_SEND,42543,273
INTERNAL_EVENT,42712,274
SINGLE_SEND,42885,275
INTERNAL_EVENT,43055,276
INTERNAL_EVENT,43227,277
INTERNAL_EVENT,43395,278
INTERNAL_EVENT,43565,279
INTERNAL_EVENT,43736,280
INTERNAL_EVENT,43905,281
INTERNAL_EVENT,44074,282
INTERNAL_EVENT,44246,283
RECEIVED,A,0,44416,284
INTERNAL_EVENT,44587,285
SINGLE_SEND,44755,286
RECEIVED,A,0,44926,287
RECEIVED,B,1,45096,289
RECEIVED,A,0,45267,290
INTERNAL_EVENT,45439,291
RECEIVED,B,0,45608,292
INTERNAL_EVENT,45779,293
RECEIVED,A,0,45951,295
RECEIVED,B,0,46122,296
INTERNAL_EVENT,46293,297
RECEIVED,B,0,46461,298
RECEIVED,B,0,46629,299
INTERNAL_EVENT,46797,300
RECEIVED,A,0,46969,301
INTERNAL_EVENT,47139,302
INTERNAL_EVENT,47311,303
RECEIVED,B,0,47483,304
INTERNAL_EVENT,47655,305
SINGLE_SEND,47825,306
INTERNAL_EVENT,47996,307
INTERNAL_EVENT,48168,308
RECEIVED,A,0,48337,309
INTERNAL_EVENT,48505,310
INTERNAL_EVENT,48677,311
INTERNAL_EVENT,48846,312
RECEIVED,B,1,49019,314
RECEIVED,A,1,49187,315
RECEIVED,A,0,49355,316
INTERNAL_EVENT,49527,317
RECEIVED,B,0,49696,318
INTERNAL_EVENT,49863,319
SINGLE_SEND,50035,320
INTERNAL_EVENT,50205,321
SINGLE_SEND,50374,322
INTERNAL_EVENT,50546,323
SINGLE_SEND,50715,324
INTERNAL_EVENT,50887,325
INTERNAL_EVENT,51055,326
RECEIVED,B,1,51223,328
RECEIVED,A,1,51393,329
RECEIVED,A,0,51564,330
INTERNAL_EVENT,51736,331
INTERNAL_EVENT,51905,332
INTERNAL_EVENT,52076,333
RECEIVED,B,0,52246,334
RECEIVED,B,0,52416,335
RECEIVED,B,1,52585,336
RECEIVED,A,0,52755,337
INTERNAL_EVENT,52925,338
INTERNAL_EVENT,53096,339
INTERNAL_EVENT,53264,340
SINGLE_SEND,53432,341
RECEIVED,B,0,53603,343
RECEIVED,B,0,53772,344
SINGLE_SEND,53943,345
RECEIVED,A,0,54113,346
SINGLE_SEND,54281,347
RECEIVED,B,0,54451,349
SINGLE_SEND,54622,350
MULTI_SEND,54790,351
INTERNAL_EVENT,54958,352
SINGLE_SEND,55129,353
INTERNAL_EVENT,55301,354
INTERNAL_EVENT,55473,355
INTERNAL_EVENT,55643,356
INTERNAL_EVENT,55813,357
RECEIVED,B,0,55984,359
INTERNAL_EVENT,56156,360
INTERNAL_EVENT,56325,361
RECEIVED,A,0,56495,362
INTERNAL_EVENT,56663,363
SINGLE_SEND,56835,364
SINGLE_SEND,57005,365
INTERNAL_EVENT,57173,366
RECEIVED,A,0,57345,368
INTERNAL_EVENT,57513,369
INTERNAL_EVENT,57680,370
RECEIVED,A,0,57852,371
SINGLE_SEND,58022,372
INTERNAL_EVENT,58193,373
INTERNAL_EVENT,58363,374
RECEIVED,A,0,58533,375
RECEIVED,B,0,58705,376
INTERNAL_EVENT,58876,377
SINGLE_SEND,59047,378
RECEIVED,B,0,59213,379
RECEIVED,B,0,59385,380
RECEIVED,A,0,59555,382
RECEIVED,A,0,59727,383
INTERNAL_EVENT,59896,384
RECEIVED,B,0,60068,385
INTERNAL_EVENT,60240,386
RECEIVED,B,0,60412,387
INTERNAL_EVENT,60580,388
INTERNAL_EVENT,60747,389
SINGLE_SEND,60919,390
MULTI_SEND,61088,391
INTERNAL_EVENT,61257,392
MULTI_SEND,61427,393
SINGLE_SEND,61596,394
INTERNAL_EVENT,61767,395
INTERNAL_EVENT,61938,396
INTERNAL_EVENT,62105,397
SINGLE_SEND,62278,398
RECEIVED,B,0,62448,400
INTERNAL_EVENT,62619,401
INTERNAL_EVENT,62788,402
RECEIVED,A,0,62959,404
INTERNAL_EVENT,63130,405
INTERNAL_EVENT,63298,406
INTERNAL_EVENT,63469,407
MULTI_SEND,63639,408
INTERNAL_EVENT,63808,409
INTERNAL_EVENT,63980,410
RECEIVED,B,0,64147,412
INTERNAL_EVENT,64319,413
INTERNAL_EVENT,64487,414
INTERNAL_EVENT,64655,415
RECEIVED,A,0,64828,416
MULTI_SEND,64997,417
INTERNAL_EVENT,65169,418
SINGLE_SEND,65340,419
INTERNAL_EVENT,65507,420
INTERNAL_EVENT,65679,421
INTERNAL_EVENT,65852,422
