INIT,C,6
SINGLE_SEND,68,1
INTERNAL_EVENT,239,2
INTERNAL_EVENT,407,3
RECEIVED,B,0,576,4
SINGLE_SEND,747,5
INTERNAL_EVENT,918,6
SINGLE_SEND,1089,7
RECEIVED,B,0,1258,8
INTERNAL_EVENT,1430,9
INTERNAL_EVENT,1599,10
INTERNAL_EVENT,1769,11
INTERNAL_EVENT,1941,12
RECEIVED,A,0,2113,13
INTERNAL_EVENT,2280,14
RECEIVED,B,0,2449,15
INTERNAL_EVENT,2619,16
INTERNAL_EVENT,2789,17
SINGLE_SEND,2956,18
INTERNAL_EVENT,3127,19
INTERNAL_EVENT,3294,20
INTERNAL_EVENT,3464,21
INTERNAL_EVENT,3631,22
INTERNAL_EVENT,3801,23
INTERNAL_EVENT,3971,24
INTERNAL_EVENT,4139,25
INTERNAL_EVENT,4308,26
MULTI_SEND,4477,27
RECEIVED,B,0,4647,29
MULTI_SEND,4819,30
INTERNAL_EVENT,4989,31
RECEIVED,B,1,5161,33
RECEIVED,A,0,5330,34
INTERNAL_EVENT,5499,35
SINGLE_SEND,5670,36
SINGLE_SEND,5839,37
INTERNAL_EVENT,6008,38
INTERNAL_EVENT,6177,39
INTERNAL_EVENT,6347,40
INTERNAL_EVENT,6519,41
SINGLE_SEND,6689,42
SINGLE_SEND,6858,43
INTERNAL_EVENT,7027,44
INTERNAL_EVENT,7197,45
INTERNAL_EVENT,7368,46
INTERNAL_EVENT,7539,47
RECEIVED,B,0,7709,49
RECEIVED,B,0,7879,50
INTERNAL_EVENT,8050,51
INTERNAL_EVENT,8222,52
INTERNAL_EVENT,8389,53
INTERNAL_EVENT,8558,54
RECEIVED,B,0,8731,55
INTERNAL_EVENT,8900,56
MULTI_SEND,9067,57
SINGLE_SEND,9239,58
SINGLE_SEND,9407,59
SINGLE_SEND,9578,60
RECEIVED,A,0,9749,61
INTERNAL_EVENT,9916,62
INTERNAL_EVENT,10086,63
RECEIVED,B,0,10253,65
SINGLE_SEND,10421,66
INTERNAL_EVENT,10592,67
SINGLE_SEND,10764,68
RECEIVED,A,0,10933,69
SINGLE_SEND,11100,70
INTERNAL_EVENT,11268,71
INTERNAL_EVENT,11440,72
INTERNAL_EVENT,11611,73
INTERNAL_EVENT,11781,74
RECEIVED,B,0,11949,77
INTERNAL_EVENT,12119,78
RECEIVED,B,0,12289,79
INTERNAL_EVENT,12456,80
INTERNAL_EVENT,12627,81
RECEIVED,A,0,12799,82
RECEIVED,A,0,12966,83
INTERNAL_EVENT,13133,84
INTERNAL_EVENT,13300,85
SINGLE_SEND,13469,86
RECEIVED,A,0,13639,87
INTERNAL_EVENT,13809,88
INTERNAL_EVENT,13981,89
SINGLE_SEND,14152,90
RECEIVED,B,0,14321,91
MULTI_SEND,14490,92
RECEIVED,A,0,14660,93
MULTI_SEND,14831,94
MULTI_SEND,15003,95
MULTI_SEND,15174,96
INTERNAL_EVENT,15346,97
INTERNAL_EVENT,15515,98
RECEIVED,A,0,15684,99
INTERNAL_EVENT,15851,100
INTERNAL_EVENT,16018,101
MULTI_SEND,16189,102
RECEIVED,B,0,16361,103
INTERNAL_EVENT,16531,104
MULTI_SEND,16703,105
MULTI_SEND,16869,106
INTERNAL_EVENT,17039,107
INTERNAL_EVENT,17211,108
INTERNAL_EVENT,17382,109
RECEIVED,A,1,17549,110
RECEIVED,B,1,17717,111
RECEIVED,B,0,17888,112
RECEIVED,A,0,18056,113
INTERNAL_EVENT,18227,114
INTERNAL_EVENT,18398,115
INTERNAL_EVENT,18568,116
SINGLE_SEND,18739,117
INTERNAL_EVENT,18909,118
INTERNAL_EVENT,19081,119
INTERNAL_EVENT,19249,120
INTERNAL_EVENT,19418,121
INTERNAL_EVENT,19589,122
SINGLE_SEND,19759,123
SINGLE_SEND,19927,124
INTERNAL_EVENT,20098,125
RECEIVED,A,0,20266,126
SINGLE_SEND,20438,127
INTERNAL_EVENT,20605,128
INTERNAL_EVENT,20777,129
RECEIVED,B,0,20948,130
MULTI_SEND,21116,131
RECEIVED,B,0,21284,132
INTERNAL_EVENT,21450,133
RECEIVED,B,0,21619,134
RECEIVED,B,0,21789,135
INTERNAL_EVENT,21958,136
SINGLE_SEND,22127,137
RECEIVED,B,0,22298,138
RECEIVED,B,0,22469,139
INTERNAL_EVENT,22639,140
SINGLE_SEND,22806,141
MULTI_SEND,22978,142
INTERNAL_EVENT,23149,143
INTERNAL_EVENT,23321,144
INTERNAL_EVENT,23490,145
RECEIVED,B,1,23661,146
RECEIVED,A,0,23832,147
MULTI_SEND,24002,148
RECEIVED,B,0,24173,149
INTERNAL_EVENT,24343,150
INTERNAL_EVENT,24515,151
MULTI_SEND,24682,152
SINGLE_SEND,24853,153
SINGLE_SEND,25020,154
RECEIVED,A,0,25189,155
INTERNAL_EVENT,25357,156
INTERNAL_EVENT,25527,157
RECEIVED,A,0,25698,158
RECEIVED,B,0,25866,159
INTERNAL_EVENT,26033,160
RECEIVED,B,0,26204,161
INTERNAL_EVENT,26371,162
RECEIVED,B,0,26541,163
INTERNAL_EVENT,26712,164
INTERNAL_EVENT,26882,165
MULTI_SEND,27050,166
RECEIVED,B,0,27218,167
INTERNAL_EVENT,27389,168
RECEIVED,A,1,27561,169
RECEIVED,B,0,27733,170
RECEIVED,B,0,27901,172
RECEIVED,B,0,28068,173
SINGLE_SEND,28239,174
SINGLE_SEND,28408,175
INTERNAL_EVENT,28580,176
INTERNAL_EVENT,28749,177
MULTI_SEND,28920,178
INTERNAL_EVENT,29089,179
RECEIVED,B,0,29261,181
INTERNAL_EVENT,29432,182
RECEIVED,A,0,29600,183
MULTI_SEND,29770,184
INTERNAL_EVENT,29940,185
INTERNAL_EVENT,30109,186
INTERNAL_EVENT,30278,187
SINGLE_SEND,30449,188
INTERNAL_EVENT,30616,189
INTERNAL_EVENT,30786,190
INTERNAL_EVENT,30954,191
INTERNAL_EVENT,31121,192
RECEIVED,B,0,31290,194
INTERNAL_EVENT,31456,195
RECEIVED,A,0,31627,196
INTERNAL_EVENT,31799,197
INTERNAL_EVENT,31971,198
INTERNAL_EVENT,32141,199
RECEIVED,B,0,32310,200
INTERNAL_EVENT,32478,201
RECEIVED,A,1,32649,202
RECEIVED,B,0,32820,203
RECEIVED,A,0,32990,204
SINGLE_SEND,33157,205
RECEIVED,A,0,33328,206
INTERNAL_EVENT,33500,207
INTERNAL_EVENT,33666,208
INTERNAL_EVENT,33837,209
MULTI_SEND,34008,210
INTERNAL_EVENT,34178,211
INTERNAL_EVENT,34350,212
RECEIVED,A,0,34520,214
RECEIVED,B,0,34690,215
RECEIVED,B,0,34862,216
INTERNAL_EVENT,35033,217
RECEIVED,A,0,35202,218
INTERNAL_EVENT,35369,219
INTERNAL_EVENT,35540,220
SINGLE_SEND,35707,221
RECEIVED,B,0,35877,222
SINGLE_SEND,36048,223
INTERNAL_EVENT,36216,224
MULTI_SEND,36384,225
INTERNAL_EVENT,36551,226
INTERNAL_EVENT,36720,227
INTERNAL_EVENT,36890,228
RECEIVED,A,0,37058,229
MULTI_SEND,37229,230
INTERNAL_EVENT,37400,231
INTERNAL_EVENT,37567,232
INTERNAL_EVENT,37734,233
INTERNAL_EVENT,37901,234
INTERNAL_EVENT,38068,235
INTERNAL_EVENT,38240,236
SINGLE_SEND,38410,237
INTERNAL_EVENT,38582,238
INTERNAL_EVENT,38750,239
INTERNAL_EVENT,38917,240
INTERNAL_EVENT,39085,241
INTERNAL_EVENT,39256,242
SINGLE_SEND,39427,243
SINGLE_SEND,39599,244
INTERNAL_EVENT,39768,245
RECEIVED,A,0,39940,247
INTERNAL_EVENT,40109,248
RECEIVED,A,0,40278,249
INTERNAL_EVENT,40450,250
SINGLE_SEND,40621,251
MULTI_SEND,40792,252
RECEIVED,B,0,40962,253
INTERNAL_EVENT,41132,254
RECEIVED,B,0,41300,255
INTERNAL_EVENT,41467,256
RECEIVED,B,0,41636,257
INTERNAL_EVENT,41804,258
RECEIVED,B,0,41972,259
INTERNAL_EVENT,42140,260
INTERNAL_EVENT,42307,261
RECEIVED,B,0,42478,262
INTERNAL_EVENT,42650,263
SINGLE_SEND,42818,264
INTERNAL_EVENT,42990,265
INTERNAL_EVENT,43157,266
INTERNAL_EVENT,43327,267
INTERNAL_EVENT,43499,268
INTERNAL_EVENT,43667,269
INTERNAL_EVENT,43834,270
INTERNAL_EVENT,44002,271
RECEIVED,B,0,44170,272
INTERNAL_EVENT,44340,273
INTERNAL_EVENT,44507,274
SINGLE_SEND,44677,275
RECEIVED,B,0,44849,276
INTERNAL_EVENT,45018,277
SINGLE_SEND,45190,278
INTERNAL_EVENT,45357,279
RECEIVED,B,0,45528,280
RECEIVED,B,0,45700,281
SINGLE_SEND,45869,282
INTERNAL_EVENT,46040,283
INTERNAL_EVENT,46210,284
RECEIVED,B,0,46382,285
INTERNAL_EVENT,46557,286
RECEIVED,B,0,46727,287
RECEIVED,B,0,46899,288
RECEIVED,B,0,47066,289
INTERNAL_EVENT,47234,290
RECEIVED,A,0,47405,291
INTERNAL_EVENT,47576,292
INTERNAL_EVENT,47747,293
INTERNAL_EVENT,47915,294
RECEIVED,A,0,48082,295
SINGLE_SEND,48251,296
INTERNAL_EVENT,48418,297
SINGLE_SEND,48590,298
INTERNAL_EVENT,48760,299
INTERNAL_EVENT,48927,300
RECEIVED,B,0,49099,301
INTERNAL_EVENT,49266,302
INTERNAL_EVENT,49433,303
INTERNAL_EVENT,49602,304
MULTI_SEND,49773,305
INTERNAL_EVENT,49944,306
INTERNAL_EVENT,50116,307
RECEIVED,B,0,50283,308
INTERNAL_EVENT,50450,309
RECEIVED,A,1,50619,310
RECEIVED,B,1,50790,311
RECEIVED,B,0,50962,312
RECEIVED,A,0,51133,313
INTERNAL_EVENT,51300,314
RECEIVED,A,0,51468,315
RECEIVED,A,0,51636,316
SINGLE_SEND,51803,317
RECEIVED,A,1,51970,318
RECEIVED,B,0,52141,319
SINGLE_SEND,52312,320
RECEIVED,B,0,52482,321
INTERNAL_EVENT,52653,322
INTERNAL_EVENT,52824,323
RECEIVED,A,0,52994,324
SINGLE_SEND,53162,325
MULTI_SEND,53333,326
RECEIVED,B,0,53503,327
INTERNAL_EVENT,53671,328
RECEIVED,A,0,53840,329
INTERNAL_EVENT,54011,330
INTERNAL_EVENT,54183,331
INTERNAL_EVENT,54353,332
INTERNAL_EVENT,54522,333
MULTI_SEND,54690,334
INTERNAL_EVENT,54861,335
SINGLE_SEND,55033,336
INTERNAL_EVENT,55205,337
INTERNAL_EVENT,55374,338
RECEIVED,A,0,55543,339
SINGLE_SEND,55713,340
RECEIVED,B,1,55882,341
RECEIVED,A,0,56053,342
INTERNAL_EVENT,56222,343
INTERNAL_EVENT,56391,344
INTERNAL_EVENT,56558,345
RECEIVED,B,0,56729,346
INTERNAL_EVENT,56898,347
INTERNAL_EVENT,57069,348
RECEIVED,A,0,57240,349
INTERNAL_EVENT,57410,350
INTERNAL_EVENT,57582,351
RECEIVED,A,0,57753,352
RECEIVED,A,0,57925,353
RECEIVED,A,0,58093,354
RECEIVED,A,0,58264,355
INTERNAL_EVENT,58435,356
INTERNAL_EVENT,58605,357
SINGLE_SEND,58776,358
RECEIVED,A,0,58947,359
INTERNAL_EVENT,59115,360
RECEIVED,B,0,59283,361
RECEIVED,B,0,59454,362
INTERNAL_EVENT,59626,363
INTERNAL_EVENT,59794,364
INTERNAL_EVENT,59966,365
SINGLE_SEND,60137,366
RECEIVED,A,0,60306,367
INTERNAL_EVENT,60478,368
SINGLE_SEND,60649,369
RECEIVED,A,1,60818,370
RECEIVED,B,0,60990,371
INTERNAL_EVENT,61160,372
INTERNAL_EVENT,61330,373
RECEIVED,A,0,61499,374
INTERNAL_EVENT,61667,375
INTERNAL_EVENT,61835,376
RECEIVED,A,0,62006,377
INTERNAL_EVENT,62178,378
RECEIVED,A,0,62349,379
INTERNAL_EVENT,62517,380
MULTI_SEND,62685,381
INTERNAL_EVENT,62853,382
INTERNAL_EVENT,63021,383
INTERNAL_EVENT,63192,384
INTERNAL_EVENT,63363,385
RECEIVED,A,0,63533,386
INTERNAL_EVENT,63705,387
SINGLE_SEND,63877,388
INTERNAL_EVENT,64049,389
SINGLE_SEND,64217,390
RECEIVED,A,0,64386,391
INTERNAL_EVENT,64554,392
RECEIVED,B,0,64722,394
INTERNAL_EVENT,64891,395
INTERNAL_EVENT,65058,396
MULTI_SEND,65228,397
SINGLE_SEND,65399,398
INTERNAL_EVENT,65566,399
INTERNAL_EVENT,65737,400
INTERNAL_EVENT,65907,401
