INIT,C,1
INTERNAL_EVENT,430,1
RECEIVED,B,0,1434,2
INTERNAL_EVENT,2435,3
SINGLE_SEND,3435,4
INTERNAL_EVENT,4437,5
INTERNAL_EVENT,5437,6
RECEIVED,A,0,6437,18
RECEIVED,B,0,7439,19
INTERNAL_EVENT,8440,20
RECEIVED,B,0,9440,21
RECEIVED,A,0,10441,30
RECEIVED,A,0,11442,33
RECEIVED,A,1,12443,35
RECEIVED,A,1,13444,36
RECEIVED,A,1,14444,40
RECEIVED,A,1,15445,43
RECEIVED,A,2,16446,45
RECEIVED,A,2,17447,48
RECEIVED,A,2,18448,49
RECEIVED,A,3,19448,52
RECEIVED,A,2,20449,55
RECEIVED,A,1,21450,56
RECEIVED,A,0,22450,58
INTERNAL_EVENT,23451,59
RECEIVED,B,1,24451,61
RECEIVED,A,0,25453,72
RECEIVED,A,0,26453,79
MULTI_SEND,27454,80
RECEIVED,A,1,28455,84
RECEIVED,A,1,29455,85
RECEIVED,A,1,30457,87
RECEIVED,A,0,31457,90
RECEIVED,A,0,32458,97
RECEIVED,A,0,33459,100
MULTI_SEND,34460,101
INTERNAL_EVENT,35461,102
INTERNAL_EVENT,36462,103
RECEIVED,A,0,37462,112
INTERNAL_EVENT,38463,113
RECEIVED,A,0,39464,116
RECEIVED,A,0,40464,120
SINGLE_SEND,41465,121
RECEIVED,A,0,42465,126
INTERNAL_EVENT,43466,127
INTERNAL_EVENT,44468,128
MULTI_SEND,45468,129
INTERNAL_EVENT,46469,130
INTERNAL_EVENT,47470,131
RECEIVED,A,0,48471,144
INTERNAL_EVENT,49471,145
RECEIVED,A,0,50472,149
RECEIVED,A,0,51472,154
RECEIVED,A,1,52472,155
RECEIVED,A,1,53473,157
RECEIVED,A,0,54474,158
RECEIVED,A,0,55475,165
INTERNAL_EVENT,56476,166
INTERNAL_EVENT,57476,167
INTERNAL_EVENT,58477,168
RECEIVED,A,0,59478,178
