INIT,C,6
RECEIVED,A,0,79,2
INTERNAL_EVENT,249,3
INTERNAL_EVENT,417,4
INTERNAL_EVENT,587,5
RECEIVED,B,0,754,6
INTERNAL_EVENT,924,7
RECEIVED,A,0,1095,8
INTERNAL_EVENT,1265,9
RECEIVED,B,0,1437,10
INTERNAL_EVENT,1604,11
SINGLE_SEND,1774,12
RECEIVED,A,0,1945,13
RECEIVED,B,0,2117,15
INTERNAL_EVENT,2287,16
RECEIVED,A,0,2458,17
SINGLE_SEND,2627,18
SINGLE_SEND,2797,19
RECEIVED,A,0,2968,20
RECEIVED,A,0,3137,21
SINGLE_SEND,3304,22
INTERNAL_EVENT,3474,23
INTERNAL_EVENT,3643,24
INTERNAL_EVENT,3812,25
INTERNAL_EVENT,3980,26
SINGLE_SEND,4150,27
MULTI_SEND,4319,28
SINGLE_SEND,4487,29
SINGLE_SEND,4659,30
MULTI_SEND,4828,31
SINGLE_SEND,4998,32
RECEIVED,A,0,5168,34
INTERNAL_EVENT,5337,35
RECEIVED,A,0,5505,36
INTERNAL_EVENT,5676,37
RECEIVED,B,0,5846,38
RECEIVED,B,0,6014,39
RECEIVED,A,0,6185,40
INTERNAL_EVENT,6353,41
MULTI_SEND,6524,42
INTERNAL_EVENT,6691,43
RECEIVED,B,0,6861,45
RECEIVED,A,0,7031,46
RECEIVED,B,0,7203,47
INTERNAL_EVENT,7375,48
RECEIVED,B,0,7545,49
SINGLE_SEND,7717,50
INTERNAL_EVENT,7887,51
RECEIVED,B,0,8054,52
RECEIVED,B,0,8226,53
MULTI_SEND,8394,54
INTERNAL_EVENT,8563,55
MULTI_SEND,8732,56
SINGLE_SEND,8903,57
MULTI_SEND,9074,58
SINGLE_SEND,9242,59
RECEIVED,B,0,9413,61
SINGLE_SEND,9583,62
MULTI_SEND,9753,63
INTERNAL_EVENT,9924,64
SINGLE_SEND,10093,65
INTERNAL_EVENT,10261,66
SINGLE_SEND,10428,67
INTERNAL_EVENT,10598,68
SINGLE_SEND,10768,69
SINGLE_SEND,10937,70
MULTI_SEND,11107,71
SINGLE_SEND,11274,72
INTERNAL_EVENT,11442,73
INTERNAL_EVENT,11614,74
INTERNAL_EVENT,11784,75
RECEIVED,A,0,11953,76
RECEIVED,B,0,12124,77
RECEIVED,A,0,12294,78
MULTI_SEND,12464,79
MULTI_SEND,12635,80
INTERNAL_EVENT,12807,81
SINGLE_SEND,12976,82
MULTI_SEND,13148,83
SINGLE_SEND,13316,84
INTERNAL_EVENT,13487,85
RECEIVED,B,0,13658,87
SINGLE_SEND,13828,88
MULTI_SEND,13996,89
SINGLE_SEND,14164,90
RECEIVED,B,0,14335,92
INTERNAL_EVENT,14503,93
RECEIVED,B,0,14674,94
INTERNAL_EVENT,14843,95
SINGLE_SEND,15014,96
INTERNAL_EVENT,15185,97
INTERNAL_EVENT,15353,98
RECEIVED,A,0,15524,99
INTERNAL_EVENT,15692,100
RECEIVED,A,0,15863,101
RECEIVED,B,1,16030,102
RECEIVED,A,0,16202,103
RECEIVED,A,0,16369,104
RECEIVED,A,0,16537,105
MULTI_SEND,16704,106
SINGLE_SEND,16876,107
SINGLE_SEND,17043,108
SINGLE_SEND,17213,109
SINGLE_SEND,17382,110
RECEIVED,A,0,17553,111
RECEIVED,B,0,17724,113
SINGLE_SEND,17896,114
INTERNAL_EVENT,18063,115
RECEIVED,B,0,18235,116
RECEIVED,B,0,18405,117
INTERNAL_EVENT,18576,118
RECEIVED,B,0,18746,119
SINGLE_SEND,18914,120
INTERNAL_EVENT,19083,121
RECEIVED,B,0,19253,123
RECEIVED,B,0,19424,124
SINGLE_SEND,19591,125
MULTI_SEND,19762,126
INTERNAL_EVENT,19930,127
INTERNAL_EVENT,20100,128
RECEIVED,B,0,20270,129
SINGLE_SEND,20440,130
MULTI_SEND,20611,131
MULTI_SEND,20779,132
SINGLE_SEND,20951,133
INTERNAL_EVENT,21119,134
INTERNAL_EVENT,21287,135
SINGLE_SEND,21458,136
INTERNAL_EVENT,21628,137
MULTI_SEND,21795,138
INTERNAL_EVENT,21964,139
SINGLE_SEND,22133,140
RECEIVED,B,0,22303,141
INTERNAL_EVENT,22474,142
RECEIVED,B,0,22645,143
RECEIVED,B,0,22817,144
RECEIVED,B,0,22987,145
RECEIVED,A,0,23154,146
MULTI_SEND,23325,147
INTERNAL_EVENT,23495,148
RECEIVED,B,0,23662,150
INTERNAL_EVENT,23833,151
RECEIVED,B,0,24003,152
RECEIVED,B,0,24175,153
SINGLE_SEND,24347,154
RECEIVED,B,0,24516,155
RECEIVED,B,0,24687,156
SINGLE_SEND,24858,157
INTERNAL_EVENT,25025,158
INTERNAL_EVENT,25196,159
SINGLE_SEND,25367,160
INTERNAL_EVENT,25537,161
SINGLE_SEND,25704,162
SINGLE_SEND,25874,163
INTERNAL_EVENT,26046,164
RECEIVED,B,0,26213,167
SINGLE_SEND,26380,168
INTERNAL_EVENT,26549,169
SINGLE_SEND,26717,170
RECEIVED,B,0,26887,171
RECEIVED,B,0,27059,172
SINGLE_SEND,27229,173
INTERNAL_EVENT,27399,174
SINGLE_SEND,27569,175
RECEIVED,A,0,27741,176
RECEIVED,A,0,27913,177
SINGLE_SEND,28082,178
SINGLE_SEND,28254,179
INTERNAL_EVENT,28424,180
SINGLE_SEND,28594,181
INTERNAL_EVENT,28764,182
RECEIVED,A,0,28936,183
SINGLE_SEND,29105,184
RECEIVED,B,0,29276,186
SINGLE_SEND,29447,187
INTERNAL_EVENT,29619,188
RECEIVED,B,0,29788,189
INTERNAL_EVENT,29955,190
RECEIVED,B,0,30124,191
INTERNAL_EVENT,30292,192
RECEIVED,A,1,30463,193
RECEIVED,B,0,30634,194
SINGLE_SEND,30804,195
INTERNAL_EVENT,30974,196
SINGLE_SEND,31142,197
MULTI_SEND,31311,198
INTERNAL_EVENT,31478,199
SINGLE_SEND,31647,200
MULTI_SEND,31818,201
INTERNAL_EVENT,31987,202
RECEIVED,B,0,32157,204
SINGLE_SEND,32328,205
SINGLE_SEND,32496,206
MULTI_SEND,32668,207
MULTI_SEND,32838,208
INTERNAL_EVENT,33008,209
SINGLE_SEND,33176,210
RECEIVED,B,0,33344,211
RECEIVED,A,0,33515,213
RECEIVED,B,0,33687,214
RECEIVED,A,0,33856,215
RECEIVED,A,0,34025,216
RECEIVED,B,0,34195,217
RECEIVED,B,0,34366,218
RECEIVED,A,0,34537,219
MULTI_SEND,34705,220
INTERNAL_EVENT,34876,221
MULTI_SEND,35047,222
SINGLE_SEND,35216,223
SINGLE_SEND,35387,224
SINGLE_SEND,35558,225
MULTI_SEND,35727,226
MULTI_SEND,35895,227
INTERNAL_EVENT,36065,228
MULTI_SEND,36237,229
SINGLE_SEND,36408,230
RECEIVED,B,0,36576,232
INTERNAL_EVENT,36743,233
SINGLE_SEND,36910,234
RECEIVED,A,0,37078,235
INTERNAL_EVENT,37247,236
INTERNAL_EVENT,37419,237
MULTI_SEND,37587,238
SINGLE_SEND,37759,239
INTERNAL_EVENT,37931,240
INTERNAL_EVENT,38103,241
RECEIVED,B,1,38275,242
RECEIVED,A,0,38447,243
RECEIVED,A,0,38618,244
MULTI_SEND,38789,245
MULTI_SEND,38958,246
SINGLE_SEND,39125,247
SINGLE_SEND,39292,248
RECEIVED,B,0,39464,249
RECEIVED,B,0,39632,250
INTERNAL_EVENT,39804,251
INTERNAL_EVENT,39975,252
MULTI_SEND,40146,253
SINGLE_SEND,40318,254
RECEIVED,B,0,40487,256
MULTI_SEND,40659,257
INTERNAL_EVENT,40830,258
SINGLE_SEND,40997,259
SINGLE_SEND,41169,260
INTERNAL_EVENT,41337,261
INTERNAL_EVENT,41507,262
MULTI_SEND,41675,263
MULTI_SEND,41842,264
INTERNAL_EVENT,42012,265
INTERNAL_EVENT,42182,266
SINGLE_SEND,42354,267
SINGLE_SEND,42525,268
RECEIVED,A,0,42692,269
INTERNAL_EVENT,42863,270
SINGLE_SEND,43032,271
SINGLE_SEND,43204,272
INTERNAL_EVENT,43375,273
SINGLE_SEND,43546,274
SINGLE_SEND,43713,275
INTERNAL_EVENT,43881,276
RECEIVED,B,0,44052,277
RECEIVED,B,0,44222,278
RECEIVED,A,0,44390,279
RECEIVED,B,1,44561,280
RECEIVED,A,0,44729,281
RECEIVED,B,0,44899,282
RECEIVED,B,0,45067,283
SINGLE_SEND,45237,284
SINGLE_SEND,45405,285
RECEIVED,A,0,45575,287
INTERNAL_EVENT,45745,288
SINGLE_SEND,45915,289
INTERNAL_EVENT,46087,290
SINGLE_SEND,46255,291
INTERNAL_EVENT,46427,292
INTERNAL_EVENT,46594,293
RECEIVED,B,0,46761,294
RECEIVED,B,0,46929,295
MULTI_SEND,47096,296
SINGLE_SEND,47268,297
SINGLE_SEND,47437,298
INTERNAL_EVENT,47604,299
RECEIVED,B,0,47775,301
SINGLE_SEND,47943,302
SINGLE_SEND,48109,303
SINGLE_SEND,48281,304
INTERNAL_EVENT,48449,305
RECEIVED,A,0,48615,306
SINGLE_SEND,48787,307
MULTI_SEND,48954,308
INTERNAL_EVENT,49126,309
SINGLE_SEND,49295,310
RECEIVED,B,0,49465,312
RECEIVED,A,0,49637,313
RECEIVED,B,0,49806,314
MULTI_SEND,49977,315
INTERNAL_EVENT,50147,316
RECEIVED,B,0,50315,318
SINGLE_SEND,50487,319
SINGLE_SEND,50656,320
INTERNAL_EVENT,50825,321
RECEIVED,B,0,50994,322
RECEIVED,B,0,51165,323
RECEIVED,B,0,51335,324
INTERNAL_EVENT,51504,325
INTERNAL_EVENT,51675,326
RECEIVED,B,0,51844,327
INTERNAL_EVENT,52016,328
RECEIVED,B,0,52187,329
SINGLE_SEND,52357,330
MULTI_SEND,52527,331
SINGLE_SEND,52696,332
INTERNAL_EVENT,52865,333
SINGLE_SEND,53032,334
RECEIVED,B,0,53204,335
MULTI_SEND,53375,336
INTERNAL_EVENT,53543,337
RECEIVED,A,0,53710,339
SINGLE_SEND,53878,340
MULTI_SEND,54049,341
INTERNAL_EVENT,54217,342
SINGLE_SEND,54387,343
SINGLE_SEND,54557,344
INTERNAL_EVENT,54725,345
MULTI_SEND,54894,346
INTERNAL_EVENT,55064,347
INTERNAL_EVENT,55232,348
SINGLE_SEND,55404,349
INTERNAL_EVENT,55575,350
SINGLE_SEND,55744,351
INTERNAL_EVENT,55913,352
RECEIVED,B,0,56084,353
RECEIVED,B,0,56254,354
INTERNAL_EVENT,56425,355
RECEIVED,B,0,56593,356
SINGLE_SEND,56763,357
INTERNAL_EVENT,56933,358
INTERNAL_EVENT,57104,359
SINGLE_SEND,57275,360
SINGLE_SEND,57442,361
INTERNAL_EVENT,57610,362
SINGLE_SEND,57778,363
INTERNAL_EVENT,57948,364
SINGLE_SEND,58116,365
RECEIVED,A,0,58287,366
SINGLE_SEND,58458,367
INTERNAL_EVENT,58628,368
RECEIVED,B,0,58799,370
INTERNAL_EVENT,58966,371
INTERNAL_EVENT,59138,372
RECEIVED,B,0,59305,373
INTERNAL_EVENT,59475,374
INTERNAL_EVENT,59645,375
SINGLE_SEND,59814,376
MULTI_SEND,59981,377
INTERNAL_EVENT,60150,378
RECEIVED,A,0,60320,380
INTERNAL_EVENT,60488,381
SINGLE_SEND,60655,382
RECEIVED,A,0,60825,383
MULTI_SEND,60997,384
SINGLE_SEND,61168,385
MULTI_SEND,61339,386
SINGLE_SEND,61508,387
RECEIVED,B,0,61678,389
RECEIVED,B,0,61845,390
MULTI_SEND,62013,391
RECEIVED,B,0,62181,392
MULTI_SEND,62350,393
MULTI_SEND,62521,394
INTERNAL_EVENT,62689,395
INTERNAL_EVENT,62856,396
MULTI_SEND,63026,397
INTERNAL_EVENT,63198,398
SINGLE_SEND,63369,399
RECEIVED,B,0,63541,400
RECEIVED,B,0,63709,401
SINGLE_SEND,63877,402
RECEIVED,B,0,64047,403
SINGLE_SEND,64215,404
SINGLE_SEND,64386,405
INTERNAL_EVENT,64555,406
RECEIVED,B,0,64727,407
SINGLE_SEND,64894,408
SINGLE_SEND,65062,409
SINGLE_SEND,65235,410
RECEIVED,B,0,65404,411
INTERNAL_EVENT,65575,412
INTERNAL_EVENT,65742,413
SINGLE_SEND,65914,414
