INIT,C,6
RECEIVED,A,0,76,2
RECEIVED,B,0,245,3
MULTI_SEND,414,4
SINGLE_SEND,586,5
SINGLE_SEND,754,6
RECEIVED,B,0,921,8
SINGLE_SEND,1090,9
RECEIVED,B,0,1260,10
RECEIVED,B,0,1431,11
RECEIVED,B,1,1601,12
RECEIVED,A,0,1771,13
RECEIVED,A,1,1942,14
RECEIVED,B,0,2109,15
RECEIVED,B,0,2277,16
SINGLE_SEND,2446,17
SINGLE_SEND,2614,18
RECEIVED,B,0,2781,19
RECEIVED,B,0,2950,20
SINGLE_SEND,3121,21
SINGLE_SEND,3293,22
SINGLE_SEND,3460,23
RECEIVED,B,0,3628,25
RECEIVED,B,0,3798,26
RECEIVED,B,0,3967,27
MULTI_SEND,4138,28
SINGLE_SEND,4309,29
RECEIVED,B,0,4481,31
RECEIVED,B,0,4650,32
RECEIVED,B,0,4821,33
RECEIVED,B,0,4988,34
RECEIVED,B,0,5159,35
SINGLE_SEND,5328,36
SINGLE_SEND,5495,37
RECEIVED,B,0,5665,39
MULTI_SEND,5837,40
SINGLE_SEND,6009,41
SINGLE_SEND,6176,42
MULTI_SEND,6346,43
SINGLE_SEND,6518,44
MULTI_SEND,6688,45
MULTI_SEND,6859,46
SINGLE_SEND,7031,47
MULTI_SEND,7203,48
SINGLE_SEND,7371,49
SINGLE_SEND,7539,50
MULTI_SEND,7709,51
MULTI_SEND,7877,52
SINGLE_SEND,8043,53
MULTI_SEND,8211,54
SINGLE_SEND,8377,55
MULTI_SEND,8549,56
SINGLE_SEND,8721,57
MULTI_SEND,8890,58
MULTI_SEND,9061,59
MULTI_SEND,9230,60
MULTI_SEND,9400,61
SINGLE_SEND,9571,62
MULTI_SEND,9742,63
SINGLE_SEND,9911,64
SINGLE_SEND,10081,65
MULTI_SEND,10253,66
MULTI_SEND,10421,67
SINGLE_SEND,10591,68
SINGLE_SEND,10759,69
SINGLE_SEND,10926,70
SINGLE_SEND,11098,71
MULTI_SEND,11268,72
SINGLE_SEND,11438,73
MULTI_SEND,11609,74
SINGLE_SEND,11777,75
MULTI_SEND,11946,76
SINGLE_SEND,12114,77
SINGLE_SEND,12286,78
MULTI_SEND,12458,79
SINGLE_SEND,12628,80
SINGLE_SEND,12797,81
SINGLE_SEND,12964,82
SINGLE_SEND,13134,83
SINGLE_SEND,13303,84
SINGLE_SEND,13472,85
SINGLE_SEND,13639,86
SINGLE_SEND,13809,87
SINGLE_SEND,13979,88
SINGLE_SEND,14149,89
SINGLE_SEND,14318,90
MULTI_SEND,14488,91
MULTI_SEND,14659,92
SINGLE_SEND,14828,93
RECEIVED,A,0,14995,95
SINGLE_SEND,15166,96
SINGLE_SEND,15338,97
SINGLE_SEND,15509,98
MULTI_SEND,15679,99
SINGLE_SEND,15846,100
SINGLE_SEND,16018,101
SINGLE_SEND,16188,102
SINGLE_SEND,16359,103
RECEIVED,B,0,16526,105
SINGLE_SEND,16698,106
SINGLE_SEND,16869,107
MULTI_SEND,17038,108
MULTI_SEND,17209,109
SINGLE_SEND,17379,110
RECEIVED,B,0,17550,112
RECEIVED,B,0,17721,113
SINGLE_SEND,17889,114
SINGLE_SEND,18060,115
SINGLE_SEND,18229,116
RECEIVED,B,0,18398,118
MULTI_SEND,18568,119
SINGLE_SEND,18738,120
MULTI_SEND,18909,121
SINGLE_SEND,19077,122
MULTI_SEND,19247,123
SINGLE_SEND,19416,124
SINGLE_SEND,19584,125
SINGLE_SEND,19755,126
MULTI_SEND,19925,127
SINGLE_SEND,20092,128
SINGLE_SEND,20261,129
SINGLE_SEND,20430,130
RECEIVED,B,0,20598,132
RECEIVED,B,0,20769,133
MULTI_SEND,20941,134
SINGLE_SEND,21109,135
SINGLE_SEND,21276,136
RECEIVED,B,0,21448,138
RECEIVED,B,0,21618,139
RECEIVED,B,0,21788,140
SINGLE_SEND,21959,141
RECEIVED,B,0,22130,142
RECEIVED,B,0,22302,143
RECEIVED,B,0,22473,144
MULTI_SEND,22645,145
SINGLE_SEND,22813,146
RECEIVED,B,0,22982,148
MULTI_SEND,23149,149
SINGLE_SEND,23317,150
SINGLE_SEND,23489,151
MULTI_SEND,23659,152
MULTI_SEND,23826,153
SINGLE_SEND,23995,154
MULTI_SEND,24163,155
SINGLE_SEND,24332,156
RECEIVED,B,0,24503,158
MULTI_SEND,24672,159
MULTI_SEND,24843,160
SINGLE_SEND,25013,161
MULTI_SEND,25184,162
SINGLE_SEND,25353,163
MULTI_SEND,25523,164
MULTI_SEND,25691,165
MULTI_SEND,25859,166
MULTI_SEND,26029,167
SINGLE_SEND,26197,168
SINGLE_SEND,26364,169
SINGLE_SEND,26533,170
RECEIVED,B,0,26704,172
RECEIVED,B,0,26872,173
RECEIVED,B,0,27042,174
SINGLE_SEND,27212,175
SINGLE_SEND,27379,176
MULTI_SEND,27547,177
MULTI_SEND,27718,178
SINGLE_SEND,27888,179
SINGLE_SEND,28059,180
SINGLE_SEND,28231,181
SINGLE_SEND,28398,182
SINGLE_SEND,28566,183
SINGLE_SEND,28738,184
MULTI_SEND,28909,185
SINGLE_SEND,29077,186
MULTI_SEND,29247,187
MULTI_SEND,29419,188
MULTI_SEND,29590,189
SINGLE_SEND,29761,190
SINGLE_SEND,29932,191
MULTI_SEND,30104,192
SINGLE_SEND,30272,193
SINGLE_SEND,30439,194
SINGLE_SEND,30610,195
RECEIVED,B,0,30777,196
SINGLE_SEND,30949,197
MULTI_SEND,31119,198
SINGLE_SEND,31288,199
SINGLE_SEND,31459,200
MULTI_SEND,31631,201
MULTI_SEND,31799,202
SINGLE_SEND,31968,203
RECEIVED,B,0,32138,205
RECEIVED,B,0,32309,206
SINGLE_SEND,32477,207
RECEIVED,B,0,32645,208
RECEIVED,B,0,32813,209
RECEIVED,B,0,32980,210
RECEIVED,B,0,33148,211
RECEIVED,B,0,33319,212
RECEIVED,B,0,33488,213
MULTI_SEND,33660,214
MULTI_SEND,33827,215
SINGLE_SEND,33995,216
RECEIVED,B,0,34162,218
RECEIVED,B,0,34331,219
SINGLE_SEND,34501,220
SINGLE_SEND,34673,221
MULTI_SEND,34841,222
SINGLE_SEND,35010,223
SINGLE_SEND,35179,224
MULTI_SEND,35349,225
SINGLE_SEND,35519,226
SINGLE_SEND,35688,227
RECEIVED,B,0,35859,228
RECEIVED,B,0,36027,229
RECEIVED,B,0,36195,230
RECEIVED,B,0,36363,231
SINGLE_SEND,36533,232
SINGLE_SEND,36700,233
SINGLE_SEND,36867,234
SINGLE_SEND,37039,235
SINGLE_SEND,37209,236
MULTI_SEND,37376,237
MULTI_SEND,37548,238
MULTI_SEND,37718,239
SINGLE_SEND,37885,240
SINGLE_SEND,38053,241
SINGLE_SEND,38220,242
MULTI_SEND,38391,243
SINGLE_SEND,38561,244
SINGLE_SEND,38729,245
SINGLE_SEND,38898,246
SINGLE_SEND,39070,247
MULTI_SEND,39240,248
SINGLE_SEND,39409,249
SINGLE_SEND,39577,250
SINGLE_SEND,39748,251
MULTI_SEND,39916,252
SINGLE_SEND,40083,253
SINGLE_SEND,40252,254
SINGLE_SEND,40422,255
RECEIVED,B,0,40590,257
SINGLE_SEND,40760,258
SINGLE_SEND,40929,259
SINGLE_SEND,41096,260
SINGLE_SEND,41263,261
SINGLE_SEND,41431,262
MULTI_SEND,41603,263
SINGLE_SEND,41772,264
SINGLE_SEND,41944,265
SINGLE_SEND,42110,266
MULTI_SEND,42277,267
MULTI_SEND,42446,268
SINGLE_SEND,42616,269
SINGLE_SEND,42783,270
SINGLE_SEND,42951,271
SINGLE_SEND,43122,272
RECEIVED,B,0,43290,273
SINGLE_SEND,43460,274
RECEIVED,B,0,43629,275
RECEIVED,B,0,43801,276
RECEIVED,B,0,43972,277
MULTI_SEND,44143,278
MULTI_SEND,44312,279
MULTI_SEND,44481,280
MULTI_SEND,44650,281
SINGLE_SEND,44822,282
SINGLE_SEND,44991,283
SINGLE_SEND,45159,284
SINGLE_SEND,45328,285
MULTI_SEND,45498,286
SINGLE_SEND,45668,287
MULTI_SEND,45838,288
SINGLE_SEND,46009,289
MULTI_SEND,46177,290
SINGLE_SEND,46344,291
MULTI_SEND,46513,292
SINGLE_SEND,46684,293
MULTI_SEND,46856,294
SINGLE_SEND,47026,295
SINGLE_SEND,47195,296
SINGLE_SEND,47364,297
SINGLE_SEND,47532,298
SINGLE_SEND,47700,299
MULTI_SEND,47872,300
SINGLE_SEND,48042,301
RECEIVED,B,0,48212,303
SINGLE_SEND,48379,304
SINGLE_SEND,48549,305
RECEIVED,B,0,48717,307
RECEIVED,B,0,48888,308
RECEIVED,B,0,49059,309
RECEIVED,B,0,49229,310
MULTI_SEND,49397,311
SINGLE_SEND,49568,312
SINGLE_SEND,49740,313
RECEIVED,B,0,49909,315
MULTI_SEND,50079,316
SINGLE_SEND,50247,317
SINGLE_SEND,50419,318
MULTI_SEND,50589,319
MULTI_SEND,50760,320
SINGLE_SEND,50926,321
MULTI_SEND,51095,322
SINGLE_SEND,51265,323
SINGLE_SEND,51433,324
MULTI_SEND,51601,325
SINGLE_SEND,51772,326
SINGLE_SEND,51939,327
SINGLE_SEND,52109,328
RECEIVED,B,0,52277,330
RECEIVED,B,0,52444,331
MULTI_SEND,52615,332
MULTI_SEND,52786,333
SINGLE_SEND,52953,334
SINGLE_SEND,53125,335
RECEIVED,B,0,53292,337
RECEIVED,B,0,53460,338
SINGLE_SEND,53628,339
RECEIVED,B,0,53796,340
RECEIVED,B,0,53963,341
RECEIVED,B,0,54130,342
SINGLE_SEND,54301,343
SINGLE_SEND,54472,344
SINGLE_SEND,54643,345
RECEIVED,B,0,54812,346
SINGLE_SEND,54982,347
MULTI_SEND,55154,348
SINGLE_SEND,55322,349
SINGLE_SEND,55491,350
SINGLE_SEND,55662,351
MULTI_SEND,55834,352
MULTI_SEND,56004,353
SINGLE_SEND,56172,354
RECEIVED,B,0,56342,356
SINGLE_SEND,56511,357
RECEIVED,B,0,56678,358
SINGLE_SEND,56846,359
MULTI_SEND,57014,360
MULTI_SEND,57182,361
SINGLE_SEND,57354,362
RECEIVED,B,0,57525,364
SINGLE_SEND,57692,365
SINGLE_SEND,57860,366
SINGLE_SEND,58029,367
SINGLE_SEND,58197,368
SINGLE_SEND,58367,369
MULTI_SEND,58539,370
SINGLE_SEND,58709,371
SINGLE_SEND,58877,372
SINGLE_SEND,59045,373
MULTI_SEND,59214,374
MULTI_SEND,59384,375
MULTI_SEND,59551,376
MULTI_SEND,59722,377
MULTI_SEND,59889,378
MULTI_SEND,60060,379
SINGLE_SEND,60226,380
MULTI_SEND,60396,381
SINGLE_SEND,60563,382
SINGLE_SEND,60735,383
SINGLE_SEND,60903,384
RECEIVED,B,0,61072,385
RECEIVED,B,0,61241,386
SINGLE_SEND,61410,387
SINGLE_SEND,61577,388
RECEIVED,B,0,61749,390
SINGLE_SEND,61920,391
SINGLE_SEND,62091,392
SINGLE_SEND,62260,393
RECEIVED,B,0,62427,395
MULTI_SEND,62597,396
MULTI_SEND,62768,397
SINGLE_SEND,62939,398
MULTI_SEND,63110,399
MULTI_SEND,63278,400
MULTI_SEND,63446,401
SINGLE_SEND,63614,402
SINGLE_SEND,63785,403
MULTI_SEND,63954,404
MULTI_SEND,64122,405
MULTI_SEND,64292,406
SINGLE_SEND,64460,407
MULTI_SEND,64628,408
SINGLE_SEND,64796,409
SINGLE_SEND,64963,410
MULTI_SEND,65133,411
MULTI_SEND,65304,412
SINGLE_SEND,65472,413
SINGLE_SEND,65639,414
SINGLE_SEND,65810,415
SINGLE_SEND,65979,416
