INIT,C,6
INTERNAL_EVENT,73,1
INTERNAL_EVENT,240,2
INTERNAL_EVENT,412,3
INTERNAL_EVENT,582,4
INTERNAL_EVENT,749,5
INTERNAL_EVENT,917,6
INTERNAL_EVENT,1086,7
INTERNAL_EVENT,1256,8
INTERNAL_EVENT,1426,9
INTERNAL_EVENT,1597,10
INTERNAL_EVENT,1772,11
INTERNAL_EVENT,1943,12
INTERNAL_EVENT,2115,13
SINGLE_SEND,2283,14
SINGLE_SEND,2451,15
INTERNAL_EVENT,2621,16
RECEIVED,B,0,2788,18
INTERNAL_EVENT,2959,19
INTERNAL_EVENT,3128,20
INTERNAL_EVENT,3298,21
INTERNAL_EVENT,3465,22
INTERNAL_EVENT,3632,23
INTERNAL_EVENT,3800,24
INTERNAL_EVENT,3967,25
INTERNAL_EVENT,4135,26
INTERNAL_EVENT,4304,27
INTERNAL_EVENT,4472,28
RECEIVED,A,0,4641,29
INTERNAL_EVENT,4808,30
SINGLE_SEND,4979,31
INTERNAL_EVENT,5149,32
INTERNAL_EVENT,5317,33
INTERNAL_EVENT,5488,34
INTERNAL_EVENT,5660,35
INTERNAL_EVENT,5832,36
INTERNAL_EVENT,6003,37
INTERNAL_EVENT,6170,38
MULTI_SEND,6341,39
INTERNAL_EVENT,6511,40
INTERNAL_EVENT,6682,41
INTERNAL_EVENT,6852,42
INTERNAL_EVENT,7019,43
INTERNAL_EVENT,7191,44
INTERNAL_EVENT,7363,45
INTERNAL_EVENT,7532,46
INTERNAL_EVENT,7699,47
INTERNAL_EVENT,7867,48
INTERNAL_EVENT,8035,49
INTERNAL_EVENT,8208,50
INTERNAL_EVENT,8380,51
INTERNAL_EVENT,8550,52
INTERNAL_EVENT,8721,53
INTERNAL_EVENT,8891,54
INTERNAL_EVENT,9060,55
INTERNAL_EVENT,9232,56
INTERNAL_EVENT,9399,57
INTERNAL_EVENT,9571,58
INTERNAL_EVENT,9738,59
INTERNAL_EVENT,9908,60
INTERNAL_EVENT,10080,61
INTERNAL_EVENT,10250,62
INTERNAL_EVENT,10417,63
INTERNAL_EVENT,10589,64
INTERNAL_EVENT,10760,65
INTERNAL_EVENT,10932,66
INTERNAL_EVENT,11099,67
INTERNAL_EVENT,11270,68
INTERNAL_EVENT,11438,69
INTERNAL_EVENT,11606,70
INTERNAL_EVENT,11778,71
INTERNAL_EVENT,11948,72
INTERNAL_EVENT,12116,73
INTERNAL_EVENT,12283,74
INTERNAL_EVENT,12456,75
INTERNAL_EVENT,12624,76
MULTI_SEND,12792,77
INTERNAL_EVENT,12963,78
INTERNAL_EVENT,13132,79
INTERNAL_EVENT,13303,80
MULTI_SEND,13473,81
INTERNAL_EVENT,13645,82
INTERNAL_EVENT,13814,83
INTERNAL_EVENT,13985,84
INTERNAL_EVENT,14154,85
INTERNAL_EVENT,14321,86
INTERNAL_EVENT,14490,87
INTERNAL_EVENT,14659,88
INTERNAL_EVENT,14829,89
INTERNAL_EVENT,15000,90
INTERNAL_EVENT,15168,91
RECEIVED,A,0,15339,92
INTERNAL_EVENT,15511,93
INTERNAL_EVENT,15682,94
INTERNAL_EVENT,15853,95
INTERNAL_EVENT,16020,96
RECEIVED,B,0,16192,97
INTERNAL_EVENT,16363,98
INTERNAL_EVENT,16533,99
INTERNAL_EVENT,16701,100
INTERNAL_EVENT,16873,101
INTERNAL_EVENT,17040,102
INTERNAL_EVENT,17208,103
INTERNAL_EVENT,17377,104
INTERNAL_EVENT,17548,105
INTERNAL_EVENT,17716,106
INTERNAL_EVENT,17885,107
RECEIVED,A,0,18057,108
INTERNAL_EVENT,18228,109
INTERNAL_EVENT,18398,110
MULTI_SEND,18566,111
INTERNAL_EVENT,18733,112
INTERNAL_EVENT,18905,113
INTERNAL_EVENT,19076,114
INTERNAL_EVENT,19244,115
RECEIVED,B,0,19415,116
INTERNAL_EVENT,19585,117
INTERNAL_EVENT,19755,118
INTERNAL_EVENT,19923,119
MULTI_SEND,20091,120
INTERNAL_EVENT,20261,121
RECEIVED,B,0,20431,123
INTERNAL_EVENT,20599,124
INTERNAL_EVENT,20770,125
INTERNAL_EVENT,20939,126
RECEIVED,B,0,21111,127
MULTI_SEND,21282,128
INTERNAL_EVENT,21449,129
INTERNAL_EVENT,21621,130
INTERNAL_EVENT,21787,131
INTERNAL_EVENT,21955,132
INTERNAL_EVENT,22122,133
INTERNAL_EVENT,22291,134
INTERNAL_EVENT,22461,135
INTERNAL_EVENT,22632,136
INTERNAL_EVENT,22800,137
INTERNAL_EVENT,22972,138
INTERNAL_EVENT,23144,139
INTERNAL_EVENT,23312,140
INTERNAL_EVENT,23482,141
INTERNAL_EVENT,23649,142
INTERNAL_EVENT,23816,143
INTERNAL_EVENT,23985,144
INTERNAL_EVENT,24155,145
INTERNAL_EVENT,24324,146
INTERNAL_EVENT,24494,147
INTERNAL_EVENT,24665,148
INTERNAL_EVENT,24835,149
INTERNAL_EVENT,25004,150
INTERNAL_EVENT,25173,151
INTERNAL_EVENT,25339,152
INTERNAL_EVENT,25508,153
INTERNAL_EVENT,25676,154
INTERNAL_EVENT,25848,155
INTERNAL_EVENT,26019,156
INTERNAL_EVENT,26186,157
SINGLE_SEND,26353,158
INTERNAL_EVENT,26521,159
INTERNAL_EVENT,26688,160
RECEIVED,A,0,26859,161
INTERNAL_EVENT,27031,162
INTERNAL_EVENT,27198,163
INTERNAL_EVENT,27367,164
INTERNAL_EVENT,27534,165
INTERNAL_EVENT,27706,166
INTERNAL_EVENT,27873,167
INTERNAL_EVENT,28043,168
SINGLE_SEND,28214,169
INTERNAL_EVENT,28384,170
INTERNAL_EVENT,28555,171
INTERNAL_EVENT,28724,172
INTERNAL_EVENT,28896,173
INTERNAL_EVENT,29066,174
INTERNAL_EVENT,29235,175
MULTI_SEND,29407,176
INTERNAL_EVENT,29579,177
INTERNAL_EVENT,29749,178
INTERNAL_EVENT,29918,179
INTERNAL_EVENT,30088,180
INTERNAL_EVENT,30256,181
INTERNAL_EVENT,30427,182
INTERNAL_EVENT,30598,183
INTERNAL_EVENT,30770,184
INTERNAL_EVENT,30939,185
INTERNAL_EVENT,31110,186
INTERNAL_EVENT,31282,187
INTERNAL_EVENT,31454,188
INTERNAL_EVENT,31626,189
MULTI_SEND,31796,190
INTERNAL_EVENT,31965,191
INTERNAL_EVENT,32133,192
INTERNAL_EVENT,32303,193
INTERNAL_EVENT,32475,194
INTERNAL_EVENT,32647,195
RECEIVED,B,0,32816,196
INTERNAL_EVENT,32984,197
INTERNAL_EVENT,33150,198
INTERNAL_EVENT,33322,199
INTERNAL_EVENT,33489,200
SINGLE_SEND,33660,201
INTERNAL_EVENT,33832,202
RECEIVED,B,0,34000,203
INTERNAL_EVENT,34172,204
INTERNAL_EVENT,34344,205
INTERNAL_EVENT,34516,206
MULTI_SEND,34683,207
SINGLE_SEND,34850,208
INTERNAL_EVENT,35020,209
INTERNAL_EVENT,35192,210
INTERNAL_EVENT,35363,211
INTERNAL_EVENT,35533,212
INTERNAL_EVENT,35705,213
INTERNAL_EVENT,35877,214
RECEIVED,B,0,36048,215
INTERNAL_EVENT,36216,216
INTERNAL_EVENT,36385,217
INTERNAL_EVENT,36556,218
INTERNAL_EVENT,36723,219
INTERNAL_EVENT,36895,220
RECEIVED,B,0,37066,221
INTERNAL_EVENT,37237,222
MULTI_SEND,37408,223
INTERNAL_EVENT,37578,224
INTERNAL_EVENT,37748,225
INTERNAL_EVENT,37920,226
INTERNAL_EVENT,38089,227
INTERNAL_EVENT,38256,228
INTERNAL_EVENT,38425,229
INTERNAL_EVENT,38596,230
RECEIVED,A,0,38765,231
INTERNAL_EVENT,38934,232
INTERNAL_EVENT,39105,233
RECEIVED,B,0,39276,234
INTERNAL_EVENT,39447,235
INTERNAL_EVENT,39617,236
RECEIVED,A,0,39788,237
INTERNAL_EVENT,39960,238
INTERNAL_EVENT,40130,239
INTERNAL_EVENT,40302,240
INTERNAL_EVENT,40471,241
INTERNAL_EVENT,40642,242
INTERNAL_EVENT,40813,243
RECEIVED,A,0,40982,244
INTERNAL_EVENT,41149,245
INTERNAL_EVENT,41320,246
INTERNAL_EVENT,41487,247
INTERNAL_EVENT,41654,248
INTERNAL_EVENT,41825,249
INTERNAL_EVENT,41996,250
INTERNAL_EVENT,42165,251
INTERNAL_EVENT,42332,252
INTERNAL_EVENT,42501,253
INTERNAL_EVENT,42673,254
INTERNAL_EVENT,42844,255
INTERNAL_EVENT,43014,256
INTERNAL_EVENT,43182,257
INTERNAL_EVENT,43349,258
INTERNAL_EVENT,43520,259
INTERNAL_EVENT,43691,260
INTERNAL_EVENT,43859,261
INTERNAL_EVENT,44029,262
INTERNAL_EVENT,44198,263
INTERNAL_EVENT,44366,264
INTERNAL_EVENT,44537,265
INTERNAL_EVENT,44705,266
MULTI_SEND,44875,267
INTERNAL_EVENT,45047,268
INTERNAL_EVENT,45216,269
INTERNAL_EVENT,45385,270
INTERNAL_EVENT,45555,271
RECEIVED,B,0,45726,272
INTERNAL_EVENT,45897,273
INTERNAL_EVENT,46065,274
INTERNAL_EVENT,46234,275
INTERNAL_EVENT,46406,276
INTERNAL_EVENT,46574,277
INTERNAL_EVENT,46746,278
INTERNAL_EVENT,46916,279
INTERNAL_EVENT,47083,280
SINGLE_SEND,47255,281
INTERNAL_EVENT,47423,282
INTERNAL_EVENT,47592,283
INTERNAL_EVENT,47763,284
INTERNAL_EVENT,47931,285
SINGLE_SEND,48099,286
INTERNAL_EVENT,48271,287
INTERNAL_EVENT,48441,288
INTERNAL_EVENT,48611,289
INTERNAL_EVENT,48782,290
RECEIVED,B,0,48950,291
INTERNAL_EVENT,49121,292
INTERNAL_EVENT,49290,293
INTERNAL_EVENT,49462,294
INTERNAL_EVENT,49633,295
INTERNAL_EVENT,49802,296
INTERNAL_EVENT,49970,297
INTERNAL_EVENT,50140,298
INTERNAL_EVENT,50312,299
RECEIVED,A,0,50482,300
INTERNAL_EVENT,50650,301
RECEIVED,B,0,50821,302
INTERNAL_EVENT,50991,303
INTERNAL_EVENT,51163,304
INTERNAL_EVENT,51332,305
INTERNAL_EVENT,51499,306
INTERNAL_EVENT,51666,307
RECEIVED,B,0,51834,308
INTERNAL_EVENT,52006,309
INTERNAL_EVENT,52173,310
INTERNAL_EVENT,52345,311
INTERNAL_EVENT,52515,312
INTERNAL_EVENT,52683,313
INTERNAL_EVENT,52850,314
INTERNAL_EVENT,53020,315
INTERNAL_EVENT,53189,316
INTERNAL_EVENT,53361,317
INTERNAL_EVENT,53532,318
INTERNAL_EVENT,53703,319
INTERNAL_EVENT,53873,320
INTERNAL_EVENT,54043,321
RECEIVED,A,0,54215,322
INTERNAL_EVENT,54384,323
INTERNAL_EVENT,54553,324
INTERNAL_EVENT,54720,325
INTERNAL_EVENT,54891,326
INTERNAL_EVENT,55059,327
RECEIVED,A,0,55230,328
INTERNAL_EVENT,55399,329
INTERNAL_EVENT,55571,330
MULTI_SEND,55739,331
INTERNAL_EVENT,55911,332
INTERNAL_EVENT,56083,333
INTERNAL_EVENT,56250,334
INTERNAL_EVENT,56422,335
INTERNAL_EVENT,56590,336
INTERNAL_EVENT,56759,337
INTERNAL_EVENT,56929,338
INTERNAL_EVENT,57099,339
INTERNAL_EVENT,57270,340
INTERNAL_EVENT,57437,341
INTERNAL_EVENT,57605,342
INTERNAL_EVENT,57774,343
INTERNAL_EVENT,57945,344
INTERNAL_EVENT,58115,345
INTERNAL_EVENT,58282,346
INTERNAL_EVENT,58452,347
INTERNAL_EVENT,58621,348
INTERNAL_EVENT,58792,349
INTERNAL_EVENT,58960,350
INTERNAL_EVENT,59130,351
INTERNAL_EVENT,59301,352
INTERNAL_EVENT,59467,353
INTERNAL_EVENT,59634,354
INTERNAL_EVENT,59804,355
INTERNAL_EVENT,59973,356
INTERNAL_EVENT,60144,357
INTERNAL_EVENT,60315,358
RECEIVED,B,0,60482,359
INTERNAL_EVENT,60650,360
INTERNAL_EVENT,60822,361
INTERNAL_EVENT,60994,362
INTERNAL_EVENT,61165,363
INTERNAL_EVENT,61332,364
INTERNAL_EVENT,61503,365
INTERNAL_EVENT,61671,366
INTERNAL_EVENT,61842,367
INTERNAL_EVENT,62012,368
INTERNAL_EVENT,62183,369
INTERNAL_EVENT,62351,370
INTERNAL_EVENT,62520,371
INTERNAL_EVENT,62690,372
INTERNAL_EVENT,62862,373
INTERNAL_EVENT,63031,374
INTERNAL_EVENT,63202,375
INTERNAL_EVENT,63370,376
INTERNAL_EVENT,63540,377
INTERNAL_EVENT,63712,378
INTERNAL_EVENT,63883,379
INTERNAL_EVENT,64051,380
INTERNAL_EVENT,64223,381
INTERNAL_EVENT,64395,382
INTERNAL_EVENT,64564,383
INTERNAL_EVENT,64732,384
INTERNAL_EVENT,64900,385
INTERNAL_EVENT,65072,386
INTERNAL_EVENT,65244,387
INTERNAL_EVENT,65414,388
INTERNAL_EVENT,65582,389
INTERNAL_EVENT,65752,390
INTERNAL_EVENT,65920,391
