INIT,C,6
RECEIVED,A,0,66,2
INTERNAL_EVENT,238,3
INTERNAL_EVENT,409,4
INTERNAL_EVENT,580,5
INTERNAL_EVENT,750,6
INTERNAL_EVENT,921,7
INTERNAL_EVENT,1092,8
INTERNAL_EVENT,1260,9
INTERNAL_EVENT,1428,10
INTERNAL_EVENT,1597,11
INTERNAL_EVENT,1767,12
SINGLE_SEND,1939,13
INTERNAL_EVENT,2109,14
INTERNAL_EVENT,2276,15
INTERNAL_EVENT,2444,16
INTERNAL_EVENT,2611,17
SINGLE_SEND,2780,18
INTERNAL_EVENT,2950,19
INTERNAL_EVENT,3121,20
INTERNAL_EVENT,3293,21
SINGLE_SEND,3465,22
INTERNAL_EVENT,3637,23
INTERNAL_EVENT,3809,24
INTERNAL_EVENT,3980,25
INTERNAL_EVENT,4152,26
INTERNAL_EVENT,4321,27
INTERNAL_EVENT,4490,28
INTERNAL_EVENT,4661,29
INTERNAL_EVENT,4829,30
INTERNAL_EVENT,4998,31
INTERNAL_EVENT,5168,32
INTERNAL_EVENT,5338,33
INTERNAL_EVENT,5509,34
INTERNAL_EVENT,5676,35
INTERNAL_EVENT,5848,36
INTERNAL_EVENT,6018,37
INTERNAL_EVENT,6188,38
INTERNAL_EVENT,6359,39
INTERNAL_EVENT,6529,40
INTERNAL_EVENT,6696,41
INTERNAL_EVENT,6867,42
INTERNAL_EVENT,7038,43
RECEIVED,B,0,7209,44
INTERNAL_EVENT,7379,45
INTERNAL_EVENT,7549,46
INTERNAL_EVENT,7721,47
INTERNAL_EVENT,7889,48
INTERNAL_EVENT,8059,49
INTERNAL_EVENT,8227,50
INTERNAL_EVENT,8396,51
SINGLE_SEND,8568,52
INTERNAL_EVENT,8738,53
INTERNAL_EVENT,8909,54
INTERNAL_EVENT,9076,55
INTERNAL_EVENT,9244,56
INTERNAL_EVENT,9412,57
INTERNAL_EVENT,9583,58
RECEIVED,B,0,9752,59
INTERNAL_EVENT,9921,60
INTERNAL_EVENT,10089,61
INTERNAL_EVENT,10259,62
INTERNAL_EVENT,10428,63
INTERNAL_EVENT,10596,64
INTERNAL_EVENT,10765,65
INTERNAL_EVENT,10936,66
INTERNAL_EVENT,11104,67
INTERNAL_EVENT,11271,68
INTERNAL_EVENT,11439,69
INTERNAL_EVENT,11610,70
INTERNAL_EVENT,11779,71
INTERNAL_EVENT,11946,72
INTERNAL_EVENT,12117,73
INTERNAL_EVENT,12288,74
INTERNAL_EVENT,12459,75
INTERNAL_EVENT,12628,76
INTERNAL_EVENT,12797,77
INTERNAL_EVENT,12966,78
INTERNAL_EVENT,13138,79
INTERNAL_EVENT,13309,80
INTERNAL_EVENT,13479,81
INTERNAL_EVENT,13651,82
INTERNAL_EVENT,13823,83
INTERNAL_EVENT,13991,84
INTERNAL_EVENT,14161,85
INTERNAL_EVENT,14331,86
INTERNAL_EVENT,14499,87
INTERNAL_EVENT,14667,88
MULTI_SEND,14838,89
INTERNAL_EVENT,15009,90
INTERNAL_EVENT,15179,91
INTERNAL_EVENT,15346,92
INTERNAL_EVENT,15515,93
INTERNAL_EVENT,15687,94
MULTI_SEND,15854,95
INTERNAL_EVENT,16021,96
INTERNAL_EVENT,16190,97
INTERNAL_EVENT,16359,98
INTERNAL_EVENT,16529,99
INTERNAL_EVENT,16697,100
INTERNAL_EVENT,16866,101
INTERNAL_EVENT,17034,102
INTERNAL_EVENT,17203,103
INTERNAL_EVENT,17373,104
INTERNAL_EVENT,17544,105
INTERNAL_EVENT,17714,106
INTERNAL_EVENT,17885,107
INTERNAL_EVENT,18053,108
INTERNAL_EVENT,18221,109
INTERNAL_EVENT,18393,110
INTERNAL_EVENT,18561,111
INTERNAL_EVENT,18729,112
INTERNAL_EVENT,18897,113
INTERNAL_EVENT,19066,114
INTERNAL_EVENT,19238,115
INTERNAL_EVENT,19409,116
INTERNAL_EVENT,19578,117
INTERNAL_EVENT,19747,118
INTERNAL_EVENT,19916,119
INTERNAL_EVENT,20088,120
INTERNAL_EVENT,20259,121
INTERNAL_EVENT,20426,122
INTERNAL_EVENT,20595,123
INTERNAL_EVENT,20766,124
INTERNAL_EVENT,20938,125
INTERNAL_EVENT,21109,126
INTERNAL_EVENT,21279,127
INTERNAL_EVENT,21446,128
INTERNAL_EVENT,21614,129
INTERNAL_EVENT,21783,130
INTERNAL_EVENT,21954,131
INTERNAL_EVENT,22125,132
INTERNAL_EVENT,22294,133
INTERNAL_EVENT,22461,134
INTERNAL_EVENT,22629,135
INTERNAL_EVENT,22798,136
INTERNAL_EVENT,22966,137
INTERNAL_EVENT,23138,138
INTERNAL_EVENT,23309,139
INTERNAL_EVENT,23476,140
INTERNAL_EVENT,23645,141
INTERNAL_EVENT,23815,142
INTERNAL_EVENT,23982,143
INTERNAL_EVENT,24154,144
INTERNAL_EVENT,24322,145
RECEIVED,A,0,24492,146
INTERNAL_EVENT,24659,147
INTERNAL_EVENT,24829,148
INTERNAL_EVENT,25001,149
INTERNAL_EVENT,25171,150
INTERNAL_EVENT,25341,151
INTERNAL_EVENT,25511,152
INTERNAL_EVENT,25682,153
INTERNAL_EVENT,25849,154
INTERNAL_EVENT,26021,155
INTERNAL_EVENT,26190,156
INTERNAL_EVENT,26359,157
INTERNAL_EVENT,26526,158
INTERNAL_EVENT,26696,159
INTERNAL_EVENT,26863,160
RECEIVED,B,0,27034,161
INTERNAL_EVENT,27203,162
INTERNAL_EVENT,27372,163
INTERNAL_EVENT,27538,164
INTERNAL_EVENT,27710,165
INTERNAL_EVENT,27879,166
INTERNAL_EVENT,28046,167
INTERNAL_EVENT,28217,168
INTERNAL_EVENT,28388,169
INTERNAL_EVENT,28559,170
INTERNAL_EVENT,28726,171
INTERNAL_EVENT,28897,172
INTERNAL_EVENT,29067,173
INTERNAL_EVENT,29235,174
INTERNAL_EVENT,29404,175
INTERNAL_EVENT,29572,176
INTERNAL_EVENT,29739,177
RECEIVED,A,0,29911,178
INTERNAL_EVENT,30081,179
INTERNAL_EVENT,30248,180
INTERNAL_EVENT,30417,181
SINGLE_SEND,30588,182
INTERNAL_EVENT,30759,183
INTERNAL_EVENT,30929,184
INTERNAL_EVENT,31097,185
INTERNAL_EVENT,31268,186
INTERNAL_EVENT,31439,187
INTERNAL_EVENT,31609,188
INTERNAL_EVENT,31779,189
INTERNAL_EVENT,31949,190
INTERNAL_EVENT,32121,191
SINGLE_SEND,32288,192
INTERNAL_EVENT,32459,193
INTERNAL_EVENT,32629,194
RECEIVED,B,0,32796,195
INTERNAL_EVENT,32964,196
INTERNAL_EVENT,33132,197
INTERNAL_EVENT,33304,198
INTERNAL_EVENT,33472,199
INTERNAL_EVENT,33639,200
INTERNAL_EVENT,33809,201
RECEIVED,B,0,33976,202
INTERNAL_EVENT,34144,203
INTERNAL_EVENT,34312,204
INTERNAL_EVENT,34483,205
INTERNAL_EVENT,34654,206
INTERNAL_EVENT,34824,207
INTERNAL_EVENT,34994,208
INTERNAL_EVENT,35166,209
INTERNAL_EVENT,35338,210
INTERNAL_EVENT,35509,211
INTERNAL_EVENT,35678,212
INTERNAL_EVENT,35846,213
INTERNAL_EVENT,36016,214
INTERNAL_EVENT,36187,215
RECEIVED,A,0,36354,216
INTERNAL_EVENT,36522,217
INTERNAL_EVENT,36689,218
INTERNAL_EVENT,36860,219
INTERNAL_EVENT,37032,220
INTERNAL_EVENT,37200,221
INTERNAL_EVENT,37372,222
INTERNAL_EVENT,37540,223
INTERNAL_EVENT,37710,224
INTERNAL_EVENT,37880,225
INTERNAL_EVENT,38048,226
INTERNAL_EVENT,38218,227
INTERNAL_EVENT,38388,228
INTERNAL_EVENT,38559,229
INTERNAL_EVENT,38730,230
INTERNAL_EVENT,38897,231
SINGLE_SEND,39067,232
INTERNAL_EVENT,39238,233
INTERNAL_EVENT,39409,234
INTERNAL_EVENT,39581,235
INTERNAL_EVENT,39750,236
INTERNAL_EVENT,39922,237
INTERNAL_EVENT,40093,238
INTERNAL_EVENT,40262,239
INTERNAL_EVENT,40429,240
INTERNAL_EVENT,40596,241
INTERNAL_EVENT,40768,242
INTERNAL_EVENT,40938,243
INTERNAL_EVENT,41109,244
INTERNAL_EVENT,41277,245
INTERNAL_EVENT,41448,246
INTERNAL_EVENT,41618,247
INTERNAL_EVENT,41789,248
INTERNAL_EVENT,41959,249
INTERNAL_EVENT,42129,250
INTERNAL_EVENT,42298,251
INTERNAL_EVENT,42468,252
INTERNAL_EVENT,42640,253
INTERNAL_EVENT,42812,254
INTERNAL_EVENT,42983,255
INTERNAL_EVENT,43154,256
INTERNAL_EVENT,43322,257
INTERNAL_EVENT,43494,258
INTERNAL_EVENT,43663,259
INTERNAL_EVENT,43830,260
INTERNAL_EVENT,44000,261
INTERNAL_EVENT,44172,262
INTERNAL_EVENT,44343,263
INTERNAL_EVENT,44512,264
INTERNAL_EVENT,44684,265
INTERNAL_EVENT,44856,266
INTERNAL_EVENT,45024,267
INTERNAL_EVENT,45191,268
INTERNAL_EVENT,45362,269
INTERNAL_EVENT,45530,270
INTERNAL_EVENT,45697,271
RECEIVED,B,0,45865,272
INTERNAL_EVENT,46037,273
INTERNAL_EVENT,46207,274
INTERNAL_EVENT,46376,275
INTERNAL_EVENT,46545,276
INTERNAL_EVENT,46717,277
INTERNAL_EVENT,46888,278
INTERNAL_EVENT,47059,279
INTERNAL_EVENT,47231,280
INTERNAL_EVENT,47399,281
INTERNAL_EVENT,47571,282
INTERNAL_EVENT,47738,283
INTERNAL_EVENT,47909,284
INTERNAL_EVENT,48080,285
INTERNAL_EVENT,48251,286
INTERNAL_EVENT,48422,287
INTERNAL_EVENT,48589,288
INTERNAL_EVENT,48759,289
INTERNAL_EVENT,48928,290
MULTI_SEND,49097,291
INTERNAL_EVENT,49265,292
INTERNAL_EVENT,49433,293
INTERNAL_EVENT,49603,294
RECEIVED,B,0,49774,295
RECEIVED,B,0,49945,296
INTERNAL_EVENT,50112,297
INTERNAL_EVENT,50279,298
INTERNAL_EVENT,50447,299
INTERNAL_EVENT,50614,300
INTERNAL_EVENT,50784,301
INTERNAL_EVENT,50951,302
INTERNAL_EVENT,51122,303
INTERNAL_EVENT,51293,304
INTERNAL_EVENT,51464,305
INTERNAL_EVENT,51635,306
INTERNAL_EVENT,51804,307
INTERNAL_EVENT,51973,308
INTERNAL_EVENT,52144,309
INTERNAL_EVENT,52313,310
INTERNAL_EVENT,52480,311
SINGLE_SEND,52648,312
INTERNAL_EVENT,52817,313
INTERNAL_EVENT,52988,314
INTERNAL_EVENT,53160,315
INTERNAL_EVENT,53330,316
INTERNAL_EVENT,53498,317
INTERNAL_EVENT,53669,318
INTERNAL_EVENT,53841,319
INTERNAL_EVENT,54009,320
INTERNAL_EVENT,54180,321
INTERNAL_EVENT,54348,322
INTERNAL_EVENT,54515,323
INTERNAL_EVENT,54687,324
INTERNAL_EVENT,54858,325
MULTI_SEND,55028,326
INTERNAL_EVENT,55197,327
INTERNAL_EVENT,55365,328
INTERNAL_EVENT,55534,329
INTERNAL_EVENT,55706,330
INTERNAL_EVENT,55878,331
INTERNAL_EVENT,56048,332
INTERNAL_EVENT,56216,333
INTERNAL_EVENT,56388,334
INTERNAL_EVENT,56558,335
INTERNAL_EVENT,56729,336
INTERNAL_EVENT,56897,337
INTERNAL_EVENT,57068,338
INTERNAL_EVENT,57238,339
RECEIVED,B,0,57409,340
RECEIVED,B,0,57580,341
INTERNAL_EVENT,57749,342
INTERNAL_EVENT,57917,343
RECEIVED,B,0,58088,344
INTERNAL_EVENT,58259,345
INTERNAL_EVENT,58427,346
INTERNAL_EVENT,58597,347
INTERNAL_EVENT,58765,348
INTERNAL_EVENT,58936,349
INTERNAL_EVENT,59106,350
MULTI_SEND,59274,351
INTERNAL_EVENT,59443,352
INTERNAL_EVENT,59614,353
INTERNAL_EVENT,59785,354
INTERNAL_EVENT,59956,355
INTERNAL_EVENT,60128,356
INTERNAL_EVENT,60296,357
INTERNAL_EVENT,60464,358
SINGLE_SEND,60631,359
MULTI_SEND,60803,360
INTERNAL_EVENT,60974,361
INTERNAL_EVENT,61145,362
INTERNAL_EVENT,61315,363
INTERNAL_EVENT,61483,364
INTERNAL_EVENT,61651,365
INTERNAL_EVENT,61822,366
INTERNAL_EVENT,61991,367
INTERNAL_EVENT,62163,368
RECEIVED,B,0,62332,369
INTERNAL_EVENT,62500,370
INTERNAL_EVENT,62672,371
SINGLE_SEND,62844,372
INTERNAL_EVENT,63014,373
RECEIVED,B,0,63181,374
INTERNAL_EVENT,63350,375
INTERNAL_EVENT,63522,376
INTERNAL_EVENT,63693,377
INTERNAL_EVENT,63864,378
INTERNAL_EVENT,64033,379
INTERNAL_EVENT,64204,380
INTERNAL_EVENT,64372,381
INTERNAL_EVENT,64542,382
INTERNAL_EVENT,64711,383
RECEIVED,B,0,64880,384
INTERNAL_EVENT,65048,385
INTERNAL_EVENT,65218,386
INTERNAL_EVENT,65388,387
INTERNAL_EVENT,65560,388
INTERNAL_EVENT,65730,389
INTERNAL_EVENT,65898,390
