INIT,C,2
RECEIVED,B,0,716,2
RECEIVED,A,0,1220,3
RECEIVED,A,0,1720,4
RECEIVED,A,1,2221,6
RECEIVED,A,2,2721,7
RECEIVED,A,1,3222,8
RECEIVED,A,0,3723,9
RECEIVED,B,0,4223,13
INTERNAL_EVENT,4724,14
SINGLE_SEND,5224,15
INTERNAL_EVENT,5725,16
RECEIVED,B,0,6226,21
RECEIVED,B,0,6725,23
INTERNAL_EVENT,7226,24
INTERNAL_EVENT,7726,25
RECEIVED,A,0,8227,30
RECEIVED,A,0,8728,33
RECEIVED,A,0,9229,34
SINGLE_SEND,9729,35
INTERNAL_EVENT,10231,36
INTERNAL_EVENT,10731,37
RECEIVED,A,1,11232,42
RECEIVED,A,0,11733,43
SINGLE_SEND,12233,44
RECEIVED,B,0,12734,49
RECEIVED,A,0,13235,52
RECEIVED,A,1,13736,53
RECEIVED,B,0,14236,54
SINGLE_SEND,14737,55
INTERNAL_EVENT,15238,56
RECEIVED,A,0,15739,63
SINGLE_SEND,16239,64
INTERNAL_EVENT,16740,65
RECEIVED,A,0,17241,68
MULTI_SEND,17742,69
RECEIVED,A,0,18243,73
RECEIVED,B,0,18743,75
INTERNAL_EVENT,19244,76
RECEIVED,A,1,19744,79
RECEIVED,A,1,20245,80
RECEIVED,A,1,20745,82
RECEIVED,A,2,21246,83
RECEIVED,A,1,21746,85
RECEIVED,B,0,22247,86
SINGLE_SEND,22747,87
RECEIVED,B,0,23248,91
MULTI_SEND,23749,92
INTERNAL_EVENT,24250,93
INTERNAL_EVENT,24750,94
RECEIVED,A,0,25251,101
RECEIVED,B,0,25752,103
MULTI_SEND,26253,104
INTERNAL_EVENT,26754,105
RECEIVED,B,0,27255,110
INTERNAL_EVENT,27756,111
INTERNAL_EVENT,28255,112
RECEIVED,A,0,28756,116
RECEIVED,B,0,29257,119
INTERNAL_EVENT,29757,120
RECEIVED,B,0,30258,121
INTERNAL_EVENT,30758,122
RECEIVED,B,0,31258,125
RECEIVED,A,0,31759,129
INTERNAL_EVENT,32260,130
SINGLE_SEND,32761,131
INTERNAL_EVENT,33261,132
RECEIVED,A,0,33761,136
RECEIVED,A,0,34262,138
INTERNAL_EVENT,34762,139
RECEIVED,A,1,35265,142
RECEIVED,A,1,35766,143
RECEIVED,A,0,36266,146
INTERNAL_EVENT,36767,147
INTERNAL_EVENT,37267,148
INTERNAL_EVENT,37767,149
INTERNAL_EVENT,38268,150
RECEIVED,B,0,38768,157
RECEIVED,A,1,39269,159
RECEIVED,A,0,39770,160
SINGLE_SEND,40270,161
MULTI_SEND,40771,162
INTERNAL_EVENT,41273,163
RECEIVED,A,0,41774,170
INTERNAL_EVENT,42275,171
RECEIVED,A,0,42775,174
RECEIVED,A,0,43276,176
INTERNAL_EVENT,43776,177
INTERNAL_EVENT,44277,178
RECEIVED,B,0,44778,181
RECEIVED,A,0,45279,183
INTERNAL_EVENT,45781,184
SINGLE_SEND,46281,185
INTERNAL_EVENT,46781,186
RECEIVED,B,1,47290,191
RECEIVED,B,0,47791,192
RECEIVED,A,0,48291,196
INTERNAL_EVENT,48792,197
RECEIVED,A,1,49292,199
RECEIVED,A,0,49793,200
INTERNAL_EVENT,50294,201
INTERNAL_EVENT,50795,202
INTERNAL_EVENT,51295,203
INTERNAL_EVENT,51796,204
INTERNAL_EVENT,52296,205
RECEIVED,A,0,52797,215
INTERNAL_EVENT,53297,216
INTERNAL_EVENT,53798,217
SINGLE_SEND,54299,218
RECEIVED,A,0,54804,222
RECEIVED,A,0,55305,225
INTERNAL_EVENT,55806,226
INTERNAL_EVENT,56305,227
RECEIVED,A,0,56806,231
SINGLE_SEND,57305,232
INTERNAL_EVENT,57806,233
RECEIVED,B,1,58306,236
RECEIVED,A,1,58807,237
RECEIVED,B,1,59307,238
RECEIVED,A,0,59807,240
