INIT,C,3
RECEIVED,A,0,469,2
INTERNAL_EVENT,804,3
RECEIVED,B,0,1139,4
RECEIVED,B,1,1474,5
RECEIVED,A,1,1809,6
RECEIVED,B,0,2143,7
INTERNAL_EVENT,2478,8
INTERNAL_EVENT,2813,9
RECEIVED,A,0,3191,12
SINGLE_SEND,3526,13
MULTI_SEND,3860,14
MULTI_SEND,4195,15
INTERNAL_EVENT,4530,16
INTERNAL_EVENT,4864,17
INTERNAL_EVENT,5199,18
RECEIVED,A,0,5533,22
RECEIVED,A,0,5868,23
RECEIVED,A,0,6202,24
RECEIVED,B,0,6537,25
INTERNAL_EVENT,6871,26
RECEIVED,A,0,7206,28
INTERNAL_EVENT,7540,29
INTERNAL_EVENT,7875,30
RECEIVED,B,0,8236,31
RECEIVED,A,0,8587,33
INTERNAL_EVENT,8921,34
INTERNAL_EVENT,9256,35
INTERNAL_EVENT,9590,36
INTERNAL_EVENT,9925,37
SINGLE_SEND,10294,38
INTERNAL_EVENT,10631,39
INTERNAL_EVENT,10966,40
RECEIVED,B,0,11301,43
RECEIVED,B,0,11642,44
MULTI_SEND,11977,45
INTERNAL_EVENT,12312,46
INTERNAL_EVENT,12646,47
INTERNAL_EVENT,12981,48
SINGLE_SEND,13348,49
INTERNAL_EVENT,13691,50
INTERNAL_EVENT,14025,51
SINGLE_SEND,14360,52
INTERNAL_EVENT,14697,53
RECEIVED,B,0,15032,55
INTERNAL_EVENT,15366,56
RECEIVED,A,0,15702,62
MULTI_SEND,16036,63
RECEIVED,B,0,16372,64
RECEIVED,A,0,16706,67
RECEIVED,A,0,17041,68
SINGLE_SEND,17375,69
MULTI_SEND,17710,70
INTERNAL_EVENT,18045,71
INTERNAL_EVENT,18379,72
INTERNAL_EVENT,18714,73
INTERNAL_EVENT,19049,74
INTERNAL_EVENT,19385,75
RECEIVED,A,0,19719,78
INTERNAL_EVENT,20054,79
RECEIVED,B,0,20388,80
MULTI_SEND,20722,81
INTERNAL_EVENT,21057,82
RECEIVED,B,0,21391,84
SINGLE_SEND,21726,85
INTERNAL_EVENT,22061,86
INTERNAL_EVENT,22396,87
RECEIVED,A,0,22730,91
RECEIVED,B,1,23065,92
RECEIVED,A,0,23399,93
MULTI_SEND,23735,94
SINGLE_SEND,24070,95
SINGLE_SEND,24405,96
INTERNAL_EVENT,24739,97
RECEIVED,A,1,25074,100
RECEIVED,B,0,25409,101
INTERNAL_EVENT,25744,102
INTERNAL_EVENT,26078,103
RECEIVED,A,0,26413,105
RECEIVED,A,0,26749,107
RECEIVED,B,0,27083,108
INTERNAL_EVENT,27418,109
INTERNAL_EVENT,27753,110
RECEIVED,A,0,28087,112
RECEIVED,A,0,28454,113
INTERNAL_EVENT,28790,114
INTERNAL_EVENT,29124,115
MULTI_SEND,29459,116
INTERNAL_EVENT,29794,117
RECEIVED,B,1,30128,119
RECEIVED,A,0,30463,120
INTERNAL_EVENT,30797,121
RECEIVED,B,0,31133,125
SINGLE_SEND,31467,126
INTERNAL_EVENT,31802,127
RECEIVED,B,0,32136,130
RECEIVED,A,1,32471,131
RECEIVED,B,0,32806,132
SINGLE_SEND,33140,133
RECEIVED,A,0,33476,134
SINGLE_SEND,33811,135
INTERNAL_EVENT,34228,136
INTERNAL_EVENT,34563,137
INTERNAL_EVENT,34898,138
INTERNAL_EVENT,35232,139
RECEIVED,A,0,35567,143
INTERNAL_EVENT,35901,144
MULTI_SEND,36236,145
INTERNAL_EVENT,36571,146
INTERNAL_EVENT,36905,147
SINGLE_SEND,37240,148
RECEIVED,A,0,37575,152
INTERNAL_EVENT,37910,153
SINGLE_SEND,38244,154
INTERNAL_EVENT,38579,155
INTERNAL_EVENT,38914,156
INTERNAL_EVENT,39248,157
INTERNAL_EVENT,39583,158
INTERNAL_EVENT,39918,159
RECEIVED,A,0,40252,162
INTERNAL_EVENT,40587,163
RECEIVED,B,0,40921,166
INTERNAL_EVENT,41258,167
INTERNAL_EVENT,41593,168
INTERNAL_EVENT,41930,169
INTERNAL_EVENT,42265,170
INTERNAL_EVENT,42599,171
RECEIVED,B,0,42934,174
RECEIVED,A,0,43270,175
INTERNAL_EVENT,43607,176
INTERNAL_EVENT,43941,177
INTERNAL_EVENT,44276,178
INTERNAL_EVENT,44610,179
RECEIVED,A,0,44945,182
RECEIVED,A,0,45280,183
INTERNAL_EVENT,45614,184
INTERNAL_EVENT,45949,185
INTERNAL_EVENT,46283,186
INTERNAL_EVENT,46618,187
INTERNAL_EVENT,46952,188
INTERNAL_EVENT,47287,189
INTERNAL_EVENT,47622,190
RECEIVED,B,0,47956,191
INTERNAL_EVENT,48291,192
INTERNAL_EVENT,48625,193
RECEIVED,A,0,48960,198
SINGLE_SEND,49295,199
INTERNAL_EVENT,49630,200
MULTI_SEND,49964,201
RECEIVED,A,0,50299,204
INTERNAL_EVENT,50633,205
INTERNAL_EVENT,50968,206
RECEIVED,A,0,51317,208
RECEIVED,B,0,51651,209
INTERNAL_EVENT,51988,210
INTERNAL_EVENT,52323,211
SINGLE_SEND,52658,212
INTERNAL_EVENT,52992,213
RECEIVED,A,0,53327,215
INTERNAL_EVENT,53661,216
INTERNAL_EVENT,53996,217
RECEIVED,A,0,54330,219
RECEIVED,B,0,54665,220
RECEIVED,A,0,55000,222
INTERNAL_EVENT,55335,223
RECEIVED,A,1,55669,225
RECEIVED,B,0,56008,226
INTERNAL_EVENT,56364,227
RECEIVED,B,0,56708,228
INTERNAL_EVENT,57042,229
RECEIVED,A,0,57377,231
INTERNAL_EVENT,57711,232
INTERNAL_EVENT,58046,233
INTERNAL_EVENT,58380,234
INTERNAL_EVENT,58715,235
INTERNAL_EVENT,59050,236
MULTI_SEND,59384,237
INTERNAL_EVENT,59719,238
