INIT,C,1
INTERNAL_EVENT,185,1
RECEIVED,B,1,1194,5
RECEIVED,B,2,2200,7
RECEIVED,B,6,3205,11
RECEIVED,B,8,4206,12
RECEIVED,B,10,5207,13
RECEIVED,B,11,6207,14
RECEIVED,B,13,7208,15
RECEIVED,B,14,8209,16
RECEIVED,B,15,9209,17
RECEIVED,A,17,10210,19
RECEIVED,A,19,11211,20
RECEIVED,A,20,12211,22
RECEIVED,A,20,13212,23
RECEIVED,A,23,14213,26
RECEIVED,B,25,15214,28
RECEIVED,A,26,16215,29
RECEIVED,A,30,17215,30
RECEIVED,B,32,18216,34
RECEIVED,B,35,19216,37
RECEIVED,A,37,20217,38
RECEIVED,B,41,21217,40
RECEIVED,B,43,22218,42
RECEIVED,A,44,23220,46
RECEIVED,A,47,24221,47
RECEIVED,A,50,25222,49
RECEIVED,A,52,26223,51
RECEIVED,B,55,27223,52
RECEIVED,A,57,28223,55
RECEIVED,B,59,29224,56
RECEIVED,A,60,30225,57
RECEIVED,A,64,31226,61
RECEIVED,B,66,32226,63
RECEIVED,A,66,33227,68
RECEIVED,B,67,34230,70
RECEIVED,A,68,35231,71
RECEIVED,B,71,36232,72
RECEIVED,A,73,37233,73
RECEIVED,B,74,38233,76
RECEIVED,A,74,39234,80
RECEIVED,B,74,40235,81
RECEIVED,A,77,41236,83
RECEIVED,B,78,42236,85
RECEIVED,B,80,43237,86
RECEIVED,B,83,44237,87
RECEIVED,A,83,45238,89
RECEIVED,A,87,46239,91
RECEIVED,B,87,47239,92
RECEIVED,A,90,48241,94
RECEIVED,B,92,49241,95
RECEIVED,B,94,50242,96
RECEIVED,A,97,51243,97
RECEIVED,B,97,52244,98
RECEIVED,A,98,53244,99
RECEIVED,B,101,54245,100
RECEIVED,B,104,55246,105
RECEIVED,A,106,56246,106
RECEIVED,A,109,57247,107
RECEIVED,A,110,58248,108
RECEIVED,B,114,59248,109
RECEIVED,A,116,60249,110
RECEIVED,B,116,61249,111
RECEIVED,B,117,62250,112
RECEIVED,B,120,63250,113
RECEIVED,B,123,64251,114
RECEIVED,A,123,65251,116
