INIT,C,5
RECEIVED,A,0,688,2
RECEIVED,A,0,889,4
INTERNAL_EVENT,1089,5
RECEIVED,B,0,1290,6
RECEIVED,B,0,1491,7
SINGLE_SEND,1691,8
RECEIVED,B,0,1892,9
RECEIVED,B,0,2093,10
SINGLE_SEND,2294,11
RECEIVED,B,0,2494,12
INTERNAL_EVENT,2695,13
SINGLE_SEND,2896,14
MULTI_SEND,3098,15
INTERNAL_EVENT,3299,16
SINGLE_SEND,3500,17
INTERNAL_EVENT,3701,18
INTERNAL_EVENT,3901,19
SINGLE_SEND,4102,20
INTERNAL_EVENT,4303,21
MULTI_SEND,4504,22
INTERNAL_EVENT,4704,23
MULTI_SEND,4905,24
MULTI_SEND,5106,25
SINGLE_SEND,5306,26
SINGLE_SEND,5507,27
MULTI_SEND,5708,28
MULTI_SEND,5910,29
INTERNAL_EVENT,6111,30
SINGLE_SEND,6312,31
SINGLE_SEND,6513,32
MULTI_SEND,6714,33
MULTI_SEND,6915,34
MULTI_SEND,7116,35
SINGLE_SEND,7317,36
INTERNAL_EVENT,7518,37
MULTI_SEND,7719,38
INTERNAL_EVENT,7920,39
MULTI_SEND,8121,40
INTERNAL_EVENT,8322,41
INTERNAL_EVENT,8522,42
SINGLE_SEND,8723,43
SINGLE_SEND,8924,44
INTERNAL_EVENT,9125,45
RECEIVED,A,0,9325,46
INTERNAL_EVENT,9526,47
SINGLE_SEND,9728,48
MULTI_SEND,9928,49
MULTI_SEND,10129,50
MULTI_SEND,10330,51
MULTI_SEND,10531,52
SINGLE_SEND,10732,53
INTERNAL_EVENT,10933,54
INTERNAL_EVENT,11134,55
MULTI_SEND,11335,56
INTERNAL_EVENT,11536,57
SINGLE_SEND,11737,58
INTERNAL_EVENT,11938,59
INTERNAL_EVENT,12139,60
RECEIVED,A,0,12340,61
SINGLE_SEND,12541,62
INTERNAL_EVENT,12741,63
INTERNAL_EVENT,12942,64
INTERNAL_EVENT,13142,65
RECEIVED,A,0,13343,66
MULTI_SEND,13544,67
MULTI_SEND,13745,68
INTERNAL_EVENT,13946,69
MULTI_SEND,14147,70
SINGLE_SEND,14348,71
INTERNAL_EVENT,14549,72
MULTI_SEND,14751,73
SINGLE_SEND,14952,74
MULTI_SEND,15153,75
MULTI_SEND,15354,76
INTERNAL_EVENT,15555,77
SINGLE_SEND,15755,78
SINGLE_SEND,15956,79
INTERNAL_EVENT,16158,80
RECEIVED,B,0,16358,82
RECEIVED,B,0,16559,83
SINGLE_SEND,16760,84
SINGLE_SEND,16960,85
INTERNAL_EVENT,17162,86
INTERNAL_EVENT,17362,87
SINGLE_SEND,17563,88
INTERNAL_EVENT,17764,89
INTERNAL_EVENT,17964,90
RECEIVED,B,0,18165,91
INTERNAL_EVENT,18366,92
SINGLE_SEND,18567,93
RECEIVED,B,0,18767,94
SINGLE_SEND,18968,95
RECEIVED,B,0,19169,96
RECEIVED,B,0,19369,97
RECEIVED,B,0,19570,98
RECEIVED,A,0,19771,99
SINGLE_SEND,19971,100
MULTI_SEND,20172,101
MULTI_SEND,20375,102
SINGLE_SEND,20576,103
SINGLE_SEND,20777,104
SINGLE_SEND,20978,105
RECEIVED,B,0,21179,106
RECEIVED,B,0,21380,107
MULTI_SEND,21580,108
INTERNAL_EVENT,21781,109
MULTI_SEND,21982,110
INTERNAL_EVENT,22183,111
SINGLE_SEND,22384,112
SINGLE_SEND,22585,113
MULTI_SEND,22786,114
MULTI_SEND,22987,115
INTERNAL_EVENT,23188,116
MULTI_SEND,23388,117
SINGLE_SEND,23589,118
RECEIVED,B,0,23790,120
INTERNAL_EVENT,23991,121
RECEIVED,B,0,24192,122
RECEIVED,B,0,24393,123
SINGLE_SEND,24594,124
RECEIVED,B,0,24795,125
INTERNAL_EVENT,24995,126
RECEIVED,B,0,25196,127
RECEIVED,B,0,25397,128
RECEIVED,B,0,25597,129
RECEIVED,B,0,25798,130
SINGLE_SEND,25998,131
RECEIVED,B,0,26199,132
RECEIVED,B,0,26400,133
INTERNAL_EVENT,26601,134
INTERNAL_EVENT,26801,135
INTERNAL_EVENT,27002,136
MULTI_SEND,27203,137
INTERNAL_EVENT,27403,138
RECEIVED,B,0,27604,140
SINGLE_SEND,27805,141
MULTI_SEND,28006,142
INTERNAL_EVENT,28207,143
SINGLE_SEND,28408,144
INTERNAL_EVENT,28609,145
RECEIVED,B,0,28809,147
INTERNAL_EVENT,29010,148
INTERNAL_EVENT,29210,149
RECEIVED,B,0,29411,150
INTERNAL_EVENT,29611,151
INTERNAL_EVENT,29812,152
RECEIVED,A,0,30013,153
INTERNAL_EVENT,30213,154
MULTI_SEND,30414,155
SINGLE_SEND,30615,156
RECEIVED,B,0,30816,158
INTERNAL_EVENT,31016,159
RECEIVED,B,0,31217,160
RECEIVED,B,0,31418,161
RECEIVED,B,0,31619,162
RECEIVED,B,0,31819,163
SINGLE_SEND,32020,164
INTERNAL_EVENT,32221,165
RECEIVED,B,0,32422,167
INTERNAL_EVENT,32622,168
MULTI_SEND,32823,169
SINGLE_SEND,33024,170
SINGLE_SEND,33225,171
SINGLE_SEND,33426,172
RECEIVED,B,0,33627,173
SINGLE_SEND,33828,174
MULTI_SEND,34029,175
MULTI_SEND,34231,176
SINGLE_SEND,34431,177
INTERNAL_EVENT,34632,178
RECEIVED,B,0,34832,180
INTERNAL_EVENT,35033,181
SINGLE_SEND,35234,182
SINGLE_SEND,35435,183
SINGLE_SEND,35636,184
INTERNAL_EVENT,35837,185
INTERNAL_EVENT,36037,186
MULTI_SEND,36238,187
INTERNAL_EVENT,36439,188
RECEIVED,B,0,36640,190
INTERNAL_EVENT,36841,191
SINGLE_SEND,37041,192
INTERNAL_EVENT,37242,193
SINGLE_SEND,37443,194
SINGLE_SEND,37644,195
INTERNAL_EVENT,37845,196
INTERNAL_EVENT,38046,197
SINGLE_SEND,38247,198
INTERNAL_EVENT,38448,199
INTERNAL_EVENT,38649,200
SINGLE_SEND,38850,201
INTERNAL_EVENT,39051,202
MULTI_SEND,39251,203
SINGLE_SEND,39453,204
MULTI_SEND,39653,205
MULTI_SEND,39854,206
INTERNAL_EVENT,40055,207
INTERNAL_EVENT,40255,208
RECEIVED,B,0,40456,209
INTERNAL_EVENT,40657,210
RECEIVED,B,0,40859,211
INTERNAL_EVENT,41058,212
INTERNAL_EVENT,41259,213
RECEIVED,B,0,41460,214
RECEIVED,B,0,41661,215
SINGLE_SEND,41861,216
INTERNAL_EVENT,42063,217
SINGLE_SEND,42263,218
SINGLE_SEND,42464,219
INTERNAL_EVENT,42665,220
MULTI_SEND,42865,221
INTERNAL_EVENT,43066,222
MULTI_SEND,43267,223
INTERNAL_EVENT,43469,224
INTERNAL_EVENT,43669,225
RECEIVED,A,0,43870,226
MULTI_SEND,44071,227
SINGLE_SEND,44272,228
MULTI_SEND,44473,229
SINGLE_SEND,44674,230
RECEIVED,B,0,44874,232
INTERNAL_EVENT,45075,233
RECEIVED,B,0,45276,234
SINGLE_SEND,45476,235
RECEIVED,B,0,45678,236
INTERNAL_EVENT,45879,237
SINGLE_SEND,46080,238
INTERNAL_EVENT,46281,239
RECEIVED,B,0,46481,240
INTERNAL_EVENT,46682,241
SINGLE_SEND,46883,242
MULTI_SEND,47084,243
SINGLE_SEND,47285,244
INTERNAL_EVENT,47486,245
MULTI_SEND,47687,246
INTERNAL_EVENT,47888,247
MULTI_SEND,48089,248
SINGLE_SEND,48291,249
SINGLE_SEND,48492,250
INTERNAL_EVENT,48693,251
SINGLE_SEND,48893,252
MULTI_SEND,49095,253
INTERNAL_EVENT,49296,254
INTERNAL_EVENT,49497,255
SINGLE_SEND,49697,256
RECEIVED,B,0,49898,257
RECEIVED,A,0,50099,259
SINGLE_SEND,50300,260
MULTI_SEND,50500,261
INTERNAL_EVENT,50702,262
RECEIVED,B,0,50902,264
INTERNAL_EVENT,51103,265
INTERNAL_EVENT,51304,266
RECEIVED,B,0,51505,267
INTERNAL_EVENT,51705,268
RECEIVED,A,0,51906,269
INTERNAL_EVENT,52107,270
INTERNAL_EVENT,52307,271
INTERNAL_EVENT,52508,272
RECEIVED,B,0,52709,273
INTERNAL_EVENT,52909,274
SINGLE_SEND,53110,275
INTERNAL_EVENT,53310,276
MULTI_SEND,53511,277
SINGLE_SEND,53712,278
MULTI_SEND,53912,279
INTERNAL_EVENT,54113,280
SINGLE_SEND,54313,281
SINGLE_SEND,54514,282
INTERNAL_EVENT,54715,283
SINGLE_SEND,54916,284
INTERNAL_EVENT,55116,285
INTERNAL_EVENT,55317,286
MULTI_SEND,55517,287
INTERNAL_EVENT,55719,288
MULTI_SEND,55919,289
SINGLE_SEND,56120,290
SINGLE_SEND,56321,291
SINGLE_SEND,56523,292
RECEIVED,B,0,56724,294
SINGLE_SEND,56926,295
MULTI_SEND,57126,296
INTERNAL_EVENT,57327,297
SINGLE_SEND,57528,298
SINGLE_SEND,57729,299
INTERNAL_EVENT,57929,300
INTERNAL_EVENT,58133,301
SINGLE_SEND,58334,302
RECEIVED,B,0,58535,303
MULTI_SEND,58736,304
INTERNAL_EVENT,58937,305
INTERNAL_EVENT,59138,306
MULTI_SEND,59339,307
MULTI_SEND,59541,308
SINGLE_SEND,59740,309
MULTI_SEND,59941,310
MULTI_SEND,60142,311
INTERNAL_EVENT,60343,312
SINGLE_SEND,60543,313
RECEIVED,B,0,60744,314
INTERNAL_EVENT,60945,315
SINGLE_SEND,61146,316
RECEIVED,B,0,61347,317
RECEIVED,B,0,61547,318
RECEIVED,B,0,61748,319
INTERNAL_EVENT,61949,320
SINGLE_SEND,62150,321
SINGLE_SEND,62352,322
MULTI_SEND,62553,323
SINGLE_SEND,62754,324
RECEIVED,B,0,62955,326
INTERNAL_EVENT,63155,327
RECEIVED,B,0,63356,328
INTERNAL_EVENT,63557,329
RECEIVED,B,0,63758,330
RECEIVED,B,0,63958,331
INTERNAL_EVENT,64159,332
INTERNAL_EVENT,64360,333
RECEIVED,A,0,64561,334
RECEIVED,B,0,64762,335
SINGLE_SEND,64963,336
INTERNAL_EVENT,65164,337
INTERNAL_EVENT,65364,338
INTERNAL_EVENT,65565,339
RECEIVED,B,0,65766,340
SINGLE_SEND,65967,341
