INIT,C,2
RECEIVED,A,0,183,2
RECEIVED,B,1,687,4
RECEIVED,B,1,1187,5
RECEIVED,B,0,1688,6
RECEIVED,B,1,2189,11
RECEIVED,B,0,2689,12
RECEIVED,B,0,3190,17
RECEIVED,B,1,3691,18
RECEIVED,B,0,4191,20
INTERNAL_EVENT,4692,21
SINGLE_SEND,5192,22
RECEIVED,B,0,5694,30
RECEIVED,B,1,6194,31
RECEIVED,B,2,6695,32
RECEIVED,B,2,7196,33
RECEIVED,B,4,7696,34
RECEIVED,B,5,8197,36
RECEIVED,B,6,8698,38
RECEIVED,B,6,9199,39
RECEIVED,B,7,9699,40
RECEIVED,B,7,10200,41
RECEIVED,B,8,10701,42
RECEIVED,B,9,11201,43
RECEIVED,B,9,11701,45
RECEIVED,B,8,12202,47
RECEIVED,B,8,12703,48
RECEIVED,B,9,13204,50
RECEIVED,B,8,13705,52
RECEIVED,B,7,14205,54
RECEIVED,B,9,14706,55
RECEIVED,B,9,15207,56
RECEIVED,B,8,15707,57
RECEIVED,B,8,16208,59
RECEIVED,B,8,16709,64
RECEIVED,B,8,17210,66
RECEIVED,B,10,17711,67
RECEIVED,B,9,18211,73
RECEIVED,B,9,18712,74
RECEIVED,B,9,19213,75
RECEIVED,B,9,19714,76
RECEIVED,B,10,20215,81
RECEIVED,B,10,20715,83
RECEIVED,B,9,21216,86
RECEIVED,B,10,21718,88
RECEIVED,B,9,22220,89
RECEIVED,B,10,22720,90
RECEIVED,B,10,23221,94
RECEIVED,B,11,23722,96
RECEIVED,B,11,24222,99
RECEIVED,B,12,24723,101
RECEIVED,B,13,25224,102
RECEIVED,B,12,25724,103
RECEIVED,B,12,26225,108
RECEIVED,B,13,26725,109
RECEIVED,B,12,27226,114
RECEIVED,B,12,27727,115
RECEIVED,B,12,28228,116
RECEIVED,B,12,28729,119
RECEIVED,B,12,29230,120
RECEIVED,B,13,29730,122
RECEIVED,B,14,30231,123
RECEIVED,B,16,30732,125
RECEIVED,B,15,31233,126
RECEIVED,B,16,31734,127
RECEIVED,B,15,32237,131
RECEIVED,B,16,32737,133
RECEIVED,B,17,33238,134
RECEIVED,B,16,33738,138
RECEIVED,B,18,34238,141
RECEIVED,B,17,34739,144
RECEIVED,B,18,35240,146
RECEIVED,B,17,35742,148
RECEIVED,B,18,36242,150
RECEIVED,B,18,36742,151
RECEIVED,B,18,37243,152
RECEIVED,B,18,37744,153
RECEIVED,B,19,38246,154
RECEIVED,B,19,38747,155
RECEIVED,B,20,39247,158
RECEIVED,B,21,39748,159
RECEIVED,B,20,40249,163
RECEIVED,B,20,40749,164
RECEIVED,B,20,41250,165
RECEIVED,B,20,41751,166
RECEIVED,B,22,42252,170
RECEIVED,B,21,42753,171
RECEIVED,B,21,43253,172
RECEIVED,B,21,43754,175
RECEIVED,B,22,44254,176
RECEIVED,B,21,44755,181
RECEIVED,B,21,45256,182
RECEIVED,B,21,45758,184
RECEIVED,B,21,46259,186
RECEIVED,B,21,46760,189
RECEIVED,B,20,47260,190
RECEIVED,B,20,47761,191
RECEIVED,B,20,48262,194
RECEIVED,B,21,48763,195
RECEIVED,B,21,49264,196
RECEIVED,B,20,49765,198
RECEIVED,B,19,50265,199
RECEIVED,B,19,50766,204
RECEIVED,B,19,51266,206
RECEIVED,B,21,51767,209
RECEIVED,B,21,52268,210
RECEIVED,B,20,52768,211
RECEIVED,B,20,53269,212
RECEIVED,B,22,53770,217
RECEIVED,B,22,54270,218
RECEIVED,B,22,54771,220
RECEIVED,B,21,55271,221
RECEIVED,B,21,55772,226
RECEIVED,B,22,56273,229
RECEIVED,B,23,56774,231
RECEIVED,B,24,57275,233
RECEIVED,B,26,57776,239
RECEIVED,B,26,58276,241
RECEIVED,B,25,58777,242
RECEIVED,B,24,59278,244
RECEIVED,B,24,59778,246
RECEIVED,B,24,60279,252
RECEIVED,B,23,60779,255
RECEIVED,B,24,61280,257
RECEIVED,B,25,61781,258
RECEIVED,B,25,62281,259
RECEIVED,B,25,62782,261
RECEIVED,B,25,63283,266
RECEIVED,B,25,63784,267
RECEIVED,B,24,64285,268
RECEIVED,B,24,64785,269
RECEIVED,B,23,65286,270
RECEIVED,B,23,65787,272
