INIT,C,4
INTERNAL_EVENT,173,1
INTERNAL_EVENT,431,2
INTERNAL_EVENT,682,3
MULTI_SEND,932,4
INTERNAL_EVENT,1183,5
MULTI_SEND,1434,6
INTERNAL_EVENT,1685,7
INTERNAL_EVENT,1936,8
INTERNAL_EVENT,2186,9
RECEIVED,A,0,2437,13
INTERNAL_EVENT,2688,14
INTERNAL_EVENT,2939,15
INTERNAL_EVENT,3189,16
INTERNAL_EVENT,3440,17
SINGLE_SEND,3690,18
INTERNAL_EVENT,3941,19
INTERNAL_EVENT,4191,20
INTERNAL_EVENT,4442,21
MULTI_SEND,4693,22
INTERNAL_EVENT,4943,23
SINGLE_SEND,5194,24
INTERNAL_EVENT,5445,25
INTERNAL_EVENT,5696,26
RECEIVED,A,0,5946,30
RECEIVED,A,0,6197,31
RECEIVED,A,0,6448,33
INTERNAL_EVENT,6699,34
INTERNAL_EVENT,6949,35
INTERNAL_EVENT,7200,36
RECEIVED,A,0,7451,38
RECEIVED,A,0,7701,39
SINGLE_SEND,7952,40
INTERNAL_EVENT,8203,41
RECEIVED,A,0,8453,44
INTERNAL_EVENT,8704,45
INTERNAL_EVENT,8955,46
INTERNAL_EVENT,9205,47
INTERNAL_EVENT,9455,48
SINGLE_SEND,9706,49
INTERNAL_EVENT,9956,50
INTERNAL_EVENT,10207,51
RECEIVED,A,0,10458,54
INTERNAL_EVENT,10708,55
INTERNAL_EVENT,10959,56
INTERNAL_EVENT,11209,57
MULTI_SEND,11460,58
INTERNAL_EVENT,11711,59
RECEIVED,A,0,11961,61
RECEIVED,A,0,12212,62
RECEIVED,A,0,12463,64
INTERNAL_EVENT,12713,65
INTERNAL_EVENT,12964,66
INTERNAL_EVENT,13214,67
INTERNAL_EVENT,13465,68
RECEIVED,A,0,13716,70
INTERNAL_EVENT,13966,71
INTERNAL_EVENT,14216,72
RECEIVED,A,0,14467,73
RECEIVED,A,0,14718,75
RECEIVED,A,0,14969,76
RECEIVED,A,0,15220,77
INTERNAL_EVENT,15470,78
INTERNAL_EVENT,15721,79
RECEIVED,A,0,15975,81
INTERNAL_EVENT,16226,82
RECEIVED,A,0,16476,83
SINGLE_SEND,16727,84
INTERNAL_EVENT,16978,85
INTERNAL_EVENT,17229,86
INTERNAL_EVENT,17479,87
SINGLE_SEND,17730,88
INTERNAL_EVENT,17981,89
INTERNAL_EVENT,18232,90
MULTI_SEND,18484,91
INTERNAL_EVENT,18735,92
SINGLE_SEND,18986,93
INTERNAL_EVENT,19236,94
INTERNAL_EVENT,19487,95
INTERNAL_EVENT,19737,96
INTERNAL_EVENT,19988,97
MULTI_SEND,20238,98
INTERNAL_EVENT,20489,99
SINGLE_SEND,20740,100
INTERNAL_EVENT,21000,101
RECEIVED,A,0,21251,107
INTERNAL_EVENT,21502,108
INTERNAL_EVENT,21752,109
RECEIVED,A,0,22003,111
RECEIVED,A,0,22254,112
RECEIVED,A,0,22504,113
SINGLE_SEND,22754,114
INTERNAL_EVENT,23005,115
INTERNAL_EVENT,23256,116
SINGLE_SEND,23506,117
SINGLE_SEND,23757,118
INTERNAL_EVENT,24007,119
INTERNAL_EVENT,24258,120
INTERNAL_EVENT,24508,121
MULTI_SEND,24759,122
INTERNAL_EVENT,25010,123
INTERNAL_EVENT,25260,124
RECEIVED,A,0,25511,129
INTERNAL_EVENT,25761,130
RECEIVED,A,0,26012,131
RECEIVED,A,0,26268,132
INTERNAL_EVENT,26518,133
INTERNAL_EVENT,26769,134
RECEIVED,A,0,27020,136
INTERNAL_EVENT,27270,137
RECEIVED,A,0,27521,138
INTERNAL_EVENT,27772,139
RECEIVED,A,0,28022,141
INTERNAL_EVENT,28273,142
INTERNAL_EVENT,28524,143
RECEIVED,A,0,28775,145
INTERNAL_EVENT,29025,146
INTERNAL_EVENT,29276,147
RECEIVED,A,0,29527,148
INTERNAL_EVENT,29778,149
RECEIVED,A,0,30028,151
INTERNAL_EVENT,30279,152
MULTI_SEND,30530,153
INTERNAL_EVENT,30780,154
INTERNAL_EVENT,31031,155
INTERNAL_EVENT,31282,156
RECEIVED,A,1,31532,158
RECEIVED,A,0,31783,159
INTERNAL_EVENT,32034,160
RECEIVED,A,0,32285,162
SINGLE_SEND,32535,163
INTERNAL_EVENT,32786,164
INTERNAL_EVENT,33036,165
SINGLE_SEND,33287,166
SINGLE_SEND,33538,167
RECEIVED,A,0,33788,170
SINGLE_SEND,34039,171
INTERNAL_EVENT,34290,172
MULTI_SEND,34540,173
INTERNAL_EVENT,34791,174
INTERNAL_EVENT,35042,175
INTERNAL_EVENT,35294,176
INTERNAL_EVENT,35545,177
INTERNAL_EVENT,35796,178
RECEIVED,A,0,36046,181
RECEIVED,A,0,36297,182
RECEIVED,A,0,36547,183
INTERNAL_EVENT,36798,184
INTERNAL_EVENT,37049,185
RECEIVED,A,0,37300,187
RECEIVED,A,0,37552,188
INTERNAL_EVENT,37803,189
RECEIVED,A,0,38053,191
INTERNAL_EVENT,38303,192
RECEIVED,A,0,38554,193
SINGLE_SEND,38805,194
INTERNAL_EVENT,39055,195
INTERNAL_EVENT,39306,196
INTERNAL_EVENT,39556,197
INTERNAL_EVENT,39807,198
INTERNAL_EVENT,40058,199
RECEIVED,A,0,40309,202
RECEIVED,A,0,40560,203
INTERNAL_EVENT,40810,204
RECEIVED,A,0,41061,206
INTERNAL_EVENT,41311,207
INTERNAL_EVENT,41562,208
MULTI_SEND,41813,209
INTERNAL_EVENT,42064,210
INTERNAL_EVENT,42315,211
INTERNAL_EVENT,42566,212
INTERNAL_EVENT,42817,213
RECEIVED,A,0,43068,216
RECEIVED,A,0,43318,217
RECEIVED,A,0,43569,219
INTERNAL_EVENT,43820,220
MULTI_SEND,44071,221
INTERNAL_EVENT,44322,222
INTERNAL_EVENT,44573,223
INTERNAL_EVENT,44824,224
RECEIVED,A,0,45075,227
RECEIVED,A,0,45325,228
INTERNAL_EVENT,45576,229
INTERNAL_EVENT,45826,230
RECEIVED,A,0,46077,232
INTERNAL_EVENT,46328,233
MULTI_SEND,46578,234
INTERNAL_EVENT,46829,235
INTERNAL_EVENT,47080,236
SINGLE_SEND,47331,237
INTERNAL_EVENT,47582,238
RECEIVED,A,0,47832,241
INTERNAL_EVENT,48083,242
INTERNAL_EVENT,48334,243
RECEIVED,A,1,48585,244
RECEIVED,A,0,48835,245
RECEIVED,A,0,49087,247
SINGLE_SEND,49338,248
INTERNAL_EVENT,49589,249
INTERNAL_EVENT,49839,250
INTERNAL_EVENT,50090,251
SINGLE_SEND,50341,252
INTERNAL_EVENT,50592,253
INTERNAL_EVENT,50843,254
INTERNAL_EVENT,51094,255
RECEIVED,A,0,51344,258
RECEIVED,A,0,51595,259
INTERNAL_EVENT,51855,260
INTERNAL_EVENT,52106,261
SINGLE_SEND,52357,262
RECEIVED,A,0,52608,265
INTERNAL_EVENT,52859,266
INTERNAL_EVENT,53110,267
INTERNAL_EVENT,53360,268
RECEIVED,A,0,53611,270
MULTI_SEND,53863,271
MULTI_SEND,54112,272
INTERNAL_EVENT,54363,273
RECEIVED,A,0,54614,275
INTERNAL_EVENT,54864,276
INTERNAL_EVENT,55115,277
RECEIVED,A,0,55366,279
MULTI_SEND,55617,280
INTERNAL_EVENT,55867,281
INTERNAL_EVENT,56118,282
INTERNAL_EVENT,56368,283
RECEIVED,A,1,56619,285
RECEIVED,A,0,56871,286
SINGLE_SEND,57121,287
INTERNAL_EVENT,57372,288
RECEIVED,A,1,57623,290
RECEIVED,A,0,57873,291
SINGLE_SEND,58124,292
INTERNAL_EVENT,58375,293
RECEIVED,A,1,58625,295
RECEIVED,A,0,58876,296
SINGLE_SEND,59127,297
INTERNAL_EVENT,59379,298
INTERNAL_EVENT,59631,299
SINGLE_SEND,59882,300
