INIT,C,5
INTERNAL_EVENT,198,1
INTERNAL_EVENT,399,2
INTERNAL_EVENT,599,3
RECEIVED,B,0,800,6
RECEIVED,B,0,1001,7
INTERNAL_EVENT,1201,8
RECEIVED,B,0,1401,10
RECEIVED,A,0,1602,11
INTERNAL_EVENT,1802,12
INTERNAL_EVENT,2003,13
INTERNAL_EVENT,2203,14
INTERNAL_EVENT,2404,15
RECEIVED,A,1,2605,16
RECEIVED,B,1,2806,17
RECEIVED,A,0,3006,18
SINGLE_SEND,3207,19
INTERNAL_EVENT,3409,20
RECEIVED,A,0,3610,21
MULTI_SEND,3811,22
INTERNAL_EVENT,4012,23
INTERNAL_EVENT,4213,24
RECEIVED,B,0,4413,27
RECEIVED,B,0,4613,29
INTERNAL_EVENT,4814,30
INTERNAL_EVENT,5014,31
RECEIVED,A,0,5215,33
SINGLE_SEND,5415,34
SINGLE_SEND,5616,35
INTERNAL_EVENT,5817,36
SINGLE_SEND,6017,37
RECEIVED,A,0,6218,40
INTERNAL_EVENT,6418,41
RECEIVED,A,0,6618,42
MULTI_SEND,6819,43
INTERNAL_EVENT,7020,44
INTERNAL_EVENT,7221,45
SINGLE_SEND,7421,46
RECEIVED,A,0,7623,47
RECEIVED,A,0,7824,48
INTERNAL_EVENT,8024,49
SINGLE_SEND,8225,50
INTERNAL_EVENT,8426,51
INTERNAL_EVENT,8627,52
RECEIVED,B,0,8827,56
RECEIVED,B,0,9028,57
RECEIVED,B,0,9229,58
INTERNAL_EVENT,9429,59
INTERNAL_EVENT,9630,60
RECEIVED,A,0,9831,61
SINGLE_SEND,10032,62
INTERNAL_EVENT,10233,63
INTERNAL_EVENT,10433,64
RECEIVED,B,1,10634,66
RECEIVED,B,0,10834,67
RECEIVED,B,0,11035,69
SINGLE_SEND,11236,70
INTERNAL_EVENT,11437,71
INTERNAL_EVENT,11638,72
INTERNAL_EVENT,11838,73
INTERNAL_EVENT,12039,74
INTERNAL_EVENT,12239,75
INTERNAL_EVENT,12440,76
MULTI_SEND,12641,77
SINGLE_SEND,12841,78
INTERNAL_EVENT,13042,79
INTERNAL_EVENT,13243,80
SINGLE_SEND,13443,81
INTERNAL_EVENT,13644,82
INTERNAL_EVENT,13845,83
MULTI_SEND,14046,84
INTERNAL_EVENT,14246,85
INTERNAL_EVENT,14447,86
RECEIVED,A,0,14647,88
RECEIVED,B,0,14848,92
INTERNAL_EVENT,15049,93
INTERNAL_EVENT,15250,94
RECEIVED,A,0,15450,95
RECEIVED,A,0,15651,96
MULTI_SEND,15853,97
INTERNAL_EVENT,16052,98
INTERNAL_EVENT,16253,99
RECEIVED,A,0,16454,101
RECEIVED,B,0,16655,104
INTERNAL_EVENT,16855,105
RECEIVED,B,0,17056,106
SINGLE_SEND,17256,107
MULTI_SEND,17457,108
INTERNAL_EVENT,17658,109
INTERNAL_EVENT,17858,110
INTERNAL_EVENT,18059,111
INTERNAL_EVENT,18260,112
INTERNAL_EVENT,18460,113
SINGLE_SEND,18661,114
SINGLE_SEND,18862,115
INTERNAL_EVENT,19063,116
INTERNAL_EVENT,19264,117
RECEIVED,B,0,19464,121
INTERNAL_EVENT,19665,122
RECEIVED,A,0,19866,123
INTERNAL_EVENT,20067,124
RECEIVED,B,0,20267,126
INTERNAL_EVENT,20468,127
INTERNAL_EVENT,20669,128
INTERNAL_EVENT,20870,129
INTERNAL_EVENT,21070,130
INTERNAL_EVENT,21271,131
MULTI_SEND,21472,132
INTERNAL_EVENT,21672,133
INTERNAL_EVENT,21873,134
RECEIVED,A,0,22074,136
INTERNAL_EVENT,22274,137
SINGLE_SEND,22475,138
SINGLE_SEND,22675,139
INTERNAL_EVENT,22876,140
INTERNAL_EVENT,23104,141
INTERNAL_EVENT,23306,142
INTERNAL_EVENT,23507,143
INTERNAL_EVENT,23707,144
INTERNAL_EVENT,23908,145
INTERNAL_EVENT,24108,146
RECEIVED,A,1,24309,149
RECEIVED,B,0,24509,151
RECEIVED,A,0,24710,153
INTERNAL_EVENT,24910,154
INTERNAL_EVENT,25111,155
RECEIVED,B,0,25312,158
RECEIVED,A,0,25513,159
RECEIVED,B,0,25714,161
RECEIVED,B,0,25914,162
SINGLE_SEND,26115,163
MULTI_SEND,26316,164
MULTI_SEND,26523,165
INTERNAL_EVENT,26728,166
INTERNAL_EVENT,26929,167
INTERNAL_EVENT,27130,168
MULTI_SEND,27330,169
MULTI_SEND,27531,170
INTERNAL_EVENT,27732,171
RECEIVED,A,0,27933,173
INTERNAL_EVENT,28133,174
INTERNAL_EVENT,28334,175
INTERNAL_EVENT,28534,176
INTERNAL_EVENT,28735,177
INTERNAL_EVENT,28936,178
INTERNAL_EVENT,29137,179
RECEIVED,B,0,29338,183
INTERNAL_EVENT,29539,184
RECEIVED,A,1,29740,185
RECEIVED,B,1,29940,186
RECEIVED,B,1,30141,187
RECEIVED,B,1,30342,188
RECEIVED,A,1,30543,189
RECEIVED,B,0,30743,190
INTERNAL_EVENT,30944,191
INTERNAL_EVENT,31144,192
RECEIVED,A,0,31345,195
INTERNAL_EVENT,31546,196
RECEIVED,B,0,31746,198
INTERNAL_EVENT,31947,199
RECEIVED,A,0,32147,200
INTERNAL_EVENT,32348,201
RECEIVED,B,0,32549,203
INTERNAL_EVENT,32749,204
INTERNAL_EVENT,32950,205
RECEIVED,B,0,33151,207
SINGLE_SEND,33351,208
RECEIVED,A,0,33552,209
INTERNAL_EVENT,33752,210
RECEIVED,A,0,33953,211
RECEIVED,A,0,34166,212
INTERNAL_EVENT,34368,213
RECEIVED,B,1,34569,215
RECEIVED,A,0,34769,216
RECEIVED,A,0,34970,218
RECEIVED,A,0,35171,219
INTERNAL_EVENT,35372,220
INTERNAL_EVENT,35572,221
SINGLE_SEND,35774,222
RECEIVED,B,0,35975,223
INTERNAL_EVENT,36176,224
INTERNAL_EVENT,36376,225
INTERNAL_EVENT,36577,226
SINGLE_SEND,36777,227
INTERNAL_EVENT,36978,228
RECEIVED,A,0,37178,231
INTERNAL_EVENT,37379,232
RECEIVED,A,0,37580,233
SINGLE_SEND,37781,234
INTERNAL_EVENT,37982,235
INTERNAL_EVENT,38183,236
INTERNAL_EVENT,38383,237
MULTI_SEND,38584,238
SINGLE_SEND,38785,239
RECEIVED,A,0,38985,241
INTERNAL_EVENT,39186,242
RECEIVED,B,0,39387,244
RECEIVED,B,0,39587,245
RECEIVED,B,0,39788,246
RECEIVED,A,0,39989,248
INTERNAL_EVENT,40189,249
RECEIVED,A,0,40390,250
RECEIVED,A,0,40591,251
SINGLE_SEND,40791,252
RECEIVED,B,0,40992,255
INTERNAL_EVENT,41192,256
RECEIVED,B,0,41393,257
SINGLE_SEND,41593,258
INTERNAL_EVENT,41794,259
INTERNAL_EVENT,41994,260
SINGLE_SEND,42195,261
INTERNAL_EVENT,42396,262
INTERNAL_EVENT,42598,263
SINGLE_SEND,42798,264
RECEIVED,A,1,42999,266
RECEIVED,B,0,43200,268
INTERNAL_EVENT,43400,269
RECEIVED,A,1,43601,270
RECEIVED,B,0,43801,271
SINGLE_SEND,44003,272
RECEIVED,B,0,44202,275
INTERNAL_EVENT,44403,276
SINGLE_SEND,44603,277
RECEIVED,A,0,44804,278
RECEIVED,B,0,45005,281
INTERNAL_EVENT,45205,282
RECEIVED,B,0,45406,283
SINGLE_SEND,45607,284
INTERNAL_EVENT,45808,285
INTERNAL_EVENT,46009,286
SINGLE_SEND,46209,287
RECEIVED,A,0,46410,288
RECEIVED,B,0,46611,291
MULTI_SEND,46812,292
MULTI_SEND,47016,293
INTERNAL_EVENT,47220,294
RECEIVED,B,0,47421,297
MULTI_SEND,47622,298
SINGLE_SEND,47822,299
INTERNAL_EVENT,48022,300
INTERNAL_EVENT,48223,301
RECEIVED,A,0,48424,302
RECEIVED,A,0,48625,303
INTERNAL_EVENT,48826,304
INTERNAL_EVENT,49026,305
RECEIVED,B,0,49227,309
INTERNAL_EVENT,49427,310
MULTI_SEND,49628,311
INTERNAL_EVENT,49829,312
INTERNAL_EVENT,50029,313
SINGLE_SEND,50230,314
INTERNAL_EVENT,50430,315
SINGLE_SEND,50631,316
RECEIVED,A,0,50832,319
MULTI_SEND,51033,320
INTERNAL_EVENT,51233,321
RECEIVED,A,1,51434,323
RECEIVED,B,1,51635,324
RECEIVED,A,0,51836,325
INTERNAL_EVENT,52036,326
INTERNAL_EVENT,52237,327
INTERNAL_EVENT,52443,328
INTERNAL_EVENT,52646,329
RECEIVED,A,0,52846,332
INTERNAL_EVENT,53048,333
INTERNAL_EVENT,53249,334
INTERNAL_EVENT,53449,335
INTERNAL_EVENT,53650,336
RECEIVED,B,0,53850,339
SINGLE_SEND,54051,340
MULTI_SEND,54252,341
INTERNAL_EVENT,54453,342
RECEIVED,B,0,54654,345
SINGLE_SEND,54854,346
INTERNAL_EVENT,55055,347
INTERNAL_EVENT,55256,348
INTERNAL_EVENT,55456,349
RECEIVED,A,0,55657,351
INTERNAL_EVENT,55857,352
INTERNAL_EVENT,56058,353
RECEIVED,B,0,56258,354
INTERNAL_EVENT,56459,355
INTERNAL_EVENT,56659,356
MULTI_SEND,56860,357
INTERNAL_EVENT,57061,358
RECEIVED,B,1,57261,360
RECEIVED,B,0,57462,361
RECEIVED,A,0,57692,362
INTERNAL_EVENT,57896,363
RECEIVED,B,0,58097,365
INTERNAL_EVENT,58298,366
SINGLE_SEND,58499,367
RECEIVED,A,0,58699,368
SINGLE_SEND,58900,369
INTERNAL_EVENT,59100,370
INTERNAL_EVENT,59301,371
INTERNAL_EVENT,59502,372
INTERNAL_EVENT,59703,373
RECEIVED,B,0,59904,376
RECEIVED,A,0,60105,377
INTERNAL_EVENT,60306,378
RECEIVED,A,0,60507,379
INTERNAL_EVENT,60728,380
RECEIVED,A,0,60933,381
RECEIVED,B,0,61134,384
INTERNAL_EVENT,61334,385
SINGLE_SEND,61535,386
RECEIVED,B,0,61736,387
INTERNAL_EVENT,61936,388
MULTI_SEND,62137,389
INTERNAL_EVENT,62338,390
SINGLE_SEND,62538,391
INTERNAL_EVENT,62739,392
RECEIVED,A,0,62941,393
RECEIVED,B,0,63141,395
INTERNAL_EVENT,63342,396
INTERNAL_EVENT,63543,397
INTERNAL_EVENT,63744,398
INTERNAL_EVENT,63944,399
INTERNAL_EVENT,64145,400
RECEIVED,B,0,64345,403
RECEIVED,B,0,64546,404
MULTI_SEND,64746,405
INTERNAL_EVENT,64947,406
SINGLE_SEND,65147,407
INTERNAL_EVENT,65348,408
INTERNAL_EVENT,65549,409
RECEIVED,A,0,65749,412
INTERNAL_EVENT,65949,413
