INIT,C,6
INTERNAL_EVENT,190,1
MULTI_SEND,361,2
SINGLE_SEND,529,3
INTERNAL_EVENT,697,4
RECEIVED,A,0,864,6
INTERNAL_EVENT,1034,7
INTERNAL_EVENT,1202,8
INTERNAL_EVENT,1369,9
INTERNAL_EVENT,1537,10
INTERNAL_EVENT,1705,11
RECEIVED,B,0,1873,12
SINGLE_SEND,2042,13
INTERNAL_EVENT,2210,14
RECEIVED,B,0,2378,15
SINGLE_SEND,2545,16
SINGLE_SEND,2713,17
INTERNAL_EVENT,2881,18
INTERNAL_EVENT,3049,19
MULTI_SEND,3217,20
INTERNAL_EVENT,3383,21
INTERNAL_EVENT,3551,22
RECEIVED,A,0,3719,23
RECEIVED,B,0,3888,25
INTERNAL_EVENT,4055,26
SINGLE_SEND,4223,27
SINGLE_SEND,4391,28
INTERNAL_EVENT,4559,29
SINGLE_SEND,4727,30
INTERNAL_EVENT,4907,31
SINGLE_SEND,5087,32
INTERNAL_EVENT,5255,33
RECEIVED,A,0,5423,35
INTERNAL_EVENT,5590,36
INTERNAL_EVENT,5758,37
INTERNAL_EVENT,5925,38
SINGLE_SEND,6093,39
INTERNAL_EVENT,6260,40
INTERNAL_EVENT,6428,41
SINGLE_SEND,6596,42
SINGLE_SEND,6764,43
RECEIVED,A,0,6932,45
INTERNAL_EVENT,7101,46
INTERNAL_EVENT,7268,47
RECEIVED,A,0,7436,48
MULTI_SEND,7604,49
SINGLE_SEND,7772,50
INTERNAL_EVENT,7940,51
RECEIVED,A,0,8107,53
INTERNAL_EVENT,8275,54
SINGLE_SEND,8442,55
INTERNAL_EVENT,8611,56
INTERNAL_EVENT,8779,57
INTERNAL_EVENT,8947,58
INTERNAL_EVENT,9116,59
INTERNAL_EVENT,9283,60
INTERNAL_EVENT,9451,61
INTERNAL_EVENT,9619,62
RECEIVED,A,0,9787,63
SINGLE_SEND,9954,64
INTERNAL_EVENT,10122,65
RECEIVED,A,0,10291,66
INTERNAL_EVENT,10458,67
SINGLE_SEND,10626,68
INTERNAL_EVENT,10794,69
RECEIVED,B,0,10962,70
INTERNAL_EVENT,11130,71
RECEIVED,A,0,11297,73
SINGLE_SEND,11465,74
INTERNAL_EVENT,11633,75
INTERNAL_EVENT,11800,76
RECEIVED,B,0,11968,77
MULTI_SEND,12135,78
INTERNAL_EVENT,12306,79
SINGLE_SEND,12476,80
INTERNAL_EVENT,12644,81
MULTI_SEND,12812,82
INTERNAL_EVENT,12980,83
SINGLE_SEND,13147,84
INTERNAL_EVENT,13315,85
RECEIVED,A,0,13483,87
INTERNAL_EVENT,13651,88
RECEIVED,B,0,13818,89
INTERNAL_EVENT,13986,90
RECEIVED,A,0,14154,91
INTERNAL_EVENT,14321,92
INTERNAL_EVENT,14489,93
INTERNAL_EVENT,14657,94
INTERNAL_EVENT,14824,95
INTERNAL_EVENT,14993,96
MULTI_SEND,15160,97
INTERNAL_EVENT,15328,98
SINGLE_SEND,15495,99
INTERNAL_EVENT,15663,100
INTERNAL_EVENT,15831,101
INTERNAL_EVENT,15999,102
INTERNAL_EVENT,16166,103
RECEIVED,A,0,16334,104
RECEIVED,A,0,16501,105
INTERNAL_EVENT,16669,106
INTERNAL_EVENT,16837,107
RECEIVED,B,0,17005,108
INTERNAL_EVENT,17173,109
INTERNAL_EVENT,17341,110
RECEIVED,A,0,17509,111
RECEIVED,A,0,17676,112
INTERNAL_EVENT,17844,113
INTERNAL_EVENT,18012,114
SINGLE_SEND,18180,115
RECEIVED,B,0,18347,116
MULTI_SEND,18515,117
INTERNAL_EVENT,18683,118
INTERNAL_EVENT,18850,119
INTERNAL_EVENT,19018,120
RECEIVED,A,0,19186,121
INTERNAL_EVENT,19354,122
RECEIVED,B,0,19521,124
RECEIVED,A,0,19689,125
MULTI_SEND,19857,126
INTERNAL_EVENT,20026,127
INTERNAL_EVENT,20193,128
RECEIVED,A,0,20361,130
MULTI_SEND,20529,131
INTERNAL_EVENT,20697,132
SINGLE_SEND,20870,133
RECEIVED,B,0,21037,134
INTERNAL_EVENT,21205,135
INTERNAL_EVENT,21373,136
INTERNAL_EVENT,21541,137
INTERNAL_EVENT,21708,138
MULTI_SEND,21876,139
INTERNAL_EVENT,22044,140
RECEIVED,A,0,22212,142
INTERNAL_EVENT,22379,143
INTERNAL_EVENT,22548,144
INTERNAL_EVENT,22716,145
INTERNAL_EVENT,22883,146
RECEIVED,A,0,23051,147
RECEIVED,B,0,23219,148
MULTI_SEND,23388,149
INTERNAL_EVENT,23554,150
INTERNAL_EVENT,23722,151
MULTI_SEND,23889,152
RECEIVED,A,0,24058,153
RECEIVED,B,0,24226,155
RECEIVED,B,0,24394,156
RECEIVED,B,0,24562,157
INTERNAL_EVENT,24730,158
RECEIVED,A,0,24899,159
MULTI_SEND,25069,160
INTERNAL_EVENT,25237,161
INTERNAL_EVENT,25405,162
INTERNAL_EVENT,25572,163
INTERNAL_EVENT,25740,164
SINGLE_SEND,25907,165
INTERNAL_EVENT,26075,166
INTERNAL_EVENT,26242,167
INTERNAL_EVENT,26410,168
INTERNAL_EVENT,26577,169
RECEIVED,B,0,26745,170
RECEIVED,B,0,26913,171
INTERNAL_EVENT,27080,172
INTERNAL_EVENT,27247,173
SINGLE_SEND,27415,174
SINGLE_SEND,27583,175
RECEIVED,A,0,27751,176
INTERNAL_EVENT,27918,177
MULTI_SEND,28086,178
INTERNAL_EVENT,28254,179
INTERNAL_EVENT,28421,180
RECEIVED,A,0,28589,182
RECEIVED,A,0,28756,183
INTERNAL_EVENT,28924,184
SINGLE_SEND,29092,185
INTERNAL_EVENT,29260,186
MULTI_SEND,29427,187
MULTI_SEND,29595,188
SINGLE_SEND,29763,189
INTERNAL_EVENT,29931,190
INTERNAL_EVENT,30099,191
INTERNAL_EVENT,30266,192
INTERNAL_EVENT,30434,193
SINGLE_SEND,30601,194
INTERNAL_EVENT,30769,195
INTERNAL_EVENT,30937,196
INTERNAL_EVENT,31105,197
SINGLE_SEND,31272,198
RECEIVED,A,0,31440,199
INTERNAL_EVENT,31607,200
INTERNAL_EVENT,31775,201
RECEIVED,A,0,31943,202
INTERNAL_EVENT,32110,203
INTERNAL_EVENT,32278,204
SINGLE_SEND,32446,205
INTERNAL_EVENT,32614,206
RECEIVED,B,0,32783,207
SINGLE_SEND,32950,208
INTERNAL_EVENT,33118,209
INTERNAL_EVENT,33285,210
MULTI_SEND,33453,211
INTERNAL_EVENT,33621,212
INTERNAL_EVENT,33789,213
SINGLE_SEND,33956,214
SINGLE_SEND,34124,215
INTERNAL_EVENT,34291,216
INTERNAL_EVENT,34459,217
INTERNAL_EVENT,34627,218
INTERNAL_EVENT,34794,219
INTERNAL_EVENT,34962,220
INTERNAL_EVENT,35129,221
INTERNAL_EVENT,35297,222
SINGLE_SEND,35465,223
SINGLE_SEND,35632,224
MULTI_SEND,35799,225
INTERNAL_EVENT,35967,226
INTERNAL_EVENT,36135,227
RECEIVED,B,0,36302,228
INTERNAL_EVENT,36470,229
RECEIVED,A,0,36638,230
INTERNAL_EVENT,36805,231
INTERNAL_EVENT,36973,232
INTERNAL_EVENT,37141,233
RECEIVED,B,0,37308,234
RECEIVED,B,0,37476,235
INTERNAL_EVENT,37643,236
INTERNAL_EVENT,37811,237
SINGLE_SEND,37978,238
SINGLE_SEND,38146,239
INTERNAL_EVENT,38314,240
RECEIVED,A,0,38482,241
SINGLE_SEND,38650,242
RECEIVED,A,0,38818,243
MULTI_SEND,38987,244
INTERNAL_EVENT,39154,245
INTERNAL_EVENT,39322,246
RECEIVED,B,0,39490,247
INTERNAL_EVENT,39657,248
RECEIVED,B,0,39824,249
INTERNAL_EVENT,39992,250
INTERNAL_EVENT,40159,251
MULTI_SEND,40327,252
INTERNAL_EVENT,40495,253
INTERNAL_EVENT,40662,254
RECEIVED,B,0,40830,255
INTERNAL_EVENT,40998,256
SINGLE_SEND,41165,257
SINGLE_SEND,41333,258
SINGLE_SEND,41501,259
INTERNAL_EVENT,41669,260
INTERNAL_EVENT,41836,261
INTERNAL_EVENT,42004,262
SINGLE_SEND,42172,263
SINGLE_SEND,42340,264
INTERNAL_EVENT,42508,265
INTERNAL_EVENT,42676,266
INTERNAL_EVENT,42843,267
RECEIVED,A,0,43011,269
SINGLE_SEND,43179,270
INTERNAL_EVENT,43348,271
RECEIVED,A,0,43516,272
INTERNAL_EVENT,43684,273
INTERNAL_EVENT,43851,274
RECEIVED,A,0,44019,275
MULTI_SEND,44187,276
INTERNAL_EVENT,44354,277
INTERNAL_EVENT,44522,278
MULTI_SEND,44690,279
SINGLE_SEND,44858,280
RECEIVED,A,0,45026,282
RECEIVED,B,0,45194,283
SINGLE_SEND,45362,284
INTERNAL_EVENT,45531,285
RECEIVED,A,0,45704,286
INTERNAL_EVENT,45872,287
INTERNAL_EVENT,46040,288
INTERNAL_EVENT,46208,289
RECEIVED,B,0,46375,291
INTERNAL_EVENT,46543,292
INTERNAL_EVENT,46710,293
SINGLE_SEND,46878,294
INTERNAL_EVENT,47046,295
INTERNAL_EVENT,47213,296
INTERNAL_EVENT,47381,297
INTERNAL_EVENT,47548,298
INTERNAL_EVENT,47716,299
RECEIVED,B,0,47884,300
RECEIVED,B,0,48051,301
RECEIVED,B,0,48219,302
INTERNAL_EVENT,48386,303
INTERNAL_EVENT,48554,304
INTERNAL_EVENT,48721,305
SINGLE_SEND,48889,306
INTERNAL_EVENT,49057,307
INTERNAL_EVENT,49224,308
SINGLE_SEND,49392,309
INTERNAL_EVENT,49560,310
INTERNAL_EVENT,49728,311
RECEIVED,A,0,49896,312
INTERNAL_EVENT,50063,313
RECEIVED,A,0,50231,314
INTERNAL_EVENT,50399,315
INTERNAL_EVENT,50567,316
MULTI_SEND,50735,317
INTERNAL_EVENT,50903,318
RECEIVED,A,0,51070,320
INTERNAL_EVENT,51245,321
RECEIVED,A,0,51412,322
INTERNAL_EVENT,51580,323
MULTI_SEND,51748,324
INTERNAL_EVENT,51917,325
INTERNAL_EVENT,52085,326
SINGLE_SEND,52254,327
INTERNAL_EVENT,52422,328
SINGLE_SEND,52590,329
RECEIVED,B,0,52757,330
INTERNAL_EVENT,52925,331
INTERNAL_EVENT,53093,332
INTERNAL_EVENT,53261,333
RECEIVED,A,0,53428,335
SINGLE_SEND,53596,336
MULTI_SEND,53764,337
INTERNAL_EVENT,53932,338
RECEIVED,B,0,54100,340
INTERNAL_EVENT,54267,341
INTERNAL_EVENT,54436,342
INTERNAL_EVENT,54603,343
SINGLE_SEND,54771,344
RECEIVED,B,0,54939,345
INTERNAL_EVENT,55107,346
RECEIVED,B,0,55274,347
RECEIVED,A,0,55442,349
INTERNAL_EVENT,55609,350
INTERNAL_EVENT,55777,351
INTERNAL_EVENT,55945,352
INTERNAL_EVENT,56117,353
INTERNAL_EVENT,56284,354
SINGLE_SEND,56452,355
INTERNAL_EVENT,56620,356
INTERNAL_EVENT,56787,357
INTERNAL_EVENT,56955,358
RECEIVED,A,0,57122,359
RECEIVED,A,0,57290,360
INTERNAL_EVENT,57458,361
RECEIVED,B,0,57625,363
INTERNAL_EVENT,57793,364
RECEIVED,B,0,57961,365
INTERNAL_EVENT,58129,366
INTERNAL_EVENT,58296,367
SINGLE_SEND,58464,368
INTERNAL_EVENT,58632,369
SINGLE_SEND,58800,370
MULTI_SEND,58968,371
INTERNAL_EVENT,59136,372
SINGLE_SEND,59304,373
SINGLE_SEND,59471,374
SINGLE_SEND,59639,375
SINGLE_SEND,59807,376
INTERNAL_EVENT,59974,377
MULTI_SEND,60142,378
INTERNAL_EVENT,60310,379
RECEIVED,A,0,60477,381
INTERNAL_EVENT,60645,382
INTERNAL_EVENT,60812,383
INTERNAL_EVENT,60981,384
RECEIVED,B,0,61149,385
MULTI_SEND,61316,386
INTERNAL_EVENT,61484,387
INTERNAL_EVENT,61652,388
INTERNAL_EVENT,61820,389
INTERNAL_EVENT,61988,390
INTERNAL_EVENT,62155,391
INTERNAL_EVENT,62323,392
INTERNAL_EVENT,62491,393
INTERNAL_EVENT,62659,394
INTERNAL_EVENT,62827,395
RECEIVED,B,1,62994,396
RECEIVED,A,0,63162,397
INTERNAL_EVENT,63330,398
INTERNAL_EVENT,63497,399
SINGLE_SEND,63665,400
INTERNAL_EVENT,63833,401
INTERNAL_EVENT,64001,402
RECEIVED,B,0,64169,403
INTERNAL_EVENT,64337,404
INTERNAL_EVENT,64505,405
RECEIVED,B,0,64673,406
MULTI_SEND,64840,407
INTERNAL_EVENT,65008,408
RECEIVED,A,0,65176,410
RECEIVED,B,0,65345,412
INTERNAL_EVENT,65512,413
MULTI_SEND,65680,414
INTERNAL_EVENT,65848,415
