INIT,C,6
INTERNAL_EVENT,183,1
SINGLE_SEND,354,2
INTERNAL_EVENT,522,3
RECEIVED,B,0,690,5
INTERNAL_EVENT,859,6
MULTI_SEND,1027,7
RECEIVED,A,0,1195,8
INTERNAL_EVENT,1363,9
INTERNAL_EVENT,1530,10
RECEIVED,A,0,1698,11
INTERNAL_EVENT,1865,12
SINGLE_SEND,2033,13
MULTI_SEND,2201,14
SINGLE_SEND,2369,15
INTERNAL_EVENT,2537,16
SINGLE_SEND,2704,17
RECEIVED,A,0,2872,19
RECEIVED,B,0,3040,21
INTERNAL_EVENT,3208,22
INTERNAL_EVENT,3375,23
INTERNAL_EVENT,3543,24
INTERNAL_EVENT,3711,25
RECEIVED,A,0,3879,26
RECEIVED,A,0,4049,27
INTERNAL_EVENT,4216,28
MULTI_SEND,4384,29
INTERNAL_EVENT,4552,30
INTERNAL_EVENT,4720,31
INTERNAL_EVENT,4888,32
INTERNAL_EVENT,5056,33
INTERNAL_EVENT,5223,34
INTERNAL_EVENT,5392,35
RECEIVED,A,0,5560,37
INTERNAL_EVENT,5727,38
SINGLE_SEND,5895,39
INTERNAL_EVENT,6064,40
INTERNAL_EVENT,6231,41
INTERNAL_EVENT,6400,42
RECEIVED,A,0,6567,44
RECEIVED,A,0,6735,45
RECEIVED,B,0,6902,46
INTERNAL_EVENT,7070,47
MULTI_SEND,7238,48
INTERNAL_EVENT,7406,49
INTERNAL_EVENT,7573,50
SINGLE_SEND,7741,51
INTERNAL_EVENT,7909,52
INTERNAL_EVENT,8077,53
INTERNAL_EVENT,8245,54
INTERNAL_EVENT,8413,55
RECEIVED,A,0,8580,57
RECEIVED,A,0,8748,58
INTERNAL_EVENT,8916,59
INTERNAL_EVENT,9084,60
RECEIVED,A,0,9251,61
INTERNAL_EVENT,9419,62
INTERNAL_EVENT,9587,63
INTERNAL_EVENT,9754,64
INTERNAL_EVENT,9922,65
INTERNAL_EVENT,10090,66
INTERNAL_EVENT,10257,67
INTERNAL_EVENT,10425,68
RECEIVED,A,0,10592,69
INTERNAL_EVENT,10760,70
INTERNAL_EVENT,10928,71
INTERNAL_EVENT,11095,72
INTERNAL_EVENT,11263,73
SINGLE_SEND,11431,74
MULTI_SEND,11599,75
SINGLE_SEND,11766,76
MULTI_SEND,11934,77
INTERNAL_EVENT,12102,78
INTERNAL_EVENT,12270,79
RECEIVED,A,0,12437,81
INTERNAL_EVENT,12605,82
INTERNAL_EVENT,12773,83
RECEIVED,A,0,12941,84
RECEIVED,A,0,13108,85
RECEIVED,A,0,13277,86
INTERNAL_EVENT,13445,87
INTERNAL_EVENT,13613,88
RECEIVED,B,0,13780,90
INTERNAL_EVENT,13948,91
RECEIVED,A,0,14116,92
SINGLE_SEND,14284,93
INTERNAL_EVENT,14452,94
MULTI_SEND,14620,95
INTERNAL_EVENT,14788,96
INTERNAL_EVENT,14956,97
RECEIVED,B,1,15124,99
RECEIVED,A,0,15292,100
INTERNAL_EVENT,15460,101
INTERNAL_EVENT,15628,102
INTERNAL_EVENT,15795,103
MULTI_SEND,15963,104
MULTI_SEND,16131,105
INTERNAL_EVENT,16298,106
INTERNAL_EVENT,16467,107
RECEIVED,B,0,16635,108
INTERNAL_EVENT,16802,109
RECEIVED,A,0,16970,110
INTERNAL_EVENT,17138,111
RECEIVED,B,0,17305,112
RECEIVED,B,0,17473,113
INTERNAL_EVENT,17641,114
RECEIVED,B,0,17809,115
INTERNAL_EVENT,17976,116
RECEIVED,B,0,18143,117
RECEIVED,B,0,18312,118
RECEIVED,B,0,18479,119
INTERNAL_EVENT,18647,120
INTERNAL_EVENT,18815,121
RECEIVED,A,0,18983,122
INTERNAL_EVENT,19151,123
INTERNAL_EVENT,19319,124
INTERNAL_EVENT,19487,125
INTERNAL_EVENT,19655,126
INTERNAL_EVENT,19823,127
INTERNAL_EVENT,19990,128
INTERNAL_EVENT,20158,129
INTERNAL_EVENT,20325,130
INTERNAL_EVENT,20493,131
INTERNAL_EVENT,20660,132
RECEIVED,B,0,20828,133
SINGLE_SEND,20995,134
INTERNAL_EVENT,21163,135
INTERNAL_EVENT,21330,136
RECEIVED,A,0,21498,138
INTERNAL_EVENT,21666,139
RECEIVED,A,0,21834,140
INTERNAL_EVENT,22002,141
RECEIVED,A,1,22170,142
RECEIVED,B,0,22339,143
RECEIVED,A,0,22506,145
RECEIVED,A,0,22674,146
INTERNAL_EVENT,22841,147
INTERNAL_EVENT,23009,148
INTERNAL_EVENT,23177,149
RECEIVED,A,0,23345,150
INTERNAL_EVENT,23513,151
INTERNAL_EVENT,23681,152
INTERNAL_EVENT,23848,153
INTERNAL_EVENT,24018,154
MULTI_SEND,24185,155
SINGLE_SEND,24353,156
INTERNAL_EVENT,24521,157
SINGLE_SEND,24688,158
INTERNAL_EVENT,24856,159
RECEIVED,B,0,25023,160
RECEIVED,B,0,25191,161
INTERNAL_EVENT,25359,162
SINGLE_SEND,25527,163
SINGLE_SEND,25695,164
INTERNAL_EVENT,25863,165
INTERNAL_EVENT,26031,166
RECEIVED,A,0,26198,167
RECEIVED,B,0,26366,169
SINGLE_SEND,26534,170
INTERNAL_EVENT,26702,171
RECEIVED,A,0,26869,173
INTERNAL_EVENT,27037,174
INTERNAL_EVENT,27204,175
RECEIVED,A,0,27372,176
RECEIVED,B,0,27540,177
SINGLE_SEND,27707,178
INTERNAL_EVENT,27875,179
INTERNAL_EVENT,28043,180
RECEIVED,B,0,28210,181
RECEIVED,B,0,28379,182
RECEIVED,B,0,28547,183
MULTI_SEND,28715,184
INTERNAL_EVENT,28883,185
INTERNAL_EVENT,29050,186
RECEIVED,B,0,29218,188
RECEIVED,B,0,29387,189
INTERNAL_EVENT,29554,190
RECEIVED,A,0,29722,191
MULTI_SEND,29890,192
SINGLE_SEND,30058,193
INTERNAL_EVENT,30225,194
INTERNAL_EVENT,30393,195
RECEIVED,A,0,30560,196
INTERNAL_EVENT,30728,197
INTERNAL_EVENT,30896,198
INTERNAL_EVENT,31064,199
SINGLE_SEND,31231,200
INTERNAL_EVENT,31399,201
INTERNAL_EVENT,31567,202
INTERNAL_EVENT,31735,203
RECEIVED,A,1,31902,205
RECEIVED,A,0,32070,206
SINGLE_SEND,32238,207
INTERNAL_EVENT,32405,208
INTERNAL_EVENT,32573,209
INTERNAL_EVENT,32741,210
SINGLE_SEND,32909,211
INTERNAL_EVENT,33078,212
INTERNAL_EVENT,33245,213
SINGLE_SEND,33413,214
RECEIVED,A,0,33581,216
SINGLE_SEND,33749,217
INTERNAL_EVENT,33917,218
INTERNAL_EVENT,34084,219
INTERNAL_EVENT,34253,220
RECEIVED,B,0,34420,221
SINGLE_SEND,34590,222
INTERNAL_EVENT,34764,223
INTERNAL_EVENT,34932,224
SINGLE_SEND,35099,225
INTERNAL_EVENT,35267,226
INTERNAL_EVENT,35434,227
INTERNAL_EVENT,35602,228
INTERNAL_EVENT,35770,229
SINGLE_SEND,35937,230
SINGLE_SEND,36105,231
INTERNAL_EVENT,36272,232
RECEIVED,A,0,36440,234
SINGLE_SEND,36607,235
SINGLE_SEND,36775,236
SINGLE_SEND,36943,237
RECEIVED,B,0,37111,238
INTERNAL_EVENT,37279,239
INTERNAL_EVENT,37446,240
INTERNAL_EVENT,37614,241
SINGLE_SEND,37782,242
INTERNAL_EVENT,37951,243
RECEIVED,A,0,38118,245
INTERNAL_EVENT,38286,246
RECEIVED,A,0,38453,247
INTERNAL_EVENT,38621,248
SINGLE_SEND,38788,249
INTERNAL_EVENT,38956,250
INTERNAL_EVENT,39124,251
INTERNAL_EVENT,39291,252
MULTI_SEND,39459,253
INTERNAL_EVENT,39627,254
RECEIVED,B,0,39795,256
INTERNAL_EVENT,39964,257
RECEIVED,B,0,40131,258
SINGLE_SEND,40299,259
RECEIVED,A,0,40467,261
INTERNAL_EVENT,40635,262
SINGLE_SEND,40802,263
INTERNAL_EVENT,40970,264
RECEIVED,A,0,41138,265
INTERNAL_EVENT,41305,266
SINGLE_SEND,41473,267
INTERNAL_EVENT,41641,268
INTERNAL_EVENT,41808,269
INTERNAL_EVENT,41976,270
INTERNAL_EVENT,42143,271
INTERNAL_EVENT,42311,272
INTERNAL_EVENT,42478,273
RECEIVED,A,0,42646,275
RECEIVED,A,0,42814,276
INTERNAL_EVENT,42982,277
RECEIVED,A,0,43149,278
RECEIVED,A,0,43317,279
MULTI_SEND,43484,280
INTERNAL_EVENT,43652,281
INTERNAL_EVENT,43820,282
INTERNAL_EVENT,43988,283
INTERNAL_EVENT,44155,284
SINGLE_SEND,44323,285
RECEIVED,A,0,44491,288
RECEIVED,A,0,44658,289
SINGLE_SEND,44826,290
RECEIVED,A,0,44994,291
INTERNAL_EVENT,45161,292
RECEIVED,A,0,45330,293
INTERNAL_EVENT,45497,294
INTERNAL_EVENT,45665,295
INTERNAL_EVENT,45832,296
RECEIVED,A,0,46000,297
INTERNAL_EVENT,46168,298
INTERNAL_EVENT,46335,299
SINGLE_SEND,46503,300
INTERNAL_EVENT,46671,301
SINGLE_SEND,46838,302
INTERNAL_EVENT,47006,303
MULTI_SEND,47173,304
INTERNAL_EVENT,47341,305
INTERNAL_EVENT,47508,306
RECEIVED,A,0,47676,308
INTERNAL_EVENT,47844,309
INTERNAL_EVENT,48011,310
INTERNAL_EVENT,48178,311
INTERNAL_EVENT,48346,312
INTERNAL_EVENT,48513,313
INTERNAL_EVENT,48681,314
INTERNAL_EVENT,48848,315
INTERNAL_EVENT,49016,316
INTERNAL_EVENT,49183,317
RECEIVED,B,0,49351,318
INTERNAL_EVENT,49518,319
RECEIVED,B,0,49686,320
INTERNAL_EVENT,49854,321
RECEIVED,B,0,50021,322
SINGLE_SEND,50189,323
INTERNAL_EVENT,50357,324
INTERNAL_EVENT,50524,325
SINGLE_SEND,50692,326
INTERNAL_EVENT,50859,327
SINGLE_SEND,51027,328
INTERNAL_EVENT,51194,329
INTERNAL_EVENT,51362,330
INTERNAL_EVENT,51530,331
INTERNAL_EVENT,51698,332
RECEIVED,A,0,51865,334
RECEIVED,B,0,52034,336
INTERNAL_EVENT,52201,337
INTERNAL_EVENT,52369,338
INTERNAL_EVENT,52537,339
MULTI_SEND,52704,340
INTERNAL_EVENT,52872,341
SINGLE_SEND,53039,342
RECEIVED,A,0,53207,343
SINGLE_SEND,53375,344
INTERNAL_EVENT,53543,345
RECEIVED,B,0,53711,346
RECEIVED,A,0,53879,348
INTERNAL_EVENT,54046,349
RECEIVED,A,0,54214,350
INTERNAL_EVENT,54381,351
INTERNAL_EVENT,54549,352
RECEIVED,A,0,54717,353
RECEIVED,B,0,54885,354
RECEIVED,B,0,55053,355
INTERNAL_EVENT,55220,356
INTERNAL_EVENT,55388,357
SINGLE_SEND,55556,358
SINGLE_SEND,55724,359
RECEIVED,A,0,55891,361
RECEIVED,A,0,56059,362
INTERNAL_EVENT,56227,363
SINGLE_SEND,56395,364
INTERNAL_EVENT,56562,365
INTERNAL_EVENT,56730,366
INTERNAL_EVENT,56898,367
RECEIVED,B,0,57074,368
INTERNAL_EVENT,57242,369
INTERNAL_EVENT,57409,370
RECEIVED,A,0,57577,372
RECEIVED,A,0,57745,373
INTERNAL_EVENT,57922,374
INTERNAL_EVENT,58091,375
INTERNAL_EVENT,58258,376
MULTI_SEND,58426,377
SINGLE_SEND,58594,378
INTERNAL_EVENT,58762,379
INTERNAL_EVENT,58930,380
RECEIVED,B,0,59098,382
INTERNAL_EVENT,59266,383
INTERNAL_EVENT,59434,384
SINGLE_SEND,59602,385
INTERNAL_EVENT,59770,386
INTERNAL_EVENT,59938,387
RECEIVED,B,0,60105,389
INTERNAL_EVENT,60273,390
INTERNAL_EVENT,60440,391
INTERNAL_EVENT,60608,392
INTERNAL_EVENT,60776,393
INTERNAL_EVENT,60944,394
INTERNAL_EVENT,61112,395
RECEIVED,A,0,61280,397
INTERNAL_EVENT,61448,398
INTERNAL_EVENT,61615,399
RECEIVED,A,0,61783,400
SINGLE_SEND,61951,401
SINGLE_SEND,62119,402
RECEIVED,A,0,62286,404
RECEIVED,A,0,62454,405
RECEIVED,A,0,62621,406
INTERNAL_EVENT,62789,407
RECEIVED,B,0,62957,408
INTERNAL_EVENT,63125,409
INTERNAL_EVENT,63292,410
INTERNAL_EVENT,63460,411
INTERNAL_EVENT,63627,412
INTERNAL_EVENT,63795,413
RECEIVED,B,1,63963,414
RECEIVED,A,1,64130,415
RECEIVED,A,0,64298,416
INTERNAL_EVENT,64466,417
SINGLE_SEND,64633,418
RECEIVED,B,0,64801,419
MULTI_SEND,64969,420
INTERNAL_EVENT,65137,421
INTERNAL_EVENT,65305,422
INTERNAL_EVENT,65472,423
RECEIVED,A,0,65640,426
SINGLE_SEND,65808,427
SINGLE_SEND,65976,428
